λ x : word32 * word32 * word32 * word32 * word32 * word32 * word32 * word32 * word32 * word32 * word32 * word32 * word32 * word32 * word32 * word32 * word32 * word32 * word32 * word32 * word32 * word32 * word32 * word32 * word32 * word32 * word32 * word32 * word32 * word32,
Interp-η
(λ var : Syntax.base_type → Type,
 λ '(x57, x58, x56, x54, x52, x50, x48, x46, x44, x42, x40, x38, x36, x34, x32, x30, x28, x26, x24, x22, x20, x18, x16, x14, x12, x10, x8, x6, x4, x2)%core,
 uint64_t x59 = (uint64_t) x2 * x57 + (0x2 * ((uint64_t) x4 * x58) + (0x2 * ((uint64_t) x6 * x56) + (0x2 * ((uint64_t) x8 * x54) + (0x2 * ((uint64_t) x10 * x52) + (0x2 * ((uint64_t) x12 * x50) + (0x2 * ((uint64_t) x14 * x48) + (0x2 * ((uint64_t) x16 * x46) + (0x2 * ((uint64_t) x18 * x44) + (0x2 * ((uint64_t) x20 * x42) + (0x2 * ((uint64_t) x22 * x40) + (0x2 * ((uint64_t) x24 * x38) + (0x2 * ((uint64_t) x26 * x36) + (0x2 * ((uint64_t) x28 * x34) + ((uint64_t) x30 * x32 + ((uint64_t) x32 * x30 + (0x2 * ((uint64_t) x34 * x28) + (0x2 * ((uint64_t) x36 * x26) + (0x2 * ((uint64_t) x38 * x24) + (0x2 * ((uint64_t) x40 * x22) + (0x2 * ((uint64_t) x42 * x20) + (0x2 * ((uint64_t) x44 * x18) + (... * ... + (...)))))))))))))))))))))));
 uint64_t x60 = (uint64_t) x2 * x58 + (0x2 * ((uint64_t) x4 * x56) + (0x2 * ((uint64_t) x6 * x54) + (0x2 * ((uint64_t) x8 * x52) + (0x2 * ((uint64_t) x10 * x50) + (0x2 * ((uint64_t) x12 * x48) + (0x2 * ((uint64_t) x14 * x46) + (0x2 * ((uint64_t) x16 * x44) + (0x2 * ((uint64_t) x18 * x42) + (0x2 * ((uint64_t) x20 * x40) + (0x2 * ((uint64_t) x22 * x38) + (0x2 * ((uint64_t) x24 * x36) + (0x2 * ((uint64_t) x26 * x34) + ((uint64_t) x28 * x32 + ((uint64_t) x30 * x30 + ((uint64_t) x32 * x28 + (0x2 * ((uint64_t) x34 * x26) + (0x2 * ((uint64_t) x36 * x24) + (0x2 * ((uint64_t) x38 * x22) + (0x2 * ((uint64_t) x40 * x20) + (0x2 * ((uint64_t) x42 * x18) + (0x2 * (...) + (... + ...)))))))))))))))))))))) + 0x239 * ((uint64_t) x57 * x57);
 uint64_t x61 = (uint64_t) x2 * x56 + (0x2 * ((uint64_t) x4 * x54) + (0x2 * ((uint64_t) x6 * x52) + (0x2 * ((uint64_t) x8 * x50) + (0x2 * ((uint64_t) x10 * x48) + (0x2 * ((uint64_t) x12 * x46) + (0x2 * ((uint64_t) x14 * x44) + (0x2 * ((uint64_t) x16 * x42) + (0x2 * ((uint64_t) x18 * x40) + (0x2 * ((uint64_t) x20 * x38) + (0x2 * ((uint64_t) x22 * x36) + (0x2 * ((uint64_t) x24 * x34) + ((uint64_t) x26 * x32 + ((uint64_t) x28 * x30 + ((uint64_t) x30 * x28 + ((uint64_t) x32 * x26 + (0x2 * ((uint64_t) x34 * x24) + (0x2 * ((uint64_t) x36 * x22) + (0x2 * ((uint64_t) x38 * x20) + (0x2 * ((uint64_t) x40 * x18) + (0x2 * ((uint64_t) x42 * x16) + (0x2 * (...) + (... + ...)))))))))))))))))))))) + 0x239 * ((uint64_t) x58 * x57 + (uint64_t) x57 * x58);
 uint64_t x62 = (uint64_t) x2 * x54 + (0x2 * ((uint64_t) x4 * x52) + (0x2 * ((uint64_t) x6 * x50) + (0x2 * ((uint64_t) x8 * x48) + (0x2 * ((uint64_t) x10 * x46) + (0x2 * ((uint64_t) x12 * x44) + (0x2 * ((uint64_t) x14 * x42) + (0x2 * ((uint64_t) x16 * x40) + (0x2 * ((uint64_t) x18 * x38) + (0x2 * ((uint64_t) x20 * x36) + (0x2 * ((uint64_t) x22 * x34) + ((uint64_t) x24 * x32 + ((uint64_t) x26 * x30 + ((uint64_t) x28 * x28 + ((uint64_t) x30 * x26 + ((uint64_t) x32 * x24 + (0x2 * ((uint64_t) x34 * x22) + (0x2 * ((uint64_t) x36 * x20) + (0x2 * ((uint64_t) x38 * x18) + (0x2 * ((uint64_t) x40 * x16) + (0x2 * ((uint64_t) x42 * x14) + (0x2 * (...) + (... + ...)))))))))))))))))))))) + 0x239 * ((uint64_t) x56 * x57 + ((uint64_t) x58 * x58 + (uint64_t) x57 * x56));
 uint64_t x63 = (uint64_t) x2 * x52 + (0x2 * ((uint64_t) x4 * x50) + (0x2 * ((uint64_t) x6 * x48) + (0x2 * ((uint64_t) x8 * x46) + (0x2 * ((uint64_t) x10 * x44) + (0x2 * ((uint64_t) x12 * x42) + (0x2 * ((uint64_t) x14 * x40) + (0x2 * ((uint64_t) x16 * x38) + (0x2 * ((uint64_t) x18 * x36) + (0x2 * ((uint64_t) x20 * x34) + ((uint64_t) x22 * x32 + ((uint64_t) x24 * x30 + ((uint64_t) x26 * x28 + ((uint64_t) x28 * x26 + ((uint64_t) x30 * x24 + ((uint64_t) x32 * x22 + (0x2 * ((uint64_t) x34 * x20) + (0x2 * ((uint64_t) x36 * x18) + (0x2 * ((uint64_t) x38 * x16) + (0x2 * ((uint64_t) x40 * x14) + (0x2 * ((uint64_t) x42 * x12) + (0x2 * (...) + (... + ...)))))))))))))))))))))) + 0x239 * ((uint64_t) x54 * x57 + ((uint64_t) x56 * x58 + ((uint64_t) x58 * x56 + (uint64_t) x57 * x54)));
 uint64_t x64 = (uint64_t) x2 * x50 + (0x2 * ((uint64_t) x4 * x48) + (0x2 * ((uint64_t) x6 * x46) + (0x2 * ((uint64_t) x8 * x44) + (0x2 * ((uint64_t) x10 * x42) + (0x2 * ((uint64_t) x12 * x40) + (0x2 * ((uint64_t) x14 * x38) + (0x2 * ((uint64_t) x16 * x36) + (0x2 * ((uint64_t) x18 * x34) + ((uint64_t) x20 * x32 + ((uint64_t) x22 * x30 + ((uint64_t) x24 * x28 + ((uint64_t) x26 * x26 + ((uint64_t) x28 * x24 + ((uint64_t) x30 * x22 + ((uint64_t) x32 * x20 + (0x2 * ((uint64_t) x34 * x18) + (0x2 * ((uint64_t) x36 * x16) + (0x2 * ((uint64_t) x38 * x14) + (0x2 * ((uint64_t) x40 * x12) + (0x2 * ((uint64_t) x42 * x10) + (0x2 * (...) + (... + ...)))))))))))))))))))))) + 0x239 * ((uint64_t) x52 * x57 + ((uint64_t) x54 * x58 + ((uint64_t) x56 * x56 + ((uint64_t) x58 * x54 + (uint64_t) x57 * x52))));
 uint64_t x65 = (uint64_t) x2 * x48 + (0x2 * ((uint64_t) x4 * x46) + (0x2 * ((uint64_t) x6 * x44) + (0x2 * ((uint64_t) x8 * x42) + (0x2 * ((uint64_t) x10 * x40) + (0x2 * ((uint64_t) x12 * x38) + (0x2 * ((uint64_t) x14 * x36) + (0x2 * ((uint64_t) x16 * x34) + ((uint64_t) x18 * x32 + ((uint64_t) x20 * x30 + ((uint64_t) x22 * x28 + ((uint64_t) x24 * x26 + ((uint64_t) x26 * x24 + ((uint64_t) x28 * x22 + ((uint64_t) x30 * x20 + ((uint64_t) x32 * x18 + (0x2 * ((uint64_t) x34 * x16) + (0x2 * ((uint64_t) x36 * x14) + (0x2 * ((uint64_t) x38 * x12) + (0x2 * ((uint64_t) x40 * x10) + (0x2 * ((uint64_t) x42 * x8) + (0x2 * (...) + (... + ...)))))))))))))))))))))) + 0x239 * ((uint64_t) x50 * x57 + ((uint64_t) x52 * x58 + ((uint64_t) x54 * x56 + ((uint64_t) x56 * x54 + ((uint64_t) x58 * x52 + (uint64_t) x57 * x50)))));
 uint64_t x66 = (uint64_t) x2 * x46 + (0x2 * ((uint64_t) x4 * x44) + (0x2 * ((uint64_t) x6 * x42) + (0x2 * ((uint64_t) x8 * x40) + (0x2 * ((uint64_t) x10 * x38) + (0x2 * ((uint64_t) x12 * x36) + (0x2 * ((uint64_t) x14 * x34) + ((uint64_t) x16 * x32 + ((uint64_t) x18 * x30 + ((uint64_t) x20 * x28 + ((uint64_t) x22 * x26 + ((uint64_t) x24 * x24 + ((uint64_t) x26 * x22 + ((uint64_t) x28 * x20 + ((uint64_t) x30 * x18 + ((uint64_t) x32 * x16 + (0x2 * ((uint64_t) x34 * x14) + (0x2 * ((uint64_t) x36 * x12) + (0x2 * ((uint64_t) x38 * x10) + (0x2 * ((uint64_t) x40 * x8) + (0x2 * ((uint64_t) x42 * x6) + (0x2 * (...) + (uint64_t) x46 * x2))))))))))))))))))))) + 0x239 * ((uint64_t) x48 * x57 + ((uint64_t) x50 * x58 + ((uint64_t) x52 * x56 + ((uint64_t) x54 * x54 + ((uint64_t) x56 * x52 + ((uint64_t) x58 * x50 + (uint64_t) x57 * x48))))));
 uint64_t x67 = (uint64_t) x2 * x44 + (0x2 * ((uint64_t) x4 * x42) + (0x2 * ((uint64_t) x6 * x40) + (0x2 * ((uint64_t) x8 * x38) + (0x2 * ((uint64_t) x10 * x36) + (0x2 * ((uint64_t) x12 * x34) + ((uint64_t) x14 * x32 + ((uint64_t) x16 * x30 + ((uint64_t) x18 * x28 + ((uint64_t) x20 * x26 + ((uint64_t) x22 * x24 + ((uint64_t) x24 * x22 + ((uint64_t) x26 * x20 + ((uint64_t) x28 * x18 + ((uint64_t) x30 * x16 + ((uint64_t) x32 * x14 + (0x2 * ((uint64_t) x34 * x12) + (0x2 * ((uint64_t) x36 * x10) + (0x2 * ((uint64_t) x38 * x8) + (0x2 * ((uint64_t) x40 * x6) + (0x2 * ((uint64_t) x42 * x4) + (uint64_t) x44 * x2)))))))))))))))))))) + 0x239 * ((uint64_t) x46 * x57 + ((uint64_t) x48 * x58 + ((uint64_t) x50 * x56 + ((uint64_t) x52 * x54 + ((uint64_t) x54 * x52 + ((uint64_t) x56 * x50 + ((uint64_t) x58 * x48 + (uint64_t) x57 * x46)))))));
 uint64_t x68 = (uint64_t) x2 * x42 + (0x2 * ((uint64_t) x4 * x40) + (0x2 * ((uint64_t) x6 * x38) + (0x2 * ((uint64_t) x8 * x36) + (0x2 * ((uint64_t) x10 * x34) + ((uint64_t) x12 * x32 + ((uint64_t) x14 * x30 + ((uint64_t) x16 * x28 + ((uint64_t) x18 * x26 + ((uint64_t) x20 * x24 + ((uint64_t) x22 * x22 + ((uint64_t) x24 * x20 + ((uint64_t) x26 * x18 + ((uint64_t) x28 * x16 + ((uint64_t) x30 * x14 + ((uint64_t) x32 * x12 + (0x2 * ((uint64_t) x34 * x10) + (0x2 * ((uint64_t) x36 * x8) + (0x2 * ((uint64_t) x38 * x6) + (0x2 * ((uint64_t) x40 * x4) + (uint64_t) x42 * x2))))))))))))))))))) + 0x239 * ((uint64_t) x44 * x57 + ((uint64_t) x46 * x58 + ((uint64_t) x48 * x56 + ((uint64_t) x50 * x54 + ((uint64_t) x52 * x52 + ((uint64_t) x54 * x50 + ((uint64_t) x56 * x48 + ((uint64_t) x58 * x46 + (uint64_t) x57 * x44))))))));
 uint64_t x69 = (uint64_t) x2 * x40 + (0x2 * ((uint64_t) x4 * x38) + (0x2 * ((uint64_t) x6 * x36) + (0x2 * ((uint64_t) x8 * x34) + ((uint64_t) x10 * x32 + ((uint64_t) x12 * x30 + ((uint64_t) x14 * x28 + ((uint64_t) x16 * x26 + ((uint64_t) x18 * x24 + ((uint64_t) x20 * x22 + ((uint64_t) x22 * x20 + ((uint64_t) x24 * x18 + ((uint64_t) x26 * x16 + ((uint64_t) x28 * x14 + ((uint64_t) x30 * x12 + ((uint64_t) x32 * x10 + (0x2 * ((uint64_t) x34 * x8) + (0x2 * ((uint64_t) x36 * x6) + (0x2 * ((uint64_t) x38 * x4) + (uint64_t) x40 * x2)))))))))))))))))) + 0x239 * ((uint64_t) x42 * x57 + ((uint64_t) x44 * x58 + ((uint64_t) x46 * x56 + ((uint64_t) x48 * x54 + ((uint64_t) x50 * x52 + ((uint64_t) x52 * x50 + ((uint64_t) x54 * x48 + ((uint64_t) x56 * x46 + ((uint64_t) x58 * x44 + (uint64_t) x57 * x42)))))))));
 uint64_t x70 = (uint64_t) x2 * x38 + (0x2 * ((uint64_t) x4 * x36) + (0x2 * ((uint64_t) x6 * x34) + ((uint64_t) x8 * x32 + ((uint64_t) x10 * x30 + ((uint64_t) x12 * x28 + ((uint64_t) x14 * x26 + ((uint64_t) x16 * x24 + ((uint64_t) x18 * x22 + ((uint64_t) x20 * x20 + ((uint64_t) x22 * x18 + ((uint64_t) x24 * x16 + ((uint64_t) x26 * x14 + ((uint64_t) x28 * x12 + ((uint64_t) x30 * x10 + ((uint64_t) x32 * x8 + (0x2 * ((uint64_t) x34 * x6) + (0x2 * ((uint64_t) x36 * x4) + (uint64_t) x38 * x2))))))))))))))))) + 0x239 * ((uint64_t) x40 * x57 + ((uint64_t) x42 * x58 + ((uint64_t) x44 * x56 + ((uint64_t) x46 * x54 + ((uint64_t) x48 * x52 + ((uint64_t) x50 * x50 + ((uint64_t) x52 * x48 + ((uint64_t) x54 * x46 + ((uint64_t) x56 * x44 + ((uint64_t) x58 * x42 + (uint64_t) x57 * x40))))))))));
 uint64_t x71 = (uint64_t) x2 * x36 + (0x2 * ((uint64_t) x4 * x34) + ((uint64_t) x6 * x32 + ((uint64_t) x8 * x30 + ((uint64_t) x10 * x28 + ((uint64_t) x12 * x26 + ((uint64_t) x14 * x24 + ((uint64_t) x16 * x22 + ((uint64_t) x18 * x20 + ((uint64_t) x20 * x18 + ((uint64_t) x22 * x16 + ((uint64_t) x24 * x14 + ((uint64_t) x26 * x12 + ((uint64_t) x28 * x10 + ((uint64_t) x30 * x8 + ((uint64_t) x32 * x6 + (0x2 * ((uint64_t) x34 * x4) + (uint64_t) x36 * x2)))))))))))))))) + 0x239 * ((uint64_t) x38 * x57 + ((uint64_t) x40 * x58 + ((uint64_t) x42 * x56 + ((uint64_t) x44 * x54 + ((uint64_t) x46 * x52 + ((uint64_t) x48 * x50 + ((uint64_t) x50 * x48 + ((uint64_t) x52 * x46 + ((uint64_t) x54 * x44 + ((uint64_t) x56 * x42 + ((uint64_t) x58 * x40 + (uint64_t) x57 * x38)))))))))));
 uint64_t x72 = (uint64_t) x2 * x34 + ((uint64_t) x4 * x32 + ((uint64_t) x6 * x30 + ((uint64_t) x8 * x28 + ((uint64_t) x10 * x26 + ((uint64_t) x12 * x24 + ((uint64_t) x14 * x22 + ((uint64_t) x16 * x20 + ((uint64_t) x18 * x18 + ((uint64_t) x20 * x16 + ((uint64_t) x22 * x14 + ((uint64_t) x24 * x12 + ((uint64_t) x26 * x10 + ((uint64_t) x28 * x8 + ((uint64_t) x30 * x6 + ((uint64_t) x32 * x4 + (uint64_t) x34 * x2))))))))))))))) + 0x239 * ((uint64_t) x36 * x57 + ((uint64_t) x38 * x58 + ((uint64_t) x40 * x56 + ((uint64_t) x42 * x54 + ((uint64_t) x44 * x52 + ((uint64_t) x46 * x50 + ((uint64_t) x48 * x48 + ((uint64_t) x50 * x46 + ((uint64_t) x52 * x44 + ((uint64_t) x54 * x42 + ((uint64_t) x56 * x40 + ((uint64_t) x58 * x38 + (uint64_t) x57 * x36))))))))))));
 uint64_t x73 = (uint64_t) x2 * x32 + (0x2 * ((uint64_t) x4 * x30) + (0x2 * ((uint64_t) x6 * x28) + (0x2 * ((uint64_t) x8 * x26) + (0x2 * ((uint64_t) x10 * x24) + (0x2 * ((uint64_t) x12 * x22) + (0x2 * ((uint64_t) x14 * x20) + (0x2 * ((uint64_t) x16 * x18) + (0x2 * ((uint64_t) x18 * x16) + (0x2 * ((uint64_t) x20 * x14) + (0x2 * ((uint64_t) x22 * x12) + (0x2 * ((uint64_t) x24 * x10) + (0x2 * ((uint64_t) x26 * x8) + (0x2 * ((uint64_t) x28 * x6) + (0x2 * ((uint64_t) x30 * x4) + (uint64_t) x32 * x2)))))))))))))) + 0x239 * (0x2 * ((uint64_t) x34 * x57) + (0x2 * ((uint64_t) x36 * x58) + (0x2 * ((uint64_t) x38 * x56) + (0x2 * ((uint64_t) x40 * x54) + (0x2 * ((uint64_t) x42 * x52) + (0x2 * ((uint64_t) x44 * x50) + (0x2 * ((uint64_t) x46 * x48) + (0x2 * ((uint64_t) x48 * x46) + (0x2 * ((uint64_t) x50 * x44) + (0x2 * ((uint64_t) x52 * x42) + (0x2 * ((uint64_t) x54 * x40) + (0x2 * ((uint64_t) x56 * x38) + (0x2 * ((uint64_t) x58 * x36) + 0x2 * ((uint64_t) x57 * x34))))))))))))));
 uint64_t x74 = (uint64_t) x2 * x30 + (0x2 * ((uint64_t) x4 * x28) + (0x2 * ((uint64_t) x6 * x26) + (0x2 * ((uint64_t) x8 * x24) + (0x2 * ((uint64_t) x10 * x22) + (0x2 * ((uint64_t) x12 * x20) + (0x2 * ((uint64_t) x14 * x18) + (0x2 * ((uint64_t) x16 * x16) + (0x2 * ((uint64_t) x18 * x14) + (0x2 * ((uint64_t) x20 * x12) + (0x2 * ((uint64_t) x22 * x10) + (0x2 * ((uint64_t) x24 * x8) + (0x2 * ((uint64_t) x26 * x6) + (0x2 * ((uint64_t) x28 * x4) + (uint64_t) x30 * x2))))))))))))) + 0x239 * ((uint64_t) x32 * x57 + (0x2 * ((uint64_t) x34 * x58) + (0x2 * ((uint64_t) x36 * x56) + (0x2 * ((uint64_t) x38 * x54) + (0x2 * ((uint64_t) x40 * x52) + (0x2 * ((uint64_t) x42 * x50) + (0x2 * ((uint64_t) x44 * x48) + (0x2 * ((uint64_t) x46 * x46) + (0x2 * ((uint64_t) x48 * x44) + (0x2 * ((uint64_t) x50 * x42) + (0x2 * ((uint64_t) x52 * x40) + (0x2 * ((uint64_t) x54 * x38) + (0x2 * ((uint64_t) x56 * x36) + (0x2 * ((uint64_t) x58 * x34) + (uint64_t) x57 * x32))))))))))))));
 uint64_t x75 = (uint64_t) x2 * x28 + (0x2 * ((uint64_t) x4 * x26) + (0x2 * ((uint64_t) x6 * x24) + (0x2 * ((uint64_t) x8 * x22) + (0x2 * ((uint64_t) x10 * x20) + (0x2 * ((uint64_t) x12 * x18) + (0x2 * ((uint64_t) x14 * x16) + (0x2 * ((uint64_t) x16 * x14) + (0x2 * ((uint64_t) x18 * x12) + (0x2 * ((uint64_t) x20 * x10) + (0x2 * ((uint64_t) x22 * x8) + (0x2 * ((uint64_t) x24 * x6) + (0x2 * ((uint64_t) x26 * x4) + (uint64_t) x28 * x2)))))))))))) + 0x239 * ((uint64_t) x30 * x57 + ((uint64_t) x32 * x58 + (0x2 * ((uint64_t) x34 * x56) + (0x2 * ((uint64_t) x36 * x54) + (0x2 * ((uint64_t) x38 * x52) + (0x2 * ((uint64_t) x40 * x50) + (0x2 * ((uint64_t) x42 * x48) + (0x2 * ((uint64_t) x44 * x46) + (0x2 * ((uint64_t) x46 * x44) + (0x2 * ((uint64_t) x48 * x42) + (0x2 * ((uint64_t) x50 * x40) + (0x2 * ((uint64_t) x52 * x38) + (0x2 * ((uint64_t) x54 * x36) + (0x2 * ((uint64_t) x56 * x34) + ((uint64_t) x58 * x32 + (uint64_t) x57 * x30)))))))))))))));
 uint64_t x76 = (uint64_t) x2 * x26 + (0x2 * ((uint64_t) x4 * x24) + (0x2 * ((uint64_t) x6 * x22) + (0x2 * ((uint64_t) x8 * x20) + (0x2 * ((uint64_t) x10 * x18) + (0x2 * ((uint64_t) x12 * x16) + (0x2 * ((uint64_t) x14 * x14) + (0x2 * ((uint64_t) x16 * x12) + (0x2 * ((uint64_t) x18 * x10) + (0x2 * ((uint64_t) x20 * x8) + (0x2 * ((uint64_t) x22 * x6) + (0x2 * ((uint64_t) x24 * x4) + (uint64_t) x26 * x2))))))))))) + 0x239 * ((uint64_t) x28 * x57 + ((uint64_t) x30 * x58 + ((uint64_t) x32 * x56 + (0x2 * ((uint64_t) x34 * x54) + (0x2 * ((uint64_t) x36 * x52) + (0x2 * ((uint64_t) x38 * x50) + (0x2 * ((uint64_t) x40 * x48) + (0x2 * ((uint64_t) x42 * x46) + (0x2 * ((uint64_t) x44 * x44) + (0x2 * ((uint64_t) x46 * x42) + (0x2 * ((uint64_t) x48 * x40) + (0x2 * ((uint64_t) x50 * x38) + (0x2 * ((uint64_t) x52 * x36) + (0x2 * ((uint64_t) x54 * x34) + ((uint64_t) x56 * x32 + ((uint64_t) x58 * x30 + (uint64_t) x57 * x28))))))))))))))));
 uint64_t x77 = (uint64_t) x2 * x24 + (0x2 * ((uint64_t) x4 * x22) + (0x2 * ((uint64_t) x6 * x20) + (0x2 * ((uint64_t) x8 * x18) + (0x2 * ((uint64_t) x10 * x16) + (0x2 * ((uint64_t) x12 * x14) + (0x2 * ((uint64_t) x14 * x12) + (0x2 * ((uint64_t) x16 * x10) + (0x2 * ((uint64_t) x18 * x8) + (0x2 * ((uint64_t) x20 * x6) + (0x2 * ((uint64_t) x22 * x4) + (uint64_t) x24 * x2)))))))))) + 0x239 * ((uint64_t) x26 * x57 + ((uint64_t) x28 * x58 + ((uint64_t) x30 * x56 + ((uint64_t) x32 * x54 + (0x2 * ((uint64_t) x34 * x52) + (0x2 * ((uint64_t) x36 * x50) + (0x2 * ((uint64_t) x38 * x48) + (0x2 * ((uint64_t) x40 * x46) + (0x2 * ((uint64_t) x42 * x44) + (0x2 * ((uint64_t) x44 * x42) + (0x2 * ((uint64_t) x46 * x40) + (0x2 * ((uint64_t) x48 * x38) + (0x2 * ((uint64_t) x50 * x36) + (0x2 * ((uint64_t) x52 * x34) + ((uint64_t) x54 * x32 + ((uint64_t) x56 * x30 + ((uint64_t) x58 * x28 + (uint64_t) x57 * x26)))))))))))))))));
 uint64_t x78 = (uint64_t) x2 * x22 + (0x2 * ((uint64_t) x4 * x20) + (0x2 * ((uint64_t) x6 * x18) + (0x2 * ((uint64_t) x8 * x16) + (0x2 * ((uint64_t) x10 * x14) + (0x2 * ((uint64_t) x12 * x12) + (0x2 * ((uint64_t) x14 * x10) + (0x2 * ((uint64_t) x16 * x8) + (0x2 * ((uint64_t) x18 * x6) + (0x2 * ((uint64_t) x20 * x4) + (uint64_t) x22 * x2))))))))) + 0x239 * ((uint64_t) x24 * x57 + ((uint64_t) x26 * x58 + ((uint64_t) x28 * x56 + ((uint64_t) x30 * x54 + ((uint64_t) x32 * x52 + (0x2 * ((uint64_t) x34 * x50) + (0x2 * ((uint64_t) x36 * x48) + (0x2 * ((uint64_t) x38 * x46) + (0x2 * ((uint64_t) x40 * x44) + (0x2 * ((uint64_t) x42 * x42) + (0x2 * ((uint64_t) x44 * x40) + (0x2 * ((uint64_t) x46 * x38) + (0x2 * ((uint64_t) x48 * x36) + (0x2 * ((uint64_t) x50 * x34) + ((uint64_t) x52 * x32 + ((uint64_t) x54 * x30 + ((uint64_t) x56 * x28 + ((uint64_t) x58 * x26 + (uint64_t) x57 * x24))))))))))))))))));
 uint64_t x79 = (uint64_t) x2 * x20 + (0x2 * ((uint64_t) x4 * x18) + (0x2 * ((uint64_t) x6 * x16) + (0x2 * ((uint64_t) x8 * x14) + (0x2 * ((uint64_t) x10 * x12) + (0x2 * ((uint64_t) x12 * x10) + (0x2 * ((uint64_t) x14 * x8) + (0x2 * ((uint64_t) x16 * x6) + (0x2 * ((uint64_t) x18 * x4) + (uint64_t) x20 * x2)))))))) + 0x239 * ((uint64_t) x22 * x57 + ((uint64_t) x24 * x58 + ((uint64_t) x26 * x56 + ((uint64_t) x28 * x54 + ((uint64_t) x30 * x52 + ((uint64_t) x32 * x50 + (0x2 * ((uint64_t) x34 * x48) + (0x2 * ((uint64_t) x36 * x46) + (0x2 * ((uint64_t) x38 * x44) + (0x2 * ((uint64_t) x40 * x42) + (0x2 * ((uint64_t) x42 * x40) + (0x2 * ((uint64_t) x44 * x38) + (0x2 * ((uint64_t) x46 * x36) + (0x2 * ((uint64_t) x48 * x34) + ((uint64_t) x50 * x32 + ((uint64_t) x52 * x30 + ((uint64_t) x54 * x28 + ((uint64_t) x56 * x26 + ((uint64_t) x58 * x24 + (uint64_t) x57 * x22)))))))))))))))))));
 uint64_t x80 = (uint64_t) x2 * x18 + (0x2 * ((uint64_t) x4 * x16) + (0x2 * ((uint64_t) x6 * x14) + (0x2 * ((uint64_t) x8 * x12) + (0x2 * ((uint64_t) x10 * x10) + (0x2 * ((uint64_t) x12 * x8) + (0x2 * ((uint64_t) x14 * x6) + (0x2 * ((uint64_t) x16 * x4) + (uint64_t) x18 * x2))))))) + 0x239 * ((uint64_t) x20 * x57 + ((uint64_t) x22 * x58 + ((uint64_t) x24 * x56 + ((uint64_t) x26 * x54 + ((uint64_t) x28 * x52 + ((uint64_t) x30 * x50 + ((uint64_t) x32 * x48 + (0x2 * ((uint64_t) x34 * x46) + (0x2 * ((uint64_t) x36 * x44) + (0x2 * ((uint64_t) x38 * x42) + (0x2 * ((uint64_t) x40 * x40) + (0x2 * ((uint64_t) x42 * x38) + (0x2 * ((uint64_t) x44 * x36) + (0x2 * ((uint64_t) x46 * x34) + ((uint64_t) x48 * x32 + ((uint64_t) x50 * x30 + ((uint64_t) x52 * x28 + ((uint64_t) x54 * x26 + ((uint64_t) x56 * x24 + ((uint64_t) x58 * x22 + (uint64_t) x57 * x20))))))))))))))))))));
 uint64_t x81 = (uint64_t) x2 * x16 + (0x2 * ((uint64_t) x4 * x14) + (0x2 * ((uint64_t) x6 * x12) + (0x2 * ((uint64_t) x8 * x10) + (0x2 * ((uint64_t) x10 * x8) + (0x2 * ((uint64_t) x12 * x6) + (0x2 * ((uint64_t) x14 * x4) + (uint64_t) x16 * x2)))))) + 0x239 * ((uint64_t) x18 * x57 + ((uint64_t) x20 * x58 + ((uint64_t) x22 * x56 + ((uint64_t) x24 * x54 + ((uint64_t) x26 * x52 + ((uint64_t) x28 * x50 + ((uint64_t) x30 * x48 + ((uint64_t) x32 * x46 + (0x2 * ((uint64_t) x34 * x44) + (0x2 * ((uint64_t) x36 * x42) + (0x2 * ((uint64_t) x38 * x40) + (0x2 * ((uint64_t) x40 * x38) + (0x2 * ((uint64_t) x42 * x36) + (0x2 * ((uint64_t) x44 * x34) + ((uint64_t) x46 * x32 + ((uint64_t) x48 * x30 + ((uint64_t) x50 * x28 + ((uint64_t) x52 * x26 + ((uint64_t) x54 * x24 + ((uint64_t) x56 * x22 + ((uint64_t) x58 * x20 + (uint64_t) x57 * x18)))))))))))))))))))));
 uint64_t x82 = (uint64_t) x2 * x14 + (0x2 * ((uint64_t) x4 * x12) + (0x2 * ((uint64_t) x6 * x10) + (0x2 * ((uint64_t) x8 * x8) + (0x2 * ((uint64_t) x10 * x6) + (0x2 * ((uint64_t) x12 * x4) + (uint64_t) x14 * x2))))) + 0x239 * ((uint64_t) x16 * x57 + ((uint64_t) x18 * x58 + ((uint64_t) x20 * x56 + ((uint64_t) x22 * x54 + ((uint64_t) x24 * x52 + ((uint64_t) x26 * x50 + ((uint64_t) x28 * x48 + ((uint64_t) x30 * x46 + ((uint64_t) x32 * x44 + (0x2 * ((uint64_t) x34 * x42) + (0x2 * ((uint64_t) x36 * x40) + (0x2 * ((uint64_t) x38 * x38) + (0x2 * ((uint64_t) x40 * x36) + (0x2 * ((uint64_t) x42 * x34) + ((uint64_t) x44 * x32 + ((uint64_t) x46 * x30 + ((uint64_t) x48 * x28 + ((uint64_t) x50 * x26 + ((uint64_t) x52 * x24 + ((uint64_t) x54 * x22 + ((uint64_t) x56 * x20 + (... + ...))))))))))))))))))))));
 uint64_t x83 = (uint64_t) x2 * x12 + (0x2 * ((uint64_t) x4 * x10) + (0x2 * ((uint64_t) x6 * x8) + (0x2 * ((uint64_t) x8 * x6) + (0x2 * ((uint64_t) x10 * x4) + (uint64_t) x12 * x2)))) + 0x239 * ((uint64_t) x14 * x57 + ((uint64_t) x16 * x58 + ((uint64_t) x18 * x56 + ((uint64_t) x20 * x54 + ((uint64_t) x22 * x52 + ((uint64_t) x24 * x50 + ((uint64_t) x26 * x48 + ((uint64_t) x28 * x46 + ((uint64_t) x30 * x44 + ((uint64_t) x32 * x42 + (0x2 * ((uint64_t) x34 * x40) + (0x2 * ((uint64_t) x36 * x38) + (0x2 * ((uint64_t) x38 * x36) + (0x2 * ((uint64_t) x40 * x34) + ((uint64_t) x42 * x32 + ((uint64_t) x44 * x30 + ((uint64_t) x46 * x28 + ((uint64_t) x48 * x26 + ((uint64_t) x50 * x24 + ((uint64_t) x52 * x22 + ((uint64_t) x54 * x20 + (... + ...))))))))))))))))))))));
 uint64_t x84 = (uint64_t) x2 * x10 + (0x2 * ((uint64_t) x4 * x8) + (0x2 * ((uint64_t) x6 * x6) + (0x2 * ((uint64_t) x8 * x4) + (uint64_t) x10 * x2))) + 0x239 * ((uint64_t) x12 * x57 + ((uint64_t) x14 * x58 + ((uint64_t) x16 * x56 + ((uint64_t) x18 * x54 + ((uint64_t) x20 * x52 + ((uint64_t) x22 * x50 + ((uint64_t) x24 * x48 + ((uint64_t) x26 * x46 + ((uint64_t) x28 * x44 + ((uint64_t) x30 * x42 + ((uint64_t) x32 * x40 + (0x2 * ((uint64_t) x34 * x38) + (0x2 * ((uint64_t) x36 * x36) + (0x2 * ((uint64_t) x38 * x34) + ((uint64_t) x40 * x32 + ((uint64_t) x42 * x30 + ((uint64_t) x44 * x28 + ((uint64_t) x46 * x26 + ((uint64_t) x48 * x24 + ((uint64_t) x50 * x22 + ((uint64_t) x52 * x20 + (... + ...))))))))))))))))))))));
 uint64_t x85 = (uint64_t) x2 * x8 + (0x2 * ((uint64_t) x4 * x6) + (0x2 * ((uint64_t) x6 * x4) + (uint64_t) x8 * x2)) + 0x239 * ((uint64_t) x10 * x57 + ((uint64_t) x12 * x58 + ((uint64_t) x14 * x56 + ((uint64_t) x16 * x54 + ((uint64_t) x18 * x52 + ((uint64_t) x20 * x50 + ((uint64_t) x22 * x48 + ((uint64_t) x24 * x46 + ((uint64_t) x26 * x44 + ((uint64_t) x28 * x42 + ((uint64_t) x30 * x40 + ((uint64_t) x32 * x38 + (0x2 * ((uint64_t) x34 * x36) + (0x2 * ((uint64_t) x36 * x34) + ((uint64_t) x38 * x32 + ((uint64_t) x40 * x30 + ((uint64_t) x42 * x28 + ((uint64_t) x44 * x26 + ((uint64_t) x46 * x24 + ((uint64_t) x48 * x22 + ((uint64_t) x50 * x20 + (... + ...))))))))))))))))))))));
 uint64_t x86 = (uint64_t) x2 * x6 + (0x2 * ((uint64_t) x4 * x4) + (uint64_t) x6 * x2) + 0x239 * ((uint64_t) x8 * x57 + ((uint64_t) x10 * x58 + ((uint64_t) x12 * x56 + ((uint64_t) x14 * x54 + ((uint64_t) x16 * x52 + ((uint64_t) x18 * x50 + ((uint64_t) x20 * x48 + ((uint64_t) x22 * x46 + ((uint64_t) x24 * x44 + ((uint64_t) x26 * x42 + ((uint64_t) x28 * x40 + ((uint64_t) x30 * x38 + ((uint64_t) x32 * x36 + (0x2 * ((uint64_t) x34 * x34) + ((uint64_t) x36 * x32 + ((uint64_t) x38 * x30 + ((uint64_t) x40 * x28 + ((uint64_t) x42 * x26 + ((uint64_t) x44 * x24 + ((uint64_t) x46 * x22 + ((uint64_t) x48 * x20 + (... + ...))))))))))))))))))))));
 uint64_t x87 = (uint64_t) x2 * x4 + (uint64_t) x4 * x2 + 0x239 * ((uint64_t) x6 * x57 + ((uint64_t) x8 * x58 + ((uint64_t) x10 * x56 + ((uint64_t) x12 * x54 + ((uint64_t) x14 * x52 + ((uint64_t) x16 * x50 + ((uint64_t) x18 * x48 + ((uint64_t) x20 * x46 + ((uint64_t) x22 * x44 + ((uint64_t) x24 * x42 + ((uint64_t) x26 * x40 + ((uint64_t) x28 * x38 + ((uint64_t) x30 * x36 + ((uint64_t) x32 * x34 + ((uint64_t) x34 * x32 + ((uint64_t) x36 * x30 + ((uint64_t) x38 * x28 + ((uint64_t) x40 * x26 + ((uint64_t) x42 * x24 + ((uint64_t) x44 * x22 + ((uint64_t) x46 * x20 + (... + ...))))))))))))))))))))));
 uint64_t x88 = (uint64_t) x2 * x2 + 0x239 * (0x2 * ((uint64_t) x4 * x57) + (0x2 * ((uint64_t) x6 * x58) + (0x2 * ((uint64_t) x8 * x56) + (0x2 * ((uint64_t) x10 * x54) + (0x2 * ((uint64_t) x12 * x52) + (0x2 * ((uint64_t) x14 * x50) + (0x2 * ((uint64_t) x16 * x48) + (0x2 * ((uint64_t) x18 * x46) + (0x2 * ((uint64_t) x20 * x44) + (0x2 * ((uint64_t) x22 * x42) + (0x2 * ((uint64_t) x24 * x40) + (0x2 * ((uint64_t) x26 * x38) + (0x2 * ((uint64_t) x28 * x36) + (0x2 * ((uint64_t) x30 * x34) + ((uint64_t) x32 * x32 + (0x2 * ((uint64_t) x34 * x30) + (0x2 * ((uint64_t) x36 * x28) + (0x2 * ((uint64_t) x38 * x26) + (0x2 * ((uint64_t) x40 * x24) + (0x2 * ((uint64_t) x42 * x22) + (0x2 * (...) + (... + ...))))))))))))))))))))));
 uint32_t x89 = (uint32_t) (x88 >> 0x12);
 uint32_t x90 = (uint32_t) x88 & 0x3ffff;
 uint64_t x91 = x89 + x87;
 uint32_t x92 = (uint32_t) (x91 >> 0x11);
 uint32_t x93 = (uint32_t) x91 & 0x1ffff;
 uint64_t x94 = x92 + x86;
 uint32_t x95 = (uint32_t) (x94 >> 0x11);
 uint32_t x96 = (uint32_t) x94 & 0x1ffff;
 uint64_t x97 = x95 + x85;
 uint32_t x98 = (uint32_t) (x97 >> 0x11);
 uint32_t x99 = (uint32_t) x97 & 0x1ffff;
 uint64_t x100 = x98 + x84;
 uint32_t x101 = (uint32_t) (x100 >> 0x11);
 uint32_t x102 = (uint32_t) x100 & 0x1ffff;
 uint64_t x103 = x101 + x83;
 uint32_t x104 = (uint32_t) (x103 >> 0x11);
 uint32_t x105 = (uint32_t) x103 & 0x1ffff;
 uint64_t x106 = x104 + x82;
 uint32_t x107 = (uint32_t) (x106 >> 0x11);
 uint32_t x108 = (uint32_t) x106 & 0x1ffff;
 uint64_t x109 = x107 + x81;
 uint32_t x110 = (uint32_t) (x109 >> 0x11);
 uint32_t x111 = (uint32_t) x109 & 0x1ffff;
 uint64_t x112 = x110 + x80;
 uint32_t x113 = (uint32_t) (x112 >> 0x11);
 uint32_t x114 = (uint32_t) x112 & 0x1ffff;
 uint64_t x115 = x113 + x79;
 uint32_t x116 = (uint32_t) (x115 >> 0x11);
 uint32_t x117 = (uint32_t) x115 & 0x1ffff;
 uint64_t x118 = x116 + x78;
 uint32_t x119 = (uint32_t) (x118 >> 0x11);
 uint32_t x120 = (uint32_t) x118 & 0x1ffff;
 uint64_t x121 = x119 + x77;
 uint32_t x122 = (uint32_t) (x121 >> 0x11);
 uint32_t x123 = (uint32_t) x121 & 0x1ffff;
 uint64_t x124 = x122 + x76;
 uint32_t x125 = (uint32_t) (x124 >> 0x11);
 uint32_t x126 = (uint32_t) x124 & 0x1ffff;
 uint64_t x127 = x125 + x75;
 uint32_t x128 = (uint32_t) (x127 >> 0x11);
 uint32_t x129 = (uint32_t) x127 & 0x1ffff;
 uint64_t x130 = x128 + x74;
 uint32_t x131 = (uint32_t) (x130 >> 0x11);
 uint32_t x132 = (uint32_t) x130 & 0x1ffff;
 uint64_t x133 = x131 + x73;
 uint32_t x134 = (uint32_t) (x133 >> 0x12);
 uint32_t x135 = (uint32_t) x133 & 0x3ffff;
 uint64_t x136 = x134 + x72;
 uint32_t x137 = (uint32_t) (x136 >> 0x11);
 uint32_t x138 = (uint32_t) x136 & 0x1ffff;
 uint64_t x139 = x137 + x71;
 uint32_t x140 = (uint32_t) (x139 >> 0x11);
 uint32_t x141 = (uint32_t) x139 & 0x1ffff;
 uint64_t x142 = x140 + x70;
 uint32_t x143 = (uint32_t) (x142 >> 0x11);
 uint32_t x144 = (uint32_t) x142 & 0x1ffff;
 uint64_t x145 = x143 + x69;
 uint32_t x146 = (uint32_t) (x145 >> 0x11);
 uint32_t x147 = (uint32_t) x145 & 0x1ffff;
 uint64_t x148 = x146 + x68;
 uint32_t x149 = (uint32_t) (x148 >> 0x11);
 uint32_t x150 = (uint32_t) x148 & 0x1ffff;
 uint64_t x151 = x149 + x67;
 uint32_t x152 = (uint32_t) (x151 >> 0x11);
 uint32_t x153 = (uint32_t) x151 & 0x1ffff;
 uint64_t x154 = x152 + x66;
 uint32_t x155 = (uint32_t) (x154 >> 0x11);
 uint32_t x156 = (uint32_t) x154 & 0x1ffff;
 uint64_t x157 = x155 + x65;
 uint32_t x158 = (uint32_t) (x157 >> 0x11);
 uint32_t x159 = (uint32_t) x157 & 0x1ffff;
 uint64_t x160 = x158 + x64;
 uint32_t x161 = (uint32_t) (x160 >> 0x11);
 uint32_t x162 = (uint32_t) x160 & 0x1ffff;
 uint64_t x163 = x161 + x63;
 uint32_t x164 = (uint32_t) (x163 >> 0x11);
 uint32_t x165 = (uint32_t) x163 & 0x1ffff;
 uint64_t x166 = x164 + x62;
 uint32_t x167 = (uint32_t) (x166 >> 0x11);
 uint32_t x168 = (uint32_t) x166 & 0x1ffff;
 uint64_t x169 = x167 + x61;
 uint32_t x170 = (uint32_t) (x169 >> 0x11);
 uint32_t x171 = (uint32_t) x169 & 0x1ffff;
 uint64_t x172 = x170 + x60;
 uint32_t x173 = (uint32_t) (x172 >> 0x11);
 uint32_t x174 = (uint32_t) x172 & 0x1ffff;
 uint64_t x175 = x173 + x59;
 uint32_t x176 = (uint32_t) (x175 >> 0x11);
 uint32_t x177 = (uint32_t) x175 & 0x1ffff;
 uint64_t x178 = x90 + (uint64_t) 0x239 * x176;
 uint32_t x179 = (uint32_t) (x178 >> 0x12);
 uint32_t x180 = (uint32_t) x178 & 0x3ffff;
 uint32_t x181 = x179 + x93;
 uint32_t x182 = x181 >> 0x11;
 uint32_t x183 = x181 & 0x1ffff;
 return (Return x177, Return x174, Return x171, Return x168, Return x165, Return x162, Return x159, Return x156, Return x153, Return x150, Return x147, Return x144, Return x141, Return x138, Return x135, Return x132, Return x129, Return x126, Return x123, Return x120, Return x117, Return x114, Return x111, Return x108, Return x105, Return x102, Return x99, x182 + x96, Return x183, Return x180))
x
     : word32 * word32 * word32 * word32 * word32 * word32 * word32 * word32 * word32 * word32 * word32 * word32 * word32 * word32 * word32 * word32 * word32 * word32 * word32 * word32 * word32 * word32 * word32 * word32 * word32 * word32 * word32 * word32 * word32 * word32 → ReturnType (uint32_t * uint32_t * uint32_t * uint32_t * uint32_t * uint32_t * uint32_t * uint32_t * uint32_t * uint32_t * uint32_t * uint32_t * uint32_t * uint32_t * uint32_t * uint32_t * uint32_t * uint32_t * uint32_t * uint32_t * uint32_t * uint32_t * uint32_t * uint32_t * uint32_t * uint32_t * uint32_t * uint32_t * uint32_t * uint32_t)
