λ x : word32 * word32 * word32 * word32 * word32 * word32 * word32 * word32 * word32 * word32 * word32 * word32 * word32 * word32 * word32 * word32 * word32 * word32 * word32 * word32 * word32 * word32 * word32 * word32 * word32 * word32 * word32 * word32 * word32 * word32,
Interp-η
(λ var : Syntax.base_type → Type,
 λ '(x57, x58, x56, x54, x52, x50, x48, x46, x44, x42, x40, x38, x36, x34, x32, x30, x28, x26, x24, x22, x20, x18, x16, x14, x12, x10, x8, x6, x4, x2)%core,
 uint32_t x60, uint8_t x61 = Op (Syntax.SubWithGetBorrow 18 (Syntax.TWord 3) (Syntax.TWord 5) (Syntax.TWord 5) (Syntax.TWord 5) (Syntax.TWord 3)) (0x0, Return x2, 0x3fdc7);
 uint32_t x63, uint8_t x64 = Op (Syntax.SubWithGetBorrow 17 (Syntax.TWord 3) (Syntax.TWord 5) (Syntax.TWord 5) (Syntax.TWord 5) (Syntax.TWord 3)) (Return x61, Return x4, 0x1ffff);
 uint32_t x66, uint8_t x67 = Op (Syntax.SubWithGetBorrow 17 (Syntax.TWord 3) (Syntax.TWord 5) (Syntax.TWord 5) (Syntax.TWord 5) (Syntax.TWord 3)) (Return x64, Return x6, 0x1ffff);
 uint32_t x69, uint8_t x70 = Op (Syntax.SubWithGetBorrow 17 (Syntax.TWord 3) (Syntax.TWord 5) (Syntax.TWord 5) (Syntax.TWord 5) (Syntax.TWord 3)) (Return x67, Return x8, 0x1ffff);
 uint32_t x72, uint8_t x73 = Op (Syntax.SubWithGetBorrow 17 (Syntax.TWord 3) (Syntax.TWord 5) (Syntax.TWord 5) (Syntax.TWord 5) (Syntax.TWord 3)) (Return x70, Return x10, 0x1ffff);
 uint32_t x75, uint8_t x76 = Op (Syntax.SubWithGetBorrow 17 (Syntax.TWord 3) (Syntax.TWord 5) (Syntax.TWord 5) (Syntax.TWord 5) (Syntax.TWord 3)) (Return x73, Return x12, 0x1ffff);
 uint32_t x78, uint8_t x79 = Op (Syntax.SubWithGetBorrow 17 (Syntax.TWord 3) (Syntax.TWord 5) (Syntax.TWord 5) (Syntax.TWord 5) (Syntax.TWord 3)) (Return x76, Return x14, 0x1ffff);
 uint32_t x81, uint8_t x82 = Op (Syntax.SubWithGetBorrow 17 (Syntax.TWord 3) (Syntax.TWord 5) (Syntax.TWord 5) (Syntax.TWord 5) (Syntax.TWord 3)) (Return x79, Return x16, 0x1ffff);
 uint32_t x84, uint8_t x85 = Op (Syntax.SubWithGetBorrow 17 (Syntax.TWord 3) (Syntax.TWord 5) (Syntax.TWord 5) (Syntax.TWord 5) (Syntax.TWord 3)) (Return x82, Return x18, 0x1ffff);
 uint32_t x87, uint8_t x88 = Op (Syntax.SubWithGetBorrow 17 (Syntax.TWord 3) (Syntax.TWord 5) (Syntax.TWord 5) (Syntax.TWord 5) (Syntax.TWord 3)) (Return x85, Return x20, 0x1ffff);
 uint32_t x90, uint8_t x91 = Op (Syntax.SubWithGetBorrow 17 (Syntax.TWord 3) (Syntax.TWord 5) (Syntax.TWord 5) (Syntax.TWord 5) (Syntax.TWord 3)) (Return x88, Return x22, 0x1ffff);
 uint32_t x93, uint8_t x94 = Op (Syntax.SubWithGetBorrow 17 (Syntax.TWord 3) (Syntax.TWord 5) (Syntax.TWord 5) (Syntax.TWord 5) (Syntax.TWord 3)) (Return x91, Return x24, 0x1ffff);
 uint32_t x96, uint8_t x97 = Op (Syntax.SubWithGetBorrow 17 (Syntax.TWord 3) (Syntax.TWord 5) (Syntax.TWord 5) (Syntax.TWord 5) (Syntax.TWord 3)) (Return x94, Return x26, 0x1ffff);
 uint32_t x99, uint8_t x100 = Op (Syntax.SubWithGetBorrow 17 (Syntax.TWord 3) (Syntax.TWord 5) (Syntax.TWord 5) (Syntax.TWord 5) (Syntax.TWord 3)) (Return x97, Return x28, 0x1ffff);
 uint32_t x102, uint8_t x103 = Op (Syntax.SubWithGetBorrow 17 (Syntax.TWord 3) (Syntax.TWord 5) (Syntax.TWord 5) (Syntax.TWord 5) (Syntax.TWord 3)) (Return x100, Return x30, 0x1ffff);
 uint32_t x105, uint8_t x106 = Op (Syntax.SubWithGetBorrow 18 (Syntax.TWord 3) (Syntax.TWord 5) (Syntax.TWord 5) (Syntax.TWord 5) (Syntax.TWord 3)) (Return x103, Return x32, 0x3ffff);
 uint32_t x108, uint8_t x109 = Op (Syntax.SubWithGetBorrow 17 (Syntax.TWord 3) (Syntax.TWord 5) (Syntax.TWord 5) (Syntax.TWord 5) (Syntax.TWord 3)) (Return x106, Return x34, 0x1ffff);
 uint32_t x111, uint8_t x112 = Op (Syntax.SubWithGetBorrow 17 (Syntax.TWord 3) (Syntax.TWord 5) (Syntax.TWord 5) (Syntax.TWord 5) (Syntax.TWord 3)) (Return x109, Return x36, 0x1ffff);
 uint32_t x114, uint8_t x115 = Op (Syntax.SubWithGetBorrow 17 (Syntax.TWord 3) (Syntax.TWord 5) (Syntax.TWord 5) (Syntax.TWord 5) (Syntax.TWord 3)) (Return x112, Return x38, 0x1ffff);
 uint32_t x117, uint8_t x118 = Op (Syntax.SubWithGetBorrow 17 (Syntax.TWord 3) (Syntax.TWord 5) (Syntax.TWord 5) (Syntax.TWord 5) (Syntax.TWord 3)) (Return x115, Return x40, 0x1ffff);
 uint32_t x120, uint8_t x121 = Op (Syntax.SubWithGetBorrow 17 (Syntax.TWord 3) (Syntax.TWord 5) (Syntax.TWord 5) (Syntax.TWord 5) (Syntax.TWord 3)) (Return x118, Return x42, 0x1ffff);
 uint32_t x123, uint8_t x124 = Op (Syntax.SubWithGetBorrow 17 (Syntax.TWord 3) (Syntax.TWord 5) (Syntax.TWord 5) (Syntax.TWord 5) (Syntax.TWord 3)) (Return x121, Return x44, 0x1ffff);
 uint32_t x126, uint8_t x127 = Op (Syntax.SubWithGetBorrow 17 (Syntax.TWord 3) (Syntax.TWord 5) (Syntax.TWord 5) (Syntax.TWord 5) (Syntax.TWord 3)) (Return x124, Return x46, 0x1ffff);
 uint32_t x129, uint8_t x130 = Op (Syntax.SubWithGetBorrow 17 (Syntax.TWord 3) (Syntax.TWord 5) (Syntax.TWord 5) (Syntax.TWord 5) (Syntax.TWord 3)) (Return x127, Return x48, 0x1ffff);
 uint32_t x132, uint8_t x133 = Op (Syntax.SubWithGetBorrow 17 (Syntax.TWord 3) (Syntax.TWord 5) (Syntax.TWord 5) (Syntax.TWord 5) (Syntax.TWord 3)) (Return x130, Return x50, 0x1ffff);
 uint32_t x135, uint8_t x136 = Op (Syntax.SubWithGetBorrow 17 (Syntax.TWord 3) (Syntax.TWord 5) (Syntax.TWord 5) (Syntax.TWord 5) (Syntax.TWord 3)) (Return x133, Return x52, 0x1ffff);
 uint32_t x138, uint8_t x139 = Op (Syntax.SubWithGetBorrow 17 (Syntax.TWord 3) (Syntax.TWord 5) (Syntax.TWord 5) (Syntax.TWord 5) (Syntax.TWord 3)) (Return x136, Return x54, 0x1ffff);
 uint32_t x141, uint8_t x142 = Op (Syntax.SubWithGetBorrow 17 (Syntax.TWord 3) (Syntax.TWord 5) (Syntax.TWord 5) (Syntax.TWord 5) (Syntax.TWord 3)) (Return x139, Return x56, 0x1ffff);
 uint32_t x144, uint8_t x145 = Op (Syntax.SubWithGetBorrow 17 (Syntax.TWord 3) (Syntax.TWord 5) (Syntax.TWord 5) (Syntax.TWord 5) (Syntax.TWord 3)) (Return x142, Return x58, 0x1ffff);
 uint32_t x147, uint8_t x148 = Op (Syntax.SubWithGetBorrow 17 (Syntax.TWord 3) (Syntax.TWord 5) (Syntax.TWord 5) (Syntax.TWord 5) (Syntax.TWord 3)) (Return x145, Return x57, 0x1ffff);
 uint32_t x149 = (uint32_t)cmovznz(x148, 0x0, 0xffffffff);
 uint32_t x150 = x149 & 0x3fdc7;
 uint32_t x152, uint8_t x153 = Op (Syntax.AddWithGetCarry 18 (Syntax.TWord 3) (Syntax.TWord 5) (Syntax.TWord 5) (Syntax.TWord 5) (Syntax.TWord 3)) (0x0, Return x60, Return x150);
 uint32_t x154 = x149 & 0x1ffff;
 uint32_t x156, uint8_t x157 = Op (Syntax.AddWithGetCarry 17 (Syntax.TWord 3) (Syntax.TWord 5) (Syntax.TWord 5) (Syntax.TWord 5) (Syntax.TWord 3)) (Return x153, Return x63, Return x154);
 uint32_t x158 = x149 & 0x1ffff;
 uint32_t x160, uint8_t x161 = Op (Syntax.AddWithGetCarry 17 (Syntax.TWord 3) (Syntax.TWord 5) (Syntax.TWord 5) (Syntax.TWord 5) (Syntax.TWord 3)) (Return x157, Return x66, Return x158);
 uint32_t x162 = x149 & 0x1ffff;
 uint32_t x164, uint8_t x165 = Op (Syntax.AddWithGetCarry 17 (Syntax.TWord 3) (Syntax.TWord 5) (Syntax.TWord 5) (Syntax.TWord 5) (Syntax.TWord 3)) (Return x161, Return x69, Return x162);
 uint32_t x166 = x149 & 0x1ffff;
 uint32_t x168, uint8_t x169 = Op (Syntax.AddWithGetCarry 17 (Syntax.TWord 3) (Syntax.TWord 5) (Syntax.TWord 5) (Syntax.TWord 5) (Syntax.TWord 3)) (Return x165, Return x72, Return x166);
 uint32_t x170 = x149 & 0x1ffff;
 uint32_t x172, uint8_t x173 = Op (Syntax.AddWithGetCarry 17 (Syntax.TWord 3) (Syntax.TWord 5) (Syntax.TWord 5) (Syntax.TWord 5) (Syntax.TWord 3)) (Return x169, Return x75, Return x170);
 uint32_t x174 = x149 & 0x1ffff;
 uint32_t x176, uint8_t x177 = Op (Syntax.AddWithGetCarry 17 (Syntax.TWord 3) (Syntax.TWord 5) (Syntax.TWord 5) (Syntax.TWord 5) (Syntax.TWord 3)) (Return x173, Return x78, Return x174);
 uint32_t x178 = x149 & 0x1ffff;
 uint32_t x180, uint8_t x181 = Op (Syntax.AddWithGetCarry 17 (Syntax.TWord 3) (Syntax.TWord 5) (Syntax.TWord 5) (Syntax.TWord 5) (Syntax.TWord 3)) (Return x177, Return x81, Return x178);
 uint32_t x182 = x149 & 0x1ffff;
 uint32_t x184, uint8_t x185 = Op (Syntax.AddWithGetCarry 17 (Syntax.TWord 3) (Syntax.TWord 5) (Syntax.TWord 5) (Syntax.TWord 5) (Syntax.TWord 3)) (Return x181, Return x84, Return x182);
 uint32_t x186 = x149 & 0x1ffff;
 uint32_t x188, uint8_t x189 = Op (Syntax.AddWithGetCarry 17 (Syntax.TWord 3) (Syntax.TWord 5) (Syntax.TWord 5) (Syntax.TWord 5) (Syntax.TWord 3)) (Return x185, Return x87, Return x186);
 uint32_t x190 = x149 & 0x1ffff;
 uint32_t x192, uint8_t x193 = Op (Syntax.AddWithGetCarry 17 (Syntax.TWord 3) (Syntax.TWord 5) (Syntax.TWord 5) (Syntax.TWord 5) (Syntax.TWord 3)) (Return x189, Return x90, Return x190);
 uint32_t x194 = x149 & 0x1ffff;
 uint32_t x196, uint8_t x197 = Op (Syntax.AddWithGetCarry 17 (Syntax.TWord 3) (Syntax.TWord 5) (Syntax.TWord 5) (Syntax.TWord 5) (Syntax.TWord 3)) (Return x193, Return x93, Return x194);
 uint32_t x198 = x149 & 0x1ffff;
 uint32_t x200, uint8_t x201 = Op (Syntax.AddWithGetCarry 17 (Syntax.TWord 3) (Syntax.TWord 5) (Syntax.TWord 5) (Syntax.TWord 5) (Syntax.TWord 3)) (Return x197, Return x96, Return x198);
 uint32_t x202 = x149 & 0x1ffff;
 uint32_t x204, uint8_t x205 = Op (Syntax.AddWithGetCarry 17 (Syntax.TWord 3) (Syntax.TWord 5) (Syntax.TWord 5) (Syntax.TWord 5) (Syntax.TWord 3)) (Return x201, Return x99, Return x202);
 uint32_t x206 = x149 & 0x1ffff;
 uint32_t x208, uint8_t x209 = Op (Syntax.AddWithGetCarry 17 (Syntax.TWord 3) (Syntax.TWord 5) (Syntax.TWord 5) (Syntax.TWord 5) (Syntax.TWord 3)) (Return x205, Return x102, Return x206);
 uint32_t x210 = x149 & 0x3ffff;
 uint32_t x212, uint8_t x213 = Op (Syntax.AddWithGetCarry 18 (Syntax.TWord 3) (Syntax.TWord 5) (Syntax.TWord 5) (Syntax.TWord 5) (Syntax.TWord 3)) (Return x209, Return x105, Return x210);
 uint32_t x214 = x149 & 0x1ffff;
 uint32_t x216, uint8_t x217 = Op (Syntax.AddWithGetCarry 17 (Syntax.TWord 3) (Syntax.TWord 5) (Syntax.TWord 5) (Syntax.TWord 5) (Syntax.TWord 3)) (Return x213, Return x108, Return x214);
 uint32_t x218 = x149 & 0x1ffff;
 uint32_t x220, uint8_t x221 = Op (Syntax.AddWithGetCarry 17 (Syntax.TWord 3) (Syntax.TWord 5) (Syntax.TWord 5) (Syntax.TWord 5) (Syntax.TWord 3)) (Return x217, Return x111, Return x218);
 uint32_t x222 = x149 & 0x1ffff;
 uint32_t x224, uint8_t x225 = Op (Syntax.AddWithGetCarry 17 (Syntax.TWord 3) (Syntax.TWord 5) (Syntax.TWord 5) (Syntax.TWord 5) (Syntax.TWord 3)) (Return x221, Return x114, Return x222);
 uint32_t x226 = x149 & 0x1ffff;
 uint32_t x228, uint8_t x229 = Op (Syntax.AddWithGetCarry 17 (Syntax.TWord 3) (Syntax.TWord 5) (Syntax.TWord 5) (Syntax.TWord 5) (Syntax.TWord 3)) (Return x225, Return x117, Return x226);
 uint32_t x230 = x149 & 0x1ffff;
 uint32_t x232, uint8_t x233 = Op (Syntax.AddWithGetCarry 17 (Syntax.TWord 3) (Syntax.TWord 5) (Syntax.TWord 5) (Syntax.TWord 5) (Syntax.TWord 3)) (Return x229, Return x120, Return x230);
 uint32_t x234 = x149 & 0x1ffff;
 uint32_t x236, uint8_t x237 = Op (Syntax.AddWithGetCarry 17 (Syntax.TWord 3) (Syntax.TWord 5) (Syntax.TWord 5) (Syntax.TWord 5) (Syntax.TWord 3)) (Return x233, Return x123, Return x234);
 uint32_t x238 = x149 & 0x1ffff;
 uint32_t x240, uint8_t x241 = Op (Syntax.AddWithGetCarry 17 (Syntax.TWord 3) (Syntax.TWord 5) (Syntax.TWord 5) (Syntax.TWord 5) (Syntax.TWord 3)) (Return x237, Return x126, Return x238);
 uint32_t x242 = x149 & 0x1ffff;
 uint32_t x244, uint8_t x245 = Op (Syntax.AddWithGetCarry 17 (Syntax.TWord 3) (Syntax.TWord 5) (Syntax.TWord 5) (Syntax.TWord 5) (Syntax.TWord 3)) (Return x241, Return x129, Return x242);
 uint32_t x246 = x149 & 0x1ffff;
 uint32_t x248, uint8_t x249 = Op (Syntax.AddWithGetCarry 17 (Syntax.TWord 3) (Syntax.TWord 5) (Syntax.TWord 5) (Syntax.TWord 5) (Syntax.TWord 3)) (Return x245, Return x132, Return x246);
 uint32_t x250 = x149 & 0x1ffff;
 uint32_t x252, uint8_t x253 = Op (Syntax.AddWithGetCarry 17 (Syntax.TWord 3) (Syntax.TWord 5) (Syntax.TWord 5) (Syntax.TWord 5) (Syntax.TWord 3)) (Return x249, Return x135, Return x250);
 uint32_t x254 = x149 & 0x1ffff;
 uint32_t x256, uint8_t x257 = Op (Syntax.AddWithGetCarry 17 (Syntax.TWord 3) (Syntax.TWord 5) (Syntax.TWord 5) (Syntax.TWord 5) (Syntax.TWord 3)) (Return x253, Return x138, Return x254);
 uint32_t x258 = x149 & 0x1ffff;
 uint32_t x260, uint8_t x261 = Op (Syntax.AddWithGetCarry 17 (Syntax.TWord 3) (Syntax.TWord 5) (Syntax.TWord 5) (Syntax.TWord 5) (Syntax.TWord 3)) (Return x257, Return x141, Return x258);
 uint32_t x262 = x149 & 0x1ffff;
 uint32_t x264, uint8_t x265 = Op (Syntax.AddWithGetCarry 17 (Syntax.TWord 3) (Syntax.TWord 5) (Syntax.TWord 5) (Syntax.TWord 5) (Syntax.TWord 3)) (Return x261, Return x144, Return x262);
 uint32_t x266 = x149 & 0x1ffff;
 uint32_t x268, uint8_t _ = Op (Syntax.AddWithGetCarry 17 (Syntax.TWord 3) (Syntax.TWord 5) (Syntax.TWord 5) (Syntax.TWord 5) (Syntax.TWord 3)) (Return x265, Return x147, Return x266);
 (Return x268, Return x264, Return x260, Return x256, Return x252, Return x248, Return x244, Return x240, Return x236, Return x232, Return x228, Return x224, Return x220, Return x216, Return x212, Return x208, Return x204, Return x200, Return x196, Return x192, Return x188, Return x184, Return x180, Return x176, Return x172, Return x168, Return x164, Return x160, Return x156, Return x152))
x
     : word32 * word32 * word32 * word32 * word32 * word32 * word32 * word32 * word32 * word32 * word32 * word32 * word32 * word32 * word32 * word32 * word32 * word32 * word32 * word32 * word32 * word32 * word32 * word32 * word32 * word32 * word32 * word32 * word32 * word32 → ReturnType (uint32_t * uint32_t * uint32_t * uint32_t * uint32_t * uint32_t * uint32_t * uint32_t * uint32_t * uint32_t * uint32_t * uint32_t * uint32_t * uint32_t * uint32_t * uint32_t * uint32_t * uint32_t * uint32_t * uint32_t * uint32_t * uint32_t * uint32_t * uint32_t * uint32_t * uint32_t * uint32_t * uint32_t * uint32_t * uint32_t)
