λ x : word32 * word32 * word32 * word32 * word32 * word32 * word32 * word32 * word32 * word32 * word32,
Interp-η
(λ var : Syntax.base_type → Type,
 λ '(x19, x20, x18, x16, x14, x12, x10, x8, x6, x4, x2)%core,
 uint32_t x22, uint8_t x23 = Op (Syntax.SubWithGetBorrow 24 (Syntax.TWord 3) (Syntax.TWord 5) (Syntax.TWord 5) (Syntax.TWord 5) (Syntax.TWord 3)) (0x0, Return x2, 0xffffff);
 uint32_t x25, uint8_t x26 = Op (Syntax.SubWithGetBorrow 23 (Syntax.TWord 3) (Syntax.TWord 5) (Syntax.TWord 5) (Syntax.TWord 5) (Syntax.TWord 3)) (Return x23, Return x4, 0x7fffff);
 uint32_t x28, uint8_t x29 = Op (Syntax.SubWithGetBorrow 23 (Syntax.TWord 3) (Syntax.TWord 5) (Syntax.TWord 5) (Syntax.TWord 5) (Syntax.TWord 3)) (Return x26, Return x6, 0x7fffff);
 uint32_t x31, uint8_t x32 = Op (Syntax.SubWithGetBorrow 24 (Syntax.TWord 3) (Syntax.TWord 5) (Syntax.TWord 5) (Syntax.TWord 5) (Syntax.TWord 3)) (Return x29, Return x8, 0xffffff);
 uint32_t x34, ℤ x35 = Op (Syntax.SubWithGetBorrow 23 (Syntax.TWord 3) (Syntax.TWord 5) (Syntax.TWord 3) (Syntax.TWord 5) Syntax.TZ) (Return x32, Return x10, 0x3);
 uint32_t x37, ℤ x38 = Op (Syntax.SubWithGetBorrow 23 Syntax.TZ (Syntax.TWord 5) (Syntax.TWord 3) (Syntax.TWord 5) Syntax.TZ) (Return x35, Return x12, 0x0);
 uint32_t x40, ℤ x41 = Op (Syntax.SubWithGetBorrow 23 Syntax.TZ (Syntax.TWord 5) (Syntax.TWord 3) (Syntax.TWord 5) Syntax.TZ) (Return x38, Return x14, 0x0);
 uint32_t x43, ℤ x44 = Op (Syntax.SubWithGetBorrow 24 Syntax.TZ (Syntax.TWord 5) (Syntax.TWord 3) (Syntax.TWord 5) Syntax.TZ) (Return x41, Return x16, 0x0);
 uint32_t x46, ℤ x47 = Op (Syntax.SubWithGetBorrow 23 Syntax.TZ (Syntax.TWord 5) (Syntax.TWord 3) (Syntax.TWord 5) Syntax.TZ) (Return x44, Return x18, 0x20);
 uint32_t x49, uint8_t x50 = Op (Syntax.SubWithGetBorrow 23 Syntax.TZ (Syntax.TWord 5) (Syntax.TWord 5) (Syntax.TWord 5) (Syntax.TWord 3)) (Return x47, Return x20, Const 8372224);
 uint32_t x52, uint8_t x53 = Op (Syntax.SubWithGetBorrow 23 (Syntax.TWord 3) (Syntax.TWord 5) (Syntax.TWord 5) (Syntax.TWord 5) (Syntax.TWord 3)) (Return x50, Return x19, 0x7fffff);
 uint32_t x54 = cmovznz32(x53, 0x0, 0xffffffff);
 uint32_t x55 = (x54 & 0xffffff);
 uint32_t x57, uint8_t x58 = Op (Syntax.AddWithGetCarry 24 (Syntax.TWord 3) (Syntax.TWord 5) (Syntax.TWord 5) (Syntax.TWord 5) (Syntax.TWord 3)) (0x0, Return x22, Return x55);
 uint32_t x59 = (x54 & 0x7fffff);
 uint32_t x61, uint8_t x62 = Op (Syntax.AddWithGetCarry 23 (Syntax.TWord 3) (Syntax.TWord 5) (Syntax.TWord 5) (Syntax.TWord 5) (Syntax.TWord 3)) (Return x58, Return x25, Return x59);
 uint32_t x63 = (x54 & 0x7fffff);
 uint32_t x65, uint8_t x66 = Op (Syntax.AddWithGetCarry 23 (Syntax.TWord 3) (Syntax.TWord 5) (Syntax.TWord 5) (Syntax.TWord 5) (Syntax.TWord 3)) (Return x62, Return x28, Return x63);
 uint32_t x67 = (x54 & 0xffffff);
 uint32_t x69, uint8_t x70 = Op (Syntax.AddWithGetCarry 24 (Syntax.TWord 3) (Syntax.TWord 5) (Syntax.TWord 5) (Syntax.TWord 5) (Syntax.TWord 3)) (Return x66, Return x31, Return x67);
 uint8_t x71 = ((uint8_t)x54 & 0x3);
 uint32_t x73, uint8_t x74 = Op (Syntax.AddWithGetCarry 23 (Syntax.TWord 3) (Syntax.TWord 5) (Syntax.TWord 3) (Syntax.TWord 5) (Syntax.TWord 3)) (Return x70, Return x34, Return x71);
 uint32_t x76, uint8_t x77 = Op (Syntax.AddWithGetCarry 23 (Syntax.TWord 3) (Syntax.TWord 5) (Syntax.TWord 3) (Syntax.TWord 5) (Syntax.TWord 3)) (Return x74, Return x37, 0x0);
 uint32_t x79, uint8_t x80 = Op (Syntax.AddWithGetCarry 23 (Syntax.TWord 3) (Syntax.TWord 5) (Syntax.TWord 3) (Syntax.TWord 5) (Syntax.TWord 3)) (Return x77, Return x40, 0x0);
 uint32_t x82, uint8_t x83 = Op (Syntax.AddWithGetCarry 24 (Syntax.TWord 3) (Syntax.TWord 5) (Syntax.TWord 3) (Syntax.TWord 5) (Syntax.TWord 3)) (Return x80, Return x43, 0x0);
 uint8_t x84 = ((uint8_t)x54 & 0x20);
 uint32_t x86, uint8_t x87 = Op (Syntax.AddWithGetCarry 23 (Syntax.TWord 3) (Syntax.TWord 5) (Syntax.TWord 3) (Syntax.TWord 5) (Syntax.TWord 3)) (Return x83, Return x46, Return x84);
 uint32_t x88 = (x54 & Const 8372224);
 uint32_t x90, uint8_t x91 = Op (Syntax.AddWithGetCarry 23 (Syntax.TWord 3) (Syntax.TWord 5) (Syntax.TWord 5) (Syntax.TWord 5) (Syntax.TWord 3)) (Return x87, Return x49, Return x88);
 uint32_t x92 = (x54 & 0x7fffff);
 uint32_t x94, uint8_t _ = Op (Syntax.AddWithGetCarry 23 (Syntax.TWord 3) (Syntax.TWord 5) (Syntax.TWord 5) (Syntax.TWord 5) (Syntax.TWord 3)) (Return x91, Return x52, Return x92);
 (Return x94, Return x90, Return x86, Return x82, Return x79, Return x76, Return x73, Return x69, Return x65, Return x61, Return x57))
x
     : word32 * word32 * word32 * word32 * word32 * word32 * word32 * word32 * word32 * word32 * word32 → ReturnType (uint32_t * uint32_t * uint32_t * uint32_t * uint32_t * uint32_t * uint32_t * uint32_t * uint32_t * uint32_t * uint32_t)
