λ x : word32 * word32 * word32 * word32 * word32 * word32 * word32 * word32 * word32 * word32 * word32 * word32 * word32 * word32 * word32 * word32 * word32 * word32 * word32,
Interp-η
(λ var : Syntax.base_type → Type,
 λ '(x35, x36, x34, x32, x30, x28, x26, x24, x22, x20, x18, x16, x14, x12, x10, x8, x6, x4, x2)%core,
 uint32_t x38, uint8_t x39 = Op (Syntax.SubWithGetBorrow 21 (Syntax.TWord 3) (Syntax.TWord 5) (Syntax.TWord 5) (Syntax.TWord 5) (Syntax.TWord 3)) (0x0, Return x2, 0x1fffff);
 uint32_t x41, ℤ x42 = Op (Syntax.SubWithGetBorrow 20 (Syntax.TWord 3) (Syntax.TWord 5) (Syntax.TWord 5) (Syntax.TWord 5) Syntax.TZ) (Return x39, Return x4, 0x7ff);
 uint32_t x44, ℤ x45 = Op (Syntax.SubWithGetBorrow 20 Syntax.TZ (Syntax.TWord 5) (Syntax.TWord 3) (Syntax.TWord 5) Syntax.TZ) (Return x42, Return x6, 0x0);
 uint32_t x47, ℤ x48 = Op (Syntax.SubWithGetBorrow 20 Syntax.TZ (Syntax.TWord 5) (Syntax.TWord 3) (Syntax.TWord 5) Syntax.TZ) (Return x45, Return x8, 0x0);
 uint32_t x50, uint8_t x51 = Op (Syntax.SubWithGetBorrow 21 Syntax.TZ (Syntax.TWord 5) (Syntax.TWord 5) (Syntax.TWord 5) (Syntax.TWord 3)) (Return x48, Return x10, Const 2064384);
 uint32_t x53, uint8_t x54 = Op (Syntax.SubWithGetBorrow 20 (Syntax.TWord 3) (Syntax.TWord 5) (Syntax.TWord 5) (Syntax.TWord 5) (Syntax.TWord 3)) (Return x51, Return x12, 0xfffff);
 uint32_t x56, uint8_t x57 = Op (Syntax.SubWithGetBorrow 20 (Syntax.TWord 3) (Syntax.TWord 5) (Syntax.TWord 5) (Syntax.TWord 5) (Syntax.TWord 3)) (Return x54, Return x14, Const 1048511);
 uint32_t x59, uint8_t x60 = Op (Syntax.SubWithGetBorrow 20 (Syntax.TWord 3) (Syntax.TWord 5) (Syntax.TWord 5) (Syntax.TWord 5) (Syntax.TWord 3)) (Return x57, Return x16, 0xfffff);
 uint32_t x62, uint8_t x63 = Op (Syntax.SubWithGetBorrow 20 (Syntax.TWord 3) (Syntax.TWord 5) (Syntax.TWord 5) (Syntax.TWord 5) (Syntax.TWord 3)) (Return x60, Return x18, 0xfffff);
 uint32_t x65, uint8_t x66 = Op (Syntax.SubWithGetBorrow 21 (Syntax.TWord 3) (Syntax.TWord 5) (Syntax.TWord 5) (Syntax.TWord 5) (Syntax.TWord 3)) (Return x63, Return x20, 0x1fffff);
 uint32_t x68, uint8_t x69 = Op (Syntax.SubWithGetBorrow 20 (Syntax.TWord 3) (Syntax.TWord 5) (Syntax.TWord 5) (Syntax.TWord 5) (Syntax.TWord 3)) (Return x66, Return x22, 0xfffff);
 uint32_t x71, uint8_t x72 = Op (Syntax.SubWithGetBorrow 20 (Syntax.TWord 3) (Syntax.TWord 5) (Syntax.TWord 5) (Syntax.TWord 5) (Syntax.TWord 3)) (Return x69, Return x24, 0xfffff);
 uint32_t x74, uint8_t x75 = Op (Syntax.SubWithGetBorrow 20 (Syntax.TWord 3) (Syntax.TWord 5) (Syntax.TWord 5) (Syntax.TWord 5) (Syntax.TWord 3)) (Return x72, Return x26, 0xfffff);
 uint32_t x77, uint8_t x78 = Op (Syntax.SubWithGetBorrow 20 (Syntax.TWord 3) (Syntax.TWord 5) (Syntax.TWord 5) (Syntax.TWord 5) (Syntax.TWord 3)) (Return x75, Return x28, 0xfffff);
 uint32_t x80, uint8_t x81 = Op (Syntax.SubWithGetBorrow 21 (Syntax.TWord 3) (Syntax.TWord 5) (Syntax.TWord 5) (Syntax.TWord 5) (Syntax.TWord 3)) (Return x78, Return x30, 0x1fffff);
 uint32_t x83, uint8_t x84 = Op (Syntax.SubWithGetBorrow 20 (Syntax.TWord 3) (Syntax.TWord 5) (Syntax.TWord 5) (Syntax.TWord 5) (Syntax.TWord 3)) (Return x81, Return x32, 0xfffff);
 uint32_t x86, uint8_t x87 = Op (Syntax.SubWithGetBorrow 20 (Syntax.TWord 3) (Syntax.TWord 5) (Syntax.TWord 5) (Syntax.TWord 5) (Syntax.TWord 3)) (Return x84, Return x34, 0xfffff);
 uint32_t x89, uint8_t x90 = Op (Syntax.SubWithGetBorrow 20 (Syntax.TWord 3) (Syntax.TWord 5) (Syntax.TWord 5) (Syntax.TWord 5) (Syntax.TWord 3)) (Return x87, Return x36, 0xfffff);
 uint32_t x92, uint8_t x93 = Op (Syntax.SubWithGetBorrow 20 (Syntax.TWord 3) (Syntax.TWord 5) (Syntax.TWord 5) (Syntax.TWord 5) (Syntax.TWord 3)) (Return x90, Return x35, 0xfffff);
 uint32_t x94 = cmovznz32(x93, 0x0, 0xffffffff);
 uint32_t x95 = (x94 & 0x1fffff);
 uint32_t x97, uint8_t x98 = Op (Syntax.AddWithGetCarry 21 (Syntax.TWord 3) (Syntax.TWord 5) (Syntax.TWord 5) (Syntax.TWord 5) (Syntax.TWord 3)) (0x0, Return x38, Return x95);
 uint32_t x99 = (x94 & 0x7ff);
 uint32_t x101, uint8_t x102 = Op (Syntax.AddWithGetCarry 20 (Syntax.TWord 3) (Syntax.TWord 5) (Syntax.TWord 5) (Syntax.TWord 5) (Syntax.TWord 3)) (Return x98, Return x41, Return x99);
 uint32_t x104, uint8_t x105 = Op (Syntax.AddWithGetCarry 20 (Syntax.TWord 3) (Syntax.TWord 5) (Syntax.TWord 3) (Syntax.TWord 5) (Syntax.TWord 3)) (Return x102, Return x44, 0x0);
 uint32_t x107, uint8_t x108 = Op (Syntax.AddWithGetCarry 20 (Syntax.TWord 3) (Syntax.TWord 5) (Syntax.TWord 3) (Syntax.TWord 5) (Syntax.TWord 3)) (Return x105, Return x47, 0x0);
 uint32_t x109 = (x94 & Const 2064384);
 uint32_t x111, uint8_t x112 = Op (Syntax.AddWithGetCarry 21 (Syntax.TWord 3) (Syntax.TWord 5) (Syntax.TWord 5) (Syntax.TWord 5) (Syntax.TWord 3)) (Return x108, Return x50, Return x109);
 uint32_t x113 = (x94 & 0xfffff);
 uint32_t x115, uint8_t x116 = Op (Syntax.AddWithGetCarry 20 (Syntax.TWord 3) (Syntax.TWord 5) (Syntax.TWord 5) (Syntax.TWord 5) (Syntax.TWord 3)) (Return x112, Return x53, Return x113);
 uint32_t x117 = (x94 & Const 1048511);
 uint32_t x119, uint8_t x120 = Op (Syntax.AddWithGetCarry 20 (Syntax.TWord 3) (Syntax.TWord 5) (Syntax.TWord 5) (Syntax.TWord 5) (Syntax.TWord 3)) (Return x116, Return x56, Return x117);
 uint32_t x121 = (x94 & 0xfffff);
 uint32_t x123, uint8_t x124 = Op (Syntax.AddWithGetCarry 20 (Syntax.TWord 3) (Syntax.TWord 5) (Syntax.TWord 5) (Syntax.TWord 5) (Syntax.TWord 3)) (Return x120, Return x59, Return x121);
 uint32_t x125 = (x94 & 0xfffff);
 uint32_t x127, uint8_t x128 = Op (Syntax.AddWithGetCarry 20 (Syntax.TWord 3) (Syntax.TWord 5) (Syntax.TWord 5) (Syntax.TWord 5) (Syntax.TWord 3)) (Return x124, Return x62, Return x125);
 uint32_t x129 = (x94 & 0x1fffff);
 uint32_t x131, uint8_t x132 = Op (Syntax.AddWithGetCarry 21 (Syntax.TWord 3) (Syntax.TWord 5) (Syntax.TWord 5) (Syntax.TWord 5) (Syntax.TWord 3)) (Return x128, Return x65, Return x129);
 uint32_t x133 = (x94 & 0xfffff);
 uint32_t x135, uint8_t x136 = Op (Syntax.AddWithGetCarry 20 (Syntax.TWord 3) (Syntax.TWord 5) (Syntax.TWord 5) (Syntax.TWord 5) (Syntax.TWord 3)) (Return x132, Return x68, Return x133);
 uint32_t x137 = (x94 & 0xfffff);
 uint32_t x139, uint8_t x140 = Op (Syntax.AddWithGetCarry 20 (Syntax.TWord 3) (Syntax.TWord 5) (Syntax.TWord 5) (Syntax.TWord 5) (Syntax.TWord 3)) (Return x136, Return x71, Return x137);
 uint32_t x141 = (x94 & 0xfffff);
 uint32_t x143, uint8_t x144 = Op (Syntax.AddWithGetCarry 20 (Syntax.TWord 3) (Syntax.TWord 5) (Syntax.TWord 5) (Syntax.TWord 5) (Syntax.TWord 3)) (Return x140, Return x74, Return x141);
 uint32_t x145 = (x94 & 0xfffff);
 uint32_t x147, uint8_t x148 = Op (Syntax.AddWithGetCarry 20 (Syntax.TWord 3) (Syntax.TWord 5) (Syntax.TWord 5) (Syntax.TWord 5) (Syntax.TWord 3)) (Return x144, Return x77, Return x145);
 uint32_t x149 = (x94 & 0x1fffff);
 uint32_t x151, uint8_t x152 = Op (Syntax.AddWithGetCarry 21 (Syntax.TWord 3) (Syntax.TWord 5) (Syntax.TWord 5) (Syntax.TWord 5) (Syntax.TWord 3)) (Return x148, Return x80, Return x149);
 uint32_t x153 = (x94 & 0xfffff);
 uint32_t x155, uint8_t x156 = Op (Syntax.AddWithGetCarry 20 (Syntax.TWord 3) (Syntax.TWord 5) (Syntax.TWord 5) (Syntax.TWord 5) (Syntax.TWord 3)) (Return x152, Return x83, Return x153);
 uint32_t x157 = (x94 & 0xfffff);
 uint32_t x159, uint8_t x160 = Op (Syntax.AddWithGetCarry 20 (Syntax.TWord 3) (Syntax.TWord 5) (Syntax.TWord 5) (Syntax.TWord 5) (Syntax.TWord 3)) (Return x156, Return x86, Return x157);
 uint32_t x161 = (x94 & 0xfffff);
 uint32_t x163, uint8_t x164 = Op (Syntax.AddWithGetCarry 20 (Syntax.TWord 3) (Syntax.TWord 5) (Syntax.TWord 5) (Syntax.TWord 5) (Syntax.TWord 3)) (Return x160, Return x89, Return x161);
 uint32_t x165 = (x94 & 0xfffff);
 uint32_t x167, uint8_t _ = Op (Syntax.AddWithGetCarry 20 (Syntax.TWord 3) (Syntax.TWord 5) (Syntax.TWord 5) (Syntax.TWord 5) (Syntax.TWord 3)) (Return x164, Return x92, Return x165);
 (Return x167, Return x163, Return x159, Return x155, Return x151, Return x147, Return x143, Return x139, Return x135, Return x131, Return x127, Return x123, Return x119, Return x115, Return x111, Return x107, Return x104, Return x101, Return x97))
x
     : word32 * word32 * word32 * word32 * word32 * word32 * word32 * word32 * word32 * word32 * word32 * word32 * word32 * word32 * word32 * word32 * word32 * word32 * word32 → ReturnType (uint32_t * uint32_t * uint32_t * uint32_t * uint32_t * uint32_t * uint32_t * uint32_t * uint32_t * uint32_t * uint32_t * uint32_t * uint32_t * uint32_t * uint32_t * uint32_t * uint32_t * uint32_t * uint32_t)
