λ x x0 : word32 * word32 * word32 * word32 * word32 * word32 * word32 * word32 * word32,
Interp-η
(λ var : Syntax.base_type → Type,
 λ '(x18, x19, x17, x15, x13, x11, x9, x7, x5, (x34, x35, x33, x31, x29, x27, x25, x23, x21))%core,
 uint32_t x37, uint8_t x38 = addcarryx_u32(0x0, x5, x21);
 uint32_t x40, uint8_t x41 = addcarryx_u32(x38, x7, x23);
 uint32_t x43, uint8_t x44 = addcarryx_u32(x41, x9, x25);
 uint32_t x46, uint8_t x47 = addcarryx_u32(x44, x11, x27);
 uint32_t x49, uint8_t x50 = addcarryx_u32(x47, x13, x29);
 uint32_t x52, uint8_t x53 = addcarryx_u32(x50, x15, x31);
 uint32_t x55, uint8_t x56 = addcarryx_u32(x53, x17, x33);
 uint32_t x58, uint8_t x59 = addcarryx_u32(x56, x19, x35);
 uint32_t x61, uint8_t x62 = addcarryx_u32(x59, x18, x34);
 uint32_t x64, uint8_t x65 = subborrow_u32(0x0, x37, 0xfffffff7);
 uint32_t x67, uint8_t x68 = subborrow_u32(x65, x40, 0xffffffff);
 uint32_t x70, uint8_t x71 = subborrow_u32(x68, x43, 0xffffffff);
 uint32_t x73, uint8_t x74 = subborrow_u32(x71, x46, 0xffffffff);
 uint32_t x76, uint8_t x77 = subborrow_u32(x74, x49, 0xffffffff);
 uint32_t x79, uint8_t x80 = subborrow_u32(x77, x52, 0xffffffff);
 uint32_t x82, uint8_t x83 = subborrow_u32(x80, x55, 0xffffffff);
 uint32_t x85, uint8_t x86 = subborrow_u32(x83, x58, 0xffffffff);
 uint32_t x88, uint8_t x89 = subborrow_u32(x86, x61, 0x1fffffff);
 uint32_t _, uint8_t x92 = subborrow_u32(x89, x62, 0x0);
 uint32_t x93 = cmovznz32(x92, x88, x61);
 uint32_t x94 = cmovznz32(x92, x85, x58);
 uint32_t x95 = cmovznz32(x92, x82, x55);
 uint32_t x96 = cmovznz32(x92, x79, x52);
 uint32_t x97 = cmovznz32(x92, x76, x49);
 uint32_t x98 = cmovznz32(x92, x73, x46);
 uint32_t x99 = cmovznz32(x92, x70, x43);
 uint32_t x100 = cmovznz32(x92, x67, x40);
 uint32_t x101 = cmovznz32(x92, x64, x37);
 return (x93, x94, x95, x96, x97, x98, x99, x100, x101))
(x, x0)%core
     : word32 * word32 * word32 * word32 * word32 * word32 * word32 * word32 * word32 → word32 * word32 * word32 * word32 * word32 * word32 * word32 * word32 * word32 → ReturnType (uint32_t * uint32_t * uint32_t * uint32_t * uint32_t * uint32_t * uint32_t * uint32_t * uint32_t)
