λ x x0 : word32 * word32 * word32 * word32 * word32 * word32 * word32 * word32 * word32,
Interp-η
(λ var : Syntax.base_type → Type,
 λ '(x18, x19, x17, x15, x13, x11, x9, x7, x5, (x34, x35, x33, x31, x29, x27, x25, x23, x21))%core,
 uint32_t x37, uint8_t/*bool*/ x38 = subborrow_u32(0x0, x5, x21);
 uint32_t x40, uint8_t/*bool*/ x41 = subborrow_u32(x38, x7, x23);
 uint32_t x43, uint8_t/*bool*/ x44 = subborrow_u32(x41, x9, x25);
 uint32_t x46, uint8_t/*bool*/ x47 = subborrow_u32(x44, x11, x27);
 uint32_t x49, uint8_t/*bool*/ x50 = subborrow_u32(x47, x13, x29);
 uint32_t x52, uint8_t/*bool*/ x53 = subborrow_u32(x50, x15, x31);
 uint32_t x55, uint8_t/*bool*/ x56 = subborrow_u32(x53, x17, x33);
 uint32_t x58, uint8_t/*bool*/ x59 = subborrow_u32(x56, x19, x35);
 uint32_t x61, uint8_t/*bool*/ x62 = subborrow_u32(x59, x18, x34);
 uint32_t x63 = cmovznz32(x62, 0x0, 0xffffffff);
 uint32_t x64 = (x63 & 0xfffffff7);
 uint32_t x66, uint8_t/*bool*/ x67 = addcarryx_u32(0x0, x37, x64);
 uint32_t x68 = (x63 & 0xffffffff);
 uint32_t x70, uint8_t/*bool*/ x71 = addcarryx_u32(x67, x40, x68);
 uint32_t x72 = (x63 & 0xffffffff);
 uint32_t x74, uint8_t/*bool*/ x75 = addcarryx_u32(x71, x43, x72);
 uint32_t x76 = (x63 & 0xffffffff);
 uint32_t x78, uint8_t/*bool*/ x79 = addcarryx_u32(x75, x46, x76);
 uint32_t x80 = (x63 & 0xffffffff);
 uint32_t x82, uint8_t/*bool*/ x83 = addcarryx_u32(x79, x49, x80);
 uint32_t x84 = (x63 & 0xffffffff);
 uint32_t x86, uint8_t/*bool*/ x87 = addcarryx_u32(x83, x52, x84);
 uint32_t x88 = (x63 & 0xffffffff);
 uint32_t x90, uint8_t/*bool*/ x91 = addcarryx_u32(x87, x55, x88);
 uint32_t x92 = (x63 & 0xffffffff);
 uint32_t x94, uint8_t/*bool*/ x95 = addcarryx_u32(x91, x58, x92);
 uint32_t x96 = (x63 & 0x1fffffff);
 uint32_t x98, uint8_t/*bool*/ _ = addcarryx_u32(x95, x61, x96);
 (Return x98, Return x94, Return x90, Return x86, Return x82, Return x78, Return x74, Return x70, Return x66))
(x, x0)%core
     : word32 * word32 * word32 * word32 * word32 * word32 * word32 * word32 * word32 → word32 * word32 * word32 * word32 * word32 * word32 * word32 * word32 * word32 → ReturnType (uint32_t * uint32_t * uint32_t * uint32_t * uint32_t * uint32_t * uint32_t * uint32_t * uint32_t)
