λ x : word32 * word32 * word32 * word32 * word32 * word32 * word32 * word32 * word32 * word32 * word32 * word32 * word32 * word32 * word32 * word32 * word32,
Interp-η
(λ var : Syntax.base_type → Type,
 λ '(x31, x32, x30, x28, x26, x24, x22, x20, x18, x16, x14, x12, x10, x8, x6, x4, x2)%core,
 uint32_t x33 = (x32 | x31);
 uint32_t x34 = (x30 | x33);
 uint32_t x35 = (x28 | x34);
 uint32_t x36 = (x26 | x35);
 uint32_t x37 = (x24 | x36);
 uint32_t x38 = (x22 | x37);
 uint32_t x39 = (x20 | x38);
 uint32_t x40 = (x18 | x39);
 uint32_t x41 = (x16 | x40);
 uint32_t x42 = (x14 | x41);
 uint32_t x43 = (x12 | x42);
 uint32_t x44 = (x10 | x43);
 uint32_t x45 = (x8 | x44);
 uint32_t x46 = (x6 | x45);
 uint32_t x47 = (x4 | x46);
 uint32_t x48 = (x2 | x47);
 return x48)
x
     : word32 * word32 * word32 * word32 * word32 * word32 * word32 * word32 * word32 * word32 * word32 * word32 * word32 * word32 * word32 * word32 * word32 → ReturnType uint32_t
