λ x x0 : word64 * word64 * word64 * word64 * word64, Interp-η
  λ var : Syntax.base_type → Type, (λ x1 : var (Syntax.TWord 6) * var (Syntax.TWord 6) * var (Syntax.TWord 6) * var (Syntax.TWord 6) * var (Syntax.TWord 6) * (var (Syntax.TWord 6) * var (Syntax.TWord 6) * var (Syntax.TWord 6) * var (Syntax.TWord 6) * var (Syntax.TWord 6)), let (H, H0) := x1 in
                                    let (H1, H2) := H in
                                    let (H3, H4) := H1 in
                                    let (H5, H6) := H3 in
                                    let (H7, H8) := H5 in
                                    let (H9, H10) := H0 in
                                    let (H11, H12) := H9 in
                                    let (H13, H14) := H11 in
                                    let (H15, H16) := H13 in
                                    uint128_t x2 = Op (Syntax.Mul (Syntax.TWord 6) (Syntax.TWord 6) (Syntax.TWord 7)) (Return H2, Return H10);
                                    uint128_t x3 = Op (Syntax.Add (Syntax.TWord 7) (Syntax.TWord 7) (Syntax.TWord 7)) (Op (Syntax.Mul (Syntax.TWord 6) (Syntax.TWord 6) (Syntax.TWord 7)) (Return H2, Return H12), Op (Syntax.Mul (Syntax.TWord 6) (Syntax.TWord 6) (Syntax.TWord 7)) (Return H4, Return H10));
                                    uint128_t x4 = Op (Syntax.Add (Syntax.TWord 7) (Syntax.TWord 7) (Syntax.TWord 7)) (Op (Syntax.Add (Syntax.TWord 7) (Syntax.TWord 7) (Syntax.TWord 7)) (Op (Syntax.Mul (Syntax.TWord 6) (Syntax.TWord 6) (Syntax.TWord 7)) (Return H2, Return H14), Op (Syntax.Mul (Syntax.TWord 6) (Syntax.TWord 6) (Syntax.TWord 7)) (Return H6, Return H10)), Op (Syntax.Mul (Syntax.TWord 6) (Syntax.TWord 6) (Syntax.TWord 7)) (Return H4, Return H12));
                                    uint128_t x5 = Op (Syntax.Add (Syntax.TWord 7) (Syntax.TWord 7) (Syntax.TWord 7)) (Op (Syntax.Add (Syntax.TWord 7) (Syntax.TWord 7) (Syntax.TWord 7)) (Op (Syntax.Add (Syntax.TWord 7) (Syntax.TWord 7) (Syntax.TWord 7)) (Op (Syntax.Mul (Syntax.TWord 6) (Syntax.TWord 6) (Syntax.TWord 7)) (Return H2, Return H16), Op (Syntax.Mul (Syntax.TWord 6) (Syntax.TWord 6) (Syntax.TWord 7)) (Return H8, Return H10)), Op (Syntax.Mul (Syntax.TWord 6) (Syntax.TWord 6) (Syntax.TWord 7)) (Return H4, Return H14)), Op (Syntax.Mul (Syntax.TWord 6) (Syntax.TWord 6) (Syntax.TWord 7)) (Return H6, Return H12));
                                    uint128_t x6 = Op (Syntax.Add (Syntax.TWord 7) (Syntax.TWord 7) (Syntax.TWord 7)) (Op (Syntax.Add (Syntax.TWord 7) (Syntax.TWord 7) (Syntax.TWord 7)) (Op (Syntax.Add (Syntax.TWord 7) (Syntax.TWord 7) (Syntax.TWord 7)) (Op (Syntax.Add (Syntax.TWord 7) (Syntax.TWord 7) (Syntax.TWord 7)) (Op (Syntax.Mul (Syntax.TWord 6) (Syntax.TWord 6) (Syntax.TWord 7)) (Return H2, Return H15), Op (Syntax.Mul (Syntax.TWord 6) (Syntax.TWord 6) (Syntax.TWord 7)) (Return H7, Return H10)), Op (Syntax.Mul (Syntax.TWord 6) (Syntax.TWord 6) (Syntax.TWord 7)) (Return H8, Return H12)), Op (Syntax.Mul (Syntax.TWord 6) (Syntax.TWord 6) (Syntax.TWord 7)) (Return H4, Return H16)), Op (Syntax.Mul (Syntax.TWord 6) (Syntax.TWord 6) (Syntax.TWord 7)) (Return H6, Return H14));
                                    uint64_t x7 = Op (Syntax.Mul (Syntax.TWord 6) (Syntax.TWord 6) (Syntax.TWord 6)) (Return H7, Const 19);
                                    uint64_t x8 = Op (Syntax.Mul (Syntax.TWord 6) (Syntax.TWord 6) (Syntax.TWord 6)) (Return H4, Const 19);
                                    uint64_t x9 = Op (Syntax.Mul (Syntax.TWord 6) (Syntax.TWord 6) (Syntax.TWord 6)) (Return H6, Const 19);
                                    uint64_t x10 = Op (Syntax.Mul (Syntax.TWord 6) (Syntax.TWord 6) (Syntax.TWord 6)) (Return H8, Const 19);
                                    uint128_t x11 = Op (Syntax.Add (Syntax.TWord 7) (Syntax.TWord 7) (Syntax.TWord 7)) (Op (Syntax.Add (Syntax.TWord 7) (Syntax.TWord 7) (Syntax.TWord 7)) (Op (Syntax.Add (Syntax.TWord 7) (Syntax.TWord 7) (Syntax.TWord 7)) (Op (Syntax.Add (Syntax.TWord 7) (Syntax.TWord 7) (Syntax.TWord 7)) (Return x2, Op (Syntax.Mul (Syntax.TWord 6) (Syntax.TWord 6) (Syntax.TWord 7)) (Return x7, Return H12)), Op (Syntax.Mul (Syntax.TWord 6) (Syntax.TWord 6) (Syntax.TWord 7)) (Return x8, Return H15)), Op (Syntax.Mul (Syntax.TWord 6) (Syntax.TWord 6) (Syntax.TWord 7)) (Return x9, Return H16)), Op (Syntax.Mul (Syntax.TWord 6) (Syntax.TWord 6) (Syntax.TWord 7)) (Return x10, Return H14));
                                    uint128_t x12 = Op (Syntax.Add (Syntax.TWord 7) (Syntax.TWord 7) (Syntax.TWord 7)) (Op (Syntax.Add (Syntax.TWord 7) (Syntax.TWord 7) (Syntax.TWord 7)) (Op (Syntax.Add (Syntax.TWord 7) (Syntax.TWord 7) (Syntax.TWord 7)) (Return x3, Op (Syntax.Mul (Syntax.TWord 6) (Syntax.TWord 6) (Syntax.TWord 7)) (Return x7, Return H14)), Op (Syntax.Mul (Syntax.TWord 6) (Syntax.TWord 6) (Syntax.TWord 7)) (Return x9, Return H15)), Op (Syntax.Mul (Syntax.TWord 6) (Syntax.TWord 6) (Syntax.TWord 7)) (Return x10, Return H16));
                                    uint128_t x13 = Op (Syntax.Add (Syntax.TWord 7) (Syntax.TWord 7) (Syntax.TWord 7)) (Op (Syntax.Add (Syntax.TWord 7) (Syntax.TWord 7) (Syntax.TWord 7)) (Return x4, Op (Syntax.Mul (Syntax.TWord 6) (Syntax.TWord 6) (Syntax.TWord 7)) (Return x7, Return H16)), Op (Syntax.Mul (Syntax.TWord 6) (Syntax.TWord 6) (Syntax.TWord 7)) (Return x10, Return H15));
                                    uint128_t x14 = Op (Syntax.Add (Syntax.TWord 7) (Syntax.TWord 7) (Syntax.TWord 7)) (Return x5, Op (Syntax.Mul (Syntax.TWord 6) (Syntax.TWord 6) (Syntax.TWord 7)) (Return x7, Return H15));
                                    uint64_t x15 = Op (Syntax.Shr (Syntax.TWord 7) (Syntax.TWord 6) (Syntax.TWord 6)) (Return x11, Const 51);
                                    uint64_t x16 = Op (Syntax.Land (Syntax.TWord 7) (Syntax.TWord 6) (Syntax.TWord 6)) (Return x11, Const 2251799813685247);
                                    uint128_t x17 = Op (Syntax.Add (Syntax.TWord 6) (Syntax.TWord 7) (Syntax.TWord 7)) (Return x15, Return x12);
                                    uint64_t x18 = Op (Syntax.Shr (Syntax.TWord 7) (Syntax.TWord 6) (Syntax.TWord 6)) (Return x17, Const 51);
                                    uint64_t x19 = Op (Syntax.Land (Syntax.TWord 7) (Syntax.TWord 6) (Syntax.TWord 6)) (Return x17, Const 2251799813685247);
                                    uint128_t x20 = Op (Syntax.Add (Syntax.TWord 6) (Syntax.TWord 7) (Syntax.TWord 7)) (Return x18, Return x13);
                                    uint64_t x21 = Op (Syntax.Shr (Syntax.TWord 7) (Syntax.TWord 6) (Syntax.TWord 6)) (Return x20, Const 51);
                                    uint64_t x22 = Op (Syntax.Land (Syntax.TWord 7) (Syntax.TWord 6) (Syntax.TWord 6)) (Return x20, Const 2251799813685247);
                                    uint128_t x23 = Op (Syntax.Add (Syntax.TWord 6) (Syntax.TWord 7) (Syntax.TWord 7)) (Return x21, Return x14);
                                    uint64_t x24 = Op (Syntax.Shr (Syntax.TWord 7) (Syntax.TWord 6) (Syntax.TWord 6)) (Return x23, Const 51);
                                    uint64_t x25 = Op (Syntax.Land (Syntax.TWord 7) (Syntax.TWord 6) (Syntax.TWord 6)) (Return x23, Const 2251799813685247);
                                    uint128_t x26 = Op (Syntax.Add (Syntax.TWord 6) (Syntax.TWord 7) (Syntax.TWord 7)) (Return x24, Return x6);
                                    uint64_t x27 = Op (Syntax.Shr (Syntax.TWord 7) (Syntax.TWord 6) (Syntax.TWord 6)) (Return x26, Const 51);
                                    uint64_t x28 = Op (Syntax.Land (Syntax.TWord 7) (Syntax.TWord 6) (Syntax.TWord 6)) (Return x26, Const 2251799813685247);
                                    uint64_t x29 = Op (Syntax.Add (Syntax.TWord 6) (Syntax.TWord 6) (Syntax.TWord 6)) (Return x16, Op (Syntax.Mul (Syntax.TWord 6) (Syntax.TWord 6) (Syntax.TWord 6)) (Const 19, Return x27));
                                    uint64_t x30 = Op (Syntax.Shr (Syntax.TWord 6) (Syntax.TWord 6) (Syntax.TWord 6)) (Return x29, Const 51);
                                    uint64_t x31 = Op (Syntax.Land (Syntax.TWord 6) (Syntax.TWord 6) (Syntax.TWord 6)) (Return x29, Const 2251799813685247);
                                    uint64_t x32 = ((uint64_t)x30 + x19);
                                    uint64_t x33 = Op (Syntax.Shr (Syntax.TWord 6) (Syntax.TWord 6) (Syntax.TWord 6)) (Return x32, Const 51);
                                    uint64_t x34 = Op (Syntax.Land (Syntax.TWord ...) (Syntax.TWord ...) (Syntax.TWord ...)) (Return ..., Const ...);
                                    (Return x28, Return x25, ((uint64_t)x33 + x22), Return x34, Return x31))%expr
  (x, x0)%core
     : word64 * word64 * word64 * word64 * word64 → word64 * word64 * word64 * word64 * word64 → ReturnType (uint64_t * uint64_t * uint64_t * uint64_t * uint64_t)
