λ x : word64 * word64 * word64 * word64 * word64, Interp-η
  λ var : Syntax.base_type → Type, (λ x0 : var (Syntax.TWord 6) * var (Syntax.TWord 6) * var (Syntax.TWord 6) * var (Syntax.TWord 6) * var (Syntax.TWord 6), let (H, H0) := x0 in
                                    let (H1, H2) := H in
                                    let (H3, H4) := H1 in
                                    let (H5, H6) := H3 in
                                    uint64_t x1 = Op (Syntax.Mul (Syntax.TWord 6) (Syntax.TWord 6) (Syntax.TWord 6)) (Return H0, Const 2);
                                    uint64_t x2 = Op (Syntax.Mul (Syntax.TWord 6) (Syntax.TWord 6) (Syntax.TWord 6)) (Return H2, Const 2);
                                    uint64_t x3 = Op (Syntax.Mul (Syntax.TWord 6) (Syntax.TWord 6) (Syntax.TWord 6)) (Op (Syntax.Mul (Syntax.TWord 6) (Syntax.TWord 6) (Syntax.TWord 6)) (Return H4, Const 2), Const 19);
                                    uint64_t x4 = Op (Syntax.Mul (Syntax.TWord 6) (Syntax.TWord 6) (Syntax.TWord 6)) (Return H5, Const 19);
                                    uint64_t x5 = Op (Syntax.Mul (Syntax.TWord 6) (Syntax.TWord 6) (Syntax.TWord 6)) (Return x4, Const 2);
                                    uint128_t x6 = Op (Syntax.Add (Syntax.TWord 7) (Syntax.TWord 7) (Syntax.TWord 7)) (Op (Syntax.Add (Syntax.TWord 7) (Syntax.TWord 7) (Syntax.TWord 7)) (Op (Syntax.Mul (Syntax.TWord 6) (Syntax.TWord 6) (Syntax.TWord 7)) (Return H0, Return H0), Op (Syntax.Mul (Syntax.TWord 6) (Syntax.TWord 6) (Syntax.TWord 7)) (Return x5, Return H2)), Op (Syntax.Mul (Syntax.TWord 6) (Syntax.TWord 6) (Syntax.TWord 7)) (Return x3, Return H6));
                                    uint128_t x7 = Op (Syntax.Add (Syntax.TWord 7) (Syntax.TWord 7) (Syntax.TWord 7)) (Op (Syntax.Add (Syntax.TWord 7) (Syntax.TWord 7) (Syntax.TWord 7)) (Op (Syntax.Mul (Syntax.TWord 6) (Syntax.TWord 6) (Syntax.TWord 7)) (Return x1, Return H2), Op (Syntax.Mul (Syntax.TWord 6) (Syntax.TWord 6) (Syntax.TWord 7)) (Return x5, Return H4)), Op (Syntax.Mul (Syntax.TWord 6) (Syntax.TWord 6) (Syntax.TWord 7)) (Return H6, Op (Syntax.Mul (Syntax.TWord 6) (Syntax.TWord 6) (Syntax.TWord 6)) (Return H6, Const 19)));
                                    uint128_t x8 = Op (Syntax.Add (Syntax.TWord 7) (Syntax.TWord 7) (Syntax.TWord 7)) (Op (Syntax.Add (Syntax.TWord 7) (Syntax.TWord 7) (Syntax.TWord 7)) (Op (Syntax.Mul (Syntax.TWord 6) (Syntax.TWord 6) (Syntax.TWord 7)) (Return x1, Return H4), Op (Syntax.Mul (Syntax.TWord 6) (Syntax.TWord 6) (Syntax.TWord 7)) (Return H2, Return H2)), Op (Syntax.Mul (Syntax.TWord 6) (Syntax.TWord 6) (Syntax.TWord 7)) (Return x5, Return H6));
                                    uint128_t x9 = Op (Syntax.Add (Syntax.TWord 7) (Syntax.TWord 7) (Syntax.TWord 7)) (Op (Syntax.Add (Syntax.TWord 7) (Syntax.TWord 7) (Syntax.TWord 7)) (Op (Syntax.Mul (Syntax.TWord 6) (Syntax.TWord 6) (Syntax.TWord 7)) (Return x1, Return H6), Op (Syntax.Mul (Syntax.TWord 6) (Syntax.TWord 6) (Syntax.TWord 7)) (Return x2, Return H4)), Op (Syntax.Mul (Syntax.TWord 6) (Syntax.TWord 6) (Syntax.TWord 7)) (Return H5, Return x4));
                                    uint128_t x10 = Op (Syntax.Add (Syntax.TWord 7) (Syntax.TWord 7) (Syntax.TWord 7)) (Op (Syntax.Add (Syntax.TWord 7) (Syntax.TWord 7) (Syntax.TWord 7)) (Op (Syntax.Mul (Syntax.TWord 6) (Syntax.TWord 6) (Syntax.TWord 7)) (Return x1, Return H5), Op (Syntax.Mul (Syntax.TWord 6) (Syntax.TWord 6) (Syntax.TWord 7)) (Return x2, Return H6)), Op (Syntax.Mul (Syntax.TWord 6) (Syntax.TWord 6) (Syntax.TWord 7)) (Return H4, Return H4));
                                    uint64_t x11 = Op (Syntax.Shr (Syntax.TWord 7) (Syntax.TWord 6) (Syntax.TWord 6)) (Return x6, Const 51);
                                    uint64_t x12 = Op (Syntax.Land (Syntax.TWord 7) (Syntax.TWord 6) (Syntax.TWord 6)) (Return x6, Const 2251799813685247);
                                    uint128_t x13 = Op (Syntax.Add (Syntax.TWord 6) (Syntax.TWord 7) (Syntax.TWord 7)) (Return x11, Return x7);
                                    uint64_t x14 = Op (Syntax.Shr (Syntax.TWord 7) (Syntax.TWord 6) (Syntax.TWord 6)) (Return x13, Const 51);
                                    uint64_t x15 = Op (Syntax.Land (Syntax.TWord 7) (Syntax.TWord 6) (Syntax.TWord 6)) (Return x13, Const 2251799813685247);
                                    uint128_t x16 = Op (Syntax.Add (Syntax.TWord 6) (Syntax.TWord 7) (Syntax.TWord 7)) (Return x14, Return x8);
                                    uint64_t x17 = Op (Syntax.Shr (Syntax.TWord 7) (Syntax.TWord 6) (Syntax.TWord 6)) (Return x16, Const 51);
                                    uint64_t x18 = Op (Syntax.Land (Syntax.TWord 7) (Syntax.TWord 6) (Syntax.TWord 6)) (Return x16, Const 2251799813685247);
                                    uint128_t x19 = Op (Syntax.Add (Syntax.TWord 6) (Syntax.TWord 7) (Syntax.TWord 7)) (Return x17, Return x9);
                                    uint64_t x20 = Op (Syntax.Shr (Syntax.TWord 7) (Syntax.TWord 6) (Syntax.TWord 6)) (Return x19, Const 51);
                                    uint64_t x21 = Op (Syntax.Land (Syntax.TWord 7) (Syntax.TWord 6) (Syntax.TWord 6)) (Return x19, Const 2251799813685247);
                                    uint128_t x22 = Op (Syntax.Add (Syntax.TWord 6) (Syntax.TWord 7) (Syntax.TWord 7)) (Return x20, Return x10);
                                    uint64_t x23 = Op (Syntax.Shr (Syntax.TWord 7) (Syntax.TWord 6) (Syntax.TWord 6)) (Return x22, Const 51);
                                    uint64_t x24 = Op (Syntax.Land (Syntax.TWord 7) (Syntax.TWord 6) (Syntax.TWord 6)) (Return x22, Const 2251799813685247);
                                    uint64_t x25 = Op (Syntax.Add (Syntax.TWord 6) (Syntax.TWord 6) (Syntax.TWord 6)) (Return x12, Op (Syntax.Mul (Syntax.TWord 6) (Syntax.TWord 6) (Syntax.TWord 6)) (Const 19, Return x23));
                                    uint64_t x26 = Op (Syntax.Shr (Syntax.TWord 6) (Syntax.TWord 6) (Syntax.TWord 6)) (Return x25, Const 51);
                                    uint64_t x27 = Op (Syntax.Land (Syntax.TWord 6) (Syntax.TWord 6) (Syntax.TWord 6)) (Return x25, Const 2251799813685247);
                                    uint64_t x28 = ((uint64_t)x26 + x15);
                                    uint64_t x29 = Op (Syntax.Shr (Syntax.TWord 6) (Syntax.TWord 6) (Syntax.TWord 6)) (Return x28, Const 51);
                                    uint64_t x30 = Op (Syntax.Land (Syntax.TWord 6) (Syntax.TWord 6) (Syntax.TWord 6)) (Return x28, Const 2251799813685247);
                                    (Return x24, Return x21, ((uint64_t)x29 + x18), Return x30, Return x27))%expr
  x
     : word64 * word64 * word64 * word64 * word64 → ReturnType (uint64_t * uint64_t * uint64_t * uint64_t * uint64_t)
