λ x : word32 * word32 * word32 * word32 * word32 * word32 * word32 * word32 * word32 * word32 * word32 * word32 * word32 * word32 * word32 * word32 * word32 * word32 * word32 * word32 * word32 * word32,
Interp-η
(λ var : Syntax.base_type → Type,
 λ '(x41, x42, x40, x38, x36, x34, x32, x30, x28, x26, x24, x22, x20, x18, x16, x14, x12, x10, x8, x6, x4, x2)%core,
 uint32_t x44, uint8_t x45 = Op (Syntax.SubWithGetBorrow 24 (Syntax.TWord 3) (Syntax.TWord 5) (Syntax.TWord 5) (Syntax.TWord 5) (Syntax.TWord 3)) (0x0, Return x2, 0xffff45);
 uint32_t x47, uint8_t x48 = Op (Syntax.SubWithGetBorrow 23 (Syntax.TWord 3) (Syntax.TWord 5) (Syntax.TWord 5) (Syntax.TWord 5) (Syntax.TWord 3)) (Return x45, Return x4, 0x7fffff);
 uint32_t x50, uint8_t x51 = Op (Syntax.SubWithGetBorrow 23 (Syntax.TWord 3) (Syntax.TWord 5) (Syntax.TWord 5) (Syntax.TWord 5) (Syntax.TWord 3)) (Return x48, Return x6, 0x7fffff);
 uint32_t x53, uint8_t x54 = Op (Syntax.SubWithGetBorrow 23 (Syntax.TWord 3) (Syntax.TWord 5) (Syntax.TWord 5) (Syntax.TWord 5) (Syntax.TWord 3)) (Return x51, Return x8, 0x7fffff);
 uint32_t x56, uint8_t x57 = Op (Syntax.SubWithGetBorrow 24 (Syntax.TWord 3) (Syntax.TWord 5) (Syntax.TWord 5) (Syntax.TWord 5) (Syntax.TWord 3)) (Return x54, Return x10, 0xffffff);
 uint32_t x59, uint8_t x60 = Op (Syntax.SubWithGetBorrow 23 (Syntax.TWord 3) (Syntax.TWord 5) (Syntax.TWord 5) (Syntax.TWord 5) (Syntax.TWord 3)) (Return x57, Return x12, 0x7fffff);
 uint32_t x62, uint8_t x63 = Op (Syntax.SubWithGetBorrow 23 (Syntax.TWord 3) (Syntax.TWord 5) (Syntax.TWord 5) (Syntax.TWord 5) (Syntax.TWord 3)) (Return x60, Return x14, 0x7fffff);
 uint32_t x65, uint8_t x66 = Op (Syntax.SubWithGetBorrow 23 (Syntax.TWord 3) (Syntax.TWord 5) (Syntax.TWord 5) (Syntax.TWord 5) (Syntax.TWord 3)) (Return x63, Return x16, 0x7fffff);
 uint32_t x68, uint8_t x69 = Op (Syntax.SubWithGetBorrow 24 (Syntax.TWord 3) (Syntax.TWord 5) (Syntax.TWord 5) (Syntax.TWord 5) (Syntax.TWord 3)) (Return x66, Return x18, 0xffffff);
 uint32_t x71, uint8_t x72 = Op (Syntax.SubWithGetBorrow 23 (Syntax.TWord 3) (Syntax.TWord 5) (Syntax.TWord 5) (Syntax.TWord 5) (Syntax.TWord 3)) (Return x69, Return x20, 0x7fffff);
 uint32_t x74, uint8_t x75 = Op (Syntax.SubWithGetBorrow 23 (Syntax.TWord 3) (Syntax.TWord 5) (Syntax.TWord 5) (Syntax.TWord 5) (Syntax.TWord 3)) (Return x72, Return x22, 0x7fffff);
 uint32_t x77, uint8_t x78 = Op (Syntax.SubWithGetBorrow 23 (Syntax.TWord 3) (Syntax.TWord 5) (Syntax.TWord 5) (Syntax.TWord 5) (Syntax.TWord 3)) (Return x75, Return x24, 0x7fffff);
 uint32_t x80, uint8_t x81 = Op (Syntax.SubWithGetBorrow 23 (Syntax.TWord 3) (Syntax.TWord 5) (Syntax.TWord 5) (Syntax.TWord 5) (Syntax.TWord 3)) (Return x78, Return x26, 0x7fffff);
 uint32_t x83, uint8_t x84 = Op (Syntax.SubWithGetBorrow 24 (Syntax.TWord 3) (Syntax.TWord 5) (Syntax.TWord 5) (Syntax.TWord 5) (Syntax.TWord 3)) (Return x81, Return x28, 0xffffff);
 uint32_t x86, uint8_t x87 = Op (Syntax.SubWithGetBorrow 23 (Syntax.TWord 3) (Syntax.TWord 5) (Syntax.TWord 5) (Syntax.TWord 5) (Syntax.TWord 3)) (Return x84, Return x30, 0x7fffff);
 uint32_t x89, uint8_t x90 = Op (Syntax.SubWithGetBorrow 23 (Syntax.TWord 3) (Syntax.TWord 5) (Syntax.TWord 5) (Syntax.TWord 5) (Syntax.TWord 3)) (Return x87, Return x32, 0x7fffff);
 uint32_t x92, uint8_t x93 = Op (Syntax.SubWithGetBorrow 23 (Syntax.TWord 3) (Syntax.TWord 5) (Syntax.TWord 5) (Syntax.TWord 5) (Syntax.TWord 3)) (Return x90, Return x34, 0x7fffff);
 uint32_t x95, uint8_t x96 = Op (Syntax.SubWithGetBorrow 24 (Syntax.TWord 3) (Syntax.TWord 5) (Syntax.TWord 5) (Syntax.TWord 5) (Syntax.TWord 3)) (Return x93, Return x36, 0xffffff);
 uint32_t x98, uint8_t x99 = Op (Syntax.SubWithGetBorrow 23 (Syntax.TWord 3) (Syntax.TWord 5) (Syntax.TWord 5) (Syntax.TWord 5) (Syntax.TWord 3)) (Return x96, Return x38, 0x7fffff);
 uint32_t x101, uint8_t x102 = Op (Syntax.SubWithGetBorrow 23 (Syntax.TWord 3) (Syntax.TWord 5) (Syntax.TWord 5) (Syntax.TWord 5) (Syntax.TWord 3)) (Return x99, Return x40, 0x7fffff);
 uint32_t x104, uint8_t x105 = Op (Syntax.SubWithGetBorrow 23 (Syntax.TWord 3) (Syntax.TWord 5) (Syntax.TWord 5) (Syntax.TWord 5) (Syntax.TWord 3)) (Return x102, Return x42, 0x7fffff);
 uint32_t x107, uint8_t x108 = Op (Syntax.SubWithGetBorrow 23 (Syntax.TWord 3) (Syntax.TWord 5) (Syntax.TWord 5) (Syntax.TWord 5) (Syntax.TWord 3)) (Return x105, Return x41, 0x7fffff);
 uint32_t x109 = cmovznz32(x108, 0x0, 0xffffffff);
 uint32_t x110 = (x109 & 0xffff45);
 uint32_t x112, uint8_t x113 = Op (Syntax.AddWithGetCarry 24 (Syntax.TWord 3) (Syntax.TWord 5) (Syntax.TWord 5) (Syntax.TWord 5) (Syntax.TWord 3)) (0x0, Return x44, Return x110);
 uint32_t x114 = (x109 & 0x7fffff);
 uint32_t x116, uint8_t x117 = Op (Syntax.AddWithGetCarry 23 (Syntax.TWord 3) (Syntax.TWord 5) (Syntax.TWord 5) (Syntax.TWord 5) (Syntax.TWord 3)) (Return x113, Return x47, Return x114);
 uint32_t x118 = (x109 & 0x7fffff);
 uint32_t x120, uint8_t x121 = Op (Syntax.AddWithGetCarry 23 (Syntax.TWord 3) (Syntax.TWord 5) (Syntax.TWord 5) (Syntax.TWord 5) (Syntax.TWord 3)) (Return x117, Return x50, Return x118);
 uint32_t x122 = (x109 & 0x7fffff);
 uint32_t x124, uint8_t x125 = Op (Syntax.AddWithGetCarry 23 (Syntax.TWord 3) (Syntax.TWord 5) (Syntax.TWord 5) (Syntax.TWord 5) (Syntax.TWord 3)) (Return x121, Return x53, Return x122);
 uint32_t x126 = (x109 & 0xffffff);
 uint32_t x128, uint8_t x129 = Op (Syntax.AddWithGetCarry 24 (Syntax.TWord 3) (Syntax.TWord 5) (Syntax.TWord 5) (Syntax.TWord 5) (Syntax.TWord 3)) (Return x125, Return x56, Return x126);
 uint32_t x130 = (x109 & 0x7fffff);
 uint32_t x132, uint8_t x133 = Op (Syntax.AddWithGetCarry 23 (Syntax.TWord 3) (Syntax.TWord 5) (Syntax.TWord 5) (Syntax.TWord 5) (Syntax.TWord 3)) (Return x129, Return x59, Return x130);
 uint32_t x134 = (x109 & 0x7fffff);
 uint32_t x136, uint8_t x137 = Op (Syntax.AddWithGetCarry 23 (Syntax.TWord 3) (Syntax.TWord 5) (Syntax.TWord 5) (Syntax.TWord 5) (Syntax.TWord 3)) (Return x133, Return x62, Return x134);
 uint32_t x138 = (x109 & 0x7fffff);
 uint32_t x140, uint8_t x141 = Op (Syntax.AddWithGetCarry 23 (Syntax.TWord 3) (Syntax.TWord 5) (Syntax.TWord 5) (Syntax.TWord 5) (Syntax.TWord 3)) (Return x137, Return x65, Return x138);
 uint32_t x142 = (x109 & 0xffffff);
 uint32_t x144, uint8_t x145 = Op (Syntax.AddWithGetCarry 24 (Syntax.TWord 3) (Syntax.TWord 5) (Syntax.TWord 5) (Syntax.TWord 5) (Syntax.TWord 3)) (Return x141, Return x68, Return x142);
 uint32_t x146 = (x109 & 0x7fffff);
 uint32_t x148, uint8_t x149 = Op (Syntax.AddWithGetCarry 23 (Syntax.TWord 3) (Syntax.TWord 5) (Syntax.TWord 5) (Syntax.TWord 5) (Syntax.TWord 3)) (Return x145, Return x71, Return x146);
 uint32_t x150 = (x109 & 0x7fffff);
 uint32_t x152, uint8_t x153 = Op (Syntax.AddWithGetCarry 23 (Syntax.TWord 3) (Syntax.TWord 5) (Syntax.TWord 5) (Syntax.TWord 5) (Syntax.TWord 3)) (Return x149, Return x74, Return x150);
 uint32_t x154 = (x109 & 0x7fffff);
 uint32_t x156, uint8_t x157 = Op (Syntax.AddWithGetCarry 23 (Syntax.TWord 3) (Syntax.TWord 5) (Syntax.TWord 5) (Syntax.TWord 5) (Syntax.TWord 3)) (Return x153, Return x77, Return x154);
 uint32_t x158 = (x109 & 0x7fffff);
 uint32_t x160, uint8_t x161 = Op (Syntax.AddWithGetCarry 23 (Syntax.TWord 3) (Syntax.TWord 5) (Syntax.TWord 5) (Syntax.TWord 5) (Syntax.TWord 3)) (Return x157, Return x80, Return x158);
 uint32_t x162 = (x109 & 0xffffff);
 uint32_t x164, uint8_t x165 = Op (Syntax.AddWithGetCarry 24 (Syntax.TWord 3) (Syntax.TWord 5) (Syntax.TWord 5) (Syntax.TWord 5) (Syntax.TWord 3)) (Return x161, Return x83, Return x162);
 uint32_t x166 = (x109 & 0x7fffff);
 uint32_t x168, uint8_t x169 = Op (Syntax.AddWithGetCarry 23 (Syntax.TWord 3) (Syntax.TWord 5) (Syntax.TWord 5) (Syntax.TWord 5) (Syntax.TWord 3)) (Return x165, Return x86, Return x166);
 uint32_t x170 = (x109 & 0x7fffff);
 uint32_t x172, uint8_t x173 = Op (Syntax.AddWithGetCarry 23 (Syntax.TWord 3) (Syntax.TWord 5) (Syntax.TWord 5) (Syntax.TWord 5) (Syntax.TWord 3)) (Return x169, Return x89, Return x170);
 uint32_t x174 = (x109 & 0x7fffff);
 uint32_t x176, uint8_t x177 = Op (Syntax.AddWithGetCarry 23 (Syntax.TWord 3) (Syntax.TWord 5) (Syntax.TWord 5) (Syntax.TWord 5) (Syntax.TWord 3)) (Return x173, Return x92, Return x174);
 uint32_t x178 = (x109 & 0xffffff);
 uint32_t x180, uint8_t x181 = Op (Syntax.AddWithGetCarry 24 (Syntax.TWord 3) (Syntax.TWord 5) (Syntax.TWord 5) (Syntax.TWord 5) (Syntax.TWord 3)) (Return x177, Return x95, Return x178);
 uint32_t x182 = (x109 & 0x7fffff);
 uint32_t x184, uint8_t x185 = Op (Syntax.AddWithGetCarry 23 (Syntax.TWord 3) (Syntax.TWord 5) (Syntax.TWord 5) (Syntax.TWord 5) (Syntax.TWord 3)) (Return x181, Return x98, Return x182);
 uint32_t x186 = (x109 & 0x7fffff);
 uint32_t x188, uint8_t x189 = Op (Syntax.AddWithGetCarry 23 (Syntax.TWord 3) (Syntax.TWord 5) (Syntax.TWord 5) (Syntax.TWord 5) (Syntax.TWord 3)) (Return x185, Return x101, Return x186);
 uint32_t x190 = (x109 & 0x7fffff);
 uint32_t x192, uint8_t x193 = Op (Syntax.AddWithGetCarry 23 (Syntax.TWord 3) (Syntax.TWord 5) (Syntax.TWord 5) (Syntax.TWord 5) (Syntax.TWord 3)) (Return x189, Return x104, Return x190);
 uint32_t x194 = (x109 & 0x7fffff);
 uint32_t x196, uint8_t _ = Op (Syntax.AddWithGetCarry 23 (Syntax.TWord 3) (Syntax.TWord 5) (Syntax.TWord 5) (Syntax.TWord 5) (Syntax.TWord 3)) (Return x193, Return x107, Return x194);
 (Return x196, Return x192, Return x188, Return x184, Return x180, Return x176, Return x172, Return x168, Return x164, Return x160, Return x156, Return x152, Return x148, Return x144, Return x140, Return x136, Return x132, Return x128, Return x124, Return x120, Return x116, Return x112))
x
     : word32 * word32 * word32 * word32 * word32 * word32 * word32 * word32 * word32 * word32 * word32 * word32 * word32 * word32 * word32 * word32 * word32 * word32 * word32 * word32 * word32 * word32 → ReturnType (uint32_t * uint32_t * uint32_t * uint32_t * uint32_t * uint32_t * uint32_t * uint32_t * uint32_t * uint32_t * uint32_t * uint32_t * uint32_t * uint32_t * uint32_t * uint32_t * uint32_t * uint32_t * uint32_t * uint32_t * uint32_t * uint32_t)
