λ x : word64 * word64 * word64 * word64 * word64 * word64 * word64 * word64 * word64,
Interp-η
(λ var : Syntax.base_type → Type,
 λ '(x15, x16, x14, x12, x10, x8, x6, x4, x2)%core,
 uint128_t x17 = ((uint128_t)(x2 * x15) + ((0x2 * (x4 * x16)) + ((x6 * x14) + ((0x2 * (x8 * x12)) + ((x10 * x10) + ((0x2 * (x12 * x8)) + ((x14 * x6) + ((0x2 * (x16 * x4)) + (x15 * x2)))))))));
 uint128_t x18 = (((x2 * x16) + ((x4 * x14) + ((x6 * x12) + ((x8 * x10) + ((x10 * x8) + ((x12 * x6) + ((x14 * x4) + (x16 * x2)))))))) + ((uint128_t)(Const 4294968273) * (x15 * x15)));
 uint128_t x19 = (((x2 * x14) + ((0x2 * (x4 * x12)) + ((x6 * x10) + ((0x2 * (x8 * x8)) + ((x10 * x6) + ((0x2 * (x12 * x4)) + (x14 * x2))))))) + ((uint128_t)(Const 4294968273) * ((0x2 * (x16 * x15)) + (0x2 * (x15 * x16)))));
 uint128_t x20 = (((x2 * x12) + ((x4 * x10) + ((x6 * x8) + ((x8 * x6) + ((x10 * x4) + (x12 * x2)))))) + ((uint128_t)(Const 4294968273) * ((x14 * x15) + ((0x2 * (x16 * x16)) + (x15 * x14)))));
 uint128_t x21 = (((x2 * x10) + ((0x2 * (x4 * x8)) + ((x6 * x6) + ((0x2 * (x8 * x4)) + (x10 * x2))))) + ((uint128_t)(Const 4294968273) * ((0x2 * (x12 * x15)) + ((0x2 * (x14 * x16)) + ((0x2 * (x16 * x14)) + (0x2 * (x15 * x12)))))));
 uint128_t x22 = (((x2 * x8) + ((x4 * x6) + ((x6 * x4) + (x8 * x2)))) + ((uint128_t)(Const 4294968273) * ((x10 * x15) + ((0x2 * (x12 * x16)) + ((x14 * x14) + ((0x2 * (x16 * x12)) + (x15 * x10)))))));
 uint128_t x23 = (((x2 * x6) + ((0x2 * (x4 * x4)) + (x6 * x2))) + ((uint128_t)(Const 4294968273) * ((0x2 * (x8 * x15)) + ((0x2 * (x10 * x16)) + ((0x2 * (x12 * x14)) + ((0x2 * (x14 * x12)) + ((0x2 * (x16 * x10)) + (0x2 * (x15 * x8)))))))));
 uint128_t x24 = (((x2 * x4) + (x4 * x2)) + ((uint128_t)(Const 4294968273) * ((x6 * x15) + ((0x2 * (x8 * x16)) + ((x10 * x14) + ((0x2 * (x12 * x12)) + ((x14 * x10) + ((0x2 * (x16 * x8)) + (x15 * x6)))))))));
 uint128_t x25 = ((x2 * x2) + (Const 4294968273 * ((0x2 * (x4 * x15)) + ((uint128_t)(0x2 * (x6 * x16)) + ((0x2 * (x8 * x14)) + ((0x2 * (x10 * x12)) + ((0x2 * (x12 * x10)) + ((0x2 * (x14 * x8)) + ((0x2 * (x16 * x6)) + (0x2 * (x15 * x4)))))))))));
 uint128_t x26 = (x25 >> 0x1d);
 uint64_t x27 = ((uint64_t)x25 & 0x1fffffff);
 uint128_t x28 = (x26 + x24);
 uint128_t x29 = (x28 >> 0x1c);
 uint64_t x30 = ((uint64_t)x28 & 0xfffffff);
 uint128_t x31 = (x29 + x23);
 uint128_t x32 = (x31 >> 0x1d);
 uint64_t x33 = ((uint64_t)x31 & 0x1fffffff);
 uint128_t x34 = (x32 + x22);
 uint128_t x35 = (x34 >> 0x1c);
 uint64_t x36 = ((uint64_t)x34 & 0xfffffff);
 uint128_t x37 = (x35 + x21);
 uint128_t x38 = (x37 >> 0x1d);
 uint64_t x39 = ((uint64_t)x37 & 0x1fffffff);
 uint128_t x40 = (x38 + x20);
 uint128_t x41 = (x40 >> 0x1c);
 uint64_t x42 = ((uint64_t)x40 & 0xfffffff);
 uint128_t x43 = (x41 + x19);
 uint128_t x44 = (x43 >> 0x1d);
 uint64_t x45 = ((uint64_t)x43 & 0x1fffffff);
 uint128_t x46 = (x44 + x18);
 uint64_t x47 = (uint64_t) (x46 >> 0x1c);
 uint64_t x48 = ((uint64_t)x46 & 0xfffffff);
 uint128_t x49 = (x47 + x17);
 uint64_t x50 = (uint64_t) (x49 >> 0x1c);
 uint64_t x51 = ((uint64_t)x49 & 0xfffffff);
 uint128_t x52 = (x27 + ((uint128_t)(Const 4294968273) * x50));
 uint64_t x53 = (uint64_t) (x52 >> 0x1d);
 uint64_t x54 = ((uint64_t)x52 & 0x1fffffff);
 uint64_t x55 = (x53 + x30);
 uint64_t x56 = (x55 >> 0x1c);
 uint64_t x57 = (x55 & 0xfffffff);
 return (Return x51, Return x48, Return x45, Return x42, Return x39, Return x36, (x56 + x33), Return x57, Return x54))
x
     : word64 * word64 * word64 * word64 * word64 * word64 * word64 * word64 * word64 → ReturnType (uint64_t * uint64_t * uint64_t * uint64_t * uint64_t * uint64_t * uint64_t * uint64_t * uint64_t)
