λ x : word32 * word32 * word32 * word32 * word32,
Interp-η
(λ var : Syntax.base_type → Type,
 λ '(x7, x8, x6, x4, x2)%core,
 uint32_t x10, uint8_t x11 = Op (Syntax.SubWithGetBorrow 28 (Syntax.TWord 3) (Syntax.TWord 5) (Syntax.TWord 5) (Syntax.TWord 5) (Syntax.TWord 3)) (0x0, Return x2, 0xffffff3);
 uint32_t x13, uint8_t x14 = Op (Syntax.SubWithGetBorrow 27 (Syntax.TWord 3) (Syntax.TWord 5) (Syntax.TWord 5) (Syntax.TWord 5) (Syntax.TWord 3)) (Return x11, Return x4, 0x7ffffff);
 uint32_t x16, uint8_t x17 = Op (Syntax.SubWithGetBorrow 28 (Syntax.TWord 3) (Syntax.TWord 5) (Syntax.TWord 5) (Syntax.TWord 5) (Syntax.TWord 3)) (Return x14, Return x6, 0xfffffff);
 uint32_t x19, uint8_t x20 = Op (Syntax.SubWithGetBorrow 27 (Syntax.TWord 3) (Syntax.TWord 5) (Syntax.TWord 5) (Syntax.TWord 5) (Syntax.TWord 3)) (Return x17, Return x8, 0x7ffffff);
 uint32_t x22, uint8_t x23 = Op (Syntax.SubWithGetBorrow 27 (Syntax.TWord 3) (Syntax.TWord 5) (Syntax.TWord 5) (Syntax.TWord 5) (Syntax.TWord 3)) (Return x20, Return x7, 0x7ffffff);
 uint32_t x24 = cmovznz32(x23, 0x0, 0xffffffff);
 uint32_t x25 = (x24 & 0xffffff3);
 uint32_t x27, uint8_t x28 = Op (Syntax.AddWithGetCarry 28 (Syntax.TWord 3) (Syntax.TWord 5) (Syntax.TWord 5) (Syntax.TWord 5) (Syntax.TWord 3)) (0x0, Return x10, Return x25);
 uint32_t x29 = (x24 & 0x7ffffff);
 uint32_t x31, uint8_t x32 = Op (Syntax.AddWithGetCarry 27 (Syntax.TWord 3) (Syntax.TWord 5) (Syntax.TWord 5) (Syntax.TWord 5) (Syntax.TWord 3)) (Return x28, Return x13, Return x29);
 uint32_t x33 = (x24 & 0xfffffff);
 uint32_t x35, uint8_t x36 = Op (Syntax.AddWithGetCarry 28 (Syntax.TWord 3) (Syntax.TWord 5) (Syntax.TWord 5) (Syntax.TWord 5) (Syntax.TWord 3)) (Return x32, Return x16, Return x33);
 uint32_t x37 = (x24 & 0x7ffffff);
 uint32_t x39, uint8_t x40 = Op (Syntax.AddWithGetCarry 27 (Syntax.TWord 3) (Syntax.TWord 5) (Syntax.TWord 5) (Syntax.TWord 5) (Syntax.TWord 3)) (Return x36, Return x19, Return x37);
 uint32_t x41 = (x24 & 0x7ffffff);
 uint32_t x43, uint8_t _ = Op (Syntax.AddWithGetCarry 27 (Syntax.TWord 3) (Syntax.TWord 5) (Syntax.TWord 5) (Syntax.TWord 5) (Syntax.TWord 3)) (Return x40, Return x22, Return x41);
 (Return x43, Return x39, Return x35, Return x31, Return x27))
x
     : word32 * word32 * word32 * word32 * word32 → ReturnType (uint32_t * uint32_t * uint32_t * uint32_t * uint32_t)
