2e127m1	fibe	0.00
2e127m1	fibe	0.05
2e127m1	fibe	0.06
2e127m1	fibe	0.13
2e127m1	gmpsec	0.26
2e127m1	gmpsec	0.26
2e127m1	gmpsec	0.26
2e127m1	gmpsec	0.26
2e127m1	gmpvar	0.15
2e127m1	gmpvar	0.15
2e127m1	gmpvar	0.15
2e127m1	gmpvar	0.15
2e127m1	gmpxx	0.55
2e127m1	gmpxx	0.55
2e127m1	gmpxx	0.56
2e127m1	gmpxx	0.60
2e129m25	fibe	0.00
2e129m25	fibe	0.06
2e129m25	gmpsec	0.38
2e129m25	gmpsec	0.38
2e129m25	gmpsec	0.38
2e129m25	gmpsec	0.38
2e129m25	gmpvar	0.27
2e129m25	gmpvar	0.27
2e129m25	gmpvar	0.27
2e129m25	gmpvar	0.29
2e129m25	gmpxx	0.72
2e129m25	gmpxx	0.74
2e129m25	gmpxx	0.74
2e129m25	gmpxx	0.77
2e130m5	fibe	0.00
2e130m5	fibe	0.04
2e130m5	gmpsec	0.38
2e130m5	gmpsec	0.38
2e130m5	gmpsec	0.38
2e130m5	gmpsec	0.38
2e130m5	gmpvar	0.27
2e130m5	gmpvar	0.27
2e130m5	gmpvar	0.27
2e130m5	gmpvar	0.28
2e130m5	gmpxx	0.72
2e130m5	gmpxx	0.73
2e130m5	gmpxx	0.74
2e130m5	gmpxx	0.91
2e137m13	fibe	0.06
2e137m13	fibe	0.09
2e137m13	gmpsec	0.38
2e137m13	gmpsec	0.38
2e137m13	gmpsec	0.39
2e137m13	gmpsec	0.40
2e137m13	gmpvar	0.27
2e137m13	gmpvar	0.28
2e137m13	gmpvar	0.28
2e137m13	gmpvar	0.30
2e137m13	gmpxx	0.68
2e137m13	gmpxx	0.69
2e137m13	gmpxx	0.69
2e137m13	gmpxx	0.70
2e140m27	fibe	0.05
2e140m27	fibe	0.06
2e140m27	gmpsec	0.38
2e140m27	gmpsec	0.38
2e140m27	gmpsec	0.38
2e140m27	gmpsec	0.39
2e140m27	gmpvar	0.27
2e140m27	gmpvar	0.27
2e140m27	gmpvar	0.28
2e140m27	gmpvar	0.28
2e140m27	gmpxx	0.69
2e140m27	gmpxx	0.69
2e140m27	gmpxx	0.69
2e140m27	gmpxx	0.69
2e141m9	fibe	0.00
2e141m9	fibe	0.06
2e141m9	gmpsec	0.38
2e141m9	gmpsec	0.38
2e141m9	gmpsec	0.38
2e141m9	gmpsec	0.38
2e141m9	gmpvar	0.27
2e141m9	gmpvar	0.27
2e141m9	gmpvar	0.27
2e141m9	gmpvar	0.28
2e141m9	gmpxx	0.69
2e141m9	gmpxx	0.69
2e141m9	gmpxx	0.70
2e141m9	gmpxx	0.70
2e150m3	fibe	0.00
2e150m3	gmpsec	0.38
2e150m3	gmpsec	0.38
2e150m3	gmpsec	0.38
2e150m3	gmpsec	0.38
2e150m3	gmpvar	0.27
2e150m3	gmpvar	0.27
2e150m3	gmpvar	0.27
2e150m3	gmpvar	0.27
2e150m3	gmpxx	0.70
2e150m3	gmpxx	0.70
2e150m3	gmpxx	0.70
2e150m3	gmpxx	0.71
2e150m5	fibe	0.00
2e150m5	fibe	0.06
2e150m5	gmpsec	0.38
2e150m5	gmpsec	0.38
2e150m5	gmpsec	0.38
2e150m5	gmpsec	0.38
2e150m5	gmpvar	0.27
2e150m5	gmpvar	0.27
2e150m5	gmpvar	0.27
2e150m5	gmpvar	0.28
2e150m5	gmpxx	0.69
2e150m5	gmpxx	0.70
2e150m5	gmpxx	0.71
2e150m5	gmpxx	0.79
2e152m17	fibe	0.06
2e152m17	fibe	0.06
2e152m17	gmpsec	0.38
2e152m17	gmpsec	0.38
2e152m17	gmpsec	0.38
2e152m17	gmpsec	0.38
2e152m17	gmpvar	0.27
2e152m17	gmpvar	0.27
2e152m17	gmpvar	0.28
2e152m17	gmpvar	0.28
2e152m17	gmpxx	0.70
2e152m17	gmpxx	0.70
2e152m17	gmpxx	0.70
2e152m17	gmpxx	0.73
2e158m15	fibe	0.05
2e158m15	fibe	0.06
2e158m15	gmpsec	0.38
2e158m15	gmpsec	0.38
2e158m15	gmpsec	0.39
2e158m15	gmpsec	0.39
2e158m15	gmpvar	0.27
2e158m15	gmpvar	0.27
2e158m15	gmpvar	0.27
2e158m15	gmpvar	0.28
2e158m15	gmpxx	0.71
2e158m15	gmpxx	0.71
2e158m15	gmpxx	0.72
2e158m15	gmpxx	0.72
2e165m25	fibe	0.00
2e165m25	fibe	0.11
2e165m25	gmpsec	0.38
2e165m25	gmpsec	0.39
2e165m25	gmpsec	0.39
2e165m25	gmpsec	0.39
2e165m25	gmpvar	0.27
2e165m25	gmpvar	0.27
2e165m25	gmpvar	0.27
2e165m25	gmpvar	0.27
2e165m25	gmpxx	0.72
2e165m25	gmpxx	0.73
2e165m25	gmpxx	0.73
2e165m25	gmpxx	0.73
2e166m5	fibe	0.00
2e166m5	fibe	0.15
2e166m5	gmpsec	0.38
2e166m5	gmpsec	0.38
2e166m5	gmpsec	0.39
2e166m5	gmpsec	0.39
2e166m5	gmpvar	0.27
2e166m5	gmpvar	0.27
2e166m5	gmpvar	0.27
2e166m5	gmpvar	0.27
2e166m5	gmpxx	0.72
2e166m5	gmpxx	0.72
2e166m5	gmpxx	0.73
2e166m5	gmpxx	0.74
2e171m19	fibe	0.00
2e171m19	fibe	0.11
2e171m19	gmpsec	0.39
2e171m19	gmpsec	0.39
2e171m19	gmpsec	0.39
2e171m19	gmpsec	0.39
2e171m19	gmpvar	0.27
2e171m19	gmpvar	0.27
2e171m19	gmpvar	0.28
2e171m19	gmpvar	0.33
2e171m19	gmpxx	0.73
2e171m19	gmpxx	0.73
2e171m19	gmpxx	0.74
2e171m19	gmpxx	0.75
2e174m17	fibe	0.00
2e174m17	fibe	0.11
2e174m17	gmpsec	0.38
2e174m17	gmpsec	0.38
2e174m17	gmpsec	0.38
2e174m17	gmpsec	0.39
2e174m17	gmpvar	0.27
2e174m17	gmpvar	0.27
2e174m17	gmpvar	0.27
2e174m17	gmpvar	0.28
2e174m17	gmpxx	0.72
2e174m17	gmpxx	0.73
2e174m17	gmpxx	0.73
2e174m17	gmpxx	0.74
2e174m3	fibe	0.00
2e174m3	gmpsec	0.38
2e174m3	gmpsec	0.38
2e174m3	gmpsec	0.38
2e174m3	gmpsec	0.39
2e174m3	gmpvar	0.27
2e174m3	gmpvar	0.27
2e174m3	gmpvar	0.27
2e174m3	gmpvar	0.27
2e174m3	gmpxx	0.73
2e174m3	gmpxx	0.73
2e174m3	gmpxx	0.73
2e174m3	gmpxx	0.73
2e189m25	fibe	0.06
2e189m25	gmpsec	0.38
2e189m25	gmpsec	0.38
2e189m25	gmpsec	0.38
2e189m25	gmpsec	0.39
2e189m25	gmpvar	0.27
2e189m25	gmpvar	0.27
2e189m25	gmpvar	0.27
2e189m25	gmpvar	0.27
2e189m25	gmpxx	0.74
2e189m25	gmpxx	0.75
2e189m25	gmpxx	0.76
2e189m25	gmpxx	0.76
2e190m11	fibe	0.06
2e190m11	gmpsec	0.37
2e190m11	gmpsec	0.38
2e190m11	gmpsec	0.38
2e190m11	gmpsec	0.38
2e190m11	gmpvar	0.27
2e190m11	gmpvar	0.27
2e190m11	gmpvar	0.28
2e190m11	gmpvar	0.28
2e190m11	gmpxx	0.75
2e190m11	gmpxx	0.75
2e190m11	gmpxx	0.76
2e190m11	gmpxx	0.76
2e191m19	fibe	0.07
2e191m19	fibe	0.12
2e191m19	gmpsec	0.37
2e191m19	gmpsec	0.37
2e191m19	gmpsec	0.37
2e191m19	gmpsec	0.38
2e191m19	gmpvar	0.26
2e191m19	gmpvar	0.26
2e191m19	gmpvar	0.27
2e191m19	gmpvar	0.27
2e191m19	gmpxx	0.73
2e191m19	gmpxx	0.73
2e191m19	gmpxx	0.73
2e191m19	gmpxx	0.75
2e192m2e64m1	fibe	0.07
2e192m2e64m1	gmpsec	0.28
2e192m2e64m1	gmpsec	0.28
2e192m2e64m1	gmpsec	0.28
2e192m2e64m1	gmpsec	0.28
2e192m2e64m1	gmpvar	0.24
2e192m2e64m1	gmpvar	0.24
2e192m2e64m1	gmpvar	0.24
2e192m2e64m1	gmpvar	0.25
2e192m2e64m1	gmpxx	0.73
2e192m2e64m1	gmpxx	0.73
2e192m2e64m1	gmpxx	0.73
2e192m2e64m1	gmpxx	0.73
2e194m33	fibe	0.06
2e194m33	fibe	0.09
2e194m33	gmpsec	0.50
2e194m33	gmpsec	0.50
2e194m33	gmpsec	0.50
2e194m33	gmpsec	0.50
2e194m33	gmpvar	0.33
2e194m33	gmpvar	0.33
2e194m33	gmpvar	0.34
2e194m33	gmpvar	0.34
2e194m33	gmpxx	0.88
2e194m33	gmpxx	0.88
2e194m33	gmpxx	0.88
2e194m33	gmpxx	0.98
2e196m15	fibe	0.05
2e196m15	gmpsec	0.50
2e196m15	gmpsec	0.50
2e196m15	gmpsec	0.50
2e196m15	gmpsec	0.50
2e196m15	gmpvar	0.34
2e196m15	gmpvar	0.34
2e196m15	gmpvar	0.34
2e196m15	gmpvar	0.35
2e196m15	gmpxx	0.83
2e196m15	gmpxx	0.84
2e196m15	gmpxx	0.84
2e196m15	gmpxx	0.85
2e198m17	fibe	0.06
2e198m17	fibe	0.11
2e198m17	gmpsec	0.51
2e198m17	gmpsec	0.52
2e198m17	gmpsec	0.52
2e198m17	gmpsec	0.53
2e198m17	gmpvar	0.33
2e198m17	gmpvar	0.34
2e198m17	gmpvar	0.34
2e198m17	gmpvar	0.34
2e198m17	gmpxx	0.82
2e198m17	gmpxx	0.84
2e198m17	gmpxx	0.85
2e198m17	gmpxx	0.86
2e205m45x2e198m1	gmpsec	0.50
2e205m45x2e198m1	gmpsec	0.50
2e205m45x2e198m1	gmpsec	0.50
2e205m45x2e198m1	gmpsec	0.50
2e205m45x2e198m1	gmpvar	0.34
2e205m45x2e198m1	gmpvar	0.34
2e205m45x2e198m1	gmpvar	0.35
2e205m45x2e198m1	gmpvar	0.36
2e205m45x2e198m1	gmpxx	0.86
2e205m45x2e198m1	gmpxx	0.86
2e205m45x2e198m1	gmpxx	0.87
2e205m45x2e198m1	gmpxx	0.87
2e206m5	fibe	0.06
2e206m5	fibe	0.17
2e206m5	gmpsec	0.50
2e206m5	gmpsec	0.50
2e206m5	gmpsec	0.52
2e206m5	gmpsec	0.58
2e206m5	gmpvar	0.34
2e206m5	gmpvar	0.34
2e206m5	gmpvar	0.34
2e206m5	gmpvar	0.34
2e206m5	gmpxx	0.82
2e206m5	gmpxx	0.83
2e206m5	gmpxx	0.83
2e206m5	gmpxx	0.85
2e212m29	fibe	0.05
2e212m29	gmpsec	0.49
2e212m29	gmpsec	0.49
2e212m29	gmpsec	0.49
2e212m29	gmpsec	0.50
2e212m29	gmpvar	0.34
2e212m29	gmpvar	0.34
2e212m29	gmpvar	0.34
2e212m29	gmpvar	0.35
2e212m29	gmpxx	0.82
2e212m29	gmpxx	0.82
2e212m29	gmpxx	0.83
2e212m29	gmpxx	0.86
2e213m3	fibe	0.06
2e213m3	gmpsec	0.49
2e213m3	gmpsec	0.50
2e213m3	gmpsec	0.50
2e213m3	gmpsec	0.51
2e213m3	gmpvar	0.34
2e213m3	gmpvar	0.34
2e213m3	gmpvar	0.34
2e213m3	gmpvar	0.34
2e213m3	gmpxx	0.83
2e213m3	gmpxx	0.83
2e213m3	gmpxx	0.83
2e213m3	gmpxx	0.85
2e216m2e108m1	fibe	0.05
2e216m2e108m1	fibe	0.08
2e216m2e108m1	gmpsec	0.49
2e216m2e108m1	gmpsec	0.50
2e216m2e108m1	gmpsec	0.50
2e216m2e108m1	gmpsec	0.50
2e216m2e108m1	gmpvar	0.33
2e216m2e108m1	gmpvar	0.34
2e216m2e108m1	gmpvar	0.34
2e216m2e108m1	gmpvar	0.35
2e216m2e108m1	gmpxx	0.86
2e216m2e108m1	gmpxx	0.87
2e216m2e108m1	gmpxx	0.87
2e216m2e108m1	gmpxx	0.88
2e221m3	fibe	0.06
2e221m3	fibe	0.13
2e221m3	gmpsec	0.49
2e221m3	gmpsec	0.49
2e221m3	gmpsec	0.51
2e221m3	gmpsec	0.52
2e221m3	gmpvar	0.33
2e221m3	gmpvar	0.33
2e221m3	gmpvar	0.33
2e221m3	gmpvar	0.34
2e221m3	gmpxx	0.84
2e221m3	gmpxx	0.84
2e221m3	gmpxx	0.85
2e221m3	gmpxx	0.89
2e222m117	fibe	0.05
2e222m117	fibe	0.13
2e222m117	gmpsec	0.50
2e222m117	gmpsec	0.50
2e222m117	gmpsec	0.50
2e222m117	gmpsec	0.50
2e222m117	gmpvar	0.33
2e222m117	gmpvar	0.33
2e222m117	gmpvar	0.34
2e222m117	gmpvar	0.35
2e222m117	gmpxx	0.83
2e222m117	gmpxx	0.84
2e222m117	gmpxx	0.85
2e222m117	gmpxx	0.85
2e224m2e96p1	gmpsec	0.49
2e224m2e96p1	gmpsec	0.50
2e224m2e96p1	gmpsec	0.50
2e224m2e96p1	gmpsec	0.51
2e224m2e96p1	gmpvar	0.33
2e224m2e96p1	gmpvar	0.34
2e224m2e96p1	gmpvar	0.34
2e224m2e96p1	gmpvar	0.34
2e224m2e96p1	gmpxx	0.87
2e224m2e96p1	gmpxx	0.87
2e224m2e96p1	gmpxx	0.88
2e224m2e96p1	gmpxx	0.89
2e226m5	fibe	0.06
2e226m5	gmpsec	0.49
2e226m5	gmpsec	0.50
2e226m5	gmpsec	0.50
2e226m5	gmpsec	0.51
2e226m5	gmpvar	0.34
2e226m5	gmpvar	0.34
2e226m5	gmpvar	0.34
2e226m5	gmpvar	0.34
2e226m5	gmpxx	0.85
2e226m5	gmpxx	0.86
2e226m5	gmpxx	0.87
2e226m5	gmpxx	0.87
2e230m27	fibe	0.05
2e230m27	fibe	0.13
2e230m27	gmpsec	0.49
2e230m27	gmpsec	0.50
2e230m27	gmpsec	0.51
2e230m27	gmpsec	0.51
2e230m27	gmpvar	0.34
2e230m27	gmpvar	0.34
2e230m27	gmpvar	0.34
2e230m27	gmpvar	0.35
2e230m27	gmpxx	0.86
2e230m27	gmpxx	0.86
2e230m27	gmpxx	0.86
2e230m27	gmpxx	0.87
2e235m15	fibe	0.07
2e235m15	fibe	0.11
2e235m15	gmpsec	0.49
2e235m15	gmpsec	0.50
2e235m15	gmpsec	0.50
2e235m15	gmpsec	0.51
2e235m15	gmpvar	0.34
2e235m15	gmpvar	0.34
2e235m15	gmpvar	0.34
2e235m15	gmpvar	0.35
2e235m15	gmpxx	0.87
2e235m15	gmpxx	0.87
2e235m15	gmpxx	0.87
2e235m15	gmpxx	0.97
2e243m9	fibe	0.09
2e243m9	fibe	0.10
2e243m9	gmpsec	0.49
2e243m9	gmpsec	0.50
2e243m9	gmpsec	0.50
2e243m9	gmpsec	0.51
2e243m9	gmpvar	0.34
2e243m9	gmpvar	0.34
2e243m9	gmpvar	0.34
2e243m9	gmpvar	0.36
2e243m9	gmpxx	0.87
2e243m9	gmpxx	0.87
2e243m9	gmpxx	0.88
2e243m9	gmpxx	0.90
2e251m9	fibe	0.07
2e251m9	fibe	0.13
2e251m9	gmpsec	0.50
2e251m9	gmpsec	0.50
2e251m9	gmpsec	0.50
2e251m9	gmpsec	0.52
2e251m9	gmpvar	0.34
2e251m9	gmpvar	0.34
2e251m9	gmpvar	0.34
2e251m9	gmpvar	0.43
2e251m9	gmpxx	0.87
2e251m9	gmpxx	0.88
2e251m9	gmpxx	0.89
2e251m9	gmpxx	0.89
2e254m127x2e240m1	gmpsec	0.49
2e254m127x2e240m1	gmpsec	0.50
2e254m127x2e240m1	gmpsec	0.50
2e254m127x2e240m1	gmpsec	0.51
2e254m127x2e240m1	gmpvar	0.34
2e254m127x2e240m1	gmpvar	0.34
2e254m127x2e240m1	gmpvar	0.34
2e254m127x2e240m1	gmpvar	0.35
2e254m127x2e240m1	gmpxx	0.88
2e254m127x2e240m1	gmpxx	0.88
2e254m127x2e240m1	gmpxx	0.88
2e254m127x2e240m1	gmpxx	0.89
2e255m19	fibe	0.07
2e255m19	fibe	0.13
2e255m19	gmpsec	0.47
2e255m19	gmpsec	0.47
2e255m19	gmpsec	0.47
2e255m19	gmpsec	0.48
2e255m19	gmpvar	0.32
2e255m19	gmpvar	0.32
2e255m19	gmpvar	0.32
2e255m19	gmpvar	0.32
2e255m19	gmpxx	0.85
2e255m19	gmpxx	0.85
2e255m19	gmpxx	0.86
2e255m19	gmpxx	0.87
2e255m2e4m2e1m1	fibe	0.08
2e255m2e4m2e1m1	gmpsec	0.47
2e255m2e4m2e1m1	gmpsec	0.48
2e255m2e4m2e1m1	gmpsec	0.48
2e255m2e4m2e1m1	gmpsec	0.48
2e255m2e4m2e1m1	gmpvar	0.32
2e255m2e4m2e1m1	gmpvar	0.32
2e255m2e4m2e1m1	gmpvar	0.33
2e255m2e4m2e1m1	gmpvar	0.33
2e255m2e4m2e1m1	gmpxx	0.85
2e255m2e4m2e1m1	gmpxx	0.86
2e255m2e4m2e1m1	gmpxx	0.87
2e255m2e4m2e1m1	gmpxx	0.87
2e255m765	fibe	0.07
2e255m765	fibe	0.18
2e255m765	gmpsec	0.47
2e255m765	gmpsec	0.47
2e255m765	gmpsec	0.48
2e255m765	gmpsec	0.49
2e255m765	gmpvar	0.32
2e255m765	gmpvar	0.32
2e255m765	gmpvar	0.33
2e255m765	gmpvar	0.33
2e255m765	gmpxx	0.86
2e255m765	gmpxx	0.86
2e255m765	gmpxx	0.87
2e255m765	gmpxx	0.88
2e256m189	fibe	0.07
2e256m189	fibe	0.18
2e256m189	gmpsec	0.37
2e256m189	gmpsec	0.38
2e256m189	gmpsec	0.38
2e256m189	gmpsec	0.39
2e256m189	gmpvar	0.33
2e256m189	gmpvar	0.33
2e256m189	gmpvar	0.33
2e256m189	gmpvar	0.34
2e256m189	gmpxx	0.84
2e256m189	gmpxx	0.84
2e256m189	gmpxx	0.85
2e256m189	gmpxx	0.87
2e256m2e224p2e192p2e96m1	gmpsec	0.37
2e256m2e224p2e192p2e96m1	gmpsec	0.38
2e256m2e224p2e192p2e96m1	gmpsec	0.38
2e256m2e224p2e192p2e96m1	gmpsec	0.41
2e256m2e224p2e192p2e96m1	gmpvar	0.32
2e256m2e224p2e192p2e96m1	gmpvar	0.32
2e256m2e224p2e192p2e96m1	gmpvar	0.33
2e256m2e224p2e192p2e96m1	gmpvar	0.33
2e256m2e224p2e192p2e96m1	gmpxx	0.84
2e256m2e224p2e192p2e96m1	gmpxx	0.86
2e256m2e224p2e192p2e96m1	gmpxx	0.88
2e256m2e224p2e192p2e96m1	gmpxx	0.88
2e256m2e32m977	fibe	0.19
2e256m2e32m977	gmpsec	0.37
2e256m2e32m977	gmpsec	0.37
2e256m2e32m977	gmpsec	0.37
2e256m2e32m977	gmpsec	0.38
2e256m2e32m977	gmpvar	0.33
2e256m2e32m977	gmpvar	0.34
2e256m2e32m977	gmpvar	0.34
2e256m2e32m977	gmpvar	0.35
2e256m2e32m977	gmpxx	0.84
2e256m2e32m977	gmpxx	0.84
2e256m2e32m977	gmpxx	0.84
2e256m2e32m977	gmpxx	0.85
2e256m88x2e240m1	gmpsec	0.37
2e256m88x2e240m1	gmpsec	0.37
2e256m88x2e240m1	gmpsec	0.38
2e256m88x2e240m1	gmpsec	0.38
2e256m88x2e240m1	gmpvar	0.34
2e256m88x2e240m1	gmpvar	0.34
2e256m88x2e240m1	gmpvar	0.36
2e256m88x2e240m1	gmpvar	0.36
2e256m88x2e240m1	gmpxx	0.84
2e256m88x2e240m1	gmpxx	0.85
2e256m88x2e240m1	gmpxx	0.85
2e256m88x2e240m1	gmpxx	0.86
2e266m3	fibe	0.07
2e266m3	fibe	0.17
2e266m3	gmpsec	0.64
2e266m3	gmpsec	0.64
2e266m3	gmpsec	0.64
2e266m3	gmpsec	0.66
2e266m3	gmpvar	0.42
2e266m3	gmpvar	0.42
2e266m3	gmpvar	0.42
2e266m3	gmpvar	0.45
2e266m3	gmpxx	0.98
2e266m3	gmpxx	0.99
2e266m3	gmpxx	0.99
2e266m3	gmpxx	0.99
2e285m9	fibe	0.07
2e285m9	gmpsec	0.64
2e285m9	gmpsec	0.65
2e285m9	gmpsec	0.65
2e285m9	gmpsec	0.67
2e285m9	gmpvar	0.42
2e285m9	gmpvar	0.42
2e285m9	gmpvar	0.43
2e285m9	gmpvar	0.45
2e285m9	gmpxx	0.97
2e285m9	gmpxx	0.98
2e285m9	gmpxx	0.98
2e285m9	gmpxx	1.00
2e291m19	fibe	0.08
2e291m19	fibe	0.18
2e291m19	gmpsec	0.64
2e291m19	gmpsec	0.64
2e291m19	gmpsec	0.66
2e291m19	gmpsec	0.68
2e291m19	gmpvar	0.42
2e291m19	gmpvar	0.42
2e291m19	gmpvar	0.43
2e291m19	gmpvar	0.44
2e291m19	gmpxx	0.98
2e291m19	gmpxx	0.99
2e291m19	gmpxx	1.00
2e291m19	gmpxx	1.01
2e321m9	fibe	0.10
2e321m9	gmpsec	0.79
2e321m9	gmpsec	0.79
2e321m9	gmpsec	0.79
2e321m9	gmpsec	0.81
2e321m9	gmpvar	0.53
2e321m9	gmpvar	0.53
2e321m9	gmpvar	0.53
2e321m9	gmpvar	0.53
2e321m9	gmpxx	1.15
2e321m9	gmpxx	1.17
2e321m9	gmpxx	1.17
2e321m9	gmpxx	1.17
2e322m2e161m1	gmpsec	0.78
2e322m2e161m1	gmpsec	0.79
2e322m2e161m1	gmpsec	0.80
2e322m2e161m1	gmpsec	0.81
2e322m2e161m1	gmpvar	0.52
2e322m2e161m1	gmpvar	0.52
2e322m2e161m1	gmpvar	0.52
2e322m2e161m1	gmpvar	0.53
2e322m2e161m1	gmpxx	1.13
2e322m2e161m1	gmpxx	1.13
2e322m2e161m1	gmpxx	1.13
2e322m2e161m1	gmpxx	1.17
2e336m17	fibe	0.09
2e336m17	gmpsec	0.79
2e336m17	gmpsec	0.80
2e336m17	gmpsec	0.80
2e336m17	gmpsec	0.83
2e336m17	gmpvar	0.52
2e336m17	gmpvar	0.52
2e336m17	gmpvar	0.52
2e336m17	gmpvar	0.54
2e336m17	gmpxx	1.06
2e336m17	gmpxx	1.07
2e336m17	gmpxx	1.08
2e336m17	gmpxx	1.09
2e336m3	fibe	0.09
2e336m3	gmpsec	0.79
2e336m3	gmpsec	0.79
2e336m3	gmpsec	0.80
2e336m3	gmpsec	0.88
2e336m3	gmpvar	0.52
2e336m3	gmpvar	0.52
2e336m3	gmpvar	0.52
2e336m3	gmpvar	0.53
2e336m3	gmpxx	1.05
2e336m3	gmpxx	1.06
2e336m3	gmpxx	1.06
2e336m3	gmpxx	1.07
2e338m15	fibe	0.10
2e338m15	fibe	0.22
2e338m15	gmpsec	0.79
2e338m15	gmpsec	0.79
2e338m15	gmpsec	0.79
2e338m15	gmpsec	0.80
2e338m15	gmpvar	0.52
2e338m15	gmpvar	0.52
2e338m15	gmpvar	0.53
2e338m15	gmpvar	0.53
2e338m15	gmpxx	1.06
2e338m15	gmpxx	1.06
2e338m15	gmpxx	1.09
2e338m15	gmpxx	1.10
2e369m25	fibe	0.15
2e369m25	gmpsec	0.79
2e369m25	gmpsec	0.79
2e369m25	gmpsec	0.80
2e369m25	gmpsec	0.80
2e369m25	gmpvar	0.52
2e369m25	gmpvar	0.53
2e369m25	gmpvar	0.53
2e369m25	gmpvar	0.53
2e369m25	gmpxx	1.06
2e369m25	gmpxx	1.07
2e369m25	gmpxx	1.08
2e369m25	gmpxx	1.12
2e379m19	fibe	0.13
2e379m19	gmpsec	0.79
2e379m19	gmpsec	0.79
2e379m19	gmpsec	0.80
2e379m19	gmpsec	0.80
2e379m19	gmpvar	0.52
2e379m19	gmpvar	0.53
2e379m19	gmpvar	0.54
2e379m19	gmpvar	0.54
2e379m19	gmpxx	1.06
2e379m19	gmpxx	1.07
2e379m19	gmpxx	1.07
2e379m19	gmpxx	1.10
2e382m105	fibe	0.22
2e382m105	gmpsec	0.79
2e382m105	gmpsec	0.79
2e382m105	gmpsec	0.80
2e382m105	gmpsec	0.81
2e382m105	gmpvar	0.52
2e382m105	gmpvar	0.52
2e382m105	gmpvar	0.53
2e382m105	gmpvar	0.55
2e382m105	gmpxx	1.07
2e382m105	gmpxx	1.07
2e382m105	gmpxx	1.08
2e382m105	gmpxx	1.08
2e383m187	gmpsec	0.75
2e383m187	gmpsec	0.76
2e383m187	gmpvar	0.49
2e383m187	gmpvar	0.50
2e383m187	gmpxx	1.05
2e383m187	gmpxx	1.05
2e383m31	gmpsec	0.75
2e383m31	gmpsec	0.75
2e383m31	gmpvar	0.50
2e383m31	gmpvar	0.50
2e383m31	gmpxx	1.04
2e383m31	gmpxx	1.07
2e383m421	gmpsec	0.75
2e383m421	gmpsec	0.75
2e383m421	gmpvar	0.51
2e383m421	gmpvar	0.53
2e383m421	gmpxx	1.03
2e383m421	gmpxx	1.07
2e384m2e128m2e96p2e32m1	fibe	0.52
2e384m2e128m2e96p2e32m1	gmpsec	0.62
2e384m2e128m2e96p2e32m1	gmpsec	0.62
2e384m2e128m2e96p2e32m1	gmpsec	0.62
2e384m2e128m2e96p2e32m1	gmpsec	0.65
2e384m2e128m2e96p2e32m1	gmpvar	0.45
2e384m2e128m2e96p2e32m1	gmpvar	0.46
2e384m2e128m2e96p2e32m1	gmpvar	0.46
2e384m2e128m2e96p2e32m1	gmpvar	0.46
2e384m2e128m2e96p2e32m1	gmpxx	0.96
2e384m2e128m2e96p2e32m1	gmpxx	0.97
2e384m2e128m2e96p2e32m1	gmpxx	0.98
2e384m2e128m2e96p2e32m1	gmpxx	0.99
2e384m317	fibe	0.15
2e384m317	gmpsec	0.61
2e384m317	gmpsec	0.61
2e384m317	gmpsec	0.62
2e384m317	gmpsec	0.62
2e384m317	gmpvar	0.45
2e384m317	gmpvar	0.46
2e384m317	gmpvar	0.46
2e384m317	gmpvar	0.47
2e384m317	gmpxx	0.96
2e384m317	gmpxx	0.97
2e384m317	gmpxx	0.97
2e384m317	gmpxx	0.99
2e384m5x2e368m1	gmpsec	0.62
2e384m5x2e368m1	gmpsec	0.62
2e384m5x2e368m1	gmpsec	0.62
2e384m5x2e368m1	gmpsec	0.62
2e384m5x2e368m1	gmpvar	0.45
2e384m5x2e368m1	gmpvar	0.45
2e384m5x2e368m1	gmpvar	0.47
2e384m5x2e368m1	gmpvar	0.47
2e384m5x2e368m1	gmpxx	0.97
2e384m5x2e368m1	gmpxx	0.97
2e384m5x2e368m1	gmpxx	0.97
2e384m5x2e368m1	gmpxx	0.98
2e384m79x2e376m1	gmpsec	0.62
2e384m79x2e376m1	gmpsec	0.62
2e384m79x2e376m1	gmpsec	0.62
2e384m79x2e376m1	gmpsec	0.62
2e384m79x2e376m1	gmpvar	0.45
2e384m79x2e376m1	gmpvar	0.46
2e384m79x2e376m1	gmpvar	0.46
2e384m79x2e376m1	gmpvar	0.47
2e384m79x2e376m1	gmpxx	0.96
2e384m79x2e376m1	gmpxx	0.96
2e384m79x2e376m1	gmpxx	0.96
2e384m79x2e376m1	gmpxx	0.98
2e389m21	gmpsec	0.96
2e389m21	gmpsec	0.97
2e389m21	gmpvar	0.60
2e389m21	gmpvar	0.61
2e389m21	gmpxx	1.17
2e389m21	gmpxx	1.17
2e401m31	fibe	0.16
2e401m31	gmpsec	0.96
2e401m31	gmpsec	0.97
2e401m31	gmpsec	0.97
2e401m31	gmpsec	0.98
2e401m31	gmpvar	0.59
2e401m31	gmpvar	0.59
2e401m31	gmpvar	0.60
2e401m31	gmpvar	0.61
2e401m31	gmpxx	1.16
2e401m31	gmpxx	1.17
2e401m31	gmpxx	1.17
2e401m31	gmpxx	1.18
2e413m21	gmpsec	0.96
2e413m21	gmpsec	0.97
2e413m21	gmpsec	0.97
2e413m21	gmpvar	0.59
2e413m21	gmpvar	0.60
2e413m21	gmpvar	0.60
2e413m21	gmpxx	1.16
2e413m21	gmpxx	1.17
2e413m21	gmpxx	1.17
2e414m17	fibe	0.18
2e414m17	gmpsec	0.96
2e414m17	gmpsec	0.96
2e414m17	gmpsec	0.98
2e414m17	gmpsec	0.98
2e414m17	gmpvar	0.59
2e414m17	gmpvar	0.59
2e414m17	gmpvar	0.60
2e414m17	gmpvar	0.61
2e414m17	gmpxx	1.15
2e414m17	gmpxx	1.16
2e414m17	gmpxx	1.16
2e414m17	gmpxx	1.27
2e416m2e208m1	fibe	0.13
2e416m2e208m1	gmpsec	0.96
2e416m2e208m1	gmpsec	0.96
2e416m2e208m1	gmpsec	0.96
2e416m2e208m1	gmpsec	0.97
2e416m2e208m1	gmpvar	0.59
2e416m2e208m1	gmpvar	0.60
2e416m2e208m1	gmpvar	0.60
2e416m2e208m1	gmpvar	0.61
2e416m2e208m1	gmpxx	1.15
2e416m2e208m1	gmpxx	1.16
2e416m2e208m1	gmpxx	1.17
2e416m2e208m1	gmpxx	1.18
2e444m17	fibe	0.16
2e444m17	gmpsec	0.96
2e444m17	gmpsec	0.96
2e444m17	gmpsec	0.96
2e444m17	gmpsec	0.96
2e444m17	gmpvar	0.59
2e444m17	gmpvar	0.59
2e444m17	gmpvar	0.61
2e444m17	gmpvar	0.61
2e444m17	gmpxx	1.16
2e444m17	gmpxx	1.17
2e444m17	gmpxx	1.17
2e444m17	gmpxx	1.18
2e448m2e224m1	fibe	0.13
2e448m2e224m1	gmpsec	0.77
2e448m2e224m1	gmpsec	0.77
2e448m2e224m1	gmpsec	0.77
2e448m2e224m1	gmpsec	0.78
2e448m2e224m1	gmpvar	0.53
2e448m2e224m1	gmpvar	0.53
2e448m2e224m1	gmpvar	0.53
2e448m2e224m1	gmpvar	0.55
2e448m2e224m1	gmpxx	1.04
2e448m2e224m1	gmpxx	1.04
2e448m2e224m1	gmpxx	1.05
2e448m2e224m1	gmpxx	1.07
2e450m2e225m1	fibe	0.14
2e450m2e225m1	gmpsec	1.17
2e450m2e225m1	gmpsec	1.17
2e450m2e225m1	gmpsec	1.18
2e450m2e225m1	gmpsec	1.35
2e450m2e225m1	gmpvar	0.68
2e450m2e225m1	gmpvar	0.68
2e450m2e225m1	gmpvar	0.69
2e450m2e225m1	gmpvar	0.70
2e450m2e225m1	gmpxx	1.33
2e450m2e225m1	gmpxx	1.34
2e450m2e225m1	gmpxx	1.34
2e450m2e225m1	gmpxx	1.35
2e452m3	fibe	0.16
2e452m3	gmpsec	1.17
2e452m3	gmpsec	1.17
2e452m3	gmpsec	1.17
2e452m3	gmpsec	1.18
2e452m3	gmpvar	0.70
2e452m3	gmpvar	0.71
2e452m3	gmpvar	0.71
2e452m3	gmpvar	0.73
2e452m3	gmpxx	1.29
2e452m3	gmpxx	1.29
2e452m3	gmpxx	1.29
2e452m3	gmpxx	1.32
2e468m17	fibe	0.15
2e468m17	gmpsec	1.17
2e468m17	gmpsec	1.18
2e468m17	gmpsec	1.18
2e468m17	gmpsec	1.18
2e468m17	gmpvar	0.68
2e468m17	gmpvar	0.69
2e468m17	gmpvar	0.70
2e468m17	gmpvar	0.71
2e468m17	gmpxx	1.25
2e468m17	gmpxx	1.25
2e468m17	gmpxx	1.26
2e468m17	gmpxx	1.27
2e480m2e240m1	fibe	0.14
2e480m2e240m1	gmpsec	1.16
2e480m2e240m1	gmpsec	1.17
2e480m2e240m1	gmpsec	1.17
2e480m2e240m1	gmpsec	1.18
2e480m2e240m1	gmpvar	0.68
2e480m2e240m1	gmpvar	0.68
2e480m2e240m1	gmpvar	0.68
2e480m2e240m1	gmpvar	0.69
2e480m2e240m1	gmpxx	1.25
2e480m2e240m1	gmpxx	1.26
2e480m2e240m1	gmpxx	1.26
2e480m2e240m1	gmpxx	1.31
2e488m17	gmpsec	1.16
2e488m17	gmpsec	1.17
2e488m17	gmpsec	1.17
2e488m17	gmpsec	1.18
2e488m17	gmpvar	0.69
2e488m17	gmpvar	0.69
2e488m17	gmpvar	0.69
2e488m17	gmpvar	0.70
2e488m17	gmpxx	1.27
2e488m17	gmpxx	1.27
2e488m17	gmpxx	1.27
2e488m17	gmpxx	1.27
2e489m21	fibe	0.18
2e489m21	gmpsec	1.17
2e489m21	gmpsec	1.17
2e489m21	gmpsec	1.24
2e489m21	gmpsec	1.28
2e489m21	gmpvar	0.68
2e489m21	gmpvar	0.69
2e489m21	gmpvar	0.69
2e489m21	gmpvar	0.69
2e489m21	gmpxx	1.26
2e489m21	gmpxx	1.26
2e489m21	gmpxx	1.28
2e489m21	gmpxx	1.29
2e495m31	fibe	0.19
2e495m31	gmpsec	1.17
2e495m31	gmpsec	1.18
2e495m31	gmpsec	1.18
2e495m31	gmpsec	1.18
2e495m31	gmpvar	0.68
2e495m31	gmpvar	0.69
2e495m31	gmpvar	0.69
2e495m31	gmpvar	0.69
2e495m31	gmpxx	1.26
2e495m31	gmpxx	1.27
2e495m31	gmpxx	1.27
2e495m31	gmpxx	1.27
2e510m290x2e496m1	gmpsec	1.17
2e510m290x2e496m1	gmpsec	1.17
2e510m290x2e496m1	gmpsec	1.18
2e510m290x2e496m1	gmpsec	1.18
2e510m290x2e496m1	gmpvar	0.68
2e510m290x2e496m1	gmpvar	0.68
2e510m290x2e496m1	gmpvar	0.68
2e510m290x2e496m1	gmpvar	0.69
2e510m290x2e496m1	gmpxx	1.24
2e510m290x2e496m1	gmpxx	1.26
2e510m290x2e496m1	gmpxx	1.27
2e510m290x2e496m1	gmpxx	1.33
2e511m187	fibe	0.26
2e511m187	gmpsec	1.11
2e511m187	gmpsec	1.11
2e511m187	gmpsec	1.12
2e511m187	gmpsec	1.12
2e511m187	gmpvar	0.65
2e511m187	gmpvar	0.65
2e511m187	gmpvar	0.65
2e511m187	gmpvar	0.65
2e511m187	gmpxx	1.20
2e511m187	gmpxx	1.20
2e511m187	gmpxx	1.21
2e511m187	gmpxx	1.21
2e511m481	fibe	0.23
2e511m481	gmpsec	1.10
2e511m481	gmpsec	1.11
2e511m481	gmpsec	1.11
2e511m481	gmpsec	1.11
2e511m481	gmpvar	0.64
2e511m481	gmpvar	0.65
2e511m481	gmpvar	0.65
2e511m481	gmpvar	0.67
2e511m481	gmpxx	1.20
2e511m481	gmpxx	1.21
2e511m481	gmpxx	1.21
2e511m481	gmpxx	1.21
2e512m491x2e496m1	gmpsec	0.95
2e512m491x2e496m1	gmpsec	0.95
2e512m491x2e496m1	gmpsec	0.95
2e512m491x2e496m1	gmpsec	0.97
2e512m491x2e496m1	gmpvar	0.61
2e512m491x2e496m1	gmpvar	0.62
2e512m491x2e496m1	gmpvar	0.62
2e512m491x2e496m1	gmpvar	0.63
2e512m491x2e496m1	gmpxx	1.14
2e512m491x2e496m1	gmpxx	1.14
2e512m491x2e496m1	gmpxx	1.16
2e512m491x2e496m1	gmpxx	1.17
2e512m569	fibe	0.23
2e512m569	gmpsec	0.95
2e512m569	gmpsec	0.95
2e512m569	gmpsec	0.95
2e512m569	gmpsec	0.97
2e512m569	gmpvar	0.61
2e512m569	gmpvar	0.61
2e512m569	gmpvar	0.61
2e512m569	gmpvar	0.62
2e512m569	gmpxx	1.13
2e512m569	gmpxx	1.14
2e512m569	gmpxx	1.15
2e512m569	gmpxx	1.17
2e521m1	fibe	0.20
2e521m1	gmpsec	1.39
2e521m1	gmpsec	1.39
2e521m1	gmpsec	1.39
2e521m1	gmpsec	1.40
2e521m1	gmpvar	0.81
2e521m1	gmpvar	0.82
2e521m1	gmpvar	0.82
2e521m1	gmpvar	0.84
2e521m1	gmpxx	1.38
2e521m1	gmpxx	1.39
2e521m1	gmpxx	1.39
2e521m1	gmpxx	1.40
