montgomery32_2e194m33
montgomery32_2e196m15
montgomery32_2e198m17
montgomery32_2e226m5
montgomery32_2e230m27
montgomery32_2e235m15
montgomery32_2e243m9
montgomery32_2e251m9
montgomery32_2e254m127x2e240m1
montgomery32_2e255m19
montgomery32_2e255m2e4m2e1m1
montgomery32_2e255m765
montgomery32_2e256m189
montgomery32_2e256m2e224p2e192p2e96m1
montgomery32_2e256m2e32m977
montgomery32_2e256m88x2e240m1
montgomery32_2e266m3
montgomery32_2e285m9
montgomery32_2e291m19
montgomery32_2e321m9
montgomery32_2e322m2e161m1
montgomery32_2e336m17
montgomery32_2e336m3
montgomery32_2e338m15
montgomery32_2e369m25
montgomery32_2e379m19
montgomery32_2e382m105
montgomery32_2e383m187
montgomery32_2e383m31
montgomery32_2e383m421
montgomery32_2e384m2e128m2e96p2e32m1
montgomery32_2e384m317
montgomery32_2e384m5x2e368m1
montgomery32_2e384m79x2e376m1
montgomery32_2e389m21
montgomery32_2e401m31
montgomery32_2e413m21
montgomery32_2e414m17
montgomery32_2e416m2e208m1
montgomery32_2e444m17
montgomery32_2e448m2e224m1
montgomery32_2e450m2e225m1
montgomery32_2e452m3
montgomery32_2e468m17
montgomery32_2e480m2e240m1
montgomery32_2e488m17
montgomery32_2e489m21
montgomery32_2e495m31
montgomery32_2e510m290x2e496m1
montgomery32_2e511m187
montgomery32_2e511m481
montgomery32_2e512m491x2e496m1
montgomery32_2e512m569
montgomery32_2e521m1
montgomery64_2e389m21
montgomery64_2e413m21
montgomery64_2e450m2e225m1
montgomery64_2e452m3
montgomery64_2e468m17
montgomery64_2e480m2e240m1
montgomery64_2e488m17
montgomery64_2e489m21
montgomery64_2e495m31
montgomery64_2e510m290x2e496m1
montgomery64_2e511m187
montgomery64_2e511m481
montgomery64_2e512m491x2e496m1
montgomery64_2e512m569
montgomery64_2e521m1

solinas32_2e224m2e96p1
solinas32_2e256m2e224p2e192p2e96m1
solinas32_2e384m2e128m2e96p2e32m1
solinas64_2e224m2e96p1
solinas64_2e256m2e224p2e192p2e96m1
solinas64_2e384m2e128m2e96p2e32m1

solinas32_2e205m45x2e198m1
solinas32_2e254m127x2e240m1
solinas32_2e256m88x2e240m1
solinas32_2e384m5x2e368m1
solinas32_2e384m79x2e376m1
solinas32_2e510m290x2e496m1
solinas32_2e512m491x2e496m1
solinas64_2e205m45x2e198m1
solinas64_2e254m127x2e240m1
solinas64_2e256m88x2e240m1
solinas64_2e384m5x2e368m1
solinas64_2e384m79x2e376m1
solinas64_2e510m290x2e496m1
solinas64_2e512m491x2e496m1

solinas32_2e150m3
solinas32_2e174m3
solinas32_2e189m25
solinas32_2e190m11
solinas32_2e192m2e64m1
solinas32_2e196m15
solinas32_2e212m29
solinas32_2e226m5
solinas32_2e255m2e4m2e1m1
solinas32_2e336m3
solinas32_2e448m2e224m1
solinas32_2e450m2e225m1
solinas32_2e452m3
solinas32_2e480m2e240m1
solinas32_2e488m17
solinas32_2e489m21
solinas32_2e495m31
solinas32_2e511m187
solinas32_2e511m481
solinas32_2e512m569

solinas64_2e256m2e32m977
solinas64_2e322m2e161m1
solinas64_2e413m21
