make --no-print-directory -C coqprime src/Coqprime/PrimalityTest/Zp.vo
make[1]: 'src/Coqprime/PrimalityTest/Zp.vo' is up to date.
make: 'src/Specific/montgomery32_2e127m1_4limbs/femulDisplay.log' is up to date.
make: 'src/Specific/montgomery32_2e127m1_4limbs/fenzDisplay.log' is up to date.
make: 'src/Specific/montgomery32_2e129m25_5limbs/feaddDisplay.log' is up to date.
make: 'src/Specific/montgomery32_2e129m25_5limbs/femulDisplay.log' is up to date.
make: 'src/Specific/montgomery32_2e129m25_5limbs/fenzDisplay.log' is up to date.
make: 'src/Specific/montgomery32_2e130m5_5limbs/feaddDisplay.log' is up to date.
make: 'src/Specific/montgomery32_2e130m5_5limbs/femulDisplay.log' is up to date.
make: 'src/Specific/montgomery32_2e130m5_5limbs/fenzDisplay.log' is up to date.
make: 'src/Specific/montgomery32_2e137m13_5limbs/feaddDisplay.log' is up to date.
make: 'src/Specific/montgomery32_2e137m13_5limbs/femulDisplay.log' is up to date.
make: 'src/Specific/montgomery32_2e137m13_5limbs/fenzDisplay.log' is up to date.
make: 'src/Specific/montgomery32_2e140m27_5limbs/feaddDisplay.log' is up to date.
make: 'src/Specific/montgomery32_2e140m27_5limbs/femulDisplay.log' is up to date.
make: 'src/Specific/montgomery32_2e140m27_5limbs/fenzDisplay.log' is up to date.
make: 'src/Specific/montgomery32_2e141m9_5limbs/feaddDisplay.log' is up to date.
make: 'src/Specific/montgomery32_2e141m9_5limbs/femulDisplay.log' is up to date.
make: 'src/Specific/montgomery32_2e141m9_5limbs/fenzDisplay.log' is up to date.
make: 'src/Specific/montgomery32_2e150m3_5limbs/feaddDisplay.log' is up to date.
make: 'src/Specific/montgomery32_2e150m3_5limbs/femulDisplay.log' is up to date.
make: 'src/Specific/montgomery32_2e150m3_5limbs/fenzDisplay.log' is up to date.
make: 'src/Specific/montgomery32_2e150m5_5limbs/feaddDisplay.log' is up to date.
make: 'src/Specific/montgomery32_2e150m5_5limbs/femulDisplay.log' is up to date.
make: 'src/Specific/montgomery32_2e150m5_5limbs/fenzDisplay.log' is up to date.
make: 'src/Specific/montgomery32_2e152m17_5limbs/feaddDisplay.log' is up to date.
make: 'src/Specific/montgomery32_2e152m17_5limbs/femulDisplay.log' is up to date.
make: 'src/Specific/montgomery32_2e152m17_5limbs/fenzDisplay.log' is up to date.
make: 'src/Specific/montgomery32_2e158m15_5limbs/feaddDisplay.log' is up to date.
make: 'src/Specific/montgomery32_2e158m15_5limbs/femulDisplay.log' is up to date.
make: 'src/Specific/montgomery32_2e158m15_5limbs/fenzDisplay.log' is up to date.
make: 'src/Specific/montgomery32_2e165m25_6limbs/feaddDisplay.log' is up to date.
make: 'src/Specific/montgomery32_2e165m25_6limbs/femulDisplay.log' is up to date.
make: 'src/Specific/montgomery32_2e165m25_6limbs/fenzDisplay.log' is up to date.
make: 'src/Specific/montgomery32_2e166m5_6limbs/feaddDisplay.log' is up to date.
make: 'src/Specific/montgomery32_2e166m5_6limbs/femulDisplay.log' is up to date.
make: 'src/Specific/montgomery32_2e166m5_6limbs/fenzDisplay.log' is up to date.
make: 'src/Specific/montgomery32_2e171m19_6limbs/feaddDisplay.log' is up to date.
make: 'src/Specific/montgomery32_2e171m19_6limbs/femulDisplay.log' is up to date.
make: 'src/Specific/montgomery32_2e171m19_6limbs/fenzDisplay.log' is up to date.
make: 'src/Specific/montgomery32_2e174m17_6limbs/feaddDisplay.log' is up to date.
make: 'src/Specific/montgomery32_2e174m17_6limbs/femulDisplay.log' is up to date.
make: 'src/Specific/montgomery32_2e174m17_6limbs/fenzDisplay.log' is up to date.
make: 'src/Specific/montgomery32_2e174m3_6limbs/feaddDisplay.log' is up to date.
make: 'src/Specific/montgomery32_2e174m3_6limbs/femulDisplay.log' is up to date.
make: 'src/Specific/montgomery32_2e174m3_6limbs/fenzDisplay.log' is up to date.
make: 'src/Specific/montgomery32_2e189m25_6limbs/feaddDisplay.log' is up to date.
make: 'src/Specific/montgomery32_2e189m25_6limbs/femulDisplay.log' is up to date.
make: 'src/Specific/montgomery32_2e189m25_6limbs/fenzDisplay.log' is up to date.
make: 'src/Specific/montgomery32_2e190m11_6limbs/feaddDisplay.log' is up to date.
make: 'src/Specific/montgomery32_2e190m11_6limbs/femulDisplay.log' is up to date.
make: 'src/Specific/montgomery32_2e190m11_6limbs/fenzDisplay.log' is up to date.
make: 'src/Specific/montgomery32_2e191m19_6limbs/feaddDisplay.log' is up to date.
make: 'src/Specific/montgomery32_2e191m19_6limbs/femulDisplay.log' is up to date.
make: 'src/Specific/montgomery32_2e191m19_6limbs/fenzDisplay.log' is up to date.
make: 'src/Specific/montgomery32_2e192m2e64m1_6limbs/feaddDisplay.log' is up to date.
make: 'src/Specific/montgomery32_2e192m2e64m1_6limbs/femulDisplay.log' is up to date.
make: 'src/Specific/montgomery32_2e192m2e64m1_6limbs/fenzDisplay.log' is up to date.
make: 'src/Specific/montgomery32_2e194m33_7limbs/feaddDisplay.log' is up to date.
make: 'src/Specific/montgomery32_2e194m33_7limbs/femulDisplay.log' is up to date.
make: 'src/Specific/montgomery32_2e194m33_7limbs/fenzDisplay.log' is up to date.
make: 'src/Specific/montgomery32_2e196m15_7limbs/feaddDisplay.log' is up to date.
make: 'src/Specific/montgomery32_2e196m15_7limbs/femulDisplay.log' is up to date.
make: 'src/Specific/montgomery32_2e196m15_7limbs/fenzDisplay.log' is up to date.
make: 'src/Specific/montgomery32_2e198m17_7limbs/feaddDisplay.log' is up to date.
make: 'src/Specific/montgomery32_2e198m17_7limbs/femulDisplay.log' is up to date.
make: 'src/Specific/montgomery32_2e198m17_7limbs/fenzDisplay.log' is up to date.
make: 'src/Specific/montgomery32_2e205m45x2e198m1_7limbs/feaddDisplay.log' is up to date.
make: 'src/Specific/montgomery32_2e205m45x2e198m1_7limbs/femulDisplay.log' is up to date.
make: 'src/Specific/montgomery32_2e205m45x2e198m1_7limbs/fenzDisplay.log' is up to date.
make: 'src/Specific/montgomery32_2e206m5_7limbs/feaddDisplay.log' is up to date.
make: 'src/Specific/montgomery32_2e206m5_7limbs/femulDisplay.log' is up to date.
make: 'src/Specific/montgomery32_2e206m5_7limbs/fenzDisplay.log' is up to date.
make: 'src/Specific/montgomery32_2e212m29_7limbs/feaddDisplay.log' is up to date.
make: 'src/Specific/montgomery32_2e212m29_7limbs/femulDisplay.log' is up to date.
make: 'src/Specific/montgomery32_2e212m29_7limbs/fenzDisplay.log' is up to date.
make: 'src/Specific/montgomery32_2e213m3_7limbs/feaddDisplay.log' is up to date.
make: 'src/Specific/montgomery32_2e213m3_7limbs/femulDisplay.log' is up to date.
make: 'src/Specific/montgomery32_2e213m3_7limbs/fenzDisplay.log' is up to date.
make: 'src/Specific/montgomery32_2e216m2e108m1_7limbs/feaddDisplay.log' is up to date.
make: 'src/Specific/montgomery32_2e216m2e108m1_7limbs/femulDisplay.log' is up to date.
make: 'src/Specific/montgomery32_2e216m2e108m1_7limbs/fenzDisplay.log' is up to date.
make: 'src/Specific/montgomery32_2e221m3_7limbs/feaddDisplay.log' is up to date.
make: 'src/Specific/montgomery32_2e221m3_7limbs/femulDisplay.log' is up to date.
make: 'src/Specific/montgomery32_2e221m3_7limbs/fenzDisplay.log' is up to date.
make: 'src/Specific/montgomery32_2e222m117_7limbs/feaddDisplay.log' is up to date.
make: 'src/Specific/montgomery32_2e222m117_7limbs/femulDisplay.log' is up to date.
make: 'src/Specific/montgomery32_2e222m117_7limbs/fenzDisplay.log' is up to date.
make: 'src/Specific/montgomery32_2e224m2e96p1_7limbs/feaddDisplay.log' is up to date.
make: 'src/Specific/montgomery32_2e224m2e96p1_7limbs/femulDisplay.log' is up to date.
make: 'src/Specific/montgomery32_2e224m2e96p1_7limbs/fenzDisplay.log' is up to date.
make: 'src/Specific/montgomery32_2e226m5_8limbs/feaddDisplay.log' is up to date.
make: 'src/Specific/montgomery32_2e226m5_8limbs/femulDisplay.log' is up to date.
make: 'src/Specific/montgomery32_2e226m5_8limbs/fenzDisplay.log' is up to date.
make: 'src/Specific/montgomery32_2e230m27_8limbs/feaddDisplay.log' is up to date.
make: 'src/Specific/montgomery32_2e230m27_8limbs/femulDisplay.log' is up to date.
make: 'src/Specific/montgomery32_2e230m27_8limbs/fenzDisplay.log' is up to date.
make: 'src/Specific/montgomery32_2e235m15_8limbs/feaddDisplay.log' is up to date.
make: 'src/Specific/montgomery32_2e235m15_8limbs/femulDisplay.log' is up to date.
make: 'src/Specific/montgomery32_2e235m15_8limbs/fenzDisplay.log' is up to date.
make: 'src/Specific/montgomery32_2e243m9_8limbs/feaddDisplay.log' is up to date.
make: 'src/Specific/montgomery32_2e243m9_8limbs/femulDisplay.log' is up to date.
make: 'src/Specific/montgomery32_2e243m9_8limbs/fenzDisplay.log' is up to date.
make: 'src/Specific/montgomery32_2e251m9_8limbs/feaddDisplay.log' is up to date.
make: 'src/Specific/montgomery32_2e251m9_8limbs/femulDisplay.log' is up to date.
make: 'src/Specific/montgomery32_2e251m9_8limbs/fenzDisplay.log' is up to date.
make: 'src/Specific/montgomery32_2e254m127x2e240m1_8limbs/feaddDisplay.log' is up to date.
make: 'src/Specific/montgomery32_2e254m127x2e240m1_8limbs/femulDisplay.log' is up to date.
make: 'src/Specific/montgomery32_2e254m127x2e240m1_8limbs/fenzDisplay.log' is up to date.
make: 'src/Specific/montgomery32_2e255m19_8limbs/feaddDisplay.log' is up to date.
make: 'src/Specific/montgomery32_2e255m19_8limbs/femulDisplay.log' is up to date.
make: 'src/Specific/montgomery32_2e255m19_8limbs/fenzDisplay.log' is up to date.
make: 'src/Specific/montgomery32_2e255m765_8limbs/feaddDisplay.log' is up to date.
make: 'src/Specific/montgomery32_2e255m765_8limbs/femulDisplay.log' is up to date.
make: 'src/Specific/montgomery32_2e255m765_8limbs/fenzDisplay.log' is up to date.
make: 'src/Specific/montgomery32_2e256m189_8limbs/feaddDisplay.log' is up to date.
make: 'src/Specific/montgomery32_2e256m189_8limbs/femulDisplay.log' is up to date.
make: 'src/Specific/montgomery32_2e256m189_8limbs/fenzDisplay.log' is up to date.
make: 'src/Specific/montgomery32_2e256m2e224p2e192p2e96m1_8limbs/feaddDisplay.log' is up to date.
make: 'src/Specific/montgomery32_2e256m2e224p2e192p2e96m1_8limbs/femulDisplay.log' is up to date.
make: 'src/Specific/montgomery32_2e256m2e224p2e192p2e96m1_8limbs/fenzDisplay.log' is up to date.
make: 'src/Specific/montgomery32_2e256m2e32m977_8limbs/feaddDisplay.log' is up to date.
make: 'src/Specific/montgomery32_2e256m2e32m977_8limbs/femulDisplay.log' is up to date.
make: 'src/Specific/montgomery32_2e256m2e32m977_8limbs/fenzDisplay.log' is up to date.
make: 'src/Specific/montgomery32_2e256m4294968273_8limbs/feaddDisplay.log' is up to date.
make: 'src/Specific/montgomery32_2e256m4294968273_8limbs/femulDisplay.log' is up to date.
make: 'src/Specific/montgomery32_2e256m4294968273_8limbs/fenzDisplay.log' is up to date.
make: 'src/Specific/montgomery32_2e256m88x2e240m1_8limbs/feaddDisplay.log' is up to date.
make: 'src/Specific/montgomery32_2e256m88x2e240m1_8limbs/femulDisplay.log' is up to date.
make: 'src/Specific/montgomery32_2e256m88x2e240m1_8limbs/fenzDisplay.log' is up to date.
make: 'src/Specific/montgomery32_2e266m3_9limbs/feaddDisplay.log' is up to date.
TIMEOUT -m 60000000 COQC src/Specific/montgomery32_2e266m3_9limbs/femul.v
Finished transaction in 3798.394 secs (3782.348u,15.912s) (successful)
total time:   3798.261s

 tactic                                   local  total   calls       max 
────────────────────────────────────────┴──────┴──────┴───────┴─────────┘
─synthesize_mul ------------------------   0.0% 100.0%       0 3798.261s
─synthesize_carry_mul ------------------   0.0% 100.0%       0 3798.261s
─synthesize_2arg_choice_with_carry -----   0.0% 100.0%       0 3798.260s
─synthesize_narg_choice_gen ------------   0.0% 100.0%       0 3798.260s
─Pipeline.refine_reflectively_gen ------   0.0%  99.9%       1 3794.457s
─ReflectiveTactics.do_reflective_pipelin   0.0%  99.9%       1 3793.078s
─ReflectiveTactics.solve_side_conditions   0.0%  99.8%       1 3791.598s
─ReflectiveTactics.do_reify ------------   0.0%  98.2%       1 3730.959s
─Reify.Reify_rhs_gen -------------------   0.1%  98.2%       1 3729.298s
─Reify ---------------------------------   0.0%  97.3%       0 3694.478s
─Compilers.Reify.Reify -----------------   0.0%  97.3%       0 3694.438s
─Compilers.Reify.Reify' ----------------   0.0%  97.3%       0 3693.910s
─Reify.do_reify_abs_goal ---------------   0.0%  97.2%       2 3693.761s
─Reify.reify_abs -----------------------  97.2%  97.2%       0 3693.269s

 tactic                                   local  total   calls       max 
────────────────────────────────────────┴──────┴──────┴───────┴─────────┘
─synthesize_mul ------------------------   0.0% 100.0%       0 3798.261s
└synthesize_carry_mul ------------------   0.0% 100.0%       0 3798.261s
└synthesize_2arg_choice_with_carry -----   0.0% 100.0%       0 3798.260s
└synthesize_narg_choice_gen ------------   0.0% 100.0%       0 3798.260s
└Pipeline.refine_reflectively_gen ------   0.0%  99.9%       1 3794.457s
└ReflectiveTactics.do_reflective_pipelin   0.0%  99.9%       1 3793.078s
└ReflectiveTactics.solve_side_conditions   0.0%  99.8%       1 3791.598s
└ReflectiveTactics.do_reify ------------   0.0%  98.2%       1 3730.959s
└Reify.Reify_rhs_gen -------------------   0.1%  98.2%       1 3729.298s
└Reify ---------------------------------   0.0%  97.3%       0 3694.478s
└Compilers.Reify.Reify -----------------   0.0%  97.3%       0 3694.438s
└Compilers.Reify.Reify' ----------------   0.0%  97.3%       0 3693.910s
└Reify.do_reify_abs_goal ---------------   0.0%  97.2%       2 3693.761s
└Reify.reify_abs -----------------------  97.2%  97.2%       0 3693.269s

Fatal error: out of memory.
Command exited with non-zero status 2
src/Specific/montgomery32_2e266m3_9limbs/femul.vo (real: 3839.16, user: 3820.93, sys: 18.09, mem: 52534740 ko)
Makefile.coq:658: recipe for target 'src/Specific/montgomery32_2e266m3_9limbs/femul.vo' failed
make: *** [src/Specific/montgomery32_2e266m3_9limbs/femul.vo] Error 2
make: Target 'src/Specific/montgomery32_2e266m3_9limbs/femulDisplay.log' not remade because of errors.
make: 'src/Specific/montgomery32_2e266m3_9limbs/fenzDisplay.log' is up to date.
make: 'src/Specific/montgomery32_2e285m9_9limbs/feaddDisplay.log' is up to date.
TIMEOUT -m 60000000 COQC src/Specific/montgomery32_2e285m9_9limbs/femul.v
Fatal error: out of memory.
Command exited with non-zero status 2
src/Specific/montgomery32_2e285m9_9limbs/femul.vo (real: 3809.95, user: 3784.68, sys: 20.72, mem: 52536720 ko)
Makefile.coq:658: recipe for target 'src/Specific/montgomery32_2e285m9_9limbs/femul.vo' failed
make: *** [src/Specific/montgomery32_2e285m9_9limbs/femul.vo] Error 2
make: Target 'src/Specific/montgomery32_2e285m9_9limbs/femulDisplay.log' not remade because of errors.
make: 'src/Specific/montgomery32_2e285m9_9limbs/fenzDisplay.log' is up to date.
make: 'src/Specific/montgomery32_2e291m19_10limbs/feaddDisplay.log' is up to date.
TIMEOUT -m 60000000 COQC src/Specific/montgomery32_2e291m19_10limbs/femul.v
Finished failing transaction in 4082.716 secs (4066.644u,16.035s) (failure)
File "./src/Specific/montgomery32_2e291m19_10limbs/femul.v", line 10, characters 2-25:
Error: Out of memory.

Command exited with non-zero status 1
src/Specific/montgomery32_2e291m19_10limbs/femul.vo (real: 4085.98, user: 4067.76, sys: 18.18, mem: 52556432 ko)
Makefile.coq:658: recipe for target 'src/Specific/montgomery32_2e291m19_10limbs/femul.vo' failed
make: *** [src/Specific/montgomery32_2e291m19_10limbs/femul.vo] Error 1
make: Target 'src/Specific/montgomery32_2e291m19_10limbs/femulDisplay.log' not remade because of errors.
make: 'src/Specific/montgomery32_2e291m19_10limbs/fenzDisplay.log' is up to date.
make: 'src/Specific/montgomery32_2e321m9_11limbs/feaddDisplay.log' is up to date.
TIMEOUT -m 60000000 COQC src/Specific/montgomery32_2e321m9_11limbs/femul.v
Finished failing transaction in 3815.955 secs (3792.277u,19.164s) (failure)
File "./src/Specific/montgomery32_2e321m9_11limbs/femul.v", line 10, characters 2-25:
Error: Out of memory.

Command exited with non-zero status 1
src/Specific/montgomery32_2e321m9_11limbs/femul.vo (real: 3819.22, user: 3793.43, sys: 21.26, mem: 52543968 ko)
Makefile.coq:658: recipe for target 'src/Specific/montgomery32_2e321m9_11limbs/femul.vo' failed
make: *** [src/Specific/montgomery32_2e321m9_11limbs/femul.vo] Error 1
make: Target 'src/Specific/montgomery32_2e321m9_11limbs/femulDisplay.log' not remade because of errors.
make: 'src/Specific/montgomery32_2e321m9_11limbs/fenzDisplay.log' is up to date.
make: 'src/Specific/montgomery32_2e322m2e161m1_11limbs/feaddDisplay.log' is up to date.
TIMEOUT -m 60000000 COQC src/Specific/montgomery32_2e322m2e161m1_11limbs/femul.v
Finished failing transaction in 3814.776 secs (3799.159u,15.519s) (failure)
File "./src/Specific/montgomery32_2e322m2e161m1_11limbs/femul.v", line 10, characters 2-25:
Error: Out of memory.

Command exited with non-zero status 1
src/Specific/montgomery32_2e322m2e161m1_11limbs/femul.vo (real: 3818.05, user: 3800.31, sys: 17.64, mem: 52545328 ko)
Makefile.coq:658: recipe for target 'src/Specific/montgomery32_2e322m2e161m1_11limbs/femul.vo' failed
make: *** [src/Specific/montgomery32_2e322m2e161m1_11limbs/femul.vo] Error 1
make: Target 'src/Specific/montgomery32_2e322m2e161m1_11limbs/femulDisplay.log' not remade because of errors.
make: 'src/Specific/montgomery32_2e322m2e161m1_11limbs/fenzDisplay.log' is up to date.
make: 'src/Specific/montgomery32_2e336m17_11limbs/feaddDisplay.log' is up to date.
TIMEOUT -m 60000000 COQC src/Specific/montgomery32_2e336m17_11limbs/femul.v
Finished failing transaction in 3775.62 secs (3759.96u,15.631s) (failure)
File "./src/Specific/montgomery32_2e336m17_11limbs/femul.v", line 10, characters 2-25:
Error: Out of memory.

Command exited with non-zero status 1
src/Specific/montgomery32_2e336m17_11limbs/femul.vo (real: 3778.88, user: 3761.07, sys: 17.77, mem: 52543904 ko)
Makefile.coq:658: recipe for target 'src/Specific/montgomery32_2e336m17_11limbs/femul.vo' failed
make: *** [src/Specific/montgomery32_2e336m17_11limbs/femul.vo] Error 1
make: Target 'src/Specific/montgomery32_2e336m17_11limbs/femulDisplay.log' not remade because of errors.
make: 'src/Specific/montgomery32_2e336m17_11limbs/fenzDisplay.log' is up to date.
make: 'src/Specific/montgomery32_2e336m3_11limbs/feaddDisplay.log' is up to date.
TIMEOUT -m 60000000 COQC src/Specific/montgomery32_2e336m3_11limbs/femul.v
Finished failing transaction in 3873.571 secs (3851.721u,17.927s) (failure)
File "./src/Specific/montgomery32_2e336m3_11limbs/femul.v", line 10, characters 2-25:
Error: Out of memory.

Command exited with non-zero status 1
src/Specific/montgomery32_2e336m3_11limbs/femul.vo (real: 3876.94, user: 3852.86, sys: 20.14, mem: 52543988 ko)
Makefile.coq:658: recipe for target 'src/Specific/montgomery32_2e336m3_11limbs/femul.vo' failed
make: *** [src/Specific/montgomery32_2e336m3_11limbs/femul.vo] Error 1
make: Target 'src/Specific/montgomery32_2e336m3_11limbs/femulDisplay.log' not remade because of errors.
make: 'src/Specific/montgomery32_2e336m3_11limbs/fenzDisplay.log' is up to date.
make: 'src/Specific/montgomery32_2e338m15_11limbs/feaddDisplay.log' is up to date.
TIMEOUT -m 60000000 COQC src/Specific/montgomery32_2e338m15_11limbs/femul.v
Finished failing transaction in 3383.054 secs (3350.178u,17.399s) (failure)
File "./src/Specific/montgomery32_2e338m15_11limbs/femul.v", line 10, characters 2-25:
Error: Out of memory.

Command exited with non-zero status 1
src/Specific/montgomery32_2e338m15_11limbs/femul.vo (real: 3386.46, user: 3351.26, sys: 19.70, mem: 52543804 ko)
Makefile.coq:658: recipe for target 'src/Specific/montgomery32_2e338m15_11limbs/femul.vo' failed
make: *** [src/Specific/montgomery32_2e338m15_11limbs/femul.vo] Error 1
make: Target 'src/Specific/montgomery32_2e338m15_11limbs/femulDisplay.log' not remade because of errors.
make: 'src/Specific/montgomery32_2e338m15_11limbs/fenzDisplay.log' is up to date.
make: 'src/Specific/montgomery32_2e369m25_12limbs/feaddDisplay.log' is up to date.
TIMEOUT -m 60000000 COQC src/Specific/montgomery32_2e369m25_12limbs/femul.v
Finished failing transaction in 2873.221 secs (2852.741u,17.035s) (failure)
File "./src/Specific/montgomery32_2e369m25_12limbs/femul.v", line 10, characters 2-25:
Error: Out of memory.

Command exited with non-zero status 1
src/Specific/montgomery32_2e369m25_12limbs/femul.vo (real: 2876.27, user: 2853.82, sys: 18.99, mem: 52543080 ko)
Makefile.coq:658: recipe for target 'src/Specific/montgomery32_2e369m25_12limbs/femul.vo' failed
make: *** [src/Specific/montgomery32_2e369m25_12limbs/femul.vo] Error 1
make: Target 'src/Specific/montgomery32_2e369m25_12limbs/femulDisplay.log' not remade because of errors.
make: 'src/Specific/montgomery32_2e369m25_12limbs/fenzDisplay.log' is up to date.
make: 'src/Specific/montgomery32_2e379m19_12limbs/feaddDisplay.log' is up to date.
TIMEOUT -m 60000000 COQC src/Specific/montgomery32_2e379m19_12limbs/femul.v
Finished failing transaction in 2865.592 secs (2844.306u,17.887s) (failure)
File "./src/Specific/montgomery32_2e379m19_12limbs/femul.v", line 10, characters 2-25:
Error: Out of memory.

Command exited with non-zero status 1
src/Specific/montgomery32_2e379m19_12limbs/femul.vo (real: 2868.63, user: 2845.35, sys: 19.86, mem: 52542880 ko)
Makefile.coq:658: recipe for target 'src/Specific/montgomery32_2e379m19_12limbs/femul.vo' failed
make: *** [src/Specific/montgomery32_2e379m19_12limbs/femul.vo] Error 1
make: Target 'src/Specific/montgomery32_2e379m19_12limbs/femulDisplay.log' not remade because of errors.
make: 'src/Specific/montgomery32_2e379m19_12limbs/fenzDisplay.log' is up to date.
make: 'src/Specific/montgomery32_2e382m105_12limbs/feaddDisplay.log' is up to date.
TIMEOUT -m 60000000 COQC src/Specific/montgomery32_2e382m105_12limbs/femul.v
Finished failing transaction in 3475.84 secs (3459.722u,16.043s) (failure)
File "./src/Specific/montgomery32_2e382m105_12limbs/femul.v", line 10, characters 2-25:
Error: Out of memory.

Command exited with non-zero status 1
src/Specific/montgomery32_2e382m105_12limbs/femul.vo (real: 3479.17, user: 3460.84, sys: 18.25, mem: 52555796 ko)
Makefile.coq:658: recipe for target 'src/Specific/montgomery32_2e382m105_12limbs/femul.vo' failed
make: *** [src/Specific/montgomery32_2e382m105_12limbs/femul.vo] Error 1
make: Target 'src/Specific/montgomery32_2e382m105_12limbs/femulDisplay.log' not remade because of errors.
make: 'src/Specific/montgomery32_2e382m105_12limbs/fenzDisplay.log' is up to date.
make: 'src/Specific/montgomery32_2e383m187_12limbs/feaddDisplay.log' is up to date.
TIMEOUT -m 60000000 COQC src/Specific/montgomery32_2e383m187_12limbs/femul.v
Finished failing transaction in 3493.111 secs (3477.252u,15.824s) (failure)
File "./src/Specific/montgomery32_2e383m187_12limbs/femul.v", line 10, characters 2-25:
Error: Out of memory.

Command exited with non-zero status 1
src/Specific/montgomery32_2e383m187_12limbs/femul.vo (real: 3496.44, user: 3478.38, sys: 18.02, mem: 52555772 ko)
Makefile.coq:658: recipe for target 'src/Specific/montgomery32_2e383m187_12limbs/femul.vo' failed
make: *** [src/Specific/montgomery32_2e383m187_12limbs/femul.vo] Error 1
make: Target 'src/Specific/montgomery32_2e383m187_12limbs/femulDisplay.log' not remade because of errors.
make: 'src/Specific/montgomery32_2e383m187_12limbs/fenzDisplay.log' is up to date.
make: 'src/Specific/montgomery32_2e383m31_12limbs/feaddDisplay.log' is up to date.
TIMEOUT -m 60000000 COQC src/Specific/montgomery32_2e383m31_12limbs/femul.v
Finished failing transaction in 2837.961 secs (2822.325u,15.605s) (failure)
File "./src/Specific/montgomery32_2e383m31_12limbs/femul.v", line 10, characters 2-25:
Error: Out of memory.

Command exited with non-zero status 1
src/Specific/montgomery32_2e383m31_12limbs/femul.vo (real: 2841.00, user: 2823.37, sys: 17.59, mem: 52555812 ko)
Makefile.coq:658: recipe for target 'src/Specific/montgomery32_2e383m31_12limbs/femul.vo' failed
make: *** [src/Specific/montgomery32_2e383m31_12limbs/femul.vo] Error 1
make: Target 'src/Specific/montgomery32_2e383m31_12limbs/femulDisplay.log' not remade because of errors.
make: 'src/Specific/montgomery32_2e383m31_12limbs/fenzDisplay.log' is up to date.
make: 'src/Specific/montgomery32_2e383m421_12limbs/feaddDisplay.log' is up to date.
TIMEOUT -m 60000000 COQC src/Specific/montgomery32_2e383m421_12limbs/femul.v
Finished failing transaction in 3494.134 secs (3477.711u,16.392s) (failure)
File "./src/Specific/montgomery32_2e383m421_12limbs/femul.v", line 10, characters 2-25:
Error: Out of memory.

Command exited with non-zero status 1
src/Specific/montgomery32_2e383m421_12limbs/femul.vo (real: 3497.45, user: 3478.78, sys: 18.63, mem: 52555684 ko)
Makefile.coq:658: recipe for target 'src/Specific/montgomery32_2e383m421_12limbs/femul.vo' failed
make: *** [src/Specific/montgomery32_2e383m421_12limbs/femul.vo] Error 1
make: Target 'src/Specific/montgomery32_2e383m421_12limbs/femulDisplay.log' not remade because of errors.
make: 'src/Specific/montgomery32_2e383m421_12limbs/fenzDisplay.log' is up to date.
make: 'src/Specific/montgomery32_2e384m2e128m2e96p2e32m1_12limbs/feaddDisplay.log' is up to date.
TIMEOUT -m 60000000 COQC src/Specific/montgomery32_2e384m2e128m2e96p2e32m1_12limbs/femul.v
Finished failing transaction in 3513.5 secs (3497.766u,15.707s) (failure)
File "./src/Specific/montgomery32_2e384m2e128m2e96p2e32m1_12limbs/femul.v", line 10, characters 2-25:
Error: Out of memory.

Command exited with non-zero status 1
src/Specific/montgomery32_2e384m2e128m2e96p2e32m1_12limbs/femul.vo (real: 3516.82, user: 3498.93, sys: 17.86, mem: 52543580 ko)
Makefile.coq:658: recipe for target 'src/Specific/montgomery32_2e384m2e128m2e96p2e32m1_12limbs/femul.vo' failed
make: *** [src/Specific/montgomery32_2e384m2e128m2e96p2e32m1_12limbs/femul.vo] Error 1
make: Target 'src/Specific/montgomery32_2e384m2e128m2e96p2e32m1_12limbs/femulDisplay.log' not remade because of errors.
make: 'src/Specific/montgomery32_2e384m2e128m2e96p2e32m1_12limbs/fenzDisplay.log' is up to date.
make: 'src/Specific/montgomery32_2e384m317_12limbs/feaddDisplay.log' is up to date.
TIMEOUT -m 60000000 COQC src/Specific/montgomery32_2e384m317_12limbs/femul.v
Finished failing transaction in 3484.308 secs (3467.673u,16.599s) (failure)
File "./src/Specific/montgomery32_2e384m317_12limbs/femul.v", line 10, characters 2-25:
Error: Out of memory.

Command exited with non-zero status 1
src/Specific/montgomery32_2e384m317_12limbs/femul.vo (real: 3487.63, user: 3468.84, sys: 18.74, mem: 52555892 ko)
Makefile.coq:658: recipe for target 'src/Specific/montgomery32_2e384m317_12limbs/femul.vo' failed
make: *** [src/Specific/montgomery32_2e384m317_12limbs/femul.vo] Error 1
make: Target 'src/Specific/montgomery32_2e384m317_12limbs/femulDisplay.log' not remade because of errors.
make: 'src/Specific/montgomery32_2e384m317_12limbs/fenzDisplay.log' is up to date.
make: 'src/Specific/montgomery32_2e384m5x2e368m1_12limbs/feaddDisplay.log' is up to date.
TIMEOUT -m 60000000 COQC src/Specific/montgomery32_2e384m5x2e368m1_12limbs/femul.v
Finished failing transaction in 3153.899 secs (3137.029u,16.235s) (failure)
File "./src/Specific/montgomery32_2e384m5x2e368m1_12limbs/femul.v", line 10, characters 2-25:
Error: Out of memory.

Command exited with non-zero status 1
src/Specific/montgomery32_2e384m5x2e368m1_12limbs/femul.vo (real: 3157.04, user: 3138.12, sys: 18.27, mem: 52543324 ko)
Makefile.coq:658: recipe for target 'src/Specific/montgomery32_2e384m5x2e368m1_12limbs/femul.vo' failed
make: *** [src/Specific/montgomery32_2e384m5x2e368m1_12limbs/femul.vo] Error 1
make: Target 'src/Specific/montgomery32_2e384m5x2e368m1_12limbs/femulDisplay.log' not remade because of errors.
make: 'src/Specific/montgomery32_2e384m5x2e368m1_12limbs/fenzDisplay.log' is up to date.
make: 'src/Specific/montgomery32_2e384m79x2e376m1_12limbs/feaddDisplay.log' is up to date.
TIMEOUT -m 60000000 COQC src/Specific/montgomery32_2e384m79x2e376m1_12limbs/femul.v
Finished failing transaction in 3511.854 secs (3489.979u,18.161s) (failure)
File "./src/Specific/montgomery32_2e384m79x2e376m1_12limbs/femul.v", line 10, characters 2-25:
Error: Out of memory.

Command exited with non-zero status 1
src/Specific/montgomery32_2e384m79x2e376m1_12limbs/femul.vo (real: 3515.18, user: 3491.11, sys: 20.33, mem: 52543140 ko)
Makefile.coq:658: recipe for target 'src/Specific/montgomery32_2e384m79x2e376m1_12limbs/femul.vo' failed
make: *** [src/Specific/montgomery32_2e384m79x2e376m1_12limbs/femul.vo] Error 1
make: Target 'src/Specific/montgomery32_2e384m79x2e376m1_12limbs/femulDisplay.log' not remade because of errors.
make: 'src/Specific/montgomery32_2e384m79x2e376m1_12limbs/fenzDisplay.log' is up to date.
make: 'src/Specific/montgomery32_2e389m21_13limbs/feaddDisplay.log' is up to date.
TIMEOUT -m 60000000 COQC src/Specific/montgomery32_2e389m21_13limbs/femul.v
Finished failing transaction in 3270.119 secs (3253.851u,16.251s) (failure)
File "./src/Specific/montgomery32_2e389m21_13limbs/femul.v", line 10, characters 2-25:
Error: Out of memory.

Command exited with non-zero status 1
src/Specific/montgomery32_2e389m21_13limbs/femul.vo (real: 3273.48, user: 3254.98, sys: 18.47, mem: 52556780 ko)
Makefile.coq:658: recipe for target 'src/Specific/montgomery32_2e389m21_13limbs/femul.vo' failed
make: *** [src/Specific/montgomery32_2e389m21_13limbs/femul.vo] Error 1
make: Target 'src/Specific/montgomery32_2e389m21_13limbs/femulDisplay.log' not remade because of errors.
make: 'src/Specific/montgomery32_2e389m21_13limbs/fenzDisplay.log' is up to date.
make: 'src/Specific/montgomery32_2e401m31_13limbs/feaddDisplay.log' is up to date.
TIMEOUT -m 60000000 COQC src/Specific/montgomery32_2e401m31_13limbs/femul.v
Finished failing transaction in 2681.71 secs (2666.12u,15.576s) (failure)
File "./src/Specific/montgomery32_2e401m31_13limbs/femul.v", line 10, characters 2-25:
Error: Out of memory.

Command exited with non-zero status 1
src/Specific/montgomery32_2e401m31_13limbs/femul.vo (real: 2684.76, user: 2667.19, sys: 17.55, mem: 52550764 ko)
Makefile.coq:658: recipe for target 'src/Specific/montgomery32_2e401m31_13limbs/femul.vo' failed
make: *** [src/Specific/montgomery32_2e401m31_13limbs/femul.vo] Error 1
make: Target 'src/Specific/montgomery32_2e401m31_13limbs/femulDisplay.log' not remade because of errors.
make: 'src/Specific/montgomery32_2e401m31_13limbs/fenzDisplay.log' is up to date.
make: 'src/Specific/montgomery32_2e413m21_13limbs/feaddDisplay.log' is up to date.
TIMEOUT -m 60000000 COQC src/Specific/montgomery32_2e413m21_13limbs/femul.v
Finished failing transaction in 2779.746 secs (2764.011u,15.707s) (failure)
File "./src/Specific/montgomery32_2e413m21_13limbs/femul.v", line 10, characters 2-25:
Error: Out of memory.

Command exited with non-zero status 1
src/Specific/montgomery32_2e413m21_13limbs/femul.vo (real: 2783.01, user: 2765.05, sys: 17.92, mem: 52557052 ko)
Makefile.coq:658: recipe for target 'src/Specific/montgomery32_2e413m21_13limbs/femul.vo' failed
make: *** [src/Specific/montgomery32_2e413m21_13limbs/femul.vo] Error 1
make: Target 'src/Specific/montgomery32_2e413m21_13limbs/femulDisplay.log' not remade because of errors.
make: 'src/Specific/montgomery32_2e413m21_13limbs/fenzDisplay.log' is up to date.
make: 'src/Specific/montgomery32_2e414m17_13limbs/feaddDisplay.log' is up to date.
TIMEOUT -m 60000000 COQC src/Specific/montgomery32_2e414m17_13limbs/femul.v
Finished failing transaction in 3211.738 secs (3193.069u,17.079s) (failure)
File "./src/Specific/montgomery32_2e414m17_13limbs/femul.v", line 10, characters 2-25:
Error: Out of memory.

Command exited with non-zero status 1
src/Specific/montgomery32_2e414m17_13limbs/femul.vo (real: 3215.02, user: 3194.17, sys: 19.25, mem: 52556924 ko)
Makefile.coq:658: recipe for target 'src/Specific/montgomery32_2e414m17_13limbs/femul.vo' failed
make: *** [src/Specific/montgomery32_2e414m17_13limbs/femul.vo] Error 1
make: Target 'src/Specific/montgomery32_2e414m17_13limbs/femulDisplay.log' not remade because of errors.
make: 'src/Specific/montgomery32_2e414m17_13limbs/fenzDisplay.log' is up to date.
make: 'src/Specific/montgomery32_2e416m2e208m1_13limbs/feaddDisplay.log' is up to date.
TIMEOUT -m 60000000 COQC src/Specific/montgomery32_2e416m2e208m1_13limbs/femul.v
Finished failing transaction in 2660.348 secs (2645.237u,15.092s) (failure)
File "./src/Specific/montgomery32_2e416m2e208m1_13limbs/femul.v", line 10, characters 2-25:
Error: Out of memory.

Command exited with non-zero status 1
src/Specific/montgomery32_2e416m2e208m1_13limbs/femul.vo (real: 2663.40, user: 2646.29, sys: 17.08, mem: 52558200 ko)
Makefile.coq:658: recipe for target 'src/Specific/montgomery32_2e416m2e208m1_13limbs/femul.vo' failed
make: *** [src/Specific/montgomery32_2e416m2e208m1_13limbs/femul.vo] Error 1
make: Target 'src/Specific/montgomery32_2e416m2e208m1_13limbs/femulDisplay.log' not remade because of errors.
make: 'src/Specific/montgomery32_2e416m2e208m1_13limbs/fenzDisplay.log' is up to date.
make: 'src/Specific/montgomery32_2e444m17_14limbs/feaddDisplay.log' is up to date.
TIMEOUT -m 60000000 COQC src/Specific/montgomery32_2e444m17_14limbs/femul.v
Finished failing transaction in 2773.815 secs (2757.767u,15.975s) (failure)
File "./src/Specific/montgomery32_2e444m17_14limbs/femul.v", line 10, characters 2-25:
Error: Out of memory.

Command exited with non-zero status 1
src/Specific/montgomery32_2e444m17_14limbs/femul.vo (real: 2776.89, user: 2758.83, sys: 17.97, mem: 53261044 ko)
Makefile.coq:658: recipe for target 'src/Specific/montgomery32_2e444m17_14limbs/femul.vo' failed
make: *** [src/Specific/montgomery32_2e444m17_14limbs/femul.vo] Error 1
make: Target 'src/Specific/montgomery32_2e444m17_14limbs/femulDisplay.log' not remade because of errors.
make: 'src/Specific/montgomery32_2e444m17_14limbs/fenzDisplay.log' is up to date.
make: 'src/Specific/montgomery32_2e448m2e224m1_14limbs/feaddDisplay.log' is up to date.
TIMEOUT -m 60000000 COQC src/Specific/montgomery32_2e448m2e224m1_14limbs/femul.v
Finished failing transaction in 2801.14 secs (2783.687u,17.44s) (failure)
File "./src/Specific/montgomery32_2e448m2e224m1_14limbs/femul.v", line 10, characters 2-25:
Error: Out of memory.

Command exited with non-zero status 1
src/Specific/montgomery32_2e448m2e224m1_14limbs/femul.vo (real: 2804.23, user: 2784.75, sys: 19.47, mem: 53778704 ko)
Makefile.coq:658: recipe for target 'src/Specific/montgomery32_2e448m2e224m1_14limbs/femul.vo' failed
make: *** [src/Specific/montgomery32_2e448m2e224m1_14limbs/femul.vo] Error 1
make: Target 'src/Specific/montgomery32_2e448m2e224m1_14limbs/femulDisplay.log' not remade because of errors.
make: 'src/Specific/montgomery32_2e448m2e224m1_14limbs/fenzDisplay.log' is up to date.
make: 'src/Specific/montgomery32_2e450m2e225m1_15limbs/feaddDisplay.log' is up to date.
TIMEOUT -m 60000000 COQC src/Specific/montgomery32_2e450m2e225m1_15limbs/femul.v
Finished failing transaction in 2865.172 secs (2848.959u,16.142s) (failure)
File "./src/Specific/montgomery32_2e450m2e225m1_15limbs/femul.v", line 10, characters 2-25:
Error: Out of memory.

Command exited with non-zero status 1
src/Specific/montgomery32_2e450m2e225m1_15limbs/femul.vo (real: 2868.34, user: 2850.00, sys: 18.25, mem: 55316160 ko)
Makefile.coq:658: recipe for target 'src/Specific/montgomery32_2e450m2e225m1_15limbs/femul.vo' failed
make: *** [src/Specific/montgomery32_2e450m2e225m1_15limbs/femul.vo] Error 1
make: Target 'src/Specific/montgomery32_2e450m2e225m1_15limbs/femulDisplay.log' not remade because of errors.
make: 'src/Specific/montgomery32_2e450m2e225m1_15limbs/fenzDisplay.log' is up to date.
make: 'src/Specific/montgomery32_2e452m3_15limbs/feaddDisplay.log' is up to date.
TIMEOUT -m 60000000 COQC src/Specific/montgomery32_2e452m3_15limbs/femul.v
Finished failing transaction in 2790.837 secs (2773.36u,17.464s) (failure)
File "./src/Specific/montgomery32_2e452m3_15limbs/femul.v", line 10, characters 2-25:
Error: Out of memory.

Command exited with non-zero status 1
src/Specific/montgomery32_2e452m3_15limbs/femul.vo (real: 2794.31, user: 2774.52, sys: 19.53, mem: 54784780 ko)
Makefile.coq:658: recipe for target 'src/Specific/montgomery32_2e452m3_15limbs/femul.vo' failed
make: *** [src/Specific/montgomery32_2e452m3_15limbs/femul.vo] Error 1
make: Target 'src/Specific/montgomery32_2e452m3_15limbs/femulDisplay.log' not remade because of errors.
make: 'src/Specific/montgomery32_2e452m3_15limbs/fenzDisplay.log' is up to date.
make: 'src/Specific/montgomery32_2e468m17_15limbs/feaddDisplay.log' is up to date.
TIMEOUT -m 60000000 COQC src/Specific/montgomery32_2e468m17_15limbs/femul.v
Finished failing transaction in 3297.439 secs (3279.411u,18.007s) (failure)
File "./src/Specific/montgomery32_2e468m17_15limbs/femul.v", line 10, characters 2-25:
Error: Out of memory.

Command exited with non-zero status 1
src/Specific/montgomery32_2e468m17_15limbs/femul.vo (real: 3300.80, user: 3280.48, sys: 20.27, mem: 54794792 ko)
Makefile.coq:658: recipe for target 'src/Specific/montgomery32_2e468m17_15limbs/femul.vo' failed
make: *** [src/Specific/montgomery32_2e468m17_15limbs/femul.vo] Error 1
make: Target 'src/Specific/montgomery32_2e468m17_15limbs/femulDisplay.log' not remade because of errors.
make: 'src/Specific/montgomery32_2e468m17_15limbs/fenzDisplay.log' is up to date.
make: 'src/Specific/montgomery32_2e480m2e240m1_15limbs/feaddDisplay.log' is up to date.
TIMEOUT -m 60000000 COQC src/Specific/montgomery32_2e480m2e240m1_15limbs/femul.v
Finished failing transaction in 2721.681 secs (2704.98u,16.689s) (failure)
File "./src/Specific/montgomery32_2e480m2e240m1_15limbs/femul.v", line 10, characters 2-25:
Error: Out of memory.

Command exited with non-zero status 1
src/Specific/montgomery32_2e480m2e240m1_15limbs/femul.vo (real: 2724.81, user: 2706.12, sys: 18.65, mem: 55328556 ko)
Makefile.coq:658: recipe for target 'src/Specific/montgomery32_2e480m2e240m1_15limbs/femul.vo' failed
make: *** [src/Specific/montgomery32_2e480m2e240m1_15limbs/femul.vo] Error 1
make: Target 'src/Specific/montgomery32_2e480m2e240m1_15limbs/femulDisplay.log' not remade because of errors.
make: 'src/Specific/montgomery32_2e480m2e240m1_15limbs/fenzDisplay.log' is up to date.
make: 'src/Specific/montgomery32_2e488m17_16limbs/feaddDisplay.log' is up to date.
TIMEOUT -m 60000000 COQC src/Specific/montgomery32_2e488m17_16limbs/femul.v
Finished failing transaction in 3085.242 secs (3069.84u,15.384s) (failure)
File "./src/Specific/montgomery32_2e488m17_16limbs/femul.v", line 10, characters 2-25:
Error: Out of memory.

Command exited with non-zero status 1
src/Specific/montgomery32_2e488m17_16limbs/femul.vo (real: 3088.45, user: 3070.88, sys: 17.55, mem: 56539616 ko)
Makefile.coq:658: recipe for target 'src/Specific/montgomery32_2e488m17_16limbs/femul.vo' failed
make: *** [src/Specific/montgomery32_2e488m17_16limbs/femul.vo] Error 1
make: Target 'src/Specific/montgomery32_2e488m17_16limbs/femulDisplay.log' not remade because of errors.
make: 'src/Specific/montgomery32_2e488m17_16limbs/fenzDisplay.log' is up to date.
make: 'src/Specific/montgomery32_2e489m21_16limbs/feaddDisplay.log' is up to date.
TIMEOUT -m 60000000 COQC src/Specific/montgomery32_2e489m21_16limbs/femul.v
Finished failing transaction in 2526.212 secs (2510.905u,15.291s) (failure)
File "./src/Specific/montgomery32_2e489m21_16limbs/femul.v", line 10, characters 2-25:
Error: Out of memory.

Command exited with non-zero status 1
src/Specific/montgomery32_2e489m21_16limbs/femul.vo (real: 2529.27, user: 2511.99, sys: 17.23, mem: 56550132 ko)
Makefile.coq:658: recipe for target 'src/Specific/montgomery32_2e489m21_16limbs/femul.vo' failed
make: *** [src/Specific/montgomery32_2e489m21_16limbs/femul.vo] Error 1
make: Target 'src/Specific/montgomery32_2e489m21_16limbs/femulDisplay.log' not remade because of errors.
make: 'src/Specific/montgomery32_2e489m21_16limbs/fenzDisplay.log' is up to date.
make: 'src/Specific/montgomery32_2e495m31_16limbs/feaddDisplay.log' is up to date.
TIMEOUT -m 60000000 COQC src/Specific/montgomery32_2e495m31_16limbs/femul.v
Finished failing transaction in 3085.609 secs (3070.172u,15.415s) (failure)
File "./src/Specific/montgomery32_2e495m31_16limbs/femul.v", line 10, characters 2-25:
Error: Out of memory.

Command exited with non-zero status 1
src/Specific/montgomery32_2e495m31_16limbs/femul.vo (real: 3088.85, user: 3071.22, sys: 17.57, mem: 56543972 ko)
Makefile.coq:658: recipe for target 'src/Specific/montgomery32_2e495m31_16limbs/femul.vo' failed
make: *** [src/Specific/montgomery32_2e495m31_16limbs/femul.vo] Error 1
make: Target 'src/Specific/montgomery32_2e495m31_16limbs/femulDisplay.log' not remade because of errors.
make: 'src/Specific/montgomery32_2e495m31_16limbs/fenzDisplay.log' is up to date.
make: 'src/Specific/montgomery32_2e510m290x2e496m1_16limbs/feaddDisplay.log' is up to date.
TIMEOUT -m 60000000 COQC src/Specific/montgomery32_2e510m290x2e496m1_16limbs/femul.v
Finished failing transaction in 3304.246 secs (3288.524u,15.691s) (failure)
File "./src/Specific/montgomery32_2e510m290x2e496m1_16limbs/femul.v", line 10, characters 2-25:
Error: Out of memory.

Command exited with non-zero status 1
src/Specific/montgomery32_2e510m290x2e496m1_16limbs/femul.vo (real: 3307.47, user: 3289.57, sys: 17.86, mem: 56619472 ko)
Makefile.coq:658: recipe for target 'src/Specific/montgomery32_2e510m290x2e496m1_16limbs/femul.vo' failed
make: *** [src/Specific/montgomery32_2e510m290x2e496m1_16limbs/femul.vo] Error 1
make: Target 'src/Specific/montgomery32_2e510m290x2e496m1_16limbs/femulDisplay.log' not remade because of errors.
make: 'src/Specific/montgomery32_2e510m290x2e496m1_16limbs/fenzDisplay.log' is up to date.
make: 'src/Specific/montgomery32_2e511m187_16limbs/feaddDisplay.log' is up to date.
TIMEOUT -m 60000000 COQC src/Specific/montgomery32_2e511m187_16limbs/femul.v
Finished failing transaction in 3255.773 secs (3240.193u,15.56s) (failure)
File "./src/Specific/montgomery32_2e511m187_16limbs/femul.v", line 10, characters 2-25:
Error: Out of memory.

Command exited with non-zero status 1
src/Specific/montgomery32_2e511m187_16limbs/femul.vo (real: 3259.03, user: 3241.23, sys: 17.73, mem: 56567556 ko)
Makefile.coq:658: recipe for target 'src/Specific/montgomery32_2e511m187_16limbs/femul.vo' failed
make: *** [src/Specific/montgomery32_2e511m187_16limbs/femul.vo] Error 1
make: Target 'src/Specific/montgomery32_2e511m187_16limbs/femulDisplay.log' not remade because of errors.
make: 'src/Specific/montgomery32_2e511m187_16limbs/fenzDisplay.log' is up to date.
make: 'src/Specific/montgomery32_2e511m481_16limbs/feaddDisplay.log' is up to date.
TIMEOUT -m 60000000 COQC src/Specific/montgomery32_2e511m481_16limbs/femul.v
Finished failing transaction in 3344.3 secs (3328.513u,15.744s) (failure)
File "./src/Specific/montgomery32_2e511m481_16limbs/femul.v", line 10, characters 2-25:
Error: Out of memory.

Command exited with non-zero status 1
src/Specific/montgomery32_2e511m481_16limbs/femul.vo (real: 3347.61, user: 3329.51, sys: 18.02, mem: 56568008 ko)
Makefile.coq:658: recipe for target 'src/Specific/montgomery32_2e511m481_16limbs/femul.vo' failed
make: *** [src/Specific/montgomery32_2e511m481_16limbs/femul.vo] Error 1
make: Target 'src/Specific/montgomery32_2e511m481_16limbs/femulDisplay.log' not remade because of errors.
make: 'src/Specific/montgomery32_2e511m481_16limbs/fenzDisplay.log' is up to date.
make: 'src/Specific/montgomery32_2e512m491x2e496m1_16limbs/feaddDisplay.log' is up to date.
TIMEOUT -m 60000000 COQC src/Specific/montgomery32_2e512m491x2e496m1_16limbs/femul.v
Finished failing transaction in 2616.911 secs (2601.39u,15.497s) (failure)
File "./src/Specific/montgomery32_2e512m491x2e496m1_16limbs/femul.v", line 10, characters 2-25:
Error: Out of memory.

Command exited with non-zero status 1
src/Specific/montgomery32_2e512m491x2e496m1_16limbs/femul.vo (real: 2620.24, user: 2602.43, sys: 17.52, mem: 56607620 ko)
Makefile.coq:658: recipe for target 'src/Specific/montgomery32_2e512m491x2e496m1_16limbs/femul.vo' failed
make: *** [src/Specific/montgomery32_2e512m491x2e496m1_16limbs/femul.vo] Error 1
make: Target 'src/Specific/montgomery32_2e512m491x2e496m1_16limbs/femulDisplay.log' not remade because of errors.
make: 'src/Specific/montgomery32_2e512m491x2e496m1_16limbs/fenzDisplay.log' is up to date.
make: 'src/Specific/montgomery32_2e512m569_16limbs/feaddDisplay.log' is up to date.
TIMEOUT -m 60000000 COQC src/Specific/montgomery32_2e512m569_16limbs/femul.v
Finished failing transaction in 3252.148 secs (3236.351u,15.779s) (failure)
File "./src/Specific/montgomery32_2e512m569_16limbs/femul.v", line 10, characters 2-25:
Error: Out of memory.

Command exited with non-zero status 1
src/Specific/montgomery32_2e512m569_16limbs/femul.vo (real: 3255.38, user: 3237.39, sys: 17.94, mem: 56564336 ko)
Makefile.coq:658: recipe for target 'src/Specific/montgomery32_2e512m569_16limbs/femul.vo' failed
make: *** [src/Specific/montgomery32_2e512m569_16limbs/femul.vo] Error 1
make: Target 'src/Specific/montgomery32_2e512m569_16limbs/femulDisplay.log' not remade because of errors.
make: 'src/Specific/montgomery32_2e512m569_16limbs/fenzDisplay.log' is up to date.
make: 'src/Specific/montgomery32_2e521m1_17limbs/feaddDisplay.log' is up to date.
TIMEOUT -m 60000000 COQC src/Specific/montgomery32_2e521m1_17limbs/femul.v
Finished failing transaction in 2496.744 secs (2443.795u,14.417s) (failure)
File "./src/Specific/montgomery32_2e521m1_17limbs/femul.v", line 10, characters 2-25:
Error: Out of memory.

Command exited with non-zero status 1
src/Specific/montgomery32_2e521m1_17limbs/femul.vo (real: 2500.08, user: 2444.83, sys: 16.35, mem: 50982444 ko)
Makefile.coq:658: recipe for target 'src/Specific/montgomery32_2e521m1_17limbs/femul.vo' failed
make: *** [src/Specific/montgomery32_2e521m1_17limbs/femul.vo] Error 1
make: Target 'src/Specific/montgomery32_2e521m1_17limbs/femulDisplay.log' not remade because of errors.
make: 'src/Specific/montgomery32_2e521m1_17limbs/fenzDisplay.log' is up to date.
make: 'src/Specific/montgomery64_2e127m1_2limbs/feaddDisplay.log' is up to date.
make: 'src/Specific/montgomery64_2e127m1_2limbs/femulDisplay.log' is up to date.
make: 'src/Specific/montgomery64_2e127m1_2limbs/fenzDisplay.log' is up to date.
make: 'src/Specific/montgomery64_2e129m25_3limbs/feaddDisplay.log' is up to date.
make: 'src/Specific/montgomery64_2e129m25_3limbs/femulDisplay.log' is up to date.
make: 'src/Specific/montgomery64_2e129m25_3limbs/fenzDisplay.log' is up to date.
make: 'src/Specific/montgomery64_2e130m5_3limbs/feaddDisplay.log' is up to date.
make: 'src/Specific/montgomery64_2e130m5_3limbs/femulDisplay.log' is up to date.
make: 'src/Specific/montgomery64_2e130m5_3limbs/fenzDisplay.log' is up to date.
make: 'src/Specific/montgomery64_2e137m13_3limbs/feaddDisplay.log' is up to date.
make: 'src/Specific/montgomery64_2e137m13_3limbs/femulDisplay.log' is up to date.
make: 'src/Specific/montgomery64_2e137m13_3limbs/fenzDisplay.log' is up to date.
make: 'src/Specific/montgomery64_2e140m27_3limbs/feaddDisplay.log' is up to date.
make: 'src/Specific/montgomery64_2e140m27_3limbs/femulDisplay.log' is up to date.
make: 'src/Specific/montgomery64_2e140m27_3limbs/fenzDisplay.log' is up to date.
make: 'src/Specific/montgomery64_2e141m9_3limbs/feaddDisplay.log' is up to date.
make: 'src/Specific/montgomery64_2e141m9_3limbs/femulDisplay.log' is up to date.
make: 'src/Specific/montgomery64_2e141m9_3limbs/fenzDisplay.log' is up to date.
make: 'src/Specific/montgomery64_2e150m3_3limbs/feaddDisplay.log' is up to date.
make: 'src/Specific/montgomery64_2e150m3_3limbs/femulDisplay.log' is up to date.
make: 'src/Specific/montgomery64_2e150m3_3limbs/fenzDisplay.log' is up to date.
make: 'src/Specific/montgomery64_2e150m5_3limbs/feaddDisplay.log' is up to date.
make: 'src/Specific/montgomery64_2e150m5_3limbs/femulDisplay.log' is up to date.
make: 'src/Specific/montgomery64_2e150m5_3limbs/fenzDisplay.log' is up to date.
make: 'src/Specific/montgomery64_2e152m17_3limbs/feaddDisplay.log' is up to date.
make: 'src/Specific/montgomery64_2e152m17_3limbs/femulDisplay.log' is up to date.
make: 'src/Specific/montgomery64_2e152m17_3limbs/fenzDisplay.log' is up to date.
make: 'src/Specific/montgomery64_2e158m15_3limbs/feaddDisplay.log' is up to date.
make: 'src/Specific/montgomery64_2e158m15_3limbs/femulDisplay.log' is up to date.
make: 'src/Specific/montgomery64_2e158m15_3limbs/fenzDisplay.log' is up to date.
make: 'src/Specific/montgomery64_2e165m25_3limbs/feaddDisplay.log' is up to date.
make: 'src/Specific/montgomery64_2e165m25_3limbs/femulDisplay.log' is up to date.
make: 'src/Specific/montgomery64_2e165m25_3limbs/fenzDisplay.log' is up to date.
make: 'src/Specific/montgomery64_2e166m5_3limbs/feaddDisplay.log' is up to date.
make: 'src/Specific/montgomery64_2e166m5_3limbs/femulDisplay.log' is up to date.
make: 'src/Specific/montgomery64_2e166m5_3limbs/fenzDisplay.log' is up to date.
make: 'src/Specific/montgomery64_2e171m19_3limbs/feaddDisplay.log' is up to date.
make: 'src/Specific/montgomery64_2e171m19_3limbs/femulDisplay.log' is up to date.
make: 'src/Specific/montgomery64_2e171m19_3limbs/fenzDisplay.log' is up to date.
make: 'src/Specific/montgomery64_2e174m17_3limbs/feaddDisplay.log' is up to date.
make: 'src/Specific/montgomery64_2e174m17_3limbs/femulDisplay.log' is up to date.
make: 'src/Specific/montgomery64_2e174m17_3limbs/fenzDisplay.log' is up to date.
make: 'src/Specific/montgomery64_2e174m3_3limbs/feaddDisplay.log' is up to date.
make: 'src/Specific/montgomery64_2e174m3_3limbs/femulDisplay.log' is up to date.
make: 'src/Specific/montgomery64_2e174m3_3limbs/fenzDisplay.log' is up to date.
make: 'src/Specific/montgomery64_2e189m25_3limbs/feaddDisplay.log' is up to date.
make: 'src/Specific/montgomery64_2e189m25_3limbs/femulDisplay.log' is up to date.
make: 'src/Specific/montgomery64_2e189m25_3limbs/fenzDisplay.log' is up to date.
make: 'src/Specific/montgomery64_2e190m11_3limbs/feaddDisplay.log' is up to date.
make: 'src/Specific/montgomery64_2e190m11_3limbs/femulDisplay.log' is up to date.
make: 'src/Specific/montgomery64_2e190m11_3limbs/fenzDisplay.log' is up to date.
make: 'src/Specific/montgomery64_2e191m19_3limbs/feaddDisplay.log' is up to date.
make: 'src/Specific/montgomery64_2e191m19_3limbs/femulDisplay.log' is up to date.
make: 'src/Specific/montgomery64_2e191m19_3limbs/fenzDisplay.log' is up to date.
make: 'src/Specific/montgomery64_2e192m2e64m1_3limbs/feaddDisplay.log' is up to date.
make: 'src/Specific/montgomery64_2e192m2e64m1_3limbs/femulDisplay.log' is up to date.
make: 'src/Specific/montgomery64_2e192m2e64m1_3limbs/fenzDisplay.log' is up to date.
make: 'src/Specific/montgomery64_2e194m33_4limbs/feaddDisplay.log' is up to date.
make: 'src/Specific/montgomery64_2e194m33_4limbs/femulDisplay.log' is up to date.
make: 'src/Specific/montgomery64_2e194m33_4limbs/fenzDisplay.log' is up to date.
make: 'src/Specific/montgomery64_2e196m15_4limbs/feaddDisplay.log' is up to date.
make: 'src/Specific/montgomery64_2e196m15_4limbs/femulDisplay.log' is up to date.
make: 'src/Specific/montgomery64_2e196m15_4limbs/fenzDisplay.log' is up to date.
make: 'src/Specific/montgomery64_2e198m17_4limbs/feaddDisplay.log' is up to date.
make: 'src/Specific/montgomery64_2e198m17_4limbs/femulDisplay.log' is up to date.
make: 'src/Specific/montgomery64_2e198m17_4limbs/fenzDisplay.log' is up to date.
make: 'src/Specific/montgomery64_2e205m45x2e198m1_4limbs/feaddDisplay.log' is up to date.
make: 'src/Specific/montgomery64_2e205m45x2e198m1_4limbs/femulDisplay.log' is up to date.
make: 'src/Specific/montgomery64_2e205m45x2e198m1_4limbs/fenzDisplay.log' is up to date.
make: 'src/Specific/montgomery64_2e206m5_4limbs/feaddDisplay.log' is up to date.
make: 'src/Specific/montgomery64_2e206m5_4limbs/femulDisplay.log' is up to date.
make: 'src/Specific/montgomery64_2e206m5_4limbs/fenzDisplay.log' is up to date.
make: 'src/Specific/montgomery64_2e212m29_4limbs/feaddDisplay.log' is up to date.
make: 'src/Specific/montgomery64_2e212m29_4limbs/femulDisplay.log' is up to date.
make: 'src/Specific/montgomery64_2e212m29_4limbs/fenzDisplay.log' is up to date.
make: 'src/Specific/montgomery64_2e213m3_4limbs/feaddDisplay.log' is up to date.
make: 'src/Specific/montgomery64_2e213m3_4limbs/femulDisplay.log' is up to date.
make: 'src/Specific/montgomery64_2e213m3_4limbs/fenzDisplay.log' is up to date.
make: 'src/Specific/montgomery64_2e216m2e108m1_4limbs/feaddDisplay.log' is up to date.
make: 'src/Specific/montgomery64_2e216m2e108m1_4limbs/femulDisplay.log' is up to date.
make: 'src/Specific/montgomery64_2e216m2e108m1_4limbs/fenzDisplay.log' is up to date.
make: 'src/Specific/montgomery64_2e221m3_4limbs/feaddDisplay.log' is up to date.
make: 'src/Specific/montgomery64_2e221m3_4limbs/femulDisplay.log' is up to date.
make: 'src/Specific/montgomery64_2e221m3_4limbs/fenzDisplay.log' is up to date.
make: 'src/Specific/montgomery64_2e222m117_4limbs/feaddDisplay.log' is up to date.
make: 'src/Specific/montgomery64_2e222m117_4limbs/femulDisplay.log' is up to date.
make: 'src/Specific/montgomery64_2e222m117_4limbs/fenzDisplay.log' is up to date.
make: 'src/Specific/montgomery64_2e224m2e96p1_4limbs/feaddDisplay.log' is up to date.
make: 'src/Specific/montgomery64_2e224m2e96p1_4limbs/femulDisplay.log' is up to date.
make: 'src/Specific/montgomery64_2e224m2e96p1_4limbs/fenzDisplay.log' is up to date.
make: 'src/Specific/montgomery64_2e226m5_4limbs/feaddDisplay.log' is up to date.
make: 'src/Specific/montgomery64_2e226m5_4limbs/femulDisplay.log' is up to date.
make: 'src/Specific/montgomery64_2e226m5_4limbs/fenzDisplay.log' is up to date.
make: 'src/Specific/montgomery64_2e230m27_4limbs/feaddDisplay.log' is up to date.
make: 'src/Specific/montgomery64_2e230m27_4limbs/femulDisplay.log' is up to date.
make: 'src/Specific/montgomery64_2e230m27_4limbs/fenzDisplay.log' is up to date.
make: 'src/Specific/montgomery64_2e235m15_4limbs/feaddDisplay.log' is up to date.
make: 'src/Specific/montgomery64_2e235m15_4limbs/femulDisplay.log' is up to date.
make: 'src/Specific/montgomery64_2e235m15_4limbs/fenzDisplay.log' is up to date.
make: 'src/Specific/montgomery64_2e243m9_4limbs/feaddDisplay.log' is up to date.
make: 'src/Specific/montgomery64_2e243m9_4limbs/femulDisplay.log' is up to date.
make: 'src/Specific/montgomery64_2e243m9_4limbs/fenzDisplay.log' is up to date.
make: 'src/Specific/montgomery64_2e251m9_4limbs/feaddDisplay.log' is up to date.
make: 'src/Specific/montgomery64_2e251m9_4limbs/femulDisplay.log' is up to date.
make: 'src/Specific/montgomery64_2e251m9_4limbs/fenzDisplay.log' is up to date.
make: 'src/Specific/montgomery64_2e254m127x2e240m1_4limbs/feaddDisplay.log' is up to date.
make: 'src/Specific/montgomery64_2e254m127x2e240m1_4limbs/femulDisplay.log' is up to date.
make: 'src/Specific/montgomery64_2e254m127x2e240m1_4limbs/fenzDisplay.log' is up to date.
make: 'src/Specific/montgomery64_2e255m19_4limbs/feaddDisplay.log' is up to date.
make: 'src/Specific/montgomery64_2e255m19_4limbs/femulDisplay.log' is up to date.
make: 'src/Specific/montgomery64_2e255m19_4limbs/fenzDisplay.log' is up to date.
make: 'src/Specific/montgomery64_2e255m765_4limbs/feaddDisplay.log' is up to date.
make: 'src/Specific/montgomery64_2e255m765_4limbs/femulDisplay.log' is up to date.
make: 'src/Specific/montgomery64_2e255m765_4limbs/fenzDisplay.log' is up to date.
make: 'src/Specific/montgomery64_2e256m189_4limbs/feaddDisplay.log' is up to date.
make: 'src/Specific/montgomery64_2e256m189_4limbs/femulDisplay.log' is up to date.
make: 'src/Specific/montgomery64_2e256m189_4limbs/fenzDisplay.log' is up to date.
make: 'src/Specific/montgomery64_2e256m2e224p2e192p2e96m1_4limbs/feaddDisplay.log' is up to date.
make: 'src/Specific/montgomery64_2e256m2e224p2e192p2e96m1_4limbs/femulDisplay.log' is up to date.
make: 'src/Specific/montgomery64_2e256m2e224p2e192p2e96m1_4limbs/fenzDisplay.log' is up to date.
make: 'src/Specific/montgomery64_2e256m2e32m977_4limbs/feaddDisplay.log' is up to date.
make: 'src/Specific/montgomery64_2e256m2e32m977_4limbs/femulDisplay.log' is up to date.
make: 'src/Specific/montgomery64_2e256m2e32m977_4limbs/fenzDisplay.log' is up to date.
make: 'src/Specific/montgomery64_2e256m4294968273_4limbs/feaddDisplay.log' is up to date.
make: 'src/Specific/montgomery64_2e256m4294968273_4limbs/femulDisplay.log' is up to date.
make: 'src/Specific/montgomery64_2e256m4294968273_4limbs/fenzDisplay.log' is up to date.
make: 'src/Specific/montgomery64_2e256m88x2e240m1_4limbs/feaddDisplay.log' is up to date.
make: 'src/Specific/montgomery64_2e256m88x2e240m1_4limbs/femulDisplay.log' is up to date.
make: 'src/Specific/montgomery64_2e256m88x2e240m1_4limbs/fenzDisplay.log' is up to date.
make: 'src/Specific/montgomery64_2e266m3_5limbs/feaddDisplay.log' is up to date.
make: 'src/Specific/montgomery64_2e266m3_5limbs/femulDisplay.log' is up to date.
make: 'src/Specific/montgomery64_2e266m3_5limbs/fenzDisplay.log' is up to date.
make: 'src/Specific/montgomery64_2e285m9_5limbs/feaddDisplay.log' is up to date.
make: 'src/Specific/montgomery64_2e285m9_5limbs/femulDisplay.log' is up to date.
make: 'src/Specific/montgomery64_2e285m9_5limbs/fenzDisplay.log' is up to date.
make: 'src/Specific/montgomery64_2e291m19_5limbs/feaddDisplay.log' is up to date.
make: 'src/Specific/montgomery64_2e291m19_5limbs/femulDisplay.log' is up to date.
make: 'src/Specific/montgomery64_2e291m19_5limbs/fenzDisplay.log' is up to date.
make: 'src/Specific/montgomery64_2e321m9_6limbs/feaddDisplay.log' is up to date.
make: 'src/Specific/montgomery64_2e321m9_6limbs/femulDisplay.log' is up to date.
make: 'src/Specific/montgomery64_2e321m9_6limbs/fenzDisplay.log' is up to date.
make: 'src/Specific/montgomery64_2e322m2e161m1_6limbs/feaddDisplay.log' is up to date.
make: 'src/Specific/montgomery64_2e322m2e161m1_6limbs/femulDisplay.log' is up to date.
make: 'src/Specific/montgomery64_2e322m2e161m1_6limbs/fenzDisplay.log' is up to date.
make: 'src/Specific/montgomery64_2e336m17_6limbs/feaddDisplay.log' is up to date.
make: 'src/Specific/montgomery64_2e336m17_6limbs/femulDisplay.log' is up to date.
make: 'src/Specific/montgomery64_2e336m17_6limbs/fenzDisplay.log' is up to date.
make: 'src/Specific/montgomery64_2e336m3_6limbs/feaddDisplay.log' is up to date.
make: 'src/Specific/montgomery64_2e336m3_6limbs/femulDisplay.log' is up to date.
make: 'src/Specific/montgomery64_2e336m3_6limbs/fenzDisplay.log' is up to date.
make: 'src/Specific/montgomery64_2e338m15_6limbs/feaddDisplay.log' is up to date.
make: 'src/Specific/montgomery64_2e338m15_6limbs/femulDisplay.log' is up to date.
make: 'src/Specific/montgomery64_2e338m15_6limbs/fenzDisplay.log' is up to date.
make: 'src/Specific/montgomery64_2e369m25_6limbs/feaddDisplay.log' is up to date.
make: 'src/Specific/montgomery64_2e369m25_6limbs/femulDisplay.log' is up to date.
make: 'src/Specific/montgomery64_2e369m25_6limbs/fenzDisplay.log' is up to date.
make: 'src/Specific/montgomery64_2e379m19_6limbs/feaddDisplay.log' is up to date.
make: 'src/Specific/montgomery64_2e379m19_6limbs/femulDisplay.log' is up to date.
make: 'src/Specific/montgomery64_2e379m19_6limbs/fenzDisplay.log' is up to date.
make: 'src/Specific/montgomery64_2e382m105_6limbs/feaddDisplay.log' is up to date.
make: 'src/Specific/montgomery64_2e382m105_6limbs/femulDisplay.log' is up to date.
make: 'src/Specific/montgomery64_2e382m105_6limbs/fenzDisplay.log' is up to date.
make: 'src/Specific/montgomery64_2e383m187_6limbs/feaddDisplay.log' is up to date.
make: 'src/Specific/montgomery64_2e383m187_6limbs/femulDisplay.log' is up to date.
make: 'src/Specific/montgomery64_2e383m187_6limbs/fenzDisplay.log' is up to date.
make: 'src/Specific/montgomery64_2e383m31_6limbs/feaddDisplay.log' is up to date.
make: 'src/Specific/montgomery64_2e383m31_6limbs/femulDisplay.log' is up to date.
make: 'src/Specific/montgomery64_2e383m31_6limbs/fenzDisplay.log' is up to date.
make: 'src/Specific/montgomery64_2e383m421_6limbs/feaddDisplay.log' is up to date.
make: 'src/Specific/montgomery64_2e383m421_6limbs/femulDisplay.log' is up to date.
make: 'src/Specific/montgomery64_2e383m421_6limbs/fenzDisplay.log' is up to date.
make: 'src/Specific/montgomery64_2e384m2e128m2e96p2e32m1_6limbs/feaddDisplay.log' is up to date.
make: 'src/Specific/montgomery64_2e384m2e128m2e96p2e32m1_6limbs/femulDisplay.log' is up to date.
make: 'src/Specific/montgomery64_2e384m2e128m2e96p2e32m1_6limbs/fenzDisplay.log' is up to date.
make: 'src/Specific/montgomery64_2e384m317_6limbs/feaddDisplay.log' is up to date.
make: 'src/Specific/montgomery64_2e384m317_6limbs/femulDisplay.log' is up to date.
make: 'src/Specific/montgomery64_2e384m317_6limbs/fenzDisplay.log' is up to date.
make: 'src/Specific/montgomery64_2e384m5x2e368m1_6limbs/feaddDisplay.log' is up to date.
make: 'src/Specific/montgomery64_2e384m5x2e368m1_6limbs/femulDisplay.log' is up to date.
make: 'src/Specific/montgomery64_2e384m5x2e368m1_6limbs/fenzDisplay.log' is up to date.
make: 'src/Specific/montgomery64_2e384m79x2e376m1_6limbs/feaddDisplay.log' is up to date.
make: 'src/Specific/montgomery64_2e384m79x2e376m1_6limbs/femulDisplay.log' is up to date.
make: 'src/Specific/montgomery64_2e384m79x2e376m1_6limbs/fenzDisplay.log' is up to date.
make: 'src/Specific/montgomery64_2e389m21_7limbs/feaddDisplay.log' is up to date.
make: 'src/Specific/montgomery64_2e389m21_7limbs/femulDisplay.log' is up to date.
make: 'src/Specific/montgomery64_2e389m21_7limbs/fenzDisplay.log' is up to date.
make: 'src/Specific/montgomery64_2e401m31_7limbs/feaddDisplay.log' is up to date.
make: 'src/Specific/montgomery64_2e401m31_7limbs/femulDisplay.log' is up to date.
make: 'src/Specific/montgomery64_2e401m31_7limbs/fenzDisplay.log' is up to date.
make: 'src/Specific/montgomery64_2e413m21_7limbs/feaddDisplay.log' is up to date.
make: 'src/Specific/montgomery64_2e413m21_7limbs/femulDisplay.log' is up to date.
make: 'src/Specific/montgomery64_2e413m21_7limbs/fenzDisplay.log' is up to date.
make: 'src/Specific/montgomery64_2e414m17_7limbs/feaddDisplay.log' is up to date.
make: 'src/Specific/montgomery64_2e414m17_7limbs/femulDisplay.log' is up to date.
make: 'src/Specific/montgomery64_2e414m17_7limbs/fenzDisplay.log' is up to date.
make: 'src/Specific/montgomery64_2e416m2e208m1_7limbs/feaddDisplay.log' is up to date.
make: 'src/Specific/montgomery64_2e416m2e208m1_7limbs/femulDisplay.log' is up to date.
make: 'src/Specific/montgomery64_2e416m2e208m1_7limbs/fenzDisplay.log' is up to date.
make: 'src/Specific/montgomery64_2e444m17_7limbs/feaddDisplay.log' is up to date.
make: 'src/Specific/montgomery64_2e444m17_7limbs/femulDisplay.log' is up to date.
make: 'src/Specific/montgomery64_2e444m17_7limbs/fenzDisplay.log' is up to date.
make: 'src/Specific/montgomery64_2e448m2e224m1_7limbs/feaddDisplay.log' is up to date.
make: 'src/Specific/montgomery64_2e448m2e224m1_7limbs/femulDisplay.log' is up to date.
make: 'src/Specific/montgomery64_2e448m2e224m1_7limbs/fenzDisplay.log' is up to date.
make: 'src/Specific/montgomery64_2e450m2e225m1_8limbs/feaddDisplay.log' is up to date.
make: 'src/Specific/montgomery64_2e450m2e225m1_8limbs/femulDisplay.log' is up to date.
make: 'src/Specific/montgomery64_2e450m2e225m1_8limbs/fenzDisplay.log' is up to date.
make: 'src/Specific/montgomery64_2e452m3_8limbs/feaddDisplay.log' is up to date.
make: 'src/Specific/montgomery64_2e452m3_8limbs/femulDisplay.log' is up to date.
make: 'src/Specific/montgomery64_2e452m3_8limbs/fenzDisplay.log' is up to date.
make: 'src/Specific/montgomery64_2e468m17_8limbs/feaddDisplay.log' is up to date.
make: 'src/Specific/montgomery64_2e468m17_8limbs/femulDisplay.log' is up to date.
make: 'src/Specific/montgomery64_2e468m17_8limbs/fenzDisplay.log' is up to date.
make: 'src/Specific/montgomery64_2e480m2e240m1_8limbs/feaddDisplay.log' is up to date.
make: 'src/Specific/montgomery64_2e480m2e240m1_8limbs/femulDisplay.log' is up to date.
make: 'src/Specific/montgomery64_2e480m2e240m1_8limbs/fenzDisplay.log' is up to date.
make: 'src/Specific/montgomery64_2e488m17_8limbs/feaddDisplay.log' is up to date.
TIMEOUT -m 60000000 COQC src/Specific/montgomery64_2e488m17_8limbs/femul.v
Finished transaction in 2007.568 secs (1954.761u,11.634s) (successful)
total time:   1966.395s

 tactic                                   local  total   calls       max 
────────────────────────────────────────┴──────┴──────┴───────┴─────────┘
─synthesize_mul ------------------------   0.0% 100.0%       0 1966.395s
─synthesize_carry_mul ------------------   0.0% 100.0%       0 1966.395s
─synthesize_2arg_choice_with_carry -----   0.0% 100.0%       0 1966.395s
─synthesize_narg_choice_gen ------------   0.0% 100.0%       0 1966.395s
─Pipeline.refine_reflectively_gen ------   0.0%  99.7%       1 1960.507s
─ReflectiveTactics.do_reflective_pipelin   0.0%  99.6%       1 1958.874s
─ReflectiveTactics.solve_side_conditions   0.0%  99.6%       1 1957.776s
─ReflectiveTactics.do_reify ------------   0.0%  97.4%       1 1915.930s
─Reify.Reify_rhs_gen -------------------   0.1%  97.4%       1 1914.784s
─Reify ---------------------------------   0.0%  96.2%       0 1892.201s
─Compilers.Reify.Reify -----------------   0.0%  96.2%       0 1892.180s
─Compilers.Reify.Reify' ----------------   0.0%  96.2%       0 1891.823s
─Reify.do_reify_abs_goal ---------------   0.0%  96.2%       2 1891.727s
─Reify.reify_abs -----------------------  96.2%  96.2%       0 1891.389s
─ReflectiveTactics.solve_post_reified_si   0.0%   2.1%       1   41.846s

 tactic                                   local  total   calls       max 
────────────────────────────────────────┴──────┴──────┴───────┴─────────┘
─synthesize_mul ------------------------   0.0% 100.0%       0 1966.395s
└synthesize_carry_mul ------------------   0.0% 100.0%       0 1966.395s
└synthesize_2arg_choice_with_carry -----   0.0% 100.0%       0 1966.395s
└synthesize_narg_choice_gen ------------   0.0% 100.0%       0 1966.395s
└Pipeline.refine_reflectively_gen ------   0.0%  99.7%       1 1960.507s
└ReflectiveTactics.do_reflective_pipelin   0.0%  99.6%       1 1958.874s
└ReflectiveTactics.solve_side_conditions   0.0%  99.6%       1 1957.776s
 ├─ReflectiveTactics.do_reify ----------   0.0%  97.4%       1 1915.930s
 │└Reify.Reify_rhs_gen -----------------   0.1%  97.4%       1 1914.784s
 │└Reify -------------------------------   0.0%  96.2%       0 1892.201s
 │└Compilers.Reify.Reify ---------------   0.0%  96.2%       0 1892.180s
 │└Compilers.Reify.Reify' --------------   0.0%  96.2%       0 1891.823s
 │└Reify.do_reify_abs_goal -------------   0.0%  96.2%       2 1891.727s
 │└Reify.reify_abs ---------------------  96.2%  96.2%       0 1891.389s
 └─ReflectiveTactics.solve_post_reified_   0.0%   2.1%       1   41.846s

Finished transaction in 189.454 secs (188.718u,0.515s) (successful)
Closed under the global context
total time:   1966.395s

 tactic                                   local  total   calls       max 
────────────────────────────────────────┴──────┴──────┴───────┴─────────┘
─synthesize_mul ------------------------   0.0% 100.0%       0 1966.395s
─synthesize_carry_mul ------------------   0.0% 100.0%       0 1966.395s
─synthesize_2arg_choice_with_carry -----   0.0% 100.0%       0 1966.395s
─synthesize_narg_choice_gen ------------   0.0% 100.0%       0 1966.395s
─Pipeline.refine_reflectively_gen ------   0.0%  99.7%       1 1960.507s
─ReflectiveTactics.do_reflective_pipelin   0.0%  99.6%       1 1958.874s
─ReflectiveTactics.solve_side_conditions   0.0%  99.6%       1 1957.776s
─ReflectiveTactics.do_reify ------------   0.0%  97.4%       1 1915.930s
─Reify.Reify_rhs_gen -------------------   0.1%  97.4%       1 1914.784s
─Reify ---------------------------------   0.0%  96.2%       0 1892.201s
─Compilers.Reify.Reify -----------------   0.0%  96.2%       0 1892.180s
─Compilers.Reify.Reify' ----------------   0.0%  96.2%       0 1891.823s
─Reify.do_reify_abs_goal ---------------   0.0%  96.2%       2 1891.727s
─Reify.reify_abs -----------------------  96.2%  96.2%       0 1891.389s
─ReflectiveTactics.solve_post_reified_si   0.0%   2.1%       1   41.846s

 tactic                                   local  total   calls       max 
────────────────────────────────────────┴──────┴──────┴───────┴─────────┘
─synthesize_mul ------------------------   0.0% 100.0%       0 1966.395s
└synthesize_carry_mul ------------------   0.0% 100.0%       0 1966.395s
└synthesize_2arg_choice_with_carry -----   0.0% 100.0%       0 1966.395s
└synthesize_narg_choice_gen ------------   0.0% 100.0%       0 1966.395s
└Pipeline.refine_reflectively_gen ------   0.0%  99.7%       1 1960.507s
└ReflectiveTactics.do_reflective_pipelin   0.0%  99.6%       1 1958.874s
└ReflectiveTactics.solve_side_conditions   0.0%  99.6%       1 1957.776s
 ├─ReflectiveTactics.do_reify ----------   0.0%  97.4%       1 1915.930s
 │└Reify.Reify_rhs_gen -----------------   0.1%  97.4%       1 1914.784s
 │└Reify -------------------------------   0.0%  96.2%       0 1892.201s
 │└Compilers.Reify.Reify ---------------   0.0%  96.2%       0 1892.180s
 │└Compilers.Reify.Reify' --------------   0.0%  96.2%       0 1891.823s
 │└Reify.do_reify_abs_goal -------------   0.0%  96.2%       2 1891.727s
 │└Reify.reify_abs ---------------------  96.2%  96.2%       0 1891.389s
 └─ReflectiveTactics.solve_post_reified_   0.0%   2.1%       1   41.846s

src/Specific/montgomery64_2e488m17_8limbs/femul.vo (real: 2237.73, user: 2180.98, sys: 13.96, mem: 35052252 ko)
TIMEOUT -m 60000000 COQC src/Specific/montgomery64_2e488m17_8limbs/femulDisplay.v > src/Specific/montgomery64_2e488m17_8limbs/femulDisplay.log
src/Specific/montgomery64_2e488m17_8limbs/femulDisplay.log (real: 19.95, user: 19.57, sys: 0.35, mem: 815952 ko)
make: 'src/Specific/montgomery64_2e488m17_8limbs/fenzDisplay.log' is up to date.
make: 'src/Specific/montgomery64_2e489m21_8limbs/feaddDisplay.log' is up to date.
make: 'src/Specific/montgomery64_2e489m21_8limbs/femulDisplay.log' is up to date.
make: 'src/Specific/montgomery64_2e489m21_8limbs/fenzDisplay.log' is up to date.
make: 'src/Specific/montgomery64_2e495m31_8limbs/feaddDisplay.log' is up to date.
make: 'src/Specific/montgomery64_2e495m31_8limbs/femulDisplay.log' is up to date.
make: 'src/Specific/montgomery64_2e495m31_8limbs/fenzDisplay.log' is up to date.
make: 'src/Specific/montgomery64_2e510m290x2e496m1_8limbs/feaddDisplay.log' is up to date.
make: 'src/Specific/montgomery64_2e510m290x2e496m1_8limbs/femulDisplay.log' is up to date.
make: 'src/Specific/montgomery64_2e510m290x2e496m1_8limbs/fenzDisplay.log' is up to date.
make: 'src/Specific/montgomery64_2e511m187_8limbs/feaddDisplay.log' is up to date.
make: 'src/Specific/montgomery64_2e511m187_8limbs/femulDisplay.log' is up to date.
make: 'src/Specific/montgomery64_2e511m187_8limbs/fenzDisplay.log' is up to date.
make: 'src/Specific/montgomery64_2e511m481_8limbs/feaddDisplay.log' is up to date.
TIMEOUT -m 60000000 COQC src/Specific/montgomery64_2e511m481_8limbs/femul.v
Finished transaction in 1824.446 secs (1808.872u,10.294s) (successful)
total time:   1819.166s

 tactic                                   local  total   calls       max 
────────────────────────────────────────┴──────┴──────┴───────┴─────────┘
─synthesize_mul ------------------------   0.0% 100.0%       0 1819.166s
─synthesize_carry_mul ------------------   0.0% 100.0%       0 1819.166s
─synthesize_2arg_choice_with_carry -----   0.0% 100.0%       0 1819.166s
─synthesize_narg_choice_gen ------------   0.0% 100.0%       0 1819.166s
─Pipeline.refine_reflectively_gen ------   0.0%  99.7%       1 1813.954s
─ReflectiveTactics.do_reflective_pipelin   0.0%  99.6%       1 1812.415s
─ReflectiveTactics.solve_side_conditions   0.0%  99.6%       1 1811.185s
─ReflectiveTactics.do_reify ------------   0.0%  97.1%       1 1765.678s
─Reify.Reify_rhs_gen -------------------   0.1%  97.0%       1 1764.425s
─Reify ---------------------------------   0.0%  95.6%       0 1738.591s
─Compilers.Reify.Reify -----------------   0.0%  95.6%       0 1738.567s
─Compilers.Reify.Reify' ----------------   0.0%  95.5%       0 1738.189s
─Reify.do_reify_abs_goal ---------------   0.0%  95.5%       2 1738.084s
─Reify.reify_abs -----------------------  95.5%  95.5%       0 1737.727s
─ReflectiveTactics.solve_post_reified_si   0.0%   2.5%       1   45.507s
─UnifyAbstractReflexivity.unify_transfor   0.0%   2.3%       7   11.016s

 tactic                                   local  total   calls       max 
────────────────────────────────────────┴──────┴──────┴───────┴─────────┘
─synthesize_mul ------------------------   0.0% 100.0%       0 1819.166s
└synthesize_carry_mul ------------------   0.0% 100.0%       0 1819.166s
└synthesize_2arg_choice_with_carry -----   0.0% 100.0%       0 1819.166s
└synthesize_narg_choice_gen ------------   0.0% 100.0%       0 1819.166s
└Pipeline.refine_reflectively_gen ------   0.0%  99.7%       1 1813.954s
└ReflectiveTactics.do_reflective_pipelin   0.0%  99.6%       1 1812.415s
└ReflectiveTactics.solve_side_conditions   0.0%  99.6%       1 1811.185s
 ├─ReflectiveTactics.do_reify ----------   0.0%  97.1%       1 1765.678s
 │└Reify.Reify_rhs_gen -----------------   0.1%  97.0%       1 1764.425s
 │└Reify -------------------------------   0.0%  95.6%       0 1738.591s
 │└Compilers.Reify.Reify ---------------   0.0%  95.6%       0 1738.567s
 │└Compilers.Reify.Reify' --------------   0.0%  95.5%       0 1738.189s
 │└Reify.do_reify_abs_goal -------------   0.0%  95.5%       2 1738.084s
 │└Reify.reify_abs ---------------------  95.5%  95.5%       0 1737.727s
 └─ReflectiveTactics.solve_post_reified_   0.0%   2.5%       1   45.507s
  └UnifyAbstractReflexivity.unify_transf   0.0%   2.3%       7   11.016s

Finished transaction in 195.092 secs (193.875u,0.563s) (successful)
Closed under the global context
total time:   1819.166s

 tactic                                   local  total   calls       max 
────────────────────────────────────────┴──────┴──────┴───────┴─────────┘
─synthesize_mul ------------------------   0.0% 100.0%       0 1819.166s
─synthesize_carry_mul ------------------   0.0% 100.0%       0 1819.166s
─synthesize_2arg_choice_with_carry -----   0.0% 100.0%       0 1819.166s
─synthesize_narg_choice_gen ------------   0.0% 100.0%       0 1819.166s
─Pipeline.refine_reflectively_gen ------   0.0%  99.7%       1 1813.954s
─ReflectiveTactics.do_reflective_pipelin   0.0%  99.6%       1 1812.415s
─ReflectiveTactics.solve_side_conditions   0.0%  99.6%       1 1811.185s
─ReflectiveTactics.do_reify ------------   0.0%  97.1%       1 1765.678s
─Reify.Reify_rhs_gen -------------------   0.1%  97.0%       1 1764.425s
─Reify ---------------------------------   0.0%  95.6%       0 1738.591s
─Compilers.Reify.Reify -----------------   0.0%  95.6%       0 1738.567s
─Compilers.Reify.Reify' ----------------   0.0%  95.5%       0 1738.189s
─Reify.do_reify_abs_goal ---------------   0.0%  95.5%       2 1738.084s
─Reify.reify_abs -----------------------  95.5%  95.5%       0 1737.727s
─ReflectiveTactics.solve_post_reified_si   0.0%   2.5%       1   45.507s
─UnifyAbstractReflexivity.unify_transfor   0.0%   2.3%       7   11.016s

 tactic                                   local  total   calls       max 
────────────────────────────────────────┴──────┴──────┴───────┴─────────┘
─synthesize_mul ------------------------   0.0% 100.0%       0 1819.166s
└synthesize_carry_mul ------------------   0.0% 100.0%       0 1819.166s
└synthesize_2arg_choice_with_carry -----   0.0% 100.0%       0 1819.166s
└synthesize_narg_choice_gen ------------   0.0% 100.0%       0 1819.166s
└Pipeline.refine_reflectively_gen ------   0.0%  99.7%       1 1813.954s
└ReflectiveTactics.do_reflective_pipelin   0.0%  99.6%       1 1812.415s
└ReflectiveTactics.solve_side_conditions   0.0%  99.6%       1 1811.185s
 ├─ReflectiveTactics.do_reify ----------   0.0%  97.1%       1 1765.678s
 │└Reify.Reify_rhs_gen -----------------   0.1%  97.0%       1 1764.425s
 │└Reify -------------------------------   0.0%  95.6%       0 1738.591s
 │└Compilers.Reify.Reify ---------------   0.0%  95.6%       0 1738.567s
 │└Compilers.Reify.Reify' --------------   0.0%  95.5%       0 1738.189s
 │└Reify.do_reify_abs_goal -------------   0.0%  95.5%       2 1738.084s
 │└Reify.reify_abs ---------------------  95.5%  95.5%       0 1737.727s
 └─ReflectiveTactics.solve_post_reified_   0.0%   2.5%       1   45.507s
  └UnifyAbstractReflexivity.unify_transf   0.0%   2.3%       7   11.016s

src/Specific/montgomery64_2e511m481_8limbs/femul.vo (real: 2060.73, user: 2042.05, sys: 12.56, mem: 34991552 ko)
TIMEOUT -m 60000000 COQC src/Specific/montgomery64_2e511m481_8limbs/femulDisplay.v > src/Specific/montgomery64_2e511m481_8limbs/femulDisplay.log
src/Specific/montgomery64_2e511m481_8limbs/femulDisplay.log (real: 19.12, user: 18.82, sys: 0.29, mem: 815864 ko)
make: 'src/Specific/montgomery64_2e511m481_8limbs/fenzDisplay.log' is up to date.
make: 'src/Specific/montgomery64_2e512m491x2e496m1_8limbs/feaddDisplay.log' is up to date.
make: 'src/Specific/montgomery64_2e512m491x2e496m1_8limbs/femulDisplay.log' is up to date.
make: 'src/Specific/montgomery64_2e512m491x2e496m1_8limbs/fenzDisplay.log' is up to date.
make: 'src/Specific/montgomery64_2e512m569_8limbs/feaddDisplay.log' is up to date.
TIMEOUT -m 60000000 COQC src/Specific/montgomery64_2e512m569_8limbs/femul.v
Finished transaction in 1741.766 secs (1730.438u,9.579s) (successful)
total time:   1740.017s

 tactic                                   local  total   calls       max 
────────────────────────────────────────┴──────┴──────┴───────┴─────────┘
─synthesize_mul ------------------------   0.0% 100.0%       0 1740.017s
─synthesize_carry_mul ------------------   0.0% 100.0%       0 1740.017s
─synthesize_2arg_choice_with_carry -----   0.0% 100.0%       0 1740.017s
─synthesize_narg_choice_gen ------------   0.0% 100.0%       0 1740.017s
─Pipeline.refine_reflectively_gen ------   0.0%  99.7%       1 1734.824s
─ReflectiveTactics.do_reflective_pipelin   0.0%  99.6%       1 1733.323s
─ReflectiveTactics.solve_side_conditions   0.0%  99.6%       1 1732.467s
─ReflectiveTactics.do_reify ------------   0.0%  97.1%       1 1689.907s
─Reify.Reify_rhs_gen -------------------   0.1%  97.1%       1 1688.763s
─Reify ---------------------------------   0.0%  95.7%       0 1665.449s
─Compilers.Reify.Reify -----------------   0.0%  95.7%       0 1665.428s
─Compilers.Reify.Reify' ----------------   0.0%  95.7%       0 1665.069s
─Reify.do_reify_abs_goal ---------------   0.0%  95.7%       2 1664.977s
─Reify.reify_abs -----------------------  95.7%  95.7%       0 1664.639s
─ReflectiveTactics.solve_post_reified_si   0.0%   2.4%       1   42.560s
─UnifyAbstractReflexivity.unify_transfor   0.0%   2.2%       7    9.442s

 tactic                                   local  total   calls       max 
────────────────────────────────────────┴──────┴──────┴───────┴─────────┘
─synthesize_mul ------------------------   0.0% 100.0%       0 1740.017s
└synthesize_carry_mul ------------------   0.0% 100.0%       0 1740.017s
└synthesize_2arg_choice_with_carry -----   0.0% 100.0%       0 1740.017s
└synthesize_narg_choice_gen ------------   0.0% 100.0%       0 1740.017s
└Pipeline.refine_reflectively_gen ------   0.0%  99.7%       1 1734.824s
└ReflectiveTactics.do_reflective_pipelin   0.0%  99.6%       1 1733.323s
└ReflectiveTactics.solve_side_conditions   0.0%  99.6%       1 1732.467s
 ├─ReflectiveTactics.do_reify ----------   0.0%  97.1%       1 1689.907s
 │└Reify.Reify_rhs_gen -----------------   0.1%  97.1%       1 1688.763s
 │└Reify -------------------------------   0.0%  95.7%       0 1665.449s
 │└Compilers.Reify.Reify ---------------   0.0%  95.7%       0 1665.428s
 │└Compilers.Reify.Reify' --------------   0.0%  95.7%       0 1665.069s
 │└Reify.do_reify_abs_goal -------------   0.0%  95.7%       2 1664.977s
 │└Reify.reify_abs ---------------------  95.7%  95.7%       0 1664.639s
 └─ReflectiveTactics.solve_post_reified_   0.0%   2.4%       1   42.560s
  └UnifyAbstractReflexivity.unify_transf   0.0%   2.2%       7    9.442s

Finished transaction in 190.116 secs (189.611u,0.504s) (successful)
Closed under the global context
total time:   1740.017s

 tactic                                   local  total   calls       max 
────────────────────────────────────────┴──────┴──────┴───────┴─────────┘
─synthesize_mul ------------------------   0.0% 100.0%       0 1740.017s
─synthesize_carry_mul ------------------   0.0% 100.0%       0 1740.017s
─synthesize_2arg_choice_with_carry -----   0.0% 100.0%       0 1740.017s
─synthesize_narg_choice_gen ------------   0.0% 100.0%       0 1740.017s
─Pipeline.refine_reflectively_gen ------   0.0%  99.7%       1 1734.824s
─ReflectiveTactics.do_reflective_pipelin   0.0%  99.6%       1 1733.323s
─ReflectiveTactics.solve_side_conditions   0.0%  99.6%       1 1732.467s
─ReflectiveTactics.do_reify ------------   0.0%  97.1%       1 1689.907s
─Reify.Reify_rhs_gen -------------------   0.1%  97.1%       1 1688.763s
─Reify ---------------------------------   0.0%  95.7%       0 1665.449s
─Compilers.Reify.Reify -----------------   0.0%  95.7%       0 1665.428s
─Compilers.Reify.Reify' ----------------   0.0%  95.7%       0 1665.069s
─Reify.do_reify_abs_goal ---------------   0.0%  95.7%       2 1664.977s
─Reify.reify_abs -----------------------  95.7%  95.7%       0 1664.639s
─ReflectiveTactics.solve_post_reified_si   0.0%   2.4%       1   42.560s
─UnifyAbstractReflexivity.unify_transfor   0.0%   2.2%       7    9.442s

 tactic                                   local  total   calls       max 
────────────────────────────────────────┴──────┴──────┴───────┴─────────┘
─synthesize_mul ------------------------   0.0% 100.0%       0 1740.017s
└synthesize_carry_mul ------------------   0.0% 100.0%       0 1740.017s
└synthesize_2arg_choice_with_carry -----   0.0% 100.0%       0 1740.017s
└synthesize_narg_choice_gen ------------   0.0% 100.0%       0 1740.017s
└Pipeline.refine_reflectively_gen ------   0.0%  99.7%       1 1734.824s
└ReflectiveTactics.do_reflective_pipelin   0.0%  99.6%       1 1733.323s
└ReflectiveTactics.solve_side_conditions   0.0%  99.6%       1 1732.467s
 ├─ReflectiveTactics.do_reify ----------   0.0%  97.1%       1 1689.907s
 │└Reify.Reify_rhs_gen -----------------   0.1%  97.1%       1 1688.763s
 │└Reify -------------------------------   0.0%  95.7%       0 1665.449s
 │└Compilers.Reify.Reify ---------------   0.0%  95.7%       0 1665.428s
 │└Compilers.Reify.Reify' --------------   0.0%  95.7%       0 1665.069s
 │└Reify.do_reify_abs_goal -------------   0.0%  95.7%       2 1664.977s
 │└Reify.reify_abs ---------------------  95.7%  95.7%       0 1664.639s
 └─ReflectiveTactics.solve_post_reified_   0.0%   2.4%       1   42.560s
  └UnifyAbstractReflexivity.unify_transf   0.0%   2.2%       7    9.442s

src/Specific/montgomery64_2e512m569_8limbs/femul.vo (real: 1970.37, user: 1956.81, sys: 11.79, mem: 34523628 ko)
TIMEOUT -m 60000000 COQC src/Specific/montgomery64_2e512m569_8limbs/femulDisplay.v > src/Specific/montgomery64_2e512m569_8limbs/femulDisplay.log
src/Specific/montgomery64_2e512m569_8limbs/femulDisplay.log (real: 21.40, user: 21.09, sys: 0.30, mem: 815732 ko)
make: 'src/Specific/montgomery64_2e512m569_8limbs/fenzDisplay.log' is up to date.
make: 'src/Specific/montgomery64_2e521m1_9limbs/feaddDisplay.log' is up to date.
TIMEOUT -m 60000000 COQC src/Specific/montgomery64_2e521m1_9limbs/femul.v
Finished failing transaction in 3505.364 secs (3480.053u,16.777s) (failure)
File "./src/Specific/montgomery64_2e521m1_9limbs/femul.v", line 10, characters 2-25:
Error: Out of memory.

Command exited with non-zero status 1
src/Specific/montgomery64_2e521m1_9limbs/femul.vo (real: 3508.67, user: 3481.05, sys: 19.07, mem: 52549512 ko)
Makefile.coq:658: recipe for target 'src/Specific/montgomery64_2e521m1_9limbs/femul.vo' failed
make: *** [src/Specific/montgomery64_2e521m1_9limbs/femul.vo] Error 1
make: Target 'src/Specific/montgomery64_2e521m1_9limbs/femulDisplay.log' not remade because of errors.
make: 'src/Specific/montgomery64_2e521m1_9limbs/fenzDisplay.log' is up to date.
