rmulW = 
fun var : Syntax.base_type -> Type =>
λ
x x0 x1 x2 x3 x4 x5 x6 x7 x8 x9 x10 x11 x12 x13 x14 x15 x16 x17 x18 x19 x20
 x21 x22 x23 x24 x25 x26 x27 x28 x29 x30 x31 x32 x33 x34 : 
 var Syntax.TZ,
Tbase Syntax.TZ x35 = x16 * x34;
Tbase Syntax.TZ x36 = x * x33;
Tbase Syntax.TZ x37 = x0 * x32;
Tbase Syntax.TZ x38 = x1 * x31;
Tbase Syntax.TZ x39 = x2 * x30;
Tbase Syntax.TZ x40 = x3 * x29;
Tbase Syntax.TZ x41 = x4 * x28;
Tbase Syntax.TZ x42 = x5 * x27;
Tbase Syntax.TZ x43 = x6 * x26;
Tbase Syntax.TZ x44 = x7 * x25;
Tbase Syntax.TZ x45 = x8 * x24;
Tbase Syntax.TZ x46 = x9 * x23;
Tbase Syntax.TZ x47 = x10 * x22;
Tbase Syntax.TZ x48 = x11 * x21;
Tbase Syntax.TZ x49 = x12 * x20;
Tbase Syntax.TZ x50 = x13 * x19;
Tbase Syntax.TZ x51 = x14 * x18;
Tbase Syntax.TZ x52 = x15 * x17;
Tbase Syntax.TZ x53 = x51 + x52;
Tbase Syntax.TZ x54 = x50 + x53;
Tbase Syntax.TZ x55 = x49 + x54;
Tbase Syntax.TZ x56 = x48 + x55;
Tbase Syntax.TZ x57 = x47 + x56;
Tbase Syntax.TZ x58 = x46 + x57;
Tbase Syntax.TZ x59 = x45 + x58;
Tbase Syntax.TZ x60 = x44 + x59;
Tbase Syntax.TZ x61 = x43 + x60;
Tbase Syntax.TZ x62 = x42 + x61;
Tbase Syntax.TZ x63 = x41 + x62;
Tbase Syntax.TZ x64 = x40 + x63;
Tbase Syntax.TZ x65 = x39 + x64;
Tbase Syntax.TZ x66 = x38 + x65;
Tbase Syntax.TZ x67 = x37 + x66;
Tbase Syntax.TZ x68 = x36 + x67;
Tbase Syntax.TZ x69 = 0x11 * x68;
Tbase Syntax.TZ x70 = x35 + x69;
Tbase Syntax.TZ x71 = x70 >>> 0x17;
Tbase Syntax.TZ x72 = x15 * x34;
Tbase Syntax.TZ x73 = x16 * x33;
Tbase Syntax.TZ x74 = x72 + x73;
Tbase Syntax.TZ x75 = x * x32;
Tbase Syntax.TZ x76 = x0 * x31;
Tbase Syntax.TZ x77 = x1 * x30;
Tbase Syntax.TZ x78 = x2 * x29;
Tbase Syntax.TZ x79 = x3 * x28;
Tbase Syntax.TZ x80 = x4 * x27;
Tbase Syntax.TZ x81 = x5 * x26;
Tbase Syntax.TZ x82 = x6 * x25;
Tbase Syntax.TZ x83 = x7 * x24;
Tbase Syntax.TZ x84 = x8 * x23;
Tbase Syntax.TZ x85 = x9 * x22;
Tbase Syntax.TZ x86 = x10 * x21;
Tbase Syntax.TZ x87 = x11 * x20;
Tbase Syntax.TZ x88 = x12 * x19;
Tbase Syntax.TZ x89 = x13 * x18;
Tbase Syntax.TZ x90 = x14 * x17;
Tbase Syntax.TZ x91 = x89 + x90;
Tbase Syntax.TZ x92 = x88 + x91;
Tbase Syntax.TZ x93 = x87 + x92;
Tbase Syntax.TZ x94 = x86 + x93;
Tbase Syntax.TZ x95 = x85 + x94;
Tbase Syntax.TZ x96 = x84 + x95;
Tbase Syntax.TZ x97 = x83 + x96;
Tbase Syntax.TZ x98 = x82 + x97;
Tbase Syntax.TZ x99 = x81 + x98;
Tbase Syntax.TZ x100 = x80 + x99;
Tbase Syntax.TZ x101 = x79 + x100;
Tbase Syntax.TZ x102 = x78 + x101;
Tbase Syntax.TZ x103 = x77 + x102;
Tbase Syntax.TZ x104 = x76 + x103;
Tbase Syntax.TZ x105 = x75 + x104;
Tbase Syntax.TZ x106 = 0x11 * x105;
Tbase Syntax.TZ x107 = x74 + x106;
Tbase Syntax.TZ x108 = x71 + x107;
Tbase Syntax.TZ x109 = x108 >>> 0x17;
Tbase Syntax.TZ x110 = x14 * x34;
Tbase Syntax.TZ x111 = x15 * x33;
Tbase Syntax.TZ x112 = x16 * x32;
Tbase Syntax.TZ x113 = x111 + x112;
Tbase Syntax.TZ x114 = x110 + x113;
Tbase Syntax.TZ x115 = x * x31;
Tbase Syntax.TZ x116 = x0 * x30;
Tbase Syntax.TZ x117 = x1 * x29;
Tbase Syntax.TZ x118 = x2 * x28;
Tbase Syntax.TZ x119 = x3 * x27;
Tbase Syntax.TZ x120 = x4 * x26;
Tbase Syntax.TZ x121 = x5 * x25;
Tbase Syntax.TZ x122 = x6 * x24;
Tbase Syntax.TZ x123 = x7 * x23;
Tbase Syntax.TZ x124 = x8 * x22;
Tbase Syntax.TZ x125 = x9 * x21;
Tbase Syntax.TZ x126 = x10 * x20;
Tbase Syntax.TZ x127 = x11 * x19;
Tbase Syntax.TZ x128 = x12 * x18;
Tbase Syntax.TZ x129 = x13 * x17;
Tbase Syntax.TZ x130 = x128 + x129;
Tbase Syntax.TZ x131 = x127 + x130;
Tbase Syntax.TZ x132 = x126 + x131;
Tbase Syntax.TZ x133 = x125 + x132;
Tbase Syntax.TZ x134 = x124 + x133;
Tbase Syntax.TZ x135 = x123 + x134;
Tbase Syntax.TZ x136 = x122 + x135;
Tbase Syntax.TZ x137 = x121 + x136;
Tbase Syntax.TZ x138 = x120 + x137;
Tbase Syntax.TZ x139 = x119 + x138;
Tbase Syntax.TZ x140 = x118 + x139;
Tbase Syntax.TZ x141 = x117 + x140;
Tbase Syntax.TZ x142 = x116 + x141;
Tbase Syntax.TZ x143 = x115 + x142;
Tbase Syntax.TZ x144 = 0x11 * x143;
Tbase Syntax.TZ x145 = x114 + x144;
Tbase Syntax.TZ x146 = x109 + x145;
Tbase Syntax.TZ x147 = x146 >>> 0x17;
Tbase Syntax.TZ x148 = x13 * x34;
Tbase Syntax.TZ x149 = x14 * x33;
Tbase Syntax.TZ x150 = x15 * x32;
Tbase Syntax.TZ x151 = x16 * x31;
Tbase Syntax.TZ x152 = x150 + x151;
Tbase Syntax.TZ x153 = x149 + x152;
Tbase Syntax.TZ x154 = x148 + x153;
Tbase Syntax.TZ x155 = x * x30;
Tbase Syntax.TZ x156 = x0 * x29;
Tbase Syntax.TZ x157 = x1 * x28;
Tbase Syntax.TZ x158 = x2 * x27;
Tbase Syntax.TZ x159 = x3 * x26;
Tbase Syntax.TZ x160 = x4 * x25;
Tbase Syntax.TZ x161 = x5 * x24;
Tbase Syntax.TZ x162 = x6 * x23;
Tbase Syntax.TZ x163 = x7 * x22;
Tbase Syntax.TZ x164 = x8 * x21;
Tbase Syntax.TZ x165 = x9 * x20;
Tbase Syntax.TZ x166 = x10 * x19;
Tbase Syntax.TZ x167 = x11 * x18;
Tbase Syntax.TZ x168 = x12 * x17;
Tbase Syntax.TZ x169 = x167 + x168;
Tbase Syntax.TZ x170 = x166 + x169;
Tbase Syntax.TZ x171 = x165 + x170;
Tbase Syntax.TZ x172 = x164 + x171;
Tbase Syntax.TZ x173 = x163 + x172;
Tbase Syntax.TZ x174 = x162 + x173;
Tbase Syntax.TZ x175 = x161 + x174;
Tbase Syntax.TZ x176 = x160 + x175;
Tbase Syntax.TZ x177 = x159 + x176;
Tbase Syntax.TZ x178 = x158 + x177;
Tbase Syntax.TZ x179 = x157 + x178;
Tbase Syntax.TZ x180 = x156 + x179;
Tbase Syntax.TZ x181 = x155 + x180;
Tbase Syntax.TZ x182 = 0x11 * x181;
Tbase Syntax.TZ x183 = x154 + x182;
Tbase Syntax.TZ x184 = x147 + x183;
Tbase Syntax.TZ x185 = x184 >>> 0x17;
Tbase Syntax.TZ x186 = x12 * x34;
Tbase Syntax.TZ x187 = x13 * x33;
Tbase Syntax.TZ x188 = x14 * x32;
Tbase Syntax.TZ x189 = x15 * x31;
Tbase Syntax.TZ x190 = x16 * x30;
Tbase Syntax.TZ x191 = x189 + x190;
Tbase Syntax.TZ x192 = x188 + x191;
Tbase Syntax.TZ x193 = x187 + x192;
Tbase Syntax.TZ x194 = x186 + x193;
Tbase Syntax.TZ x195 = x * x29;
Tbase Syntax.TZ x196 = x0 * x28;
Tbase Syntax.TZ x197 = x1 * x27;
Tbase Syntax.TZ x198 = x2 * x26;
Tbase Syntax.TZ x199 = x3 * x25;
Tbase Syntax.TZ x200 = x4 * x24;
Tbase Syntax.TZ x201 = x5 * x23;
Tbase Syntax.TZ x202 = x6 * x22;
Tbase Syntax.TZ x203 = x7 * x21;
Tbase Syntax.TZ x204 = x8 * x20;
Tbase Syntax.TZ x205 = x9 * x19;
Tbase Syntax.TZ x206 = x10 * x18;
Tbase Syntax.TZ x207 = x11 * x17;
Tbase Syntax.TZ x208 = x206 + x207;
Tbase Syntax.TZ x209 = x205 + x208;
Tbase Syntax.TZ x210 = x204 + x209;
Tbase Syntax.TZ x211 = x203 + x210;
Tbase Syntax.TZ x212 = x202 + x211;
Tbase Syntax.TZ x213 = x201 + x212;
Tbase Syntax.TZ x214 = x200 + x213;
Tbase Syntax.TZ x215 = x199 + x214;
Tbase Syntax.TZ x216 = x198 + x215;
Tbase Syntax.TZ x217 = x197 + x216;
Tbase Syntax.TZ x218 = x196 + x217;
Tbase Syntax.TZ x219 = x195 + x218;
Tbase Syntax.TZ x220 = 0x11 * x219;
Tbase Syntax.TZ x221 = x194 + x220;
Tbase Syntax.TZ x222 = x185 + x221;
Tbase Syntax.TZ x223 = x222 >>> 0x17;
Tbase Syntax.TZ x224 = x11 * x34;
Tbase Syntax.TZ x225 = x12 * x33;
Tbase Syntax.TZ x226 = x13 * x32;
Tbase Syntax.TZ x227 = x14 * x31;
Tbase Syntax.TZ x228 = x15 * x30;
Tbase Syntax.TZ x229 = x16 * x29;
Tbase Syntax.TZ x230 = x228 + x229;
Tbase Syntax.TZ x231 = x227 + x230;
Tbase Syntax.TZ x232 = x226 + x231;
Tbase Syntax.TZ x233 = x225 + x232;
Tbase Syntax.TZ x234 = x224 + x233;
Tbase Syntax.TZ x235 = x * x28;
Tbase Syntax.TZ x236 = x0 * x27;
Tbase Syntax.TZ x237 = x1 * x26;
Tbase Syntax.TZ x238 = x2 * x25;
Tbase Syntax.TZ x239 = x3 * x24;
Tbase Syntax.TZ x240 = x4 * x23;
Tbase Syntax.TZ x241 = x5 * x22;
Tbase Syntax.TZ x242 = x6 * x21;
Tbase Syntax.TZ x243 = x7 * x20;
Tbase Syntax.TZ x244 = x8 * x19;
Tbase Syntax.TZ x245 = x9 * x18;
Tbase Syntax.TZ x246 = x10 * x17;
Tbase Syntax.TZ x247 = x245 + x246;
Tbase Syntax.TZ x248 = x244 + x247;
Tbase Syntax.TZ x249 = x243 + x248;
Tbase Syntax.TZ x250 = x242 + x249;
Tbase Syntax.TZ x251 = x241 + x250;
Tbase Syntax.TZ x252 = x240 + x251;
Tbase Syntax.TZ x253 = x239 + x252;
Tbase Syntax.TZ x254 = x238 + x253;
Tbase Syntax.TZ x255 = x237 + x254;
Tbase Syntax.TZ x256 = x236 + x255;
Tbase Syntax.TZ x257 = x235 + x256;
Tbase Syntax.TZ x258 = 0x11 * x257;
Tbase Syntax.TZ x259 = x234 + x258;
Tbase Syntax.TZ x260 = x223 + x259;
Tbase Syntax.TZ x261 = x260 >>> 0x17;
Tbase Syntax.TZ x262 = x10 * x34;
Tbase Syntax.TZ x263 = x11 * x33;
Tbase Syntax.TZ x264 = x12 * x32;
Tbase Syntax.TZ x265 = x13 * x31;
Tbase Syntax.TZ x266 = x14 * x30;
Tbase Syntax.TZ x267 = x15 * x29;
Tbase Syntax.TZ x268 = x16 * x28;
Tbase Syntax.TZ x269 = x267 + x268;
Tbase Syntax.TZ x270 = x266 + x269;
Tbase Syntax.TZ x271 = x265 + x270;
Tbase Syntax.TZ x272 = x264 + x271;
Tbase Syntax.TZ x273 = x263 + x272;
Tbase Syntax.TZ x274 = x262 + x273;
Tbase Syntax.TZ x275 = x * x27;
Tbase Syntax.TZ x276 = x0 * x26;
Tbase Syntax.TZ x277 = x1 * x25;
Tbase Syntax.TZ x278 = x2 * x24;
Tbase Syntax.TZ x279 = x3 * x23;
Tbase Syntax.TZ x280 = x4 * x22;
Tbase Syntax.TZ x281 = x5 * x21;
Tbase Syntax.TZ x282 = x6 * x20;
Tbase Syntax.TZ x283 = x7 * x19;
Tbase Syntax.TZ x284 = x8 * x18;
Tbase Syntax.TZ x285 = x9 * x17;
Tbase Syntax.TZ x286 = x284 + x285;
Tbase Syntax.TZ x287 = x283 + x286;
Tbase Syntax.TZ x288 = x282 + x287;
Tbase Syntax.TZ x289 = x281 + x288;
Tbase Syntax.TZ x290 = x280 + x289;
Tbase Syntax.TZ x291 = x279 + x290;
Tbase Syntax.TZ x292 = x278 + x291;
Tbase Syntax.TZ x293 = x277 + x292;
Tbase Syntax.TZ x294 = x276 + x293;
Tbase Syntax.TZ x295 = x275 + x294;
Tbase Syntax.TZ x296 = 0x11 * x295;
Tbase Syntax.TZ x297 = x274 + x296;
Tbase Syntax.TZ x298 = x261 + x297;
Tbase Syntax.TZ x299 = x298 >>> 0x17;
Tbase Syntax.TZ x300 = x9 * x34;
Tbase Syntax.TZ x301 = x10 * x33;
Tbase Syntax.TZ x302 = x11 * x32;
Tbase Syntax.TZ x303 = x12 * x31;
Tbase Syntax.TZ x304 = x13 * x30;
Tbase Syntax.TZ x305 = x14 * x29;
Tbase Syntax.TZ x306 = x15 * x28;
Tbase Syntax.TZ x307 = x16 * x27;
Tbase Syntax.TZ x308 = x306 + x307;
Tbase Syntax.TZ x309 = x305 + x308;
Tbase Syntax.TZ x310 = x304 + x309;
Tbase Syntax.TZ x311 = x303 + x310;
Tbase Syntax.TZ x312 = x302 + x311;
Tbase Syntax.TZ x313 = x301 + x312;
Tbase Syntax.TZ x314 = x300 + x313;
Tbase Syntax.TZ x315 = x * x26;
Tbase Syntax.TZ x316 = x0 * x25;
Tbase Syntax.TZ x317 = x1 * x24;
Tbase Syntax.TZ x318 = x2 * x23;
Tbase Syntax.TZ x319 = x3 * x22;
Tbase Syntax.TZ x320 = x4 * x21;
Tbase Syntax.TZ x321 = x5 * x20;
Tbase Syntax.TZ x322 = x6 * x19;
Tbase Syntax.TZ x323 = x7 * x18;
Tbase Syntax.TZ x324 = x8 * x17;
Tbase Syntax.TZ x325 = x323 + x324;
Tbase Syntax.TZ x326 = x322 + x325;
Tbase Syntax.TZ x327 = x321 + x326;
Tbase Syntax.TZ x328 = x320 + x327;
Tbase Syntax.TZ x329 = x319 + x328;
Tbase Syntax.TZ x330 = x318 + x329;
Tbase Syntax.TZ x331 = x317 + x330;
Tbase Syntax.TZ x332 = x316 + x331;
Tbase Syntax.TZ x333 = x315 + x332;
Tbase Syntax.TZ x334 = 0x11 * x333;
Tbase Syntax.TZ x335 = x314 + x334;
Tbase Syntax.TZ x336 = x299 + x335;
Tbase Syntax.TZ x337 = x336 >>> 0x17;
Tbase Syntax.TZ x338 = x8 * x34;
Tbase Syntax.TZ x339 = x9 * x33;
Tbase Syntax.TZ x340 = x10 * x32;
Tbase Syntax.TZ x341 = x11 * x31;
Tbase Syntax.TZ x342 = x12 * x30;
Tbase Syntax.TZ x343 = x13 * x29;
Tbase Syntax.TZ x344 = x14 * x28;
Tbase Syntax.TZ x345 = x15 * x27;
Tbase Syntax.TZ x346 = x16 * x26;
Tbase Syntax.TZ x347 = x345 + x346;
Tbase Syntax.TZ x348 = x344 + x347;
Tbase Syntax.TZ x349 = x343 + x348;
Tbase Syntax.TZ x350 = x342 + x349;
Tbase Syntax.TZ x351 = x341 + x350;
Tbase Syntax.TZ x352 = x340 + x351;
Tbase Syntax.TZ x353 = x339 + x352;
Tbase Syntax.TZ x354 = x338 + x353;
Tbase Syntax.TZ x355 = x * x25;
Tbase Syntax.TZ x356 = x0 * x24;
Tbase Syntax.TZ x357 = x1 * x23;
Tbase Syntax.TZ x358 = x2 * x22;
Tbase Syntax.TZ x359 = x3 * x21;
Tbase Syntax.TZ x360 = x4 * x20;
Tbase Syntax.TZ x361 = x5 * x19;
Tbase Syntax.TZ x362 = x6 * x18;
Tbase Syntax.TZ x363 = x7 * x17;
Tbase Syntax.TZ x364 = x362 + x363;
Tbase Syntax.TZ x365 = x361 + x364;
Tbase Syntax.TZ x366 = x360 + x365;
Tbase Syntax.TZ x367 = x359 + x366;
Tbase Syntax.TZ x368 = x358 + x367;
Tbase Syntax.TZ x369 = x357 + x368;
Tbase Syntax.TZ x370 = x356 + x369;
Tbase Syntax.TZ x371 = x355 + x370;
Tbase Syntax.TZ x372 = 0x11 * x371;
Tbase Syntax.TZ x373 = x354 + x372;
Tbase Syntax.TZ x374 = x337 + x373;
Tbase Syntax.TZ x375 = x374 >>> 0x17;
Tbase Syntax.TZ x376 = x7 * x34;
Tbase Syntax.TZ x377 = x8 * x33;
Tbase Syntax.TZ x378 = x9 * x32;
Tbase Syntax.TZ x379 = x10 * x31;
Tbase Syntax.TZ x380 = x11 * x30;
Tbase Syntax.TZ x381 = x12 * x29;
Tbase Syntax.TZ x382 = x13 * x28;
Tbase Syntax.TZ x383 = x14 * x27;
Tbase Syntax.TZ x384 = x15 * x26;
Tbase Syntax.TZ x385 = x16 * x25;
Tbase Syntax.TZ x386 = x384 + x385;
Tbase Syntax.TZ x387 = x383 + x386;
Tbase Syntax.TZ x388 = x382 + x387;
Tbase Syntax.TZ x389 = x381 + x388;
Tbase Syntax.TZ x390 = x380 + x389;
Tbase Syntax.TZ x391 = x379 + x390;
Tbase Syntax.TZ x392 = x378 + x391;
Tbase Syntax.TZ x393 = x377 + x392;
Tbase Syntax.TZ x394 = x376 + x393;
Tbase Syntax.TZ x395 = x * x24;
Tbase Syntax.TZ x396 = x0 * x23;
Tbase Syntax.TZ x397 = x1 * x22;
Tbase Syntax.TZ x398 = x2 * x21;
Tbase Syntax.TZ x399 = x3 * x20;
Tbase Syntax.TZ x400 = x4 * x19;
Tbase Syntax.TZ x401 = x5 * x18;
Tbase Syntax.TZ x402 = x6 * x17;
Tbase Syntax.TZ x403 = x401 + x402;
Tbase Syntax.TZ x404 = x400 + x403;
Tbase Syntax.TZ x405 = x399 + x404;
Tbase Syntax.TZ x406 = x398 + x405;
Tbase Syntax.TZ x407 = x397 + x406;
Tbase Syntax.TZ x408 = x396 + x407;
Tbase Syntax.TZ x409 = x395 + x408;
Tbase Syntax.TZ x410 = 0x11 * x409;
Tbase Syntax.TZ x411 = x394 + x410;
Tbase Syntax.TZ x412 = x375 + x411;
Tbase Syntax.TZ x413 = x412 >>> 0x17;
Tbase Syntax.TZ x414 = x6 * x34;
Tbase Syntax.TZ x415 = x7 * x33;
Tbase Syntax.TZ x416 = x8 * x32;
Tbase Syntax.TZ x417 = x9 * x31;
Tbase Syntax.TZ x418 = x10 * x30;
Tbase Syntax.TZ x419 = x11 * x29;
Tbase Syntax.TZ x420 = x12 * x28;
Tbase Syntax.TZ x421 = x13 * x27;
Tbase Syntax.TZ x422 = x14 * x26;
Tbase Syntax.TZ x423 = x15 * x25;
Tbase Syntax.TZ x424 = x16 * x24;
Tbase Syntax.TZ x425 = x423 + x424;
Tbase Syntax.TZ x426 = x422 + x425;
Tbase Syntax.TZ x427 = x421 + x426;
Tbase Syntax.TZ x428 = x420 + x427;
Tbase Syntax.TZ x429 = x419 + x428;
Tbase Syntax.TZ x430 = x418 + x429;
Tbase Syntax.TZ x431 = x417 + x430;
Tbase Syntax.TZ x432 = x416 + x431;
Tbase Syntax.TZ x433 = x415 + x432;
Tbase Syntax.TZ x434 = x414 + x433;
Tbase Syntax.TZ x435 = x * x23;
Tbase Syntax.TZ x436 = x0 * x22;
Tbase Syntax.TZ x437 = x1 * x21;
Tbase Syntax.TZ x438 = x2 * x20;
Tbase Syntax.TZ x439 = x3 * x19;
Tbase Syntax.TZ x440 = x4 * x18;
Tbase Syntax.TZ x441 = x5 * x17;
Tbase Syntax.TZ x442 = x440 + x441;
Tbase Syntax.TZ x443 = x439 + x442;
Tbase Syntax.TZ x444 = x438 + x443;
Tbase Syntax.TZ x445 = x437 + x444;
Tbase Syntax.TZ x446 = x436 + x445;
Tbase Syntax.TZ x447 = x435 + x446;
Tbase Syntax.TZ x448 = 0x11 * x447;
Tbase Syntax.TZ x449 = x434 + x448;
Tbase Syntax.TZ x450 = x413 + x449;
Tbase Syntax.TZ x451 = x450 >>> 0x17;
Tbase Syntax.TZ x452 = x5 * x34;
Tbase Syntax.TZ x453 = x6 * x33;
Tbase Syntax.TZ x454 = x7 * x32;
Tbase Syntax.TZ x455 = x8 * x31;
Tbase Syntax.TZ x456 = x9 * x30;
Tbase Syntax.TZ x457 = x10 * x29;
Tbase Syntax.TZ x458 = x11 * x28;
Tbase Syntax.TZ x459 = x12 * x27;
Tbase Syntax.TZ x460 = x13 * x26;
Tbase Syntax.TZ x461 = x14 * x25;
Tbase Syntax.TZ x462 = x15 * x24;
Tbase Syntax.TZ x463 = x16 * x23;
Tbase Syntax.TZ x464 = x462 + x463;
Tbase Syntax.TZ x465 = x461 + x464;
Tbase Syntax.TZ x466 = x460 + x465;
Tbase Syntax.TZ x467 = x459 + x466;
Tbase Syntax.TZ x468 = x458 + x467;
Tbase Syntax.TZ x469 = x457 + x468;
Tbase Syntax.TZ x470 = x456 + x469;
Tbase Syntax.TZ x471 = x455 + x470;
Tbase Syntax.TZ x472 = x454 + x471;
Tbase Syntax.TZ x473 = x453 + x472;
Tbase Syntax.TZ x474 = x452 + x473;
Tbase Syntax.TZ x475 = x * x22;
Tbase Syntax.TZ x476 = x0 * x21;
Tbase Syntax.TZ x477 = x1 * x20;
Tbase Syntax.TZ x478 = x2 * x19;
Tbase Syntax.TZ x479 = x3 * x18;
Tbase Syntax.TZ x480 = x4 * x17;
Tbase Syntax.TZ x481 = x479 + x480;
Tbase Syntax.TZ x482 = x478 + x481;
Tbase Syntax.TZ x483 = x477 + x482;
Tbase Syntax.TZ x484 = x476 + x483;
Tbase Syntax.TZ x485 = x475 + x484;
Tbase Syntax.TZ x486 = 0x11 * x485;
Tbase Syntax.TZ x487 = x474 + x486;
Tbase Syntax.TZ x488 = x451 + x487;
Tbase Syntax.TZ x489 = x488 >>> 0x17;
Tbase Syntax.TZ x490 = x4 * x34;
Tbase Syntax.TZ x491 = x5 * x33;
Tbase Syntax.TZ x492 = x6 * x32;
Tbase Syntax.TZ x493 = x7 * x31;
Tbase Syntax.TZ x494 = x8 * x30;
Tbase Syntax.TZ x495 = x9 * x29;
Tbase Syntax.TZ x496 = x10 * x28;
Tbase Syntax.TZ x497 = x11 * x27;
Tbase Syntax.TZ x498 = x12 * x26;
Tbase Syntax.TZ x499 = x13 * x25;
Tbase Syntax.TZ x500 = x14 * x24;
Tbase Syntax.TZ x501 = x15 * x23;
Tbase Syntax.TZ x502 = x16 * x22;
Tbase Syntax.TZ x503 = x501 + x502;
Tbase Syntax.TZ x504 = x500 + x503;
Tbase Syntax.TZ x505 = x499 + x504;
Tbase Syntax.TZ x506 = x498 + x505;
Tbase Syntax.TZ x507 = x497 + x506;
Tbase Syntax.TZ x508 = x496 + x507;
Tbase Syntax.TZ x509 = x495 + x508;
Tbase Syntax.TZ x510 = x494 + x509;
Tbase Syntax.TZ x511 = x493 + x510;
Tbase Syntax.TZ x512 = x492 + x511;
Tbase Syntax.TZ x513 = x491 + x512;
Tbase Syntax.TZ x514 = x490 + x513;
Tbase Syntax.TZ x515 = x * x21;
Tbase Syntax.TZ x516 = x0 * x20;
Tbase Syntax.TZ x517 = x1 * x19;
Tbase Syntax.TZ x518 = x2 * x18;
Tbase Syntax.TZ x519 = x3 * x17;
Tbase Syntax.TZ x520 = x518 + x519;
Tbase Syntax.TZ x521 = x517 + x520;
Tbase Syntax.TZ x522 = x516 + x521;
Tbase Syntax.TZ x523 = x515 + x522;
Tbase Syntax.TZ x524 = 0x11 * x523;
Tbase Syntax.TZ x525 = x514 + x524;
Tbase Syntax.TZ x526 = x489 + x525;
Tbase Syntax.TZ x527 = x526 >>> 0x17;
Tbase Syntax.TZ x528 = x3 * x34;
Tbase Syntax.TZ x529 = x4 * x33;
Tbase Syntax.TZ x530 = x5 * x32;
Tbase Syntax.TZ x531 = x6 * x31;
Tbase Syntax.TZ x532 = x7 * x30;
Tbase Syntax.TZ x533 = x8 * x29;
Tbase Syntax.TZ x534 = x9 * x28;
Tbase Syntax.TZ x535 = x10 * x27;
Tbase Syntax.TZ x536 = x11 * x26;
Tbase Syntax.TZ x537 = x12 * x25;
Tbase Syntax.TZ x538 = x13 * x24;
Tbase Syntax.TZ x539 = x14 * x23;
Tbase Syntax.TZ x540 = x15 * x22;
Tbase Syntax.TZ x541 = x16 * x21;
Tbase Syntax.TZ x542 = x540 + x541;
Tbase Syntax.TZ x543 = x539 + x542;
Tbase Syntax.TZ x544 = x538 + x543;
Tbase Syntax.TZ x545 = x537 + x544;
Tbase Syntax.TZ x546 = x536 + x545;
Tbase Syntax.TZ x547 = x535 + x546;
Tbase Syntax.TZ x548 = x534 + x547;
Tbase Syntax.TZ x549 = x533 + x548;
Tbase Syntax.TZ x550 = x532 + x549;
Tbase Syntax.TZ x551 = x531 + x550;
Tbase Syntax.TZ x552 = x530 + x551;
Tbase Syntax.TZ x553 = x529 + x552;
Tbase Syntax.TZ x554 = x528 + x553;
Tbase Syntax.TZ x555 = x * x20;
Tbase Syntax.TZ x556 = x0 * x19;
Tbase Syntax.TZ x557 = x1 * x18;
Tbase Syntax.TZ x558 = x2 * x17;
Tbase Syntax.TZ x559 = x557 + x558;
Tbase Syntax.TZ x560 = x556 + x559;
Tbase Syntax.TZ x561 = x555 + x560;
Tbase Syntax.TZ x562 = 0x11 * x561;
Tbase Syntax.TZ x563 = x554 + x562;
Tbase Syntax.TZ x564 = x527 + x563;
Tbase Syntax.TZ x565 = x564 >>> 0x17;
Tbase Syntax.TZ x566 = x2 * x34;
Tbase Syntax.TZ x567 = x3 * x33;
Tbase Syntax.TZ x568 = x4 * x32;
Tbase Syntax.TZ x569 = x5 * x31;
Tbase Syntax.TZ x570 = x6 * x30;
Tbase Syntax.TZ x571 = x7 * x29;
Tbase Syntax.TZ x572 = x8 * x28;
Tbase Syntax.TZ x573 = x9 * x27;
Tbase Syntax.TZ x574 = x10 * x26;
Tbase Syntax.TZ x575 = x11 * x25;
Tbase Syntax.TZ x576 = x12 * x24;
Tbase Syntax.TZ x577 = x13 * x23;
Tbase Syntax.TZ x578 = x14 * x22;
Tbase Syntax.TZ x579 = x15 * x21;
Tbase Syntax.TZ x580 = x16 * x20;
Tbase Syntax.TZ x581 = x579 + x580;
Tbase Syntax.TZ x582 = x578 + x581;
Tbase Syntax.TZ x583 = x577 + x582;
Tbase Syntax.TZ x584 = x576 + x583;
Tbase Syntax.TZ x585 = x575 + x584;
Tbase Syntax.TZ x586 = x574 + x585;
Tbase Syntax.TZ x587 = x573 + x586;
Tbase Syntax.TZ x588 = x572 + x587;
Tbase Syntax.TZ x589 = x571 + x588;
Tbase Syntax.TZ x590 = x570 + x589;
Tbase Syntax.TZ x591 = x569 + x590;
Tbase Syntax.TZ x592 = x568 + x591;
Tbase Syntax.TZ x593 = x567 + x592;
Tbase Syntax.TZ x594 = x566 + x593;
Tbase Syntax.TZ x595 = x * x19;
Tbase Syntax.TZ x596 = x0 * x18;
Tbase Syntax.TZ x597 = x1 * x17;
Tbase Syntax.TZ x598 = x596 + x597;
Tbase Syntax.TZ x599 = x595 + x598;
Tbase Syntax.TZ x600 = 0x11 * x599;
Tbase Syntax.TZ x601 = x594 + x600;
Tbase Syntax.TZ x602 = x565 + x601;
Tbase Syntax.TZ x603 = x602 >>> 0x17;
Tbase Syntax.TZ x604 = x1 * x34;
Tbase Syntax.TZ x605 = x2 * x33;
Tbase Syntax.TZ x606 = x3 * x32;
Tbase Syntax.TZ x607 = x4 * x31;
Tbase Syntax.TZ x608 = x5 * x30;
Tbase Syntax.TZ x609 = x6 * x29;
Tbase Syntax.TZ x610 = x7 * x28;
Tbase Syntax.TZ x611 = x8 * x27;
Tbase Syntax.TZ x612 = x9 * x26;
Tbase Syntax.TZ x613 = x10 * x25;
Tbase Syntax.TZ x614 = x11 * x24;
Tbase Syntax.TZ x615 = x12 * x23;
Tbase Syntax.TZ x616 = x13 * x22;
Tbase Syntax.TZ x617 = x14 * x21;
Tbase Syntax.TZ x618 = x15 * x20;
Tbase Syntax.TZ x619 = x16 * x19;
Tbase Syntax.TZ x620 = x618 + x619;
Tbase Syntax.TZ x621 = x617 + x620;
Tbase Syntax.TZ x622 = x616 + x621;
Tbase Syntax.TZ x623 = x615 + x622;
Tbase Syntax.TZ x624 = x614 + x623;
Tbase Syntax.TZ x625 = x613 + x624;
Tbase Syntax.TZ x626 = x612 + x625;
Tbase Syntax.TZ x627 = x611 + x626;
Tbase Syntax.TZ x628 = x610 + x627;
Tbase Syntax.TZ x629 = x609 + x628;
Tbase Syntax.TZ x630 = x608 + x629;
Tbase Syntax.TZ x631 = x607 + x630;
Tbase Syntax.TZ x632 = x606 + x631;
Tbase Syntax.TZ x633 = x605 + x632;
Tbase Syntax.TZ x634 = x604 + x633;
Tbase Syntax.TZ x635 = x * x18;
Tbase Syntax.TZ x636 = x0 * x17;
Tbase Syntax.TZ x637 = x635 + x636;
Tbase Syntax.TZ x638 = 0x11 * x637;
Tbase Syntax.TZ x639 = x634 + x638;
Tbase Syntax.TZ x640 = x603 + x639;
Tbase Syntax.TZ x641 = x640 >>> 0x17;
Tbase Syntax.TZ x642 = x0 * x34;
Tbase Syntax.TZ x643 = x1 * x33;
Tbase Syntax.TZ x644 = x2 * x32;
Tbase Syntax.TZ x645 = x3 * x31;
Tbase Syntax.TZ x646 = x4 * x30;
Tbase Syntax.TZ x647 = x5 * x29;
Tbase Syntax.TZ x648 = x6 * x28;
Tbase Syntax.TZ x649 = x7 * x27;
Tbase Syntax.TZ x650 = x8 * x26;
Tbase Syntax.TZ x651 = x9 * x25;
Tbase Syntax.TZ x652 = x10 * x24;
Tbase Syntax.TZ x653 = x11 * x23;
Tbase Syntax.TZ x654 = x12 * x22;
Tbase Syntax.TZ x655 = x13 * x21;
Tbase Syntax.TZ x656 = x14 * x20;
Tbase Syntax.TZ x657 = x15 * x19;
Tbase Syntax.TZ x658 = x16 * x18;
Tbase Syntax.TZ x659 = x657 + x658;
Tbase Syntax.TZ x660 = x656 + x659;
Tbase Syntax.TZ x661 = x655 + x660;
Tbase Syntax.TZ x662 = x654 + x661;
Tbase Syntax.TZ x663 = x653 + x662;
Tbase Syntax.TZ x664 = x652 + x663;
Tbase Syntax.TZ x665 = x651 + x664;
Tbase Syntax.TZ x666 = x650 + x665;
Tbase Syntax.TZ x667 = x649 + x666;
Tbase Syntax.TZ x668 = x648 + x667;
Tbase Syntax.TZ x669 = x647 + x668;
Tbase Syntax.TZ x670 = x646 + x669;
Tbase Syntax.TZ x671 = x645 + x670;
Tbase Syntax.TZ x672 = x644 + x671;
Tbase Syntax.TZ x673 = x643 + x672;
Tbase Syntax.TZ x674 = x642 + x673;
Tbase Syntax.TZ x675 = x * x17;
Tbase Syntax.TZ x676 = 0x11 * x675;
Tbase Syntax.TZ x677 = x674 + x676;
Tbase Syntax.TZ x678 = x641 + x677;
Tbase Syntax.TZ x679 = x678 >>> 0x17;
Tbase Syntax.TZ x680 = x * x34;
Tbase Syntax.TZ x681 = x0 * x33;
Tbase Syntax.TZ x682 = x1 * x32;
Tbase Syntax.TZ x683 = x2 * x31;
Tbase Syntax.TZ x684 = x3 * x30;
Tbase Syntax.TZ x685 = x4 * x29;
Tbase Syntax.TZ x686 = x5 * x28;
Tbase Syntax.TZ x687 = x6 * x27;
Tbase Syntax.TZ x688 = x7 * x26;
Tbase Syntax.TZ x689 = x8 * x25;
Tbase Syntax.TZ x690 = x9 * x24;
Tbase Syntax.TZ x691 = x10 * x23;
Tbase Syntax.TZ x692 = x11 * x22;
Tbase Syntax.TZ x693 = x12 * x21;
Tbase Syntax.TZ x694 = x13 * x20;
Tbase Syntax.TZ x695 = x14 * x19;
Tbase Syntax.TZ x696 = x15 * x18;
Tbase Syntax.TZ x697 = x16 * x17;
Tbase Syntax.TZ x698 = x696 + x697;
Tbase Syntax.TZ x699 = x695 + x698;
Tbase Syntax.TZ x700 = x694 + x699;
Tbase Syntax.TZ x701 = x693 + x700;
Tbase Syntax.TZ x702 = x692 + x701;
Tbase Syntax.TZ x703 = x691 + x702;
Tbase Syntax.TZ x704 = x690 + x703;
Tbase Syntax.TZ x705 = x689 + x704;
Tbase Syntax.TZ x706 = x688 + x705;
Tbase Syntax.TZ x707 = x687 + x706;
Tbase Syntax.TZ x708 = x686 + x707;
Tbase Syntax.TZ x709 = x685 + x708;
Tbase Syntax.TZ x710 = x684 + x709;
Tbase Syntax.TZ x711 = x683 + x710;
Tbase Syntax.TZ x712 = x682 + x711;
Tbase Syntax.TZ x713 = x681 + x712;
Tbase Syntax.TZ x714 = x680 + x713;
Tbase Syntax.TZ x715 = x679 + x714;
Tbase Syntax.TZ x716 = x715 >>> 0x17;
Tbase Syntax.TZ x717 = 0x11 * x716;
Tbase Syntax.TZ x718 = x70 & 0x7fffff;
Tbase Syntax.TZ x719 = x717 + x718;
Tbase Syntax.TZ x720 = x719 >>> 0x17;
Tbase Syntax.TZ x721 = x108 & 0x7fffff;
Tbase Syntax.TZ x722 = x720 + x721;
Tbase Syntax.TZ x723 = x715 & 0x7fffff;
Tbase Syntax.TZ x724 = x678 & 0x7fffff;
Tbase Syntax.TZ x725 = x640 & 0x7fffff;
Tbase Syntax.TZ x726 = x602 & 0x7fffff;
Tbase Syntax.TZ x727 = x564 & 0x7fffff;
Tbase Syntax.TZ x728 = x526 & 0x7fffff;
Tbase Syntax.TZ x729 = x488 & 0x7fffff;
Tbase Syntax.TZ x730 = x450 & 0x7fffff;
Tbase Syntax.TZ x731 = x412 & 0x7fffff;
Tbase Syntax.TZ x732 = x374 & 0x7fffff;
Tbase Syntax.TZ x733 = x336 & 0x7fffff;
Tbase Syntax.TZ x734 = x298 & 0x7fffff;
Tbase Syntax.TZ x735 = x260 & 0x7fffff;
Tbase Syntax.TZ x736 = x222 & 0x7fffff;
Tbase Syntax.TZ x737 = x184 & 0x7fffff;
Tbase Syntax.TZ x738 = x722 >>> 0x17;
Tbase Syntax.TZ x739 = x146 & 0x7fffff;
Tbase Syntax.TZ x740 = x738 + x739;
Tbase Syntax.TZ x741 = x722 & 0x7fffff;
Tbase Syntax.TZ x742 = x719 & 0x7fffff;
(Return x723, Return x724, Return x725, Return x726, 
Return x727, Return x728, Return x729, Return x730, 
Return x731, Return x732, Return x733, Return x734, 
Return x735, Return x736, Return x737, Return x740, 
Return x741, Return x742)
     : forall var : Syntax.base_type -> Type,
       expr Syntax.base_type Syntax.op
         (Syntax.TZ ->
          Syntax.TZ ->
          Syntax.TZ ->
          Syntax.TZ ->
          Syntax.TZ ->
          Syntax.TZ ->
          Syntax.TZ ->
          Syntax.TZ ->
          Syntax.TZ ->
          Syntax.TZ ->
          Syntax.TZ ->
          Syntax.TZ ->
          Syntax.TZ ->
          Syntax.TZ ->
          Syntax.TZ ->
          Syntax.TZ ->
          Syntax.TZ ->
          Syntax.TZ ->
          Syntax.TZ ->
          Syntax.TZ ->
          Syntax.TZ ->
          Syntax.TZ ->
          Syntax.TZ ->
          Syntax.TZ ->
          Syntax.TZ ->
          Syntax.TZ ->
          Syntax.TZ ->
          Syntax.TZ ->
          Syntax.TZ ->
          Syntax.TZ ->
          Syntax.TZ ->
          Syntax.TZ ->
          Syntax.TZ ->
          Syntax.TZ ->
          Syntax.TZ ->
          Syntax.TZ ->
          ... * ... * Tbase Syntax.TZ * Tbase Syntax.TZ * Tbase Syntax.TZ *
          Tbase Syntax.TZ * Tbase Syntax.TZ * Tbase Syntax.TZ *
          Tbase Syntax.TZ)

Argument scope is [function_scope]
