λ x x0 : word32 * word32 * word32 * word32 * word32 * word32 * word32 * word32 * word32 * word32 * word32 * word32 * word32,
Interp-η
(λ var : Syntax.base_type → Type,
 λ '(x26, x27, x25, x23, x21, x19, x17, x15, x13, x11, x9, x7, x5, (x50, x51, x49, x47, x45, x43, x41, x39, x37, x35, x33, x31, x29))%core,
 uint64_t x52 = ((((uint64_t)x5 * x50) + (((uint64_t)x7 * x51) + (((uint64_t)x9 * x49) + ((0x2 * ((uint64_t)x11 * x47)) + (((uint64_t)x13 * x45) + (((uint64_t)x15 * x43) + ((0x2 * ((uint64_t)x17 * x41)) + (((uint64_t)x19 * x39) + (((uint64_t)x21 * x37) + ((0x2 * ((uint64_t)x23 * x35)) + (((uint64_t)x25 * x33) + (((uint64_t)x27 * x31) + ((uint64_t)x26 * x29))))))))))))) + (0x1000 * (0x2 * ((uint64_t)x26 * x50))));
 uint64_t x53 = ((((uint64_t)x5 * x51) + (((uint64_t)x7 * x49) + ((0x2 * ((uint64_t)x9 * x47)) + ((0x2 * ((uint64_t)x11 * x45)) + (((uint64_t)x13 * x43) + ((0x2 * ((uint64_t)x15 * x41)) + ((0x2 * ((uint64_t)x17 * x39)) + (((uint64_t)x19 * x37) + ((0x2 * ((uint64_t)x21 * x35)) + ((0x2 * ((uint64_t)x23 * x33)) + (((uint64_t)x25 * x31) + ((uint64_t)x27 * x29)))))))))))) + ((0x3d1 * (0x2 * ((uint64_t)x26 * x50))) + (0x1000 * ((0x2 * ((uint64_t)x27 * x50)) + (0x2 * ((uint64_t)x26 * x51))))));
 uint64_t x54 = ((((uint64_t)x5 * x49) + ((0x2 * ((uint64_t)x7 * x47)) + ((0x2 * ((uint64_t)x9 * x45)) + ((0x2 * ((uint64_t)x11 * x43)) + ((0x2 * ((uint64_t)x13 * x41)) + ((0x2 * ((uint64_t)x15 * x39)) + ((0x2 * ((uint64_t)x17 * x37)) + ((0x2 * ((uint64_t)x19 * x35)) + ((0x2 * ((uint64_t)x21 * x33)) + ((0x2 * ((uint64_t)x23 * x31)) + ((uint64_t)x25 * x29))))))))))) + ((0x3d1 * ((0x2 * ((uint64_t)x27 * x50)) + (0x2 * ((uint64_t)x26 * x51)))) + (0x2000 * (((uint64_t)x25 * x50) + (((uint64_t)x27 * x51) + ((uint64_t)x26 * x49))))));
 uint64_t x55 = ((((uint64_t)x5 * x47) + (((uint64_t)x7 * x45) + (((uint64_t)x9 * x43) + ((0x2 * ((uint64_t)x11 * x41)) + (((uint64_t)x13 * x39) + (((uint64_t)x15 * x37) + ((0x2 * ((uint64_t)x17 * x35)) + (((uint64_t)x19 * x33) + (((uint64_t)x21 * x31) + ((uint64_t)x23 * x29)))))))))) + ((0x3d1 * (((uint64_t)x25 * x50) + (((uint64_t)x27 * x51) + ((uint64_t)x26 * x49)))) + (0x1000 * ((0x2 * ((uint64_t)x23 * x50)) + (((uint64_t)x25 * x51) + (((uint64_t)x27 * x49) + (0x2 * ((uint64_t)x26 * x47))))))));
 uint64_t x56 = ((((uint64_t)x5 * x45) + (((uint64_t)x7 * x43) + ((0x2 * ((uint64_t)x9 * x41)) + ((0x2 * ((uint64_t)x11 * x39)) + (((uint64_t)x13 * x37) + ((0x2 * ((uint64_t)x15 * x35)) + ((0x2 * ((uint64_t)x17 * x33)) + (((uint64_t)x19 * x31) + ((uint64_t)x21 * x29))))))))) + ((0x3d1 * ((0x2 * ((uint64_t)x23 * x50)) + (((uint64_t)x25 * x51) + (((uint64_t)x27 * x49) + (0x2 * ((uint64_t)x26 * x47)))))) + (0x1000 * ((0x2 * ((uint64_t)x21 * x50)) + ((0x2 * ((uint64_t)x23 * x51)) + (((uint64_t)x25 * x49) + ((0x2 * ((uint64_t)x27 * x47)) + (0x2 * ((uint64_t)x26 * x45)))))))));
 uint64_t x57 = ((((uint64_t)x5 * x43) + ((0x2 * ((uint64_t)x7 * x41)) + ((0x2 * ((uint64_t)x9 * x39)) + ((0x2 * ((uint64_t)x11 * x37)) + ((0x2 * ((uint64_t)x13 * x35)) + ((0x2 * ((uint64_t)x15 * x33)) + ((0x2 * ((uint64_t)x17 * x31)) + ((uint64_t)x19 * x29)))))))) + ((0x3d1 * ((0x2 * ((uint64_t)x21 * x50)) + ((0x2 * ((uint64_t)x23 * x51)) + (((uint64_t)x25 * x49) + ((0x2 * ((uint64_t)x27 * x47)) + (0x2 * ((uint64_t)x26 * x45))))))) + (0x2000 * (((uint64_t)x19 * x50) + (((uint64_t)x21 * x51) + (((uint64_t)x23 * x49) + (((uint64_t)x25 * x47) + (((uint64_t)x27 * x45) + ((uint64_t)x26 * x43)))))))));
 uint64_t x58 = ((((uint64_t)x5 * x41) + (((uint64_t)x7 * x39) + (((uint64_t)x9 * x37) + ((0x2 * ((uint64_t)x11 * x35)) + (((uint64_t)x13 * x33) + (((uint64_t)x15 * x31) + ((uint64_t)x17 * x29))))))) + ((0x3d1 * (((uint64_t)x19 * x50) + (((uint64_t)x21 * x51) + (((uint64_t)x23 * x49) + (((uint64_t)x25 * x47) + (((uint64_t)x27 * x45) + ((uint64_t)x26 * x43))))))) + (0x1000 * ((0x2 * ((uint64_t)x17 * x50)) + (((uint64_t)x19 * x51) + (((uint64_t)x21 * x49) + ((0x2 * ((uint64_t)x23 * x47)) + (((uint64_t)x25 * x45) + (((uint64_t)x27 * x43) + (0x2 * ((uint64_t)x26 * x41)))))))))));
 uint64_t x59 = ((((uint64_t)x5 * x39) + (((uint64_t)x7 * x37) + ((0x2 * ((uint64_t)x9 * x35)) + ((0x2 * ((uint64_t)x11 * x33)) + (((uint64_t)x13 * x31) + ((uint64_t)x15 * x29)))))) + ((0x3d1 * ((0x2 * ((uint64_t)x17 * x50)) + (((uint64_t)x19 * x51) + (((uint64_t)x21 * x49) + ((0x2 * ((uint64_t)x23 * x47)) + (((uint64_t)x25 * x45) + (((uint64_t)x27 * x43) + (0x2 * ((uint64_t)x26 * x41))))))))) + (0x1000 * ((0x2 * ((uint64_t)x15 * x50)) + ((0x2 * ((uint64_t)x17 * x51)) + (((uint64_t)x19 * x49) + ((0x2 * ((uint64_t)x21 * x47)) + ((0x2 * ((uint64_t)x23 * x45)) + (((uint64_t)x25 * x43) + ((0x2 * ((uint64_t)x27 * x41)) + (0x2 * ((uint64_t)x26 * x39))))))))))));
 uint64_t x60 = ((((uint64_t)x5 * x37) + ((0x2 * ((uint64_t)x7 * x35)) + ((0x2 * ((uint64_t)x9 * x33)) + ((0x2 * ((uint64_t)x11 * x31)) + ((uint64_t)x13 * x29))))) + ((0x3d1 * ((0x2 * ((uint64_t)x15 * x50)) + ((0x2 * ((uint64_t)x17 * x51)) + (((uint64_t)x19 * x49) + ((0x2 * ((uint64_t)x21 * x47)) + ((0x2 * ((uint64_t)x23 * x45)) + (((uint64_t)x25 * x43) + ((0x2 * ((uint64_t)x27 * x41)) + (0x2 * ((uint64_t)x26 * x39)))))))))) + (0x2000 * (((uint64_t)x13 * x50) + (((uint64_t)x15 * x51) + (((uint64_t)x17 * x49) + (((uint64_t)x19 * x47) + (((uint64_t)x21 * x45) + (((uint64_t)x23 * x43) + (((uint64_t)x25 * x41) + (((uint64_t)x27 * x39) + ((uint64_t)x26 * x37))))))))))));
 uint64_t x61 = ((((uint64_t)x5 * x35) + (((uint64_t)x7 * x33) + (((uint64_t)x9 * x31) + ((uint64_t)x11 * x29)))) + ((0x3d1 * (((uint64_t)x13 * x50) + (((uint64_t)x15 * x51) + (((uint64_t)x17 * x49) + (((uint64_t)x19 * x47) + (((uint64_t)x21 * x45) + (((uint64_t)x23 * x43) + (((uint64_t)x25 * x41) + (((uint64_t)x27 * x39) + ((uint64_t)x26 * x37)))))))))) + (0x1000 * ((0x2 * ((uint64_t)x11 * x50)) + (((uint64_t)x13 * x51) + (((uint64_t)x15 * x49) + ((0x2 * ((uint64_t)x17 * x47)) + (((uint64_t)x19 * x45) + (((uint64_t)x21 * x43) + ((0x2 * ((uint64_t)x23 * x41)) + (((uint64_t)x25 * x39) + (((uint64_t)x27 * x37) + (0x2 * ((uint64_t)x26 * x35))))))))))))));
 uint64_t x62 = ((((uint64_t)x5 * x33) + (((uint64_t)x7 * x31) + ((uint64_t)x9 * x29))) + ((0x3d1 * ((0x2 * ((uint64_t)x11 * x50)) + (((uint64_t)x13 * x51) + (((uint64_t)x15 * x49) + ((0x2 * ((uint64_t)x17 * x47)) + (((uint64_t)x19 * x45) + (((uint64_t)x21 * x43) + ((0x2 * ((uint64_t)x23 * x41)) + (((uint64_t)x25 * x39) + (((uint64_t)x27 * x37) + (0x2 * ((uint64_t)x26 * x35)))))))))))) + (0x1000 * ((0x2 * ((uint64_t)x9 * x50)) + ((0x2 * ((uint64_t)x11 * x51)) + (((uint64_t)x13 * x49) + ((0x2 * ((uint64_t)x15 * x47)) + ((0x2 * ((uint64_t)x17 * x45)) + (((uint64_t)x19 * x43) + ((0x2 * ((uint64_t)x21 * x41)) + ((0x2 * ((uint64_t)x23 * x39)) + (((uint64_t)x25 * x37) + ((0x2 * ((uint64_t)x27 * x35)) + (0x2 * ((uint64_t)x26 * x33)))))))))))))));
 uint64_t x63 = ((((uint64_t)x5 * x31) + ((uint64_t)x7 * x29)) + ((0x3d1 * ((0x2 * ((uint64_t)x9 * x50)) + ((0x2 * ((uint64_t)x11 * x51)) + (((uint64_t)x13 * x49) + ((0x2 * ((uint64_t)x15 * x47)) + ((0x2 * ((uint64_t)x17 * x45)) + (((uint64_t)x19 * x43) + ((0x2 * ((uint64_t)x21 * x41)) + ((0x2 * ((uint64_t)x23 * x39)) + (((uint64_t)x25 * x37) + ((0x2 * ((uint64_t)x27 * x35)) + (0x2 * ((uint64_t)x26 * x33))))))))))))) + (0x1000 * ((0x2 * ((uint64_t)x7 * x50)) + ((0x2 * ((uint64_t)x9 * x51)) + ((0x2 * ((uint64_t)x11 * x49)) + ((0x2 * ((uint64_t)x13 * x47)) + ((0x2 * ((uint64_t)x15 * x45)) + ((0x2 * ((uint64_t)x17 * x43)) + ((0x2 * ((uint64_t)x19 * x41)) + ((0x2 * ((uint64_t)x21 * x39)) + ((0x2 * ((uint64_t)x23 * x37)) + ((0x2 * ((uint64_t)x25 * x35)) + ((0x2 * ((uint64_t)x27 * x33)) + (0x2 * ((uint64_t)x26 * x31))))))))))))))));
 uint64_t x64 = (((uint64_t)x5 * x29) + (0x3d1 * ((0x2 * ((uint64_t)x7 * x50)) + ((0x2 * ((uint64_t)x9 * x51)) + ((0x2 * ((uint64_t)x11 * x49)) + ((0x2 * ((uint64_t)x13 * x47)) + ((0x2 * ((uint64_t)x15 * x45)) + ((0x2 * ((uint64_t)x17 * x43)) + ((0x2 * ((uint64_t)x19 * x41)) + ((0x2 * ((uint64_t)x21 * x39)) + ((0x2 * ((uint64_t)x23 * x37)) + ((0x2 * ((uint64_t)x25 * x35)) + ((0x2 * ((uint64_t)x27 * x33)) + (0x2 * ((uint64_t)x26 * x31)))))))))))))));
 uint64_t x65 = (x64 >> 0x14);
 uint32_t x66 = ((uint32_t)x64 & 0xfffff);
 uint64_t x67 = (x52 >> 0x13);
 uint32_t x68 = ((uint32_t)x52 & 0x7ffff);
 uint64_t x69 = ((0x80000 * x67) + x68);
 uint64_t x70 = (x69 >> 0x13);
 uint32_t x71 = ((uint32_t)x69 & 0x7ffff);
 uint64_t x72 = ((x65 + x63) + (0x1000 * x70));
 uint64_t x73 = (x72 >> 0x14);
 uint32_t x74 = ((uint32_t)x72 & 0xfffff);
 uint64_t x75 = (x66 + (0x3d1 * x70));
 uint32_t x76 = (uint32_t) (x75 >> 0x14);
 uint32_t x77 = ((uint32_t)x75 & 0xfffff);
 uint64_t x78 = (x73 + x62);
 uint64_t x79 = (x78 >> 0x14);
 uint32_t x80 = ((uint32_t)x78 & 0xfffff);
 uint64_t x81 = (x79 + x61);
 uint64_t x82 = (x81 >> 0x13);
 uint32_t x83 = ((uint32_t)x81 & 0x7ffff);
 uint64_t x84 = (x82 + x60);
 uint64_t x85 = (x84 >> 0x14);
 uint32_t x86 = ((uint32_t)x84 & 0xfffff);
 uint64_t x87 = (x85 + x59);
 uint64_t x88 = (x87 >> 0x14);
 uint32_t x89 = ((uint32_t)x87 & 0xfffff);
 uint64_t x90 = (x88 + x58);
 uint64_t x91 = (x90 >> 0x13);
 uint32_t x92 = ((uint32_t)x90 & 0x7ffff);
 uint64_t x93 = (x91 + x57);
 uint64_t x94 = (x93 >> 0x14);
 uint32_t x95 = ((uint32_t)x93 & 0xfffff);
 uint64_t x96 = (x94 + x56);
 uint64_t x97 = (x96 >> 0x14);
 uint32_t x98 = ((uint32_t)x96 & 0xfffff);
 uint64_t x99 = (x97 + x55);
 uint64_t x100 = (x99 >> 0x13);
 uint32_t x101 = ((uint32_t)x99 & 0x7ffff);
 uint64_t x102 = (x100 + x54);
 uint64_t x103 = (x102 >> 0x14);
 uint32_t x104 = ((uint32_t)x102 & 0xfffff);
 uint64_t x105 = (x103 + x53);
 uint64_t x106 = (x105 >> 0x14);
 uint32_t x107 = ((uint32_t)x105 & 0xfffff);
 uint64_t x108 = (x106 + x71);
 uint32_t x109 = (uint32_t) (x108 >> 0x13);
 uint32_t x110 = ((uint32_t)x108 & 0x7ffff);
 uint64_t x111 = (((uint64_t)0x80000 * x109) + x110);
 uint32_t x112 = (uint32_t) (x111 >> 0x13);
 uint32_t x113 = ((uint32_t)x111 & 0x7ffff);
 uint32_t x114 = ((x76 + x74) + (0x1000 * x112));
 uint32_t x115 = (x114 >> 0x14);
 uint32_t x116 = (x114 & 0xfffff);
 uint32_t x117 = (x77 + (0x3d1 * x112));
 uint32_t x118 = (x117 >> 0x14);
 uint32_t x119 = (x117 & 0xfffff);
 return (Return x113, Return x107, Return x104, Return x101, Return x98, Return x95, Return x92, Return x89, Return x86, Return x83, (x115 + x80), (x118 + x116), Return x119))
(x, x0)%core
     : word32 * word32 * word32 * word32 * word32 * word32 * word32 * word32 * word32 * word32 * word32 * word32 * word32 → word32 * word32 * word32 * word32 * word32 * word32 * word32 * word32 * word32 * word32 * word32 * word32 * word32 → ReturnType (uint32_t * uint32_t * uint32_t * uint32_t * uint32_t * uint32_t * uint32_t * uint32_t * uint32_t * uint32_t * uint32_t * uint32_t * uint32_t)
