λ x : word32 * word32 * word32 * word32 * word32 * word32,
Interp-η
(λ var : Syntax.base_type → Type,
 λ '(x9, x10, x8, x6, x4, x2)%core,
 ℤ x11 = (((uint64_t)x2 * x9) +ℤ (((uint64_t)x4 * x10) + (((uint64_t)x6 * x8) + (((uint64_t)x8 * x6) + (((uint64_t)x10 * x4) + ((uint64_t)x9 * x2))))));
 ℤ x12 = ((((uint64_t)x2 * x10) + (((uint64_t)x4 * x8) + (((uint64_t)x6 * x6) + (((uint64_t)x8 * x4) + ((uint64_t)x10 * x2))))) +ℤ (0x3 * ((uint64_t)x9 * x9)));
 ℤ x13 = ((((uint64_t)x2 * x8) + (((uint64_t)x4 * x6) + (((uint64_t)x6 * x4) + ((uint64_t)x8 * x2)))) +ℤ (0x3 *ℤ (((uint64_t)x10 * x9) + ((uint64_t)x9 * x10))));
 ℤ x14 = ((((uint64_t)x2 * x6) + (((uint64_t)x4 * x4) + ((uint64_t)x6 * x2))) +ℤ (0x3 *ℤ (((uint64_t)x8 * x9) + (((uint64_t)x10 * x10) + ((uint64_t)x9 * x8)))));
 ℤ x15 = ((((uint64_t)x2 * x4) + ((uint64_t)x4 * x2)) +ℤ (0x3 *ℤ (((uint64_t)x6 * x9) + (((uint64_t)x8 * x10) + (((uint64_t)x10 * x8) + ((uint64_t)x9 * x6))))));
 ℤ x16 = (((uint64_t)x2 * x2) +ℤ (0x3 *ℤ (((uint64_t)x4 * x9) + (((uint64_t)x6 * x10) + (((uint64_t)x8 * x8) + (((uint64_t)x10 * x6) + ((uint64_t)x9 * x4)))))));
 uint64_t x17 = (x16 >> 0x1d);
 uint32_t x18 = (x16 & 0x1fffffff);
 ℤ x19 = (x17 +ℤ x15);
 uint64_t x20 = (x19 >> 0x1d);
 uint32_t x21 = (x19 & 0x1fffffff);
 ℤ x22 = (x20 +ℤ x14);
 uint64_t x23 = (x22 >> 0x1d);
 uint32_t x24 = (x22 & 0x1fffffff);
 ℤ x25 = (x23 +ℤ x13);
 uint64_t x26 = (x25 >> 0x1d);
 uint32_t x27 = (x25 & 0x1fffffff);
 ℤ x28 = (x26 +ℤ x12);
 uint64_t x29 = (x28 >> 0x1d);
 uint32_t x30 = (x28 & 0x1fffffff);
 ℤ x31 = (x29 +ℤ x11);
 uint64_t x32 = (x31 >> 0x1d);
 uint32_t x33 = (x31 & 0x1fffffff);
 uint64_t x34 = (x18 + (0x3 * x32));
 uint32_t x35 = (uint32_t) (x34 >> 0x1d);
 uint32_t x36 = ((uint32_t)x34 & 0x1fffffff);
 uint32_t x37 = (x35 + x21);
 uint32_t x38 = (x37 >> 0x1d);
 uint32_t x39 = (x37 & 0x1fffffff);
 return (Return x33, Return x30, Return x27, (x38 + x24), Return x39, Return x36))
x
     : word32 * word32 * word32 * word32 * word32 * word32 → ReturnType (uint32_t * uint32_t * uint32_t * uint32_t * uint32_t * uint32_t)
