λ x : word32 * word32 * word32 * word32 * word32 * word32 * word32 * word32 * word32 * word32 * word32 * word32 * word32 * word32 * word32 * word32 * word32 * word32,
Interp-η
(λ var : Syntax.base_type → Type,
 λ '(x33, x34, x32, x30, x28, x26, x24, x22, x20, x18, x16, x14, x12, x10, x8, x6, x4, x2)%core,
 uint32_t x36, uint8_t x37 = Op (Syntax.SubWithGetBorrow 22 (Syntax.TWord 3) (Syntax.TWord 5) (Syntax.TWord 5) (Syntax.TWord 5) (Syntax.TWord 3)) (0x0, Return x2, 0x3fffff);
 uint32_t x39, ℤ x40 = Op (Syntax.SubWithGetBorrow 21 (Syntax.TWord 3) (Syntax.TWord 5) (Syntax.TWord 5) (Syntax.TWord 5) Syntax.TZ) (Return x37, Return x4, 0x3ff);
 uint32_t x42, ℤ x43 = Op (Syntax.SubWithGetBorrow 21 Syntax.TZ (Syntax.TWord 5) (Syntax.TWord 3) (Syntax.TWord 5) Syntax.TZ) (Return x40, Return x6, 0x0);
 uint32_t x45, ℤ x46 = Op (Syntax.SubWithGetBorrow 22 Syntax.TZ (Syntax.TWord 5) (Syntax.TWord 3) (Syntax.TWord 5) Syntax.TZ) (Return x43, Return x8, 0x0);
 uint32_t x48, uint8_t x49 = Op (Syntax.SubWithGetBorrow 21 Syntax.TZ (Syntax.TWord 5) (Syntax.TWord 5) (Syntax.TWord 5) (Syntax.TWord 3)) (Return x46, Return x10, 0x1ffc00);
 uint32_t x51, uint8_t x52 = Op (Syntax.SubWithGetBorrow 21 (Syntax.TWord 3) (Syntax.TWord 5) (Syntax.TWord 5) (Syntax.TWord 5) (Syntax.TWord 3)) (Return x49, Return x12, 0x1fffff);
 uint32_t x54, uint8_t x55 = Op (Syntax.SubWithGetBorrow 22 (Syntax.TWord 3) (Syntax.TWord 5) (Syntax.TWord 5) (Syntax.TWord 5) (Syntax.TWord 3)) (Return x52, Return x14, 0x3ffffe);
 uint32_t x57, uint8_t x58 = Op (Syntax.SubWithGetBorrow 21 (Syntax.TWord 3) (Syntax.TWord 5) (Syntax.TWord 5) (Syntax.TWord 5) (Syntax.TWord 3)) (Return x55, Return x16, 0x1fffff);
 uint32_t x60, uint8_t x61 = Op (Syntax.SubWithGetBorrow 21 (Syntax.TWord 3) (Syntax.TWord 5) (Syntax.TWord 5) (Syntax.TWord 5) (Syntax.TWord 3)) (Return x58, Return x18, 0x1fffff);
 uint32_t x63, uint8_t x64 = Op (Syntax.SubWithGetBorrow 22 (Syntax.TWord 3) (Syntax.TWord 5) (Syntax.TWord 5) (Syntax.TWord 5) (Syntax.TWord 3)) (Return x61, Return x20, 0x3fffff);
 uint32_t x66, uint8_t x67 = Op (Syntax.SubWithGetBorrow 21 (Syntax.TWord 3) (Syntax.TWord 5) (Syntax.TWord 5) (Syntax.TWord 5) (Syntax.TWord 3)) (Return x64, Return x22, 0x1fffff);
 uint32_t x69, uint8_t x70 = Op (Syntax.SubWithGetBorrow 21 (Syntax.TWord 3) (Syntax.TWord 5) (Syntax.TWord 5) (Syntax.TWord 5) (Syntax.TWord 3)) (Return x67, Return x24, 0x1fffff);
 uint32_t x72, uint8_t x73 = Op (Syntax.SubWithGetBorrow 22 (Syntax.TWord 3) (Syntax.TWord 5) (Syntax.TWord 5) (Syntax.TWord 5) (Syntax.TWord 3)) (Return x70, Return x26, 0x3fffff);
 uint32_t x75, uint8_t x76 = Op (Syntax.SubWithGetBorrow 21 (Syntax.TWord 3) (Syntax.TWord 5) (Syntax.TWord 5) (Syntax.TWord 5) (Syntax.TWord 3)) (Return x73, Return x28, 0x1fffff);
 uint32_t x78, uint8_t x79 = Op (Syntax.SubWithGetBorrow 21 (Syntax.TWord 3) (Syntax.TWord 5) (Syntax.TWord 5) (Syntax.TWord 5) (Syntax.TWord 3)) (Return x76, Return x30, 0x1fffff);
 uint32_t x81, uint8_t x82 = Op (Syntax.SubWithGetBorrow 22 (Syntax.TWord 3) (Syntax.TWord 5) (Syntax.TWord 5) (Syntax.TWord 5) (Syntax.TWord 3)) (Return x79, Return x32, 0x3fffff);
 uint32_t x84, uint8_t x85 = Op (Syntax.SubWithGetBorrow 21 (Syntax.TWord 3) (Syntax.TWord 5) (Syntax.TWord 5) (Syntax.TWord 5) (Syntax.TWord 3)) (Return x82, Return x34, 0x1fffff);
 uint32_t x87, uint8_t x88 = Op (Syntax.SubWithGetBorrow 21 (Syntax.TWord 3) (Syntax.TWord 5) (Syntax.TWord 5) (Syntax.TWord 5) (Syntax.TWord 3)) (Return x85, Return x33, 0x1fffff);
 uint32_t x89 = cmovznz32(x88, 0x0, 0xffffffff);
 uint32_t x90 = (x89 & 0x3fffff);
 uint32_t x92, uint8_t x93 = Op (Syntax.AddWithGetCarry 22 (Syntax.TWord 3) (Syntax.TWord 5) (Syntax.TWord 5) (Syntax.TWord 5) (Syntax.TWord 3)) (0x0, Return x36, Return x90);
 uint32_t x94 = (x89 & 0x3ff);
 uint32_t x96, uint8_t x97 = Op (Syntax.AddWithGetCarry 21 (Syntax.TWord 3) (Syntax.TWord 5) (Syntax.TWord 5) (Syntax.TWord 5) (Syntax.TWord 3)) (Return x93, Return x39, Return x94);
 uint32_t x99, uint8_t x100 = Op (Syntax.AddWithGetCarry 21 (Syntax.TWord 3) (Syntax.TWord 5) (Syntax.TWord 3) (Syntax.TWord 5) (Syntax.TWord 3)) (Return x97, Return x42, 0x0);
 uint32_t x102, uint8_t x103 = Op (Syntax.AddWithGetCarry 22 (Syntax.TWord 3) (Syntax.TWord 5) (Syntax.TWord 3) (Syntax.TWord 5) (Syntax.TWord 3)) (Return x100, Return x45, 0x0);
 uint32_t x104 = (x89 & 0x1ffc00);
 uint32_t x106, uint8_t x107 = Op (Syntax.AddWithGetCarry 21 (Syntax.TWord 3) (Syntax.TWord 5) (Syntax.TWord 5) (Syntax.TWord 5) (Syntax.TWord 3)) (Return x103, Return x48, Return x104);
 uint32_t x108 = (x89 & 0x1fffff);
 uint32_t x110, uint8_t x111 = Op (Syntax.AddWithGetCarry 21 (Syntax.TWord 3) (Syntax.TWord 5) (Syntax.TWord 5) (Syntax.TWord 5) (Syntax.TWord 3)) (Return x107, Return x51, Return x108);
 uint32_t x112 = (x89 & 0x3ffffe);
 uint32_t x114, uint8_t x115 = Op (Syntax.AddWithGetCarry 22 (Syntax.TWord 3) (Syntax.TWord 5) (Syntax.TWord 5) (Syntax.TWord 5) (Syntax.TWord 3)) (Return x111, Return x54, Return x112);
 uint32_t x116 = (x89 & 0x1fffff);
 uint32_t x118, uint8_t x119 = Op (Syntax.AddWithGetCarry 21 (Syntax.TWord 3) (Syntax.TWord 5) (Syntax.TWord 5) (Syntax.TWord 5) (Syntax.TWord 3)) (Return x115, Return x57, Return x116);
 uint32_t x120 = (x89 & 0x1fffff);
 uint32_t x122, uint8_t x123 = Op (Syntax.AddWithGetCarry 21 (Syntax.TWord 3) (Syntax.TWord 5) (Syntax.TWord 5) (Syntax.TWord 5) (Syntax.TWord 3)) (Return x119, Return x60, Return x120);
 uint32_t x124 = (x89 & 0x3fffff);
 uint32_t x126, uint8_t x127 = Op (Syntax.AddWithGetCarry 22 (Syntax.TWord 3) (Syntax.TWord 5) (Syntax.TWord 5) (Syntax.TWord 5) (Syntax.TWord 3)) (Return x123, Return x63, Return x124);
 uint32_t x128 = (x89 & 0x1fffff);
 uint32_t x130, uint8_t x131 = Op (Syntax.AddWithGetCarry 21 (Syntax.TWord 3) (Syntax.TWord 5) (Syntax.TWord 5) (Syntax.TWord 5) (Syntax.TWord 3)) (Return x127, Return x66, Return x128);
 uint32_t x132 = (x89 & 0x1fffff);
 uint32_t x134, uint8_t x135 = Op (Syntax.AddWithGetCarry 21 (Syntax.TWord 3) (Syntax.TWord 5) (Syntax.TWord 5) (Syntax.TWord 5) (Syntax.TWord 3)) (Return x131, Return x69, Return x132);
 uint32_t x136 = (x89 & 0x3fffff);
 uint32_t x138, uint8_t x139 = Op (Syntax.AddWithGetCarry 22 (Syntax.TWord 3) (Syntax.TWord 5) (Syntax.TWord 5) (Syntax.TWord 5) (Syntax.TWord 3)) (Return x135, Return x72, Return x136);
 uint32_t x140 = (x89 & 0x1fffff);
 uint32_t x142, uint8_t x143 = Op (Syntax.AddWithGetCarry 21 (Syntax.TWord 3) (Syntax.TWord 5) (Syntax.TWord 5) (Syntax.TWord 5) (Syntax.TWord 3)) (Return x139, Return x75, Return x140);
 uint32_t x144 = (x89 & 0x1fffff);
 uint32_t x146, uint8_t x147 = Op (Syntax.AddWithGetCarry 21 (Syntax.TWord 3) (Syntax.TWord 5) (Syntax.TWord 5) (Syntax.TWord 5) (Syntax.TWord 3)) (Return x143, Return x78, Return x144);
 uint32_t x148 = (x89 & 0x3fffff);
 uint32_t x150, uint8_t x151 = Op (Syntax.AddWithGetCarry 22 (Syntax.TWord 3) (Syntax.TWord 5) (Syntax.TWord 5) (Syntax.TWord 5) (Syntax.TWord 3)) (Return x147, Return x81, Return x148);
 uint32_t x152 = (x89 & 0x1fffff);
 uint32_t x154, uint8_t x155 = Op (Syntax.AddWithGetCarry 21 (Syntax.TWord 3) (Syntax.TWord 5) (Syntax.TWord 5) (Syntax.TWord 5) (Syntax.TWord 3)) (Return x151, Return x84, Return x152);
 uint32_t x156 = (x89 & 0x1fffff);
 uint32_t x158, uint8_t _ = Op (Syntax.AddWithGetCarry 21 (Syntax.TWord 3) (Syntax.TWord 5) (Syntax.TWord 5) (Syntax.TWord 5) (Syntax.TWord 3)) (Return x155, Return x87, Return x156);
 (Return x158, Return x154, Return x150, Return x146, Return x142, Return x138, Return x134, Return x130, Return x126, Return x122, Return x118, Return x114, Return x110, Return x106, Return x102, Return x99, Return x96, Return x92))
x
     : word32 * word32 * word32 * word32 * word32 * word32 * word32 * word32 * word32 * word32 * word32 * word32 * word32 * word32 * word32 * word32 * word32 * word32 → ReturnType (uint32_t * uint32_t * uint32_t * uint32_t * uint32_t * uint32_t * uint32_t * uint32_t * uint32_t * uint32_t * uint32_t * uint32_t * uint32_t * uint32_t * uint32_t * uint32_t * uint32_t * uint32_t)
