λ x : word64 * word64 * word64 * word64 * word64 * word64 * word64 * word64 * word64 * word64,
Interp-η
(λ var : Syntax.base_type → Type,
 λ '(x17, x18, x16, x14, x12, x10, x8, x6, x4, x2)%core,
 uint64_t x20, ℤ x21 = Op (Syntax.SubWithGetBorrow 39 (Syntax.TWord 3) (Syntax.TWord 6) (Syntax.TWord 6) (Syntax.TWord 6) Syntax.TZ) (0x0, Return x2, 0xffffffff);
 uint64_t x23, ℤ x24 = Op (Syntax.SubWithGetBorrow 38 Syntax.TZ (Syntax.TWord 6) (Syntax.TWord 3) (Syntax.TWord 6) Syntax.TZ) (Return x21, Return x4, 0x0);
 uint64_t x26, uint8_t x27 = Op (Syntax.SubWithGetBorrow 39 Syntax.TZ (Syntax.TWord 6) (Syntax.TWord 6) (Syntax.TWord 6) (Syntax.TWord 3)) (Return x24, Return x6, 0x7ffff80000);
 uint64_t x29, uint8_t x30 = Op (Syntax.SubWithGetBorrow 38 (Syntax.TWord 3) (Syntax.TWord 6) (Syntax.TWord 6) (Syntax.TWord 6) (Syntax.TWord 3)) (Return x27, Return x8, 0x3fffffefff);
 uint64_t x32, uint8_t x33 = Op (Syntax.SubWithGetBorrow 38 (Syntax.TWord 3) (Syntax.TWord 6) (Syntax.TWord 6) (Syntax.TWord 6) (Syntax.TWord 3)) (Return x30, Return x10, 0x3fffffffff);
 uint64_t x35, uint8_t x36 = Op (Syntax.SubWithGetBorrow 39 (Syntax.TWord 3) (Syntax.TWord 6) (Syntax.TWord 6) (Syntax.TWord 6) (Syntax.TWord 3)) (Return x33, Return x12, 0x7fffffffff);
 uint64_t x38, uint8_t x39 = Op (Syntax.SubWithGetBorrow 38 (Syntax.TWord 3) (Syntax.TWord 6) (Syntax.TWord 6) (Syntax.TWord 6) (Syntax.TWord 3)) (Return x36, Return x14, 0x3fffffffff);
 uint64_t x41, uint8_t x42 = Op (Syntax.SubWithGetBorrow 39 (Syntax.TWord 3) (Syntax.TWord 6) (Syntax.TWord 6) (Syntax.TWord 6) (Syntax.TWord 3)) (Return x39, Return x16, 0x7fffffffff);
 uint64_t x44, uint8_t x45 = Op (Syntax.SubWithGetBorrow 38 (Syntax.TWord 3) (Syntax.TWord 6) (Syntax.TWord 6) (Syntax.TWord 6) (Syntax.TWord 3)) (Return x42, Return x18, 0x3fffffffff);
 uint64_t x47, uint8_t x48 = Op (Syntax.SubWithGetBorrow 38 (Syntax.TWord 3) (Syntax.TWord 6) (Syntax.TWord 6) (Syntax.TWord 6) (Syntax.TWord 3)) (Return x45, Return x17, 0x3fffffffff);
 uint64_t x49 = cmovznz64(x48, 0x0, 0xffffffffffffffffL);
 uint64_t x50 = (x49 & 0xffffffff);
 uint64_t x52, uint8_t x53 = Op (Syntax.AddWithGetCarry 39 (Syntax.TWord 3) (Syntax.TWord 6) (Syntax.TWord 6) (Syntax.TWord 6) (Syntax.TWord 3)) (0x0, Return x20, Return x50);
 uint64_t x55, uint8_t x56 = Op (Syntax.AddWithGetCarry 38 (Syntax.TWord 3) (Syntax.TWord 6) (Syntax.TWord 3) (Syntax.TWord 6) (Syntax.TWord 3)) (Return x53, Return x23, 0x0);
 uint64_t x57 = (x49 & 0x7ffff80000);
 uint64_t x59, uint8_t x60 = Op (Syntax.AddWithGetCarry 39 (Syntax.TWord 3) (Syntax.TWord 6) (Syntax.TWord 6) (Syntax.TWord 6) (Syntax.TWord 3)) (Return x56, Return x26, Return x57);
 uint64_t x61 = (x49 & 0x3fffffefff);
 uint64_t x63, uint8_t x64 = Op (Syntax.AddWithGetCarry 38 (Syntax.TWord 3) (Syntax.TWord 6) (Syntax.TWord 6) (Syntax.TWord 6) (Syntax.TWord 3)) (Return x60, Return x29, Return x61);
 uint64_t x65 = (x49 & 0x3fffffffff);
 uint64_t x67, uint8_t x68 = Op (Syntax.AddWithGetCarry 38 (Syntax.TWord 3) (Syntax.TWord 6) (Syntax.TWord 6) (Syntax.TWord 6) (Syntax.TWord 3)) (Return x64, Return x32, Return x65);
 uint64_t x69 = (x49 & 0x7fffffffff);
 uint64_t x71, uint8_t x72 = Op (Syntax.AddWithGetCarry 39 (Syntax.TWord 3) (Syntax.TWord 6) (Syntax.TWord 6) (Syntax.TWord 6) (Syntax.TWord 3)) (Return x68, Return x35, Return x69);
 uint64_t x73 = (x49 & 0x3fffffffff);
 uint64_t x75, uint8_t x76 = Op (Syntax.AddWithGetCarry 38 (Syntax.TWord 3) (Syntax.TWord 6) (Syntax.TWord 6) (Syntax.TWord 6) (Syntax.TWord 3)) (Return x72, Return x38, Return x73);
 uint64_t x77 = (x49 & 0x7fffffffff);
 uint64_t x79, uint8_t x80 = Op (Syntax.AddWithGetCarry 39 (Syntax.TWord 3) (Syntax.TWord 6) (Syntax.TWord 6) (Syntax.TWord 6) (Syntax.TWord 3)) (Return x76, Return x41, Return x77);
 uint64_t x81 = (x49 & 0x3fffffffff);
 uint64_t x83, uint8_t x84 = Op (Syntax.AddWithGetCarry 38 (Syntax.TWord 3) (Syntax.TWord 6) (Syntax.TWord 6) (Syntax.TWord 6) (Syntax.TWord 3)) (Return x80, Return x44, Return x81);
 uint64_t x85 = (x49 & 0x3fffffffff);
 uint64_t x87, uint8_t _ = Op (Syntax.AddWithGetCarry 38 (Syntax.TWord 3) (Syntax.TWord 6) (Syntax.TWord 6) (Syntax.TWord 6) (Syntax.TWord 3)) (Return x84, Return x47, Return x85);
 (Return x87, Return x83, Return x79, Return x75, Return x71, Return x67, Return x63, Return x59, Return x55, Return x52))
x
     : word64 * word64 * word64 * word64 * word64 * word64 * word64 * word64 * word64 * word64 → ReturnType (uint64_t * uint64_t * uint64_t * uint64_t * uint64_t * uint64_t * uint64_t * uint64_t * uint64_t * uint64_t)
