λ x x0 : word64 * word64 * word64 * word64 * word64 * word64 * word64,
Interp-η
(λ var : Syntax.base_type → Type,
 λ '(x14, x15, x13, x11, x9, x7, x5, (x26, x27, x25, x23, x21, x19, x17))%core,
 uint64_t x29, uint64_t x30 = mulx_u64(x5, x17);
 uint64_t x32, uint64_t x33 = mulx_u64(x5, x19);
 uint64_t x35, uint64_t x36 = mulx_u64(x5, x21);
 uint64_t x38, uint64_t x39 = mulx_u64(x5, x23);
 uint64_t x41, uint64_t x42 = mulx_u64(x5, x25);
 uint64_t x44, uint64_t x45 = mulx_u64(x5, x27);
 uint64_t x47, uint64_t x48 = mulx_u64(x5, x26);
 uint64_t x50, uint8_t/*bool*/ x51 = addcarryx_u64(0x0, x30, x32);
 uint64_t x53, uint8_t/*bool*/ x54 = addcarryx_u64(x51, x33, x35);
 uint64_t x56, uint8_t/*bool*/ x57 = addcarryx_u64(x54, x36, x38);
 uint64_t x59, uint8_t/*bool*/ x60 = addcarryx_u64(x57, x39, x41);
 uint64_t x62, uint8_t/*bool*/ x63 = addcarryx_u64(x60, x42, x44);
 uint64_t x65, uint8_t/*bool*/ x66 = addcarryx_u64(x63, x45, x47);
 uint64_t x68, uint8_t/*bool*/ _ = addcarryx_u64(0x0, x66, x48);
 uint64_t x71, uint64_t _ = mulx_u64(x29, 0xcf3cf3cf3cf3cf3dL);
 uint64_t x74, uint64_t x75 = mulx_u64(x71, 0xffffffffffffffebL);
 uint64_t x77, uint64_t x78 = mulx_u64(x71, 0xffffffffffffffffL);
 uint64_t x80, uint64_t x81 = mulx_u64(x71, 0xffffffffffffffffL);
 uint64_t x83, uint64_t x84 = mulx_u64(x71, 0xffffffffffffffffL);
 uint64_t x86, uint64_t x87 = mulx_u64(x71, 0xffffffffffffffffL);
 uint64_t x89, uint64_t x90 = mulx_u64(x71, 0xffffffffffffffffL);
 uint64_t x92, uint8_t x93 = mulx_u64_out_u8(x71, 0x1f);
 uint64_t x95, uint8_t/*bool*/ x96 = addcarryx_u64(0x0, x75, x77);
 uint64_t x98, uint8_t/*bool*/ x99 = addcarryx_u64(x96, x78, x80);
 uint64_t x101, uint8_t/*bool*/ x102 = addcarryx_u64(x99, x81, x83);
 uint64_t x104, uint8_t/*bool*/ x105 = addcarryx_u64(x102, x84, x86);
 uint64_t x107, uint8_t/*bool*/ x108 = addcarryx_u64(x105, x87, x89);
 uint64_t x110, uint8_t/*bool*/ x111 = addcarryx_u64(x108, x90, x92);
 uint8_t x112 = ((uint8_t)0x0 + x111);
 uint8_t x113 = (x112 + x93);
 uint64_t _, uint8_t/*bool*/ x116 = addcarryx_u64(0x0, x29, x74);
 uint64_t x118, uint8_t/*bool*/ x119 = addcarryx_u64(x116, x50, x95);
 uint64_t x121, uint8_t/*bool*/ x122 = addcarryx_u64(x119, x53, x98);
 uint64_t x124, uint8_t/*bool*/ x125 = addcarryx_u64(x122, x56, x101);
 uint64_t x127, uint8_t/*bool*/ x128 = addcarryx_u64(x125, x59, x104);
 uint64_t x130, uint8_t/*bool*/ x131 = addcarryx_u64(x128, x62, x107);
 uint64_t x133, uint8_t/*bool*/ x134 = addcarryx_u64(x131, x65, x110);
 uint64_t x136, uint8_t/*bool*/ x137 = addcarryx_u64(x134, x68, x113);
 uint64_t x139, uint64_t x140 = mulx_u64(x7, x17);
 uint64_t x142, uint64_t x143 = mulx_u64(x7, x19);
 uint64_t x145, uint64_t x146 = mulx_u64(x7, x21);
 uint64_t x148, uint64_t x149 = mulx_u64(x7, x23);
 uint64_t x151, uint64_t x152 = mulx_u64(x7, x25);
 uint64_t x154, uint64_t x155 = mulx_u64(x7, x27);
 uint64_t x157, uint64_t x158 = mulx_u64(x7, x26);
 uint64_t x160, uint8_t/*bool*/ x161 = addcarryx_u64(0x0, x140, x142);
 uint64_t x163, uint8_t/*bool*/ x164 = addcarryx_u64(x161, x143, x145);
 uint64_t x166, uint8_t/*bool*/ x167 = addcarryx_u64(x164, x146, x148);
 uint64_t x169, uint8_t/*bool*/ x170 = addcarryx_u64(x167, x149, x151);
 uint64_t x172, uint8_t/*bool*/ x173 = addcarryx_u64(x170, x152, x154);
 uint64_t x175, uint8_t/*bool*/ x176 = addcarryx_u64(x173, x155, x157);
 uint64_t x178, uint8_t/*bool*/ _ = addcarryx_u64(0x0, x176, x158);
 uint64_t x181, uint8_t/*bool*/ x182 = addcarryx_u64(0x0, x118, x139);
 uint64_t x184, uint8_t/*bool*/ x185 = addcarryx_u64(x182, x121, x160);
 uint64_t x187, uint8_t/*bool*/ x188 = addcarryx_u64(x185, x124, x163);
 uint64_t x190, uint8_t/*bool*/ x191 = addcarryx_u64(x188, x127, x166);
 uint64_t x193, uint8_t/*bool*/ x194 = addcarryx_u64(x191, x130, x169);
 uint64_t x196, uint8_t/*bool*/ x197 = addcarryx_u64(x194, x133, x172);
 uint64_t x199, uint8_t/*bool*/ x200 = addcarryx_u64(x197, x136, x175);
 uint64_t x202, uint8_t/*bool*/ x203 = addcarryx_u64(x200, x137, x178);
 uint64_t x205, uint64_t _ = mulx_u64(x181, 0xcf3cf3cf3cf3cf3dL);
 uint64_t x208, uint64_t x209 = mulx_u64(x205, 0xffffffffffffffebL);
 uint64_t x211, uint64_t x212 = mulx_u64(x205, 0xffffffffffffffffL);
 uint64_t x214, uint64_t x215 = mulx_u64(x205, 0xffffffffffffffffL);
 uint64_t x217, uint64_t x218 = mulx_u64(x205, 0xffffffffffffffffL);
 uint64_t x220, uint64_t x221 = mulx_u64(x205, 0xffffffffffffffffL);
 uint64_t x223, uint64_t x224 = mulx_u64(x205, 0xffffffffffffffffL);
 uint64_t x226, uint8_t x227 = mulx_u64_out_u8(x205, 0x1f);
 uint64_t x229, uint8_t/*bool*/ x230 = addcarryx_u64(0x0, x209, x211);
 uint64_t x232, uint8_t/*bool*/ x233 = addcarryx_u64(x230, x212, x214);
 uint64_t x235, uint8_t/*bool*/ x236 = addcarryx_u64(x233, x215, x217);
 uint64_t x238, uint8_t/*bool*/ x239 = addcarryx_u64(x236, x218, x220);
 uint64_t x241, uint8_t/*bool*/ x242 = addcarryx_u64(x239, x221, x223);
 uint64_t x244, uint8_t/*bool*/ x245 = addcarryx_u64(x242, x224, x226);
 uint8_t x246 = ((uint8_t)0x0 + x245);
 uint8_t x247 = (x246 + x227);
 uint64_t _, uint8_t/*bool*/ x250 = addcarryx_u64(0x0, x181, x208);
 uint64_t x252, uint8_t/*bool*/ x253 = addcarryx_u64(x250, x184, x229);
 uint64_t x255, uint8_t/*bool*/ x256 = addcarryx_u64(x253, x187, x232);
 uint64_t x258, uint8_t/*bool*/ x259 = addcarryx_u64(x256, x190, x235);
 uint64_t x261, uint8_t/*bool*/ x262 = addcarryx_u64(x259, x193, x238);
 uint64_t x264, uint8_t/*bool*/ x265 = addcarryx_u64(x262, x196, x241);
 uint64_t x267, uint8_t/*bool*/ x268 = addcarryx_u64(x265, x199, x244);
 uint64_t x270, uint8_t/*bool*/ x271 = addcarryx_u64(x268, x202, x247);
 uint8_t x272 = ((uint8_t)x271 + x203);
 uint64_t x274, uint64_t x275 = mulx_u64(x9, x17);
 uint64_t x277, uint64_t x278 = mulx_u64(x9, x19);
 uint64_t x280, uint64_t x281 = mulx_u64(x9, x21);
 uint64_t x283, uint64_t x284 = mulx_u64(x9, x23);
 uint64_t x286, uint64_t x287 = mulx_u64(x9, x25);
 uint64_t x289, uint64_t x290 = mulx_u64(x9, x27);
 uint64_t x292, uint64_t x293 = mulx_u64(x9, x26);
 uint64_t x295, uint8_t/*bool*/ x296 = addcarryx_u64(0x0, x275, x277);
 uint64_t x298, uint8_t/*bool*/ x299 = addcarryx_u64(x296, x278, x280);
 uint64_t x301, uint8_t/*bool*/ x302 = addcarryx_u64(x299, x281, x283);
 uint64_t x304, uint8_t/*bool*/ x305 = addcarryx_u64(x302, x284, x286);
 uint64_t x307, uint8_t/*bool*/ x308 = addcarryx_u64(x305, x287, x289);
 uint64_t x310, uint8_t/*bool*/ x311 = addcarryx_u64(x308, x290, x292);
 uint64_t x313, uint8_t/*bool*/ _ = addcarryx_u64(0x0, x311, x293);
 uint64_t x316, uint8_t/*bool*/ x317 = addcarryx_u64(0x0, x252, x274);
 uint64_t x319, uint8_t/*bool*/ x320 = addcarryx_u64(x317, x255, x295);
 uint64_t x322, uint8_t/*bool*/ x323 = addcarryx_u64(x320, x258, x298);
 uint64_t x325, uint8_t/*bool*/ x326 = addcarryx_u64(x323, x261, x301);
 uint64_t x328, uint8_t/*bool*/ x329 = addcarryx_u64(x326, x264, x304);
 uint64_t x331, uint8_t/*bool*/ x332 = addcarryx_u64(x329, x267, x307);
 uint64_t x334, uint8_t/*bool*/ x335 = addcarryx_u64(x332, x270, x310);
 uint64_t x337, uint8_t/*bool*/ x338 = addcarryx_u64(x335, x272, x313);
 uint64_t x340, uint64_t _ = mulx_u64(x316, 0xcf3cf3cf3cf3cf3dL);
 uint64_t x343, uint64_t x344 = mulx_u64(x340, 0xffffffffffffffebL);
 uint64_t x346, uint64_t x347 = mulx_u64(x340, 0xffffffffffffffffL);
 uint64_t x349, uint64_t x350 = mulx_u64(x340, 0xffffffffffffffffL);
 uint64_t x352, uint64_t x353 = mulx_u64(x340, 0xffffffffffffffffL);
 uint64_t x355, uint64_t x356 = mulx_u64(x340, 0xffffffffffffffffL);
 uint64_t x358, uint64_t x359 = mulx_u64(x340, 0xffffffffffffffffL);
 uint64_t x361, uint8_t x362 = mulx_u64_out_u8(x340, 0x1f);
 uint64_t x364, uint8_t/*bool*/ x365 = addcarryx_u64(0x0, x344, x346);
 uint64_t x367, uint8_t/*bool*/ x368 = addcarryx_u64(x365, x347, x349);
 uint64_t x370, uint8_t/*bool*/ x371 = addcarryx_u64(x368, x350, x352);
 uint64_t x373, uint8_t/*bool*/ x374 = addcarryx_u64(x371, x353, x355);
 uint64_t x376, uint8_t/*bool*/ x377 = addcarryx_u64(x374, x356, x358);
 uint64_t x379, uint8_t/*bool*/ x380 = addcarryx_u64(x377, x359, x361);
 uint8_t x381 = ((uint8_t)0x0 + x380);
 uint8_t x382 = (x381 + x362);
 uint64_t _, uint8_t/*bool*/ x385 = addcarryx_u64(0x0, x316, x343);
 uint64_t x387, uint8_t/*bool*/ x388 = addcarryx_u64(x385, x319, x364);
 uint64_t x390, uint8_t/*bool*/ x391 = addcarryx_u64(x388, x322, x367);
 uint64_t x393, uint8_t/*bool*/ x394 = addcarryx_u64(x391, x325, x370);
 uint64_t x396, uint8_t/*bool*/ x397 = addcarryx_u64(x394, x328, x373);
 uint64_t x399, uint8_t/*bool*/ x400 = addcarryx_u64(x397, x331, x376);
 uint64_t x402, uint8_t/*bool*/ x403 = addcarryx_u64(x400, x334, x379);
 uint64_t x405, uint8_t/*bool*/ x406 = addcarryx_u64(x403, x337, x382);
 uint8_t x407 = ((uint8_t)x406 + x338);
 uint64_t x409, uint64_t x410 = mulx_u64(x11, x17);
 uint64_t x412, uint64_t x413 = mulx_u64(x11, x19);
 uint64_t x415, uint64_t x416 = mulx_u64(x11, x21);
 uint64_t x418, uint64_t x419 = mulx_u64(x11, x23);
 uint64_t x421, uint64_t x422 = mulx_u64(x11, x25);
 uint64_t x424, uint64_t x425 = mulx_u64(x11, x27);
 uint64_t x427, uint64_t x428 = mulx_u64(x11, x26);
 uint64_t x430, uint8_t/*bool*/ x431 = addcarryx_u64(0x0, x410, x412);
 uint64_t x433, uint8_t/*bool*/ x434 = addcarryx_u64(x431, x413, x415);
 uint64_t x436, uint8_t/*bool*/ x437 = addcarryx_u64(x434, x416, x418);
 uint64_t x439, uint8_t/*bool*/ x440 = addcarryx_u64(x437, x419, x421);
 uint64_t x442, uint8_t/*bool*/ x443 = addcarryx_u64(x440, x422, x424);
 uint64_t x445, uint8_t/*bool*/ x446 = addcarryx_u64(x443, x425, x427);
 uint64_t x448, uint8_t/*bool*/ _ = addcarryx_u64(0x0, x446, x428);
 uint64_t x451, uint8_t/*bool*/ x452 = addcarryx_u64(0x0, x387, x409);
 uint64_t x454, uint8_t/*bool*/ x455 = addcarryx_u64(x452, x390, x430);
 uint64_t x457, uint8_t/*bool*/ x458 = addcarryx_u64(x455, x393, x433);
 uint64_t x460, uint8_t/*bool*/ x461 = addcarryx_u64(x458, x396, x436);
 uint64_t x463, uint8_t/*bool*/ x464 = addcarryx_u64(x461, x399, x439);
 uint64_t x466, uint8_t/*bool*/ x467 = addcarryx_u64(x464, x402, x442);
 uint64_t x469, uint8_t/*bool*/ x470 = addcarryx_u64(x467, x405, x445);
 uint64_t x472, uint8_t/*bool*/ x473 = addcarryx_u64(x470, x407, x448);
 uint64_t x475, uint64_t _ = mulx_u64(x451, 0xcf3cf3cf3cf3cf3dL);
 uint64_t x478, uint64_t x479 = mulx_u64(x475, 0xffffffffffffffebL);
 uint64_t x481, uint64_t x482 = mulx_u64(x475, 0xffffffffffffffffL);
 uint64_t x484, uint64_t x485 = mulx_u64(x475, 0xffffffffffffffffL);
 uint64_t x487, uint64_t x488 = mulx_u64(x475, 0xffffffffffffffffL);
 uint64_t x490, uint64_t x491 = mulx_u64(x475, 0xffffffffffffffffL);
 uint64_t x493, uint64_t x494 = mulx_u64(x475, 0xffffffffffffffffL);
 uint64_t x496, uint8_t x497 = mulx_u64_out_u8(x475, 0x1f);
 uint64_t x499, uint8_t/*bool*/ x500 = addcarryx_u64(0x0, x479, x481);
 uint64_t x502, uint8_t/*bool*/ x503 = addcarryx_u64(x500, x482, x484);
 uint64_t x505, uint8_t/*bool*/ x506 = addcarryx_u64(x503, x485, x487);
 uint64_t x508, uint8_t/*bool*/ x509 = addcarryx_u64(x506, x488, x490);
 uint64_t x511, uint8_t/*bool*/ x512 = addcarryx_u64(x509, x491, x493);
 uint64_t x514, uint8_t/*bool*/ x515 = addcarryx_u64(x512, x494, x496);
 uint8_t x516 = ((uint8_t)0x0 + x515);
 uint8_t x517 = (x516 + x497);
 uint64_t _, uint8_t/*bool*/ x520 = addcarryx_u64(0x0, x451, x478);
 uint64_t x522, uint8_t/*bool*/ x523 = addcarryx_u64(x520, x454, x499);
 uint64_t x525, uint8_t/*bool*/ x526 = addcarryx_u64(x523, x457, x502);
 uint64_t x528, uint8_t/*bool*/ x529 = addcarryx_u64(x526, x460, x505);
 uint64_t x531, uint8_t/*bool*/ x532 = addcarryx_u64(x529, x463, x508);
 uint64_t x534, uint8_t/*bool*/ x535 = addcarryx_u64(x532, x466, x511);
 uint64_t x537, uint8_t/*bool*/ x538 = addcarryx_u64(x535, x469, x514);
 uint64_t x540, uint8_t/*bool*/ x541 = addcarryx_u64(x538, x472, x517);
 uint8_t x542 = ((uint8_t)x541 + x473);
 uint64_t x544, uint64_t x545 = mulx_u64(x13, x17);
 uint64_t x547, uint64_t x548 = mulx_u64(x13, x19);
 uint64_t x550, uint64_t x551 = mulx_u64(x13, x21);
 uint64_t x553, uint64_t x554 = mulx_u64(x13, x23);
 uint64_t x556, uint64_t x557 = mulx_u64(x13, x25);
 uint64_t x559, uint64_t x560 = mulx_u64(x13, x27);
 uint64_t x562, uint64_t x563 = mulx_u64(x13, x26);
 uint64_t x565, uint8_t/*bool*/ x566 = addcarryx_u64(0x0, x545, x547);
 uint64_t x568, uint8_t/*bool*/ x569 = addcarryx_u64(x566, x548, x550);
 uint64_t x571, uint8_t/*bool*/ x572 = addcarryx_u64(x569, x551, x553);
 uint64_t x574, uint8_t/*bool*/ x575 = addcarryx_u64(x572, x554, x556);
 uint64_t x577, uint8_t/*bool*/ x578 = addcarryx_u64(x575, x557, x559);
 uint64_t x580, uint8_t/*bool*/ x581 = addcarryx_u64(x578, x560, x562);
 uint64_t x583, uint8_t/*bool*/ _ = addcarryx_u64(0x0, x581, x563);
 uint64_t x586, uint8_t/*bool*/ x587 = addcarryx_u64(0x0, x522, x544);
 uint64_t x589, uint8_t/*bool*/ x590 = addcarryx_u64(x587, x525, x565);
 uint64_t x592, uint8_t/*bool*/ x593 = addcarryx_u64(x590, x528, x568);
 uint64_t x595, uint8_t/*bool*/ x596 = addcarryx_u64(x593, x531, x571);
 uint64_t x598, uint8_t/*bool*/ x599 = addcarryx_u64(x596, x534, x574);
 uint64_t x601, uint8_t/*bool*/ x602 = addcarryx_u64(x599, x537, x577);
 uint64_t x604, uint8_t/*bool*/ x605 = addcarryx_u64(x602, x540, x580);
 uint64_t x607, uint8_t/*bool*/ x608 = addcarryx_u64(x605, x542, x583);
 uint64_t x610, uint64_t _ = mulx_u64(x586, 0xcf3cf3cf3cf3cf3dL);
 uint64_t x613, uint64_t x614 = mulx_u64(x610, 0xffffffffffffffebL);
 uint64_t x616, uint64_t x617 = mulx_u64(x610, 0xffffffffffffffffL);
 uint64_t x619, uint64_t x620 = mulx_u64(x610, 0xffffffffffffffffL);
 uint64_t x622, uint64_t x623 = mulx_u64(x610, 0xffffffffffffffffL);
 uint64_t x625, uint64_t x626 = mulx_u64(x610, 0xffffffffffffffffL);
 uint64_t x628, uint64_t x629 = mulx_u64(x610, 0xffffffffffffffffL);
 uint64_t x631, uint8_t x632 = mulx_u64_out_u8(x610, 0x1f);
 uint64_t x634, uint8_t/*bool*/ x635 = addcarryx_u64(0x0, x614, x616);
 uint64_t x637, uint8_t/*bool*/ x638 = addcarryx_u64(x635, x617, x619);
 uint64_t x640, uint8_t/*bool*/ x641 = addcarryx_u64(x638, x620, x622);
 uint64_t x643, uint8_t/*bool*/ x644 = addcarryx_u64(x641, x623, x625);
 uint64_t x646, uint8_t/*bool*/ x647 = addcarryx_u64(x644, x626, x628);
 uint64_t x649, uint8_t/*bool*/ x650 = addcarryx_u64(x647, x629, x631);
 uint8_t x651 = ((uint8_t)0x0 + x650);
 uint8_t x652 = (x651 + x632);
 uint64_t _, uint8_t/*bool*/ x655 = addcarryx_u64(0x0, x586, x613);
 uint64_t x657, uint8_t/*bool*/ x658 = addcarryx_u64(x655, x589, x634);
 uint64_t x660, uint8_t/*bool*/ x661 = addcarryx_u64(x658, x592, x637);
 uint64_t x663, uint8_t/*bool*/ x664 = addcarryx_u64(x661, x595, x640);
 uint64_t x666, uint8_t/*bool*/ x667 = addcarryx_u64(x664, x598, x643);
 uint64_t x669, uint8_t/*bool*/ x670 = addcarryx_u64(x667, x601, x646);
 uint64_t x672, uint8_t/*bool*/ x673 = addcarryx_u64(x670, x604, x649);
 uint64_t x675, uint8_t/*bool*/ x676 = addcarryx_u64(x673, x607, x652);
 uint8_t x677 = ((uint8_t)x676 + x608);
 uint64_t x679, uint64_t x680 = mulx_u64(x15, x17);
 uint64_t x682, uint64_t x683 = mulx_u64(x15, x19);
 uint64_t x685, uint64_t x686 = mulx_u64(x15, x21);
 uint64_t x688, uint64_t x689 = mulx_u64(x15, x23);
 uint64_t x691, uint64_t x692 = mulx_u64(x15, x25);
 uint64_t x694, uint64_t x695 = mulx_u64(x15, x27);
 uint64_t x697, uint64_t x698 = mulx_u64(x15, x26);
 uint64_t x700, uint8_t/*bool*/ x701 = addcarryx_u64(0x0, x680, x682);
 uint64_t x703, uint8_t/*bool*/ x704 = addcarryx_u64(x701, x683, x685);
 uint64_t x706, uint8_t/*bool*/ x707 = addcarryx_u64(x704, x686, x688);
 uint64_t x709, uint8_t/*bool*/ x710 = addcarryx_u64(x707, x689, x691);
 uint64_t x712, uint8_t/*bool*/ x713 = addcarryx_u64(x710, x692, x694);
 uint64_t x715, uint8_t/*bool*/ x716 = addcarryx_u64(x713, x695, x697);
 uint64_t x718, uint8_t/*bool*/ _ = addcarryx_u64(0x0, x716, x698);
 uint64_t x721, uint8_t/*bool*/ x722 = addcarryx_u64(0x0, x657, x679);
 uint64_t x724, uint8_t/*bool*/ x725 = addcarryx_u64(x722, x660, x700);
 uint64_t x727, uint8_t/*bool*/ x728 = addcarryx_u64(x725, x663, x703);
 uint64_t x730, uint8_t/*bool*/ x731 = addcarryx_u64(x728, x666, x706);
 uint64_t x733, uint8_t/*bool*/ x734 = addcarryx_u64(x731, x669, x709);
 uint64_t x736, uint8_t/*bool*/ x737 = addcarryx_u64(x734, x672, x712);
 uint64_t x739, uint8_t/*bool*/ x740 = addcarryx_u64(x737, x675, x715);
 uint64_t x742, uint8_t/*bool*/ x743 = addcarryx_u64(x740, x677, x718);
 uint64_t x745, uint64_t _ = mulx_u64(x721, 0xcf3cf3cf3cf3cf3dL);
 uint64_t x748, uint64_t x749 = mulx_u64(x745, 0xffffffffffffffebL);
 uint64_t x751, uint64_t x752 = mulx_u64(x745, 0xffffffffffffffffL);
 uint64_t x754, uint64_t x755 = mulx_u64(x745, 0xffffffffffffffffL);
 uint64_t x757, uint64_t x758 = mulx_u64(x745, 0xffffffffffffffffL);
 uint64_t x760, uint64_t x761 = mulx_u64(x745, 0xffffffffffffffffL);
 uint64_t x763, uint64_t x764 = mulx_u64(x745, 0xffffffffffffffffL);
 uint64_t x766, uint8_t x767 = mulx_u64_out_u8(x745, 0x1f);
 uint64_t x769, uint8_t/*bool*/ x770 = addcarryx_u64(0x0, x749, x751);
 uint64_t x772, uint8_t/*bool*/ x773 = addcarryx_u64(x770, x752, x754);
 uint64_t x775, uint8_t/*bool*/ x776 = addcarryx_u64(x773, x755, x757);
 uint64_t x778, uint8_t/*bool*/ x779 = addcarryx_u64(x776, x758, x760);
 uint64_t x781, uint8_t/*bool*/ x782 = addcarryx_u64(x779, x761, x763);
 uint64_t x784, uint8_t/*bool*/ x785 = addcarryx_u64(x782, x764, x766);
 uint8_t x786 = ((uint8_t)0x0 + x785);
 uint8_t x787 = (x786 + x767);
 uint64_t _, uint8_t/*bool*/ x790 = addcarryx_u64(0x0, x721, x748);
 uint64_t x792, uint8_t/*bool*/ x793 = addcarryx_u64(x790, x724, x769);
 uint64_t x795, uint8_t/*bool*/ x796 = addcarryx_u64(x793, x727, x772);
 uint64_t x798, uint8_t/*bool*/ x799 = addcarryx_u64(x796, x730, x775);
 uint64_t x801, uint8_t/*bool*/ x802 = addcarryx_u64(x799, x733, x778);
 uint64_t x804, uint8_t/*bool*/ x805 = addcarryx_u64(x802, x736, x781);
 uint64_t x807, uint8_t/*bool*/ x808 = addcarryx_u64(x805, x739, x784);
 uint64_t x810, uint8_t/*bool*/ x811 = addcarryx_u64(x808, x742, x787);
 uint8_t x812 = ((uint8_t)x811 + x743);
 uint64_t x814, uint64_t x815 = mulx_u64(x14, x17);
 uint64_t x817, uint64_t x818 = mulx_u64(x14, x19);
 uint64_t x820, uint64_t x821 = mulx_u64(x14, x21);
 uint64_t x823, uint64_t x824 = mulx_u64(x14, x23);
 uint64_t x826, uint64_t x827 = mulx_u64(x14, x25);
 uint64_t x829, uint64_t x830 = mulx_u64(x14, x27);
 uint64_t x832, uint64_t x833 = mulx_u64(x14, x26);
 uint64_t x835, uint8_t/*bool*/ x836 = addcarryx_u64(0x0, x815, x817);
 uint64_t x838, uint8_t/*bool*/ x839 = addcarryx_u64(x836, x818, x820);
 uint64_t x841, uint8_t/*bool*/ x842 = addcarryx_u64(x839, x821, x823);
 uint64_t x844, uint8_t/*bool*/ x845 = addcarryx_u64(x842, x824, x826);
 uint64_t x847, uint8_t/*bool*/ x848 = addcarryx_u64(x845, x827, x829);
 uint64_t x850, uint8_t/*bool*/ x851 = addcarryx_u64(x848, x830, x832);
 uint64_t x853, uint8_t/*bool*/ _ = addcarryx_u64(0x0, x851, x833);
 uint64_t x856, uint8_t/*bool*/ x857 = addcarryx_u64(0x0, x792, x814);
 uint64_t x859, uint8_t/*bool*/ x860 = addcarryx_u64(x857, x795, x835);
 uint64_t x862, uint8_t/*bool*/ x863 = addcarryx_u64(x860, x798, x838);
 uint64_t x865, uint8_t/*bool*/ x866 = addcarryx_u64(x863, x801, x841);
 uint64_t x868, uint8_t/*bool*/ x869 = addcarryx_u64(x866, x804, x844);
 uint64_t x871, uint8_t/*bool*/ x872 = addcarryx_u64(x869, x807, x847);
 uint64_t x874, uint8_t/*bool*/ x875 = addcarryx_u64(x872, x810, x850);
 uint64_t x877, uint8_t/*bool*/ x878 = addcarryx_u64(x875, x812, x853);
 uint64_t x880, uint64_t _ = mulx_u64(x856, 0xcf3cf3cf3cf3cf3dL);
 uint64_t x883, uint64_t x884 = mulx_u64(x880, 0xffffffffffffffebL);
 uint64_t x886, uint64_t x887 = mulx_u64(x880, 0xffffffffffffffffL);
 uint64_t x889, uint64_t x890 = mulx_u64(x880, 0xffffffffffffffffL);
 uint64_t x892, uint64_t x893 = mulx_u64(x880, 0xffffffffffffffffL);
 uint64_t x895, uint64_t x896 = mulx_u64(x880, 0xffffffffffffffffL);
 uint64_t x898, uint64_t x899 = mulx_u64(x880, 0xffffffffffffffffL);
 uint64_t x901, uint8_t x902 = mulx_u64_out_u8(x880, 0x1f);
 uint64_t x904, uint8_t/*bool*/ x905 = addcarryx_u64(0x0, x884, x886);
 uint64_t x907, uint8_t/*bool*/ x908 = addcarryx_u64(x905, x887, x889);
 uint64_t x910, uint8_t/*bool*/ x911 = addcarryx_u64(x908, x890, x892);
 uint64_t x913, uint8_t/*bool*/ x914 = addcarryx_u64(x911, x893, x895);
 uint64_t x916, uint8_t/*bool*/ x917 = addcarryx_u64(x914, x896, x898);
 uint64_t x919, uint8_t/*bool*/ x920 = addcarryx_u64(x917, x899, x901);
 uint8_t x921 = ((uint8_t)0x0 + x920);
 uint8_t x922 = (x921 + x902);
 uint64_t _, uint8_t/*bool*/ x925 = addcarryx_u64(0x0, x856, x883);
 uint64_t x927, uint8_t/*bool*/ x928 = addcarryx_u64(x925, x859, x904);
 uint64_t x930, uint8_t/*bool*/ x931 = addcarryx_u64(x928, x862, x907);
 uint64_t x933, uint8_t/*bool*/ x934 = addcarryx_u64(x931, x865, x910);
 uint64_t x936, uint8_t/*bool*/ x937 = addcarryx_u64(x934, x868, x913);
 uint64_t x939, uint8_t/*bool*/ x940 = addcarryx_u64(x937, x871, x916);
 uint64_t x942, uint8_t/*bool*/ x943 = addcarryx_u64(x940, x874, x919);
 uint64_t x945, uint8_t/*bool*/ x946 = addcarryx_u64(x943, x877, x922);
 uint8_t x947 = ((uint8_t)x946 + x878);
 uint64_t x949, uint8_t/*bool*/ x950 = subborrow_u64(0x0, x927, 0xffffffffffffffebL);
 uint64_t x952, uint8_t/*bool*/ x953 = subborrow_u64(x950, x930, 0xffffffffffffffffL);
 uint64_t x955, uint8_t/*bool*/ x956 = subborrow_u64(x953, x933, 0xffffffffffffffffL);
 uint64_t x958, uint8_t/*bool*/ x959 = subborrow_u64(x956, x936, 0xffffffffffffffffL);
 uint64_t x961, uint8_t/*bool*/ x962 = subborrow_u64(x959, x939, 0xffffffffffffffffL);
 uint64_t x964, uint8_t/*bool*/ x965 = subborrow_u64(x962, x942, 0xffffffffffffffffL);
 uint64_t x967, uint8_t/*bool*/ x968 = subborrow_u64(x965, x945, 0x1f);
 uint64_t _, uint8_t/*bool*/ x971 = subborrow_u64(x968, x947, 0x0);
 uint64_t x972 = cmovznz64(x971, x967, x945);
 uint64_t x973 = cmovznz64(x971, x964, x942);
 uint64_t x974 = cmovznz64(x971, x961, x939);
 uint64_t x975 = cmovznz64(x971, x958, x936);
 uint64_t x976 = cmovznz64(x971, x955, x933);
 uint64_t x977 = cmovznz64(x971, x952, x930);
 uint64_t x978 = cmovznz64(x971, x949, x927);
 return (x972, x973, x974, x975, x976, x977, x978))
(x, x0)%core
     : word64 * word64 * word64 * word64 * word64 * word64 * word64 → word64 * word64 * word64 * word64 * word64 * word64 * word64 → ReturnType (uint64_t * uint64_t * uint64_t * uint64_t * uint64_t * uint64_t * uint64_t)
