λ x : word64 * word64 * word64 * word64 * word64 * word64 * word64,
Interp-η
(λ var : Syntax.base_type → Type,
 λ '(x11, x12, x10, x8, x6, x4, x2)%core,
 uint128_t x13 = (((uint128_t)x2 * x11) + (((uint128_t)x4 * x12) + (((uint128_t)x6 * x10) + (((uint128_t)x8 * x8) + (((uint128_t)x10 * x6) + (((uint128_t)x12 * x4) + ((uint128_t)x11 * x2)))))));
 uint128_t x14 = ((((uint128_t)x2 * x12) + (((uint128_t)x4 * x10) + (((uint128_t)x6 * x8) + (((uint128_t)x8 * x6) + (((uint128_t)x10 * x4) + ((uint128_t)x12 * x2)))))) + (0x15 * ((uint128_t)x11 * x11)));
 uint128_t x15 = ((((uint128_t)x2 * x10) + (((uint128_t)x4 * x8) + (((uint128_t)x6 * x6) + (((uint128_t)x8 * x4) + ((uint128_t)x10 * x2))))) + (0x15 * (((uint128_t)x12 * x11) + ((uint128_t)x11 * x12))));
 uint128_t x16 = ((((uint128_t)x2 * x8) + (((uint128_t)x4 * x6) + (((uint128_t)x6 * x4) + ((uint128_t)x8 * x2)))) + (0x15 * (((uint128_t)x10 * x11) + (((uint128_t)x12 * x12) + ((uint128_t)x11 * x10)))));
 uint128_t x17 = ((((uint128_t)x2 * x6) + (((uint128_t)x4 * x4) + ((uint128_t)x6 * x2))) + (0x15 * (((uint128_t)x8 * x11) + (((uint128_t)x10 * x12) + (((uint128_t)x12 * x10) + ((uint128_t)x11 * x8))))));
 ℤ x18 = ((((uint128_t)x2 * x4) + ((uint128_t)x4 * x2)) +ℤ (0x15 *ℤ (((uint128_t)x6 * x11) + (((uint128_t)x8 * x12) + (((uint128_t)x10 * x10) + (((uint128_t)x12 * x8) + ((uint128_t)x11 * x6)))))));
 ℤ x19 = (((uint128_t)x2 * x2) +ℤ (0x15 *ℤ (((uint128_t)x4 * x11) + (((uint128_t)x6 * x12) + (((uint128_t)x8 * x10) + (((uint128_t)x10 * x8) + (((uint128_t)x12 * x6) + ((uint128_t)x11 * x4))))))));
 uint128_t x20 = (x19 >> 0x3b);
 uint64_t x21 = (x19 & 0x7ffffffffffffff);
 ℤ x22 = (x20 +ℤ x18);
 uint128_t x23 = (x22 >> 0x3b);
 uint64_t x24 = (x22 & 0x7ffffffffffffff);
 uint128_t x25 = (x23 + x17);
 uint128_t x26 = (x25 >> 0x3b);
 uint64_t x27 = ((uint64_t)x25 & 0x7ffffffffffffff);
 uint128_t x28 = (x26 + x16);
 uint128_t x29 = (x28 >> 0x3b);
 uint64_t x30 = ((uint64_t)x28 & 0x7ffffffffffffff);
 uint128_t x31 = (x29 + x15);
 uint128_t x32 = (x31 >> 0x3b);
 uint64_t x33 = ((uint64_t)x31 & 0x7ffffffffffffff);
 uint128_t x34 = (x32 + x14);
 uint128_t x35 = (x34 >> 0x3b);
 uint64_t x36 = ((uint64_t)x34 & 0x7ffffffffffffff);
 uint128_t x37 = (x35 + x13);
 uint128_t x38 = (x37 >> 0x3b);
 uint64_t x39 = ((uint64_t)x37 & 0x7ffffffffffffff);
 uint128_t x40 = (x21 + (0x15 * x38));
 uint64_t x41 = (uint64_t) (x40 >> 0x3b);
 uint64_t x42 = ((uint64_t)x40 & 0x7ffffffffffffff);
 uint64_t x43 = (x41 + x24);
 uint64_t x44 = (x43 >> 0x3b);
 uint64_t x45 = (x43 & 0x7ffffffffffffff);
 return (Return x39, Return x36, Return x33, Return x30, (x44 + x27), Return x45, Return x42))
x
     : word64 * word64 * word64 * word64 * word64 * word64 * word64 → ReturnType (uint64_t * uint64_t * uint64_t * uint64_t * uint64_t * uint64_t * uint64_t)
