λ x : word64 * word64 * word64 * word64 * word64 * word64 * word64 * word64 * word64,
Interp-η
(λ var : Syntax.base_type → Type,
 λ '(x15, x16, x14, x12, x10, x8, x6, x4, x2)%core,
 uint64_t x18, uint8_t x19 = Op (Syntax.SubWithGetBorrow 55 (Syntax.TWord 3) (Syntax.TWord 6) (Syntax.TWord 6) (Syntax.TWord 6) (Syntax.TWord 3)) (0x0, Return x2, 0x7fffffffffffeb);
 uint64_t x21, uint8_t x22 = Op (Syntax.SubWithGetBorrow 54 (Syntax.TWord 3) (Syntax.TWord 6) (Syntax.TWord 6) (Syntax.TWord 6) (Syntax.TWord 3)) (Return x19, Return x4, 0x3fffffffffffff);
 uint64_t x24, uint8_t x25 = Op (Syntax.SubWithGetBorrow 54 (Syntax.TWord 3) (Syntax.TWord 6) (Syntax.TWord 6) (Syntax.TWord 6) (Syntax.TWord 3)) (Return x22, Return x6, 0x3fffffffffffff);
 uint64_t x27, uint8_t x28 = Op (Syntax.SubWithGetBorrow 55 (Syntax.TWord 3) (Syntax.TWord 6) (Syntax.TWord 6) (Syntax.TWord 6) (Syntax.TWord 3)) (Return x25, Return x8, 0x7fffffffffffff);
 uint64_t x30, uint8_t x31 = Op (Syntax.SubWithGetBorrow 54 (Syntax.TWord 3) (Syntax.TWord 6) (Syntax.TWord 6) (Syntax.TWord 6) (Syntax.TWord 3)) (Return x28, Return x10, 0x3fffffffffffff);
 uint64_t x33, uint8_t x34 = Op (Syntax.SubWithGetBorrow 54 (Syntax.TWord 3) (Syntax.TWord 6) (Syntax.TWord 6) (Syntax.TWord 6) (Syntax.TWord 3)) (Return x31, Return x12, 0x3fffffffffffff);
 uint64_t x36, uint8_t x37 = Op (Syntax.SubWithGetBorrow 55 (Syntax.TWord 3) (Syntax.TWord 6) (Syntax.TWord 6) (Syntax.TWord 6) (Syntax.TWord 3)) (Return x34, Return x14, 0x7fffffffffffff);
 uint64_t x39, uint8_t x40 = Op (Syntax.SubWithGetBorrow 54 (Syntax.TWord 3) (Syntax.TWord 6) (Syntax.TWord 6) (Syntax.TWord 6) (Syntax.TWord 3)) (Return x37, Return x16, 0x3fffffffffffff);
 uint64_t x42, uint8_t x43 = Op (Syntax.SubWithGetBorrow 54 (Syntax.TWord 3) (Syntax.TWord 6) (Syntax.TWord 6) (Syntax.TWord 6) (Syntax.TWord 3)) (Return x40, Return x15, 0x3fffffffffffff);
 uint64_t x44 = cmovznz64(x43, 0x0, 0xffffffffffffffffL);
 uint64_t x45 = (x44 & 0x7fffffffffffeb);
 uint64_t x47, uint8_t x48 = Op (Syntax.AddWithGetCarry 55 (Syntax.TWord 3) (Syntax.TWord 6) (Syntax.TWord 6) (Syntax.TWord 6) (Syntax.TWord 3)) (0x0, Return x18, Return x45);
 uint64_t x49 = (x44 & 0x3fffffffffffff);
 uint64_t x51, uint8_t x52 = Op (Syntax.AddWithGetCarry 54 (Syntax.TWord 3) (Syntax.TWord 6) (Syntax.TWord 6) (Syntax.TWord 6) (Syntax.TWord 3)) (Return x48, Return x21, Return x49);
 uint64_t x53 = (x44 & 0x3fffffffffffff);
 uint64_t x55, uint8_t x56 = Op (Syntax.AddWithGetCarry 54 (Syntax.TWord 3) (Syntax.TWord 6) (Syntax.TWord 6) (Syntax.TWord 6) (Syntax.TWord 3)) (Return x52, Return x24, Return x53);
 uint64_t x57 = (x44 & 0x7fffffffffffff);
 uint64_t x59, uint8_t x60 = Op (Syntax.AddWithGetCarry 55 (Syntax.TWord 3) (Syntax.TWord 6) (Syntax.TWord 6) (Syntax.TWord 6) (Syntax.TWord 3)) (Return x56, Return x27, Return x57);
 uint64_t x61 = (x44 & 0x3fffffffffffff);
 uint64_t x63, uint8_t x64 = Op (Syntax.AddWithGetCarry 54 (Syntax.TWord 3) (Syntax.TWord 6) (Syntax.TWord 6) (Syntax.TWord 6) (Syntax.TWord 3)) (Return x60, Return x30, Return x61);
 uint64_t x65 = (x44 & 0x3fffffffffffff);
 uint64_t x67, uint8_t x68 = Op (Syntax.AddWithGetCarry 54 (Syntax.TWord 3) (Syntax.TWord 6) (Syntax.TWord 6) (Syntax.TWord 6) (Syntax.TWord 3)) (Return x64, Return x33, Return x65);
 uint64_t x69 = (x44 & 0x7fffffffffffff);
 uint64_t x71, uint8_t x72 = Op (Syntax.AddWithGetCarry 55 (Syntax.TWord 3) (Syntax.TWord 6) (Syntax.TWord 6) (Syntax.TWord 6) (Syntax.TWord 3)) (Return x68, Return x36, Return x69);
 uint64_t x73 = (x44 & 0x3fffffffffffff);
 uint64_t x75, uint8_t x76 = Op (Syntax.AddWithGetCarry 54 (Syntax.TWord 3) (Syntax.TWord 6) (Syntax.TWord 6) (Syntax.TWord 6) (Syntax.TWord 3)) (Return x72, Return x39, Return x73);
 uint64_t x77 = (x44 & 0x3fffffffffffff);
 uint64_t x79, uint8_t _ = Op (Syntax.AddWithGetCarry 54 (Syntax.TWord 3) (Syntax.TWord 6) (Syntax.TWord 6) (Syntax.TWord 6) (Syntax.TWord 3)) (Return x76, Return x42, Return x77);
 (Return x79, Return x75, Return x71, Return x67, Return x63, Return x59, Return x55, Return x51, Return x47))
x
     : word64 * word64 * word64 * word64 * word64 * word64 * word64 * word64 * word64 → ReturnType (uint64_t * uint64_t * uint64_t * uint64_t * uint64_t * uint64_t * uint64_t * uint64_t * uint64_t)
