λ x : word32 * word32 * word32 * word32 * word32 * word32 * word32 * word32 * word32 * word32 * word32 * word32 * word32 * word32 * word32 * word32 * word32 * word32 * word32 * word32 * word32 * word32 * word32 * word32,
Interp-η
(λ var : Syntax.base_type → Type,
 λ '(x45, x46, x44, x42, x40, x38, x36, x34, x32, x30, x28, x26, x24, x22, x20, x18, x16, x14, x12, x10, x8, x6, x4, x2)%core,
 uint32_t x48, uint8_t x49 = Op (Syntax.SubWithGetBorrow 22 (Syntax.TWord 3) (Syntax.TWord 5) (Syntax.TWord 5) (Syntax.TWord 5) (Syntax.TWord 3)) (0x0, Return x2, 0x3ffe1f);
 uint32_t x51, uint8_t x52 = Op (Syntax.SubWithGetBorrow 21 (Syntax.TWord 3) (Syntax.TWord 5) (Syntax.TWord 5) (Syntax.TWord 5) (Syntax.TWord 3)) (Return x49, Return x4, 0x1fffff);
 uint32_t x54, uint8_t x55 = Op (Syntax.SubWithGetBorrow 21 (Syntax.TWord 3) (Syntax.TWord 5) (Syntax.TWord 5) (Syntax.TWord 5) (Syntax.TWord 3)) (Return x52, Return x6, 0x1fffff);
 uint32_t x57, uint8_t x58 = Op (Syntax.SubWithGetBorrow 22 (Syntax.TWord 3) (Syntax.TWord 5) (Syntax.TWord 5) (Syntax.TWord 5) (Syntax.TWord 3)) (Return x55, Return x8, 0x3fffff);
 uint32_t x60, uint8_t x61 = Op (Syntax.SubWithGetBorrow 21 (Syntax.TWord 3) (Syntax.TWord 5) (Syntax.TWord 5) (Syntax.TWord 5) (Syntax.TWord 3)) (Return x58, Return x10, 0x1fffff);
 uint32_t x63, uint8_t x64 = Op (Syntax.SubWithGetBorrow 21 (Syntax.TWord 3) (Syntax.TWord 5) (Syntax.TWord 5) (Syntax.TWord 5) (Syntax.TWord 3)) (Return x61, Return x12, 0x1fffff);
 uint32_t x66, uint8_t x67 = Op (Syntax.SubWithGetBorrow 22 (Syntax.TWord 3) (Syntax.TWord 5) (Syntax.TWord 5) (Syntax.TWord 5) (Syntax.TWord 3)) (Return x64, Return x14, 0x3fffff);
 uint32_t x69, uint8_t x70 = Op (Syntax.SubWithGetBorrow 21 (Syntax.TWord 3) (Syntax.TWord 5) (Syntax.TWord 5) (Syntax.TWord 5) (Syntax.TWord 3)) (Return x67, Return x16, 0x1fffff);
 uint32_t x72, uint8_t x73 = Op (Syntax.SubWithGetBorrow 21 (Syntax.TWord 3) (Syntax.TWord 5) (Syntax.TWord 5) (Syntax.TWord 5) (Syntax.TWord 3)) (Return x70, Return x18, 0x1fffff);
 uint32_t x75, uint8_t x76 = Op (Syntax.SubWithGetBorrow 21 (Syntax.TWord 3) (Syntax.TWord 5) (Syntax.TWord 5) (Syntax.TWord 5) (Syntax.TWord 3)) (Return x73, Return x20, 0x1fffff);
 uint32_t x78, uint8_t x79 = Op (Syntax.SubWithGetBorrow 22 (Syntax.TWord 3) (Syntax.TWord 5) (Syntax.TWord 5) (Syntax.TWord 5) (Syntax.TWord 3)) (Return x76, Return x22, 0x3fffff);
 uint32_t x81, uint8_t x82 = Op (Syntax.SubWithGetBorrow 21 (Syntax.TWord 3) (Syntax.TWord 5) (Syntax.TWord 5) (Syntax.TWord 5) (Syntax.TWord 3)) (Return x79, Return x24, 0x1fffff);
 uint32_t x84, uint8_t x85 = Op (Syntax.SubWithGetBorrow 21 (Syntax.TWord 3) (Syntax.TWord 5) (Syntax.TWord 5) (Syntax.TWord 5) (Syntax.TWord 3)) (Return x82, Return x26, 0x1fffff);
 uint32_t x87, uint8_t x88 = Op (Syntax.SubWithGetBorrow 22 (Syntax.TWord 3) (Syntax.TWord 5) (Syntax.TWord 5) (Syntax.TWord 5) (Syntax.TWord 3)) (Return x85, Return x28, 0x3fffff);
 uint32_t x90, uint8_t x91 = Op (Syntax.SubWithGetBorrow 21 (Syntax.TWord 3) (Syntax.TWord 5) (Syntax.TWord 5) (Syntax.TWord 5) (Syntax.TWord 3)) (Return x88, Return x30, 0x1fffff);
 uint32_t x93, uint8_t x94 = Op (Syntax.SubWithGetBorrow 21 (Syntax.TWord 3) (Syntax.TWord 5) (Syntax.TWord 5) (Syntax.TWord 5) (Syntax.TWord 3)) (Return x91, Return x32, 0x1fffff);
 uint32_t x96, uint8_t x97 = Op (Syntax.SubWithGetBorrow 21 (Syntax.TWord 3) (Syntax.TWord 5) (Syntax.TWord 5) (Syntax.TWord 5) (Syntax.TWord 3)) (Return x94, Return x34, 0x1fffff);
 uint32_t x99, uint8_t x100 = Op (Syntax.SubWithGetBorrow 22 (Syntax.TWord 3) (Syntax.TWord 5) (Syntax.TWord 5) (Syntax.TWord 5) (Syntax.TWord 3)) (Return x97, Return x36, 0x3fffff);
 uint32_t x102, uint8_t x103 = Op (Syntax.SubWithGetBorrow 21 (Syntax.TWord 3) (Syntax.TWord 5) (Syntax.TWord 5) (Syntax.TWord 5) (Syntax.TWord 3)) (Return x100, Return x38, 0x1fffff);
 uint32_t x105, uint8_t x106 = Op (Syntax.SubWithGetBorrow 21 (Syntax.TWord 3) (Syntax.TWord 5) (Syntax.TWord 5) (Syntax.TWord 5) (Syntax.TWord 3)) (Return x103, Return x40, 0x1fffff);
 uint32_t x108, uint8_t x109 = Op (Syntax.SubWithGetBorrow 22 (Syntax.TWord 3) (Syntax.TWord 5) (Syntax.TWord 5) (Syntax.TWord 5) (Syntax.TWord 3)) (Return x106, Return x42, 0x3fffff);
 uint32_t x111, uint8_t x112 = Op (Syntax.SubWithGetBorrow 21 (Syntax.TWord 3) (Syntax.TWord 5) (Syntax.TWord 5) (Syntax.TWord 5) (Syntax.TWord 3)) (Return x109, Return x44, 0x1fffff);
 uint32_t x114, uint8_t x115 = Op (Syntax.SubWithGetBorrow 21 (Syntax.TWord 3) (Syntax.TWord 5) (Syntax.TWord 5) (Syntax.TWord 5) (Syntax.TWord 3)) (Return x112, Return x46, 0x1fffff);
 uint32_t x117, uint8_t x118 = Op (Syntax.SubWithGetBorrow 21 (Syntax.TWord 3) (Syntax.TWord 5) (Syntax.TWord 5) (Syntax.TWord 5) (Syntax.TWord 3)) (Return x115, Return x45, 0x1fffff);
 uint32_t x119 = cmovznz32(x118, 0x0, 0xffffffff);
 uint32_t x120 = (x119 & 0x3ffe1f);
 uint32_t x122, uint8_t x123 = Op (Syntax.AddWithGetCarry 22 (Syntax.TWord 3) (Syntax.TWord 5) (Syntax.TWord 5) (Syntax.TWord 5) (Syntax.TWord 3)) (0x0, Return x48, Return x120);
 uint32_t x124 = (x119 & 0x1fffff);
 uint32_t x126, uint8_t x127 = Op (Syntax.AddWithGetCarry 21 (Syntax.TWord 3) (Syntax.TWord 5) (Syntax.TWord 5) (Syntax.TWord 5) (Syntax.TWord 3)) (Return x123, Return x51, Return x124);
 uint32_t x128 = (x119 & 0x1fffff);
 uint32_t x130, uint8_t x131 = Op (Syntax.AddWithGetCarry 21 (Syntax.TWord 3) (Syntax.TWord 5) (Syntax.TWord 5) (Syntax.TWord 5) (Syntax.TWord 3)) (Return x127, Return x54, Return x128);
 uint32_t x132 = (x119 & 0x3fffff);
 uint32_t x134, uint8_t x135 = Op (Syntax.AddWithGetCarry 22 (Syntax.TWord 3) (Syntax.TWord 5) (Syntax.TWord 5) (Syntax.TWord 5) (Syntax.TWord 3)) (Return x131, Return x57, Return x132);
 uint32_t x136 = (x119 & 0x1fffff);
 uint32_t x138, uint8_t x139 = Op (Syntax.AddWithGetCarry 21 (Syntax.TWord 3) (Syntax.TWord 5) (Syntax.TWord 5) (Syntax.TWord 5) (Syntax.TWord 3)) (Return x135, Return x60, Return x136);
 uint32_t x140 = (x119 & 0x1fffff);
 uint32_t x142, uint8_t x143 = Op (Syntax.AddWithGetCarry 21 (Syntax.TWord 3) (Syntax.TWord 5) (Syntax.TWord 5) (Syntax.TWord 5) (Syntax.TWord 3)) (Return x139, Return x63, Return x140);
 uint32_t x144 = (x119 & 0x3fffff);
 uint32_t x146, uint8_t x147 = Op (Syntax.AddWithGetCarry 22 (Syntax.TWord 3) (Syntax.TWord 5) (Syntax.TWord 5) (Syntax.TWord 5) (Syntax.TWord 3)) (Return x143, Return x66, Return x144);
 uint32_t x148 = (x119 & 0x1fffff);
 uint32_t x150, uint8_t x151 = Op (Syntax.AddWithGetCarry 21 (Syntax.TWord 3) (Syntax.TWord 5) (Syntax.TWord 5) (Syntax.TWord 5) (Syntax.TWord 3)) (Return x147, Return x69, Return x148);
 uint32_t x152 = (x119 & 0x1fffff);
 uint32_t x154, uint8_t x155 = Op (Syntax.AddWithGetCarry 21 (Syntax.TWord 3) (Syntax.TWord 5) (Syntax.TWord 5) (Syntax.TWord 5) (Syntax.TWord 3)) (Return x151, Return x72, Return x152);
 uint32_t x156 = (x119 & 0x1fffff);
 uint32_t x158, uint8_t x159 = Op (Syntax.AddWithGetCarry 21 (Syntax.TWord 3) (Syntax.TWord 5) (Syntax.TWord 5) (Syntax.TWord 5) (Syntax.TWord 3)) (Return x155, Return x75, Return x156);
 uint32_t x160 = (x119 & 0x3fffff);
 uint32_t x162, uint8_t x163 = Op (Syntax.AddWithGetCarry 22 (Syntax.TWord 3) (Syntax.TWord 5) (Syntax.TWord 5) (Syntax.TWord 5) (Syntax.TWord 3)) (Return x159, Return x78, Return x160);
 uint32_t x164 = (x119 & 0x1fffff);
 uint32_t x166, uint8_t x167 = Op (Syntax.AddWithGetCarry 21 (Syntax.TWord 3) (Syntax.TWord 5) (Syntax.TWord 5) (Syntax.TWord 5) (Syntax.TWord 3)) (Return x163, Return x81, Return x164);
 uint32_t x168 = (x119 & 0x1fffff);
 uint32_t x170, uint8_t x171 = Op (Syntax.AddWithGetCarry 21 (Syntax.TWord 3) (Syntax.TWord 5) (Syntax.TWord 5) (Syntax.TWord 5) (Syntax.TWord 3)) (Return x167, Return x84, Return x168);
 uint32_t x172 = (x119 & 0x3fffff);
 uint32_t x174, uint8_t x175 = Op (Syntax.AddWithGetCarry 22 (Syntax.TWord 3) (Syntax.TWord 5) (Syntax.TWord 5) (Syntax.TWord 5) (Syntax.TWord 3)) (Return x171, Return x87, Return x172);
 uint32_t x176 = (x119 & 0x1fffff);
 uint32_t x178, uint8_t x179 = Op (Syntax.AddWithGetCarry 21 (Syntax.TWord 3) (Syntax.TWord 5) (Syntax.TWord 5) (Syntax.TWord 5) (Syntax.TWord 3)) (Return x175, Return x90, Return x176);
 uint32_t x180 = (x119 & 0x1fffff);
 uint32_t x182, uint8_t x183 = Op (Syntax.AddWithGetCarry 21 (Syntax.TWord 3) (Syntax.TWord 5) (Syntax.TWord 5) (Syntax.TWord 5) (Syntax.TWord 3)) (Return x179, Return x93, Return x180);
 uint32_t x184 = (x119 & 0x1fffff);
 uint32_t x186, uint8_t x187 = Op (Syntax.AddWithGetCarry 21 (Syntax.TWord 3) (Syntax.TWord 5) (Syntax.TWord 5) (Syntax.TWord 5) (Syntax.TWord 3)) (Return x183, Return x96, Return x184);
 uint32_t x188 = (x119 & 0x3fffff);
 uint32_t x190, uint8_t x191 = Op (Syntax.AddWithGetCarry 22 (Syntax.TWord 3) (Syntax.TWord 5) (Syntax.TWord 5) (Syntax.TWord 5) (Syntax.TWord 3)) (Return x187, Return x99, Return x188);
 uint32_t x192 = (x119 & 0x1fffff);
 uint32_t x194, uint8_t x195 = Op (Syntax.AddWithGetCarry 21 (Syntax.TWord 3) (Syntax.TWord 5) (Syntax.TWord 5) (Syntax.TWord 5) (Syntax.TWord 3)) (Return x191, Return x102, Return x192);
 uint32_t x196 = (x119 & 0x1fffff);
 uint32_t x198, uint8_t x199 = Op (Syntax.AddWithGetCarry 21 (Syntax.TWord 3) (Syntax.TWord 5) (Syntax.TWord 5) (Syntax.TWord 5) (Syntax.TWord 3)) (Return x195, Return x105, Return x196);
 uint32_t x200 = (x119 & 0x3fffff);
 uint32_t x202, uint8_t x203 = Op (Syntax.AddWithGetCarry 22 (Syntax.TWord 3) (Syntax.TWord 5) (Syntax.TWord 5) (Syntax.TWord 5) (Syntax.TWord 3)) (Return x199, Return x108, Return x200);
 uint32_t x204 = (x119 & 0x1fffff);
 uint32_t x206, uint8_t x207 = Op (Syntax.AddWithGetCarry 21 (Syntax.TWord 3) (Syntax.TWord 5) (Syntax.TWord 5) (Syntax.TWord 5) (Syntax.TWord 3)) (Return x203, Return x111, Return x204);
 uint32_t x208 = (x119 & 0x1fffff);
 uint32_t x210, uint8_t x211 = Op (Syntax.AddWithGetCarry 21 (Syntax.TWord 3) (Syntax.TWord 5) (Syntax.TWord 5) (Syntax.TWord 5) (Syntax.TWord 3)) (Return x207, Return x114, Return x208);
 uint32_t x212 = (x119 & 0x1fffff);
 uint32_t x214, uint8_t _ = Op (Syntax.AddWithGetCarry 21 (Syntax.TWord 3) (Syntax.TWord 5) (Syntax.TWord 5) (Syntax.TWord 5) (Syntax.TWord 3)) (Return x211, Return x117, Return x212);
 (Return x214, Return x210, Return x206, Return x202, Return x198, Return x194, Return x190, Return x186, Return x182, Return x178, Return x174, Return x170, Return x166, Return x162, Return x158, Return x154, Return x150, Return x146, Return x142, Return x138, Return x134, Return x130, Return x126, Return x122))
x
     : word32 * word32 * word32 * word32 * word32 * word32 * word32 * word32 * word32 * word32 * word32 * word32 * word32 * word32 * word32 * word32 * word32 * word32 * word32 * word32 * word32 * word32 * word32 * word32 → ReturnType (uint32_t * uint32_t * uint32_t * uint32_t * uint32_t * uint32_t * uint32_t * uint32_t * uint32_t * uint32_t * uint32_t * uint32_t * uint32_t * uint32_t * uint32_t * uint32_t * uint32_t * uint32_t * uint32_t * uint32_t * uint32_t * uint32_t * uint32_t * uint32_t)
