λ x x0 : word32 * word32 * word32 * word32 * word32 * word32 * word32 * word32 * word32,
Interp-η
(λ var : Syntax.base_type → Type,
 λ '(x18, x19, x17, x15, x13, x11, x9, x7, x5, (x34, x35, x33, x31, x29, x27, x25, x23, x21))%core,
 uint64_t x36 = (uint64_t) x5 * x34 + (0x2 * ((uint64_t) x7 * x35) + ((uint64_t) x9 * x33 + ((uint64_t) x11 * x31 + (0x2 * ((uint64_t) x13 * x29) + ((uint64_t) x15 * x27 + ((uint64_t) x17 * x25 + (0x2 * ((uint64_t) x19 * x23) + (uint64_t) x18 * x21)))))));
 uint64_t x37 = (uint64_t) x5 * x35 + ((uint64_t) x7 * x33 + ((uint64_t) x9 * x31 + ((uint64_t) x11 * x29 + ((uint64_t) x13 * x27 + ((uint64_t) x15 * x25 + ((uint64_t) x17 * x23 + (uint64_t) x19 * x21)))))) + ((uint64_t) x18 * x34 + (0x2 * ((uint64_t) x18 * x34) + 0x10 * ((uint64_t) x18 * x34)));
 uint64_t x38 = (uint64_t) x5 * x33 + (0x2 * ((uint64_t) x7 * x31) + (0x2 * ((uint64_t) x9 * x29) + ((uint64_t) x11 * x27 + (0x2 * ((uint64_t) x13 * x25) + (0x2 * ((uint64_t) x15 * x23) + (uint64_t) x17 * x21))))) + (0x2 * ((uint64_t) x19 * x34) + 0x2 * ((uint64_t) x18 * x35) + (0x2 * (0x2 * ((uint64_t) x19 * x34) + 0x2 * ((uint64_t) x18 * x35)) + 0x10 * (0x2 * ((uint64_t) x19 * x34) + 0x2 * ((uint64_t) x18 * x35))));
 uint64_t x39 = (uint64_t) x5 * x31 + (0x2 * ((uint64_t) x7 * x29) + ((uint64_t) x9 * x27 + ((uint64_t) x11 * x25 + (0x2 * ((uint64_t) x13 * x23) + (uint64_t) x15 * x21)))) + ((uint64_t) x17 * x34 + (0x2 * ((uint64_t) x19 * x35) + (uint64_t) x18 * x33) + (0x2 * ((uint64_t) x17 * x34 + (0x2 * ((uint64_t) x19 * x35) + (uint64_t) x18 * x33)) + 0x10 * ((uint64_t) x17 * x34 + (0x2 * ((uint64_t) x19 * x35) + (uint64_t) x18 * x33))));
 uint64_t x40 = (uint64_t) x5 * x29 + ((uint64_t) x7 * x27 + ((uint64_t) x9 * x25 + ((uint64_t) x11 * x23 + (uint64_t) x13 * x21))) + ((uint64_t) x15 * x34 + ((uint64_t) x17 * x35 + ((uint64_t) x19 * x33 + (uint64_t) x18 * x31)) + (0x2 * ((uint64_t) x15 * x34 + ((uint64_t) x17 * x35 + ((uint64_t) x19 * x33 + (uint64_t) x18 * x31))) + 0x10 * ((uint64_t) x15 * x34 + ((uint64_t) x17 * x35 + ((uint64_t) x19 * x33 + (uint64_t) x18 * x31)))));
 ℤ x41 = ((uint64_t) x5 * x27 + (0x2 * ((uint64_t) x7 * x25) + (0x2 * ((uint64_t) x9 * x23) + (uint64_t) x11 * x21))) +ℤ ((0x2 * ((uint64_t) x13 * x34) + (0x2 * ((uint64_t) x15 * x35) + ((uint64_t) x17 * x33 + (0x2 * ((uint64_t) x19 * x31) + 0x2 * ((uint64_t) x18 * x29))))) +ℤ (0x2 * (0x2 * ((uint64_t) x13 * x34) + (0x2 * ((uint64_t) x15 * x35) + ((uint64_t) x17 * x33 + (0x2 * ((uint64_t) x19 * x31) + 0x2 * ((uint64_t) x18 * x29))))) +ℤ 0x10 * (0x2 * ((uint64_t) x13 * x34) + (0x2 * ((uint64_t) x15 * x35) + ((uint64_t) x17 * x33 + (0x2 * ((uint64_t) x19 * x31) + 0x2 * ((uint64_t) x18 * x29)))))));
 ℤ x42 = ((uint64_t) x5 * x25 + (0x2 * ((uint64_t) x7 * x23) + (uint64_t) x9 * x21)) +ℤ (((uint64_t) x11 * x34 + (0x2 * ((uint64_t) x13 * x35) + ((uint64_t) x15 * x33 + ((uint64_t) x17 * x31 + (0x2 * ((uint64_t) x19 * x29) + (uint64_t) x18 * x27))))) +ℤ (0x2 * ((uint64_t) x11 * x34 + (0x2 * ((uint64_t) x13 * x35) + ((uint64_t) x15 * x33 + ((uint64_t) x17 * x31 + (0x2 * ((uint64_t) x19 * x29) + (uint64_t) x18 * x27))))) +ℤ 0x10 * ((uint64_t) x11 * x34 + (0x2 * ((uint64_t) x13 * x35) + ((uint64_t) x15 * x33 + ((uint64_t) x17 * x31 + (0x2 * ((uint64_t) x19 * x29) + (uint64_t) x18 * x27)))))));
 ℤ x43 = ((uint64_t) x5 * x23 + (uint64_t) x7 * x21) +ℤ (((uint64_t) x9 * x34 + ((uint64_t) x11 * x35 + ((uint64_t) x13 * x33 + ((uint64_t) x15 * x31 + ((uint64_t) x17 * x29 + ((uint64_t) x19 * x27 + (uint64_t) x18 * x25)))))) +ℤ (0x2 * ((uint64_t) x9 * x34 + ((uint64_t) x11 * x35 + ((uint64_t) x13 * x33 + ((uint64_t) x15 * x31 + ((uint64_t) x17 * x29 + ((uint64_t) x19 * x27 + (uint64_t) x18 * x25)))))) + 0x10 * ((uint64_t) x9 * x34 + ((uint64_t) x11 * x35 + ((uint64_t) x13 * x33 + ((uint64_t) x15 * x31 + ((uint64_t) x17 * x29 + ((uint64_t) x19 * x27 + (uint64_t) x18 * x25))))))));
 ℤ x44 = (uint64_t) x5 * x21 +ℤ ((0x2 * ((uint64_t) x7 * x34) + (0x2 * ((uint64_t) x9 * x35) + ((uint64_t) x11 * x33 + (0x2 * ((uint64_t) x13 * x31) + (0x2 * ((uint64_t) x15 * x29) + ((uint64_t) x17 * x27 + (0x2 * ((uint64_t) x19 * x25) + 0x2 * ((uint64_t) x18 * x23)))))))) +ℤ (0x2 * (0x2 * ((uint64_t) x7 * x34) + (0x2 * ((uint64_t) x9 * x35) + ((uint64_t) x11 * x33 + (0x2 * ((uint64_t) x13 * x31) + (0x2 * ((uint64_t) x15 * x29) + ((uint64_t) x17 * x27 + (0x2 * ((uint64_t) x19 * x25) + 0x2 * ((uint64_t) x18 * x23)))))))) +ℤ 0x10 *ℤ (0x2 * ((uint64_t) x7 * x34) + (0x2 * ((uint64_t) x9 * x35) + ((uint64_t) x11 * x33 + (0x2 * ((uint64_t) x13 * x31) + (0x2 * ((uint64_t) x15 * x29) + ((uint64_t) x17 * x27 + (0x2 * ((uint64_t) x19 * x25) + 0x2 * ((uint64_t) x18 * x23))))))))));
 uint64_t x45 = x44 >> 0x1d;
 uint32_t x46 = x44 &ℤ 0x1fffffff;
 ℤ x47 = x45 +ℤ x43;
 uint64_t x48 = x47 >> 0x1c;
 uint32_t x49 = x47 &ℤ 0xfffffff;
 ℤ x50 = x48 +ℤ x42;
 uint64_t x51 = x50 >> 0x1c;
 uint32_t x52 = x50 &ℤ 0xfffffff;
 ℤ x53 = x51 +ℤ x41;
 uint64_t x54 = x53 >> 0x1d;
 uint32_t x55 = x53 &ℤ 0x1fffffff;
 uint64_t x56 = x54 + x40;
 uint64_t x57 = x56 >> 0x1c;
 uint32_t x58 = (uint32_t) x56 & 0xfffffff;
 uint64_t x59 = x57 + x39;
 uint64_t x60 = x59 >> 0x1c;
 uint32_t x61 = (uint32_t) x59 & 0xfffffff;
 uint64_t x62 = x60 + x38;
 uint64_t x63 = x62 >> 0x1d;
 uint32_t x64 = (uint32_t) x62 & 0x1fffffff;
 uint64_t x65 = x63 + x37;
 uint64_t x66 = x65 >> 0x1c;
 uint32_t x67 = (uint32_t) x65 & 0xfffffff;
 uint64_t x68 = x66 + x36;
 uint64_t x69 = x68 >> 0x1c;
 uint32_t x70 = (uint32_t) x68 & 0xfffffff;
 uint64_t x71 = x46 + (x69 + (0x2 * x69 + 0x10 * x69));
 uint32_t x72 = (uint32_t) (x71 >> 0x1d);
 uint32_t x73 = (uint32_t) x71 & 0x1fffffff;
 uint32_t x74 = x72 + x49;
 uint32_t x75 = x74 >> 0x1c;
 uint32_t x76 = x74 & 0xfffffff;
 return (Return x70, Return x67, Return x64, Return x61, Return x58, Return x55, x75 + x52, Return x76, Return x73))
(x, x0)%core
     : word32 * word32 * word32 * word32 * word32 * word32 * word32 * word32 * word32 → word32 * word32 * word32 * word32 * word32 * word32 * word32 * word32 * word32 → ReturnType (uint32_t * uint32_t * uint32_t * uint32_t * uint32_t * uint32_t * uint32_t * uint32_t * uint32_t)
