λ x x0 : word32 * word32 * word32 * word32 * word32 * word32 * word32 * word32 * word32 * word32 * word32 * word32 * word32 * word32 * word32,
Interp-η
(λ var : Syntax.base_type → Type,
 λ '(x30, x31, x29, x27, x25, x23, x21, x19, x17, x15, x13, x11, x9, x7, x5, (x58, x59, x57, x55, x53, x51, x49, x47, x45, x43, x41, x39, x37, x35, x33))%core,
 uint64_t x60 = (((uint64_t)x5 * x58) + (((uint64_t)0x2 * (x7 * x59)) + (((uint64_t)0x2 * (x9 * x57)) + (((uint64_t)0x2 * (x11 * x55)) + (((uint64_t)x13 * x53) + (((uint64_t)x15 * x51) + (((uint64_t)0x2 * (x17 * x49)) + (((uint64_t)0x2 * (x19 * x47)) + (((uint64_t)0x2 * (x21 * x45)) + (((uint64_t)x23 * x43) + (((uint64_t)x25 * x41) + (((uint64_t)0x2 * (x27 * x39)) + (((uint64_t)0x2 * (x29 * x37)) + (((uint64_t)0x2 * (x31 * x35)) + ((uint64_t)x30 * x33)))))))))))))));
 uint64_t x61 = ((((uint64_t)x5 * x59) + (((uint64_t)0x2 * (x7 * x57)) + (((uint64_t)0x2 * (x9 * x55)) + (((uint64_t)x11 * x53) + ((x13 * x51) + (((uint64_t)x15 * x49) + (((uint64_t)0x2 * (x17 * x47)) + (((uint64_t)0x2 * (x19 * x45)) + (((uint64_t)x21 * x43) + ((x23 * x41) + (((uint64_t)x25 * x39) + (((uint64_t)0x2 * (x27 * x37)) + (((uint64_t)0x2 * (x29 * x35)) + ((uint64_t)x31 * x33)))))))))))))) + ((uint64_t)0x3 * (x30 * x58)));
 uint64_t x62 = ((((uint64_t)x5 * x57) + (((uint64_t)0x2 * (x7 * x55)) + (((uint64_t)x9 * x53) + ((x11 * x51) + ((x13 * x49) + (((uint64_t)x15 * x47) + (((uint64_t)0x2 * (x17 * x45)) + (((uint64_t)x19 * x43) + ((x21 * x41) + ((x23 * x39) + (((uint64_t)x25 * x37) + (((uint64_t)0x2 * (x27 * x35)) + ((uint64_t)x29 * x33))))))))))))) + (0x3 * ((uint64_t)(x31 * x58) + (x30 * x59))));
 uint64_t x63 = ((((uint64_t)x5 * x55) + (((uint64_t)x7 * x53) + ((x9 * x51) + ((x11 * x49) + ((x13 * x47) + (((uint64_t)x15 * x45) + (((uint64_t)x17 * x43) + ((x19 * x41) + ((x21 * x39) + ((x23 * x37) + (((uint64_t)x25 * x35) + ((uint64_t)x27 * x33)))))))))))) + (0x3 * ((x29 * x58) + ((uint64_t)(x31 * x59) + (x30 * x57)))));
 uint64_t x64 = ((((uint64_t)x5 * x53) + (((uint64_t)0x2 * (x7 * x51)) + (((uint64_t)0x2 * (x9 * x49)) + (((uint64_t)0x2 * (x11 * x47)) + (((uint64_t)0x2 * (x13 * x45)) + (((uint64_t)x15 * x43) + (((uint64_t)0x2 * (x17 * x41)) + (((uint64_t)0x2 * (x19 * x39)) + (((uint64_t)0x2 * (x21 * x37)) + (((uint64_t)0x2 * (x23 * x35)) + ((uint64_t)x25 * x33))))))))))) + (0x3 * (((uint64_t)0x2 * (x27 * x58)) + (((uint64_t)0x2 * (x29 * x59)) + (((uint64_t)0x2 * (x31 * x57)) + ((uint64_t)0x2 * (x30 * x55)))))));
 uint64_t x65 = ((((uint64_t)x5 * x51) + (((uint64_t)0x2 * (x7 * x49)) + (((uint64_t)0x2 * (x9 * x47)) + (((uint64_t)0x2 * (x11 * x45)) + (((uint64_t)x13 * x43) + (((uint64_t)x15 * x41) + (((uint64_t)0x2 * (x17 * x39)) + (((uint64_t)0x2 * (x19 * x37)) + (((uint64_t)0x2 * (x21 * x35)) + ((uint64_t)x23 * x33)))))))))) + (0x3 * (((uint64_t)x25 * x58) + (((uint64_t)0x2 * (x27 * x59)) + (((uint64_t)0x2 * (x29 * x57)) + (((uint64_t)0x2 * (x31 * x55)) + ((uint64_t)x30 * x53)))))));
 uint64_t x66 = ((((uint64_t)x5 * x49) + (((uint64_t)0x2 * (x7 * x47)) + (((uint64_t)0x2 * (x9 * x45)) + (((uint64_t)x11 * x43) + ((x13 * x41) + (((uint64_t)x15 * x39) + (((uint64_t)0x2 * (x17 * x37)) + (((uint64_t)0x2 * (x19 * x35)) + ((uint64_t)x21 * x33))))))))) + (0x3 * ((x23 * x58) + (((uint64_t)x25 * x59) + (((uint64_t)0x2 * (x27 * x57)) + (((uint64_t)0x2 * (x29 * x55)) + (((uint64_t)x31 * x53) + (x30 * x51))))))));
 uint64_t x67 = ((((uint64_t)x5 * x47) + (((uint64_t)0x2 * (x7 * x45)) + (((uint64_t)x9 * x43) + ((x11 * x41) + ((x13 * x39) + (((uint64_t)x15 * x37) + (((uint64_t)0x2 * (x17 * x35)) + ((uint64_t)x19 * x33)))))))) + (0x3 * ((x21 * x58) + ((x23 * x59) + (((uint64_t)x25 * x57) + (((uint64_t)0x2 * (x27 * x55)) + (((uint64_t)x29 * x53) + ((uint64_t)(x31 * x51) + (x30 * x49)))))))));
 uint64_t x68 = ((((uint64_t)x5 * x45) + (((uint64_t)x7 * x43) + ((x9 * x41) + ((x11 * x39) + ((x13 * x37) + (((uint64_t)x15 * x35) + ((uint64_t)x17 * x33))))))) + (0x3 * ((x19 * x58) + ((x21 * x59) + ((x23 * x57) + (((uint64_t)x25 * x55) + (((uint64_t)x27 * x53) + ((x29 * x51) + ((uint64_t)(x31 * x49) + (x30 * x47))))))))));
 uint64_t x69 = ((((uint64_t)x5 * x43) + (((uint64_t)0x2 * (x7 * x41)) + (((uint64_t)0x2 * (x9 * x39)) + (((uint64_t)0x2 * (x11 * x37)) + (((uint64_t)0x2 * (x13 * x35)) + ((uint64_t)x15 * x33)))))) + (0x3 * (((uint64_t)0x2 * (x17 * x58)) + (((uint64_t)0x2 * (x19 * x59)) + (((uint64_t)0x2 * (x21 * x57)) + (((uint64_t)0x2 * (x23 * x55)) + (((uint64_t)x25 * x53) + (((uint64_t)0x2 * (x27 * x51)) + (((uint64_t)0x2 * (x29 * x49)) + (((uint64_t)0x2 * (x31 * x47)) + ((uint64_t)0x2 * (x30 * x45))))))))))));
 uint64_t x70 = ((((uint64_t)x5 * x41) + (((uint64_t)0x2 * (x7 * x39)) + (((uint64_t)0x2 * (x9 * x37)) + (((uint64_t)0x2 * (x11 * x35)) + ((uint64_t)x13 * x33))))) + (0x3 * (((uint64_t)x15 * x58) + (((uint64_t)0x2 * (x17 * x59)) + (((uint64_t)0x2 * (x19 * x57)) + (((uint64_t)0x2 * (x21 * x55)) + (((uint64_t)x23 * x53) + (((uint64_t)x25 * x51) + (((uint64_t)0x2 * (x27 * x49)) + (((uint64_t)0x2 * (x29 * x47)) + (((uint64_t)0x2 * (x31 * x45)) + ((uint64_t)x30 * x43))))))))))));
 uint64_t x71 = ((((uint64_t)x5 * x39) + (((uint64_t)0x2 * (x7 * x37)) + (((uint64_t)0x2 * (x9 * x35)) + ((uint64_t)x11 * x33)))) + (0x3 * ((x13 * x58) + (((uint64_t)x15 * x59) + (((uint64_t)0x2 * (x17 * x57)) + (((uint64_t)0x2 * (x19 * x55)) + (((uint64_t)x21 * x53) + ((x23 * x51) + (((uint64_t)x25 * x49) + (((uint64_t)0x2 * (x27 * x47)) + (((uint64_t)0x2 * (x29 * x45)) + (((uint64_t)x31 * x43) + (x30 * x41)))))))))))));
 uint64_t x72 = ((((uint64_t)x5 * x37) + (((uint64_t)0x2 * (x7 * x35)) + ((uint64_t)x9 * x33))) + (0x3 * ((x11 * x58) + ((x13 * x59) + (((uint64_t)x15 * x57) + (((uint64_t)0x2 * (x17 * x55)) + (((uint64_t)x19 * x53) + ((x21 * x51) + ((x23 * x49) + (((uint64_t)x25 * x47) + (((uint64_t)0x2 * (x27 * x45)) + (((uint64_t)x29 * x43) + ((uint64_t)(x31 * x41) + (x30 * x39))))))))))))));
 uint64_t x73 = ((((uint64_t)x5 * x35) + ((uint64_t)x7 * x33)) + (0x3 * ((x9 * x58) + ((x11 * x59) + ((x13 * x57) + (((uint64_t)x15 * x55) + (((uint64_t)x17 * x53) + ((x19 * x51) + ((x21 * x49) + ((x23 * x47) + (((uint64_t)x25 * x45) + (((uint64_t)x27 * x43) + ((x29 * x41) + ((uint64_t)(x31 * x39) + (x30 * x37)))))))))))))));
 uint64_t x74 = (((uint64_t)x5 * x33) + (0x3 * (((uint64_t)0x2 * (x7 * x58)) + (((uint64_t)0x2 * (x9 * x59)) + (((uint64_t)0x2 * (x11 * x57)) + (((uint64_t)0x2 * (x13 * x55)) + (((uint64_t)x15 * x53) + (((uint64_t)0x2 * (x17 * x51)) + (((uint64_t)0x2 * (x19 * x49)) + (((uint64_t)0x2 * (x21 * x47)) + (((uint64_t)0x2 * (x23 * x45)) + (((uint64_t)x25 * x43) + (((uint64_t)0x2 * (x27 * x41)) + (((uint64_t)0x2 * (x29 * x39)) + (((uint64_t)0x2 * (x31 * x37)) + ((uint64_t)0x2 * (x30 * x35)))))))))))))))));
 uint32_t x75 = (uint32_t) (x74 >> 0xf);
 uint32_t x76 = ((uint32_t)x74 & 0x7fff);
 uint64_t x77 = (x75 + x73);
 uint32_t x78 = (uint32_t) (x77 >> 0xe);
 uint32_t x79 = ((uint32_t)x77 & 0x3fff);
 uint64_t x80 = (x78 + x72);
 uint32_t x81 = (uint32_t) (x80 >> 0xe);
 uint32_t x82 = ((uint32_t)x80 & 0x3fff);
 uint64_t x83 = (x81 + x71);
 uint32_t x84 = (uint32_t) (x83 >> 0xe);
 uint32_t x85 = ((uint32_t)x83 & 0x3fff);
 uint64_t x86 = (x84 + x70);
 uint32_t x87 = (uint32_t) (x86 >> 0xe);
 uint32_t x88 = ((uint32_t)x86 & 0x3fff);
 uint64_t x89 = (x87 + x69);
 uint32_t x90 = (uint32_t) (x89 >> 0xf);
 uint32_t x91 = ((uint32_t)x89 & 0x7fff);
 uint64_t x92 = (x90 + x68);
 uint32_t x93 = (uint32_t) (x92 >> 0xe);
 uint32_t x94 = ((uint32_t)x92 & 0x3fff);
 uint64_t x95 = (x93 + x67);
 uint32_t x96 = (uint32_t) (x95 >> 0xe);
 uint32_t x97 = ((uint32_t)x95 & 0x3fff);
 uint64_t x98 = (x96 + x66);
 uint32_t x99 = (uint32_t) (x98 >> 0xe);
 uint32_t x100 = ((uint32_t)x98 & 0x3fff);
 uint64_t x101 = (x99 + x65);
 uint32_t x102 = (uint32_t) (x101 >> 0xe);
 uint32_t x103 = ((uint32_t)x101 & 0x3fff);
 uint64_t x104 = (x102 + x64);
 uint32_t x105 = (uint32_t) (x104 >> 0xf);
 uint32_t x106 = ((uint32_t)x104 & 0x7fff);
 uint64_t x107 = (x105 + x63);
 uint32_t x108 = (uint32_t) (x107 >> 0xe);
 uint32_t x109 = ((uint32_t)x107 & 0x3fff);
 uint64_t x110 = (x108 + x62);
 uint32_t x111 = (uint32_t) (x110 >> 0xe);
 uint32_t x112 = ((uint32_t)x110 & 0x3fff);
 uint64_t x113 = (x111 + x61);
 uint32_t x114 = (uint32_t) (x113 >> 0xe);
 uint32_t x115 = ((uint32_t)x113 & 0x3fff);
 uint64_t x116 = (x114 + x60);
 uint32_t x117 = (uint32_t) (x116 >> 0xe);
 uint32_t x118 = ((uint32_t)x116 & 0x3fff);
 uint32_t x119 = (x76 + (0x3 * x117));
 uint32_t x120 = (x119 >> 0xf);
 uint32_t x121 = (x119 & 0x7fff);
 uint32_t x122 = (x120 + x79);
 uint32_t x123 = (x122 >> 0xe);
 uint32_t x124 = (x122 & 0x3fff);
 return (Return x118, Return x115, Return x112, Return x109, Return x106, Return x103, Return x100, Return x97, Return x94, Return x91, Return x88, Return x85, (x123 + x82), Return x124, Return x121))
(x, x0)%core
     : word32 * word32 * word32 * word32 * word32 * word32 * word32 * word32 * word32 * word32 * word32 * word32 * word32 * word32 * word32 → word32 * word32 * word32 * word32 * word32 * word32 * word32 * word32 * word32 * word32 * word32 * word32 * word32 * word32 * word32 → ReturnType (uint32_t * uint32_t * uint32_t * uint32_t * uint32_t * uint32_t * uint32_t * uint32_t * uint32_t * uint32_t * uint32_t * uint32_t * uint32_t * uint32_t * uint32_t)
