λ x x0 : word32 * word32 * word32 * word32 * word32 * word32,
Interp-η
(λ var : Syntax.base_type → Type,
 λ '(x12, x13, x11, x9, x7, x5, (x22, x23, x21, x19, x17, x15))%core,
 uint32_t x25, uint32_t x26 = mulx_u32(x5, x15);
 uint32_t x28, uint32_t x29 = mulx_u32(x5, x17);
 uint32_t x31, uint32_t x32 = mulx_u32(x5, x19);
 uint32_t x34, uint32_t x35 = mulx_u32(x5, x21);
 uint32_t x37, uint32_t x38 = mulx_u32(x5, x23);
 uint32_t x40, uint32_t x41 = mulx_u32(x5, x22);
 uint32_t x43, uint8_t/*bool*/ x44 = addcarryx_u32(0x0, x26, x28);
 uint32_t x46, uint8_t/*bool*/ x47 = addcarryx_u32(x44, x29, x31);
 uint32_t x49, uint8_t/*bool*/ x50 = addcarryx_u32(x47, x32, x34);
 uint32_t x52, uint8_t/*bool*/ x53 = addcarryx_u32(x50, x35, x37);
 uint32_t x55, uint8_t/*bool*/ x56 = addcarryx_u32(x53, x38, x40);
 uint32_t x58, uint8_t/*bool*/ _ = addcarryx_u32(0x0, x56, x41);
 uint32_t x61, uint32_t _ = mulx_u32(x25, 0xcccccccd);
 uint32_t x64, uint32_t x65 = mulx_u32(x61, 0xfffffffb);
 uint32_t x67, uint32_t x68 = mulx_u32(x61, 0xffffffff);
 uint32_t x70, uint32_t x71 = mulx_u32(x61, 0xffffffff);
 uint32_t x73, uint32_t x74 = mulx_u32(x61, 0xffffffff);
 uint32_t x76, uint32_t x77 = mulx_u32(x61, 0xffffffff);
 uint32_t x79, uint8_t x80 = mulx_u32_out_u8(x61, 0x3f);
 uint32_t x82, uint8_t/*bool*/ x83 = addcarryx_u32(0x0, x65, x67);
 uint32_t x85, uint8_t/*bool*/ x86 = addcarryx_u32(x83, x68, x70);
 uint32_t x88, uint8_t/*bool*/ x89 = addcarryx_u32(x86, x71, x73);
 uint32_t x91, uint8_t/*bool*/ x92 = addcarryx_u32(x89, x74, x76);
 uint32_t x94, uint8_t/*bool*/ x95 = addcarryx_u32(x92, x77, x79);
 uint8_t x96 = ((uint8_t)0x0 + x95);
 uint8_t x97 = (x96 + x80);
 uint32_t _, uint8_t/*bool*/ x100 = addcarryx_u32(0x0, x25, x64);
 uint32_t x102, uint8_t/*bool*/ x103 = addcarryx_u32(x100, x43, x82);
 uint32_t x105, uint8_t/*bool*/ x106 = addcarryx_u32(x103, x46, x85);
 uint32_t x108, uint8_t/*bool*/ x109 = addcarryx_u32(x106, x49, x88);
 uint32_t x111, uint8_t/*bool*/ x112 = addcarryx_u32(x109, x52, x91);
 uint32_t x114, uint8_t/*bool*/ x115 = addcarryx_u32(x112, x55, x94);
 uint32_t x117, uint8_t/*bool*/ x118 = addcarryx_u32(x115, x58, x97);
 uint32_t x120, uint32_t x121 = mulx_u32(x7, x15);
 uint32_t x123, uint32_t x124 = mulx_u32(x7, x17);
 uint32_t x126, uint32_t x127 = mulx_u32(x7, x19);
 uint32_t x129, uint32_t x130 = mulx_u32(x7, x21);
 uint32_t x132, uint32_t x133 = mulx_u32(x7, x23);
 uint32_t x135, uint32_t x136 = mulx_u32(x7, x22);
 uint32_t x138, uint8_t/*bool*/ x139 = addcarryx_u32(0x0, x121, x123);
 uint32_t x141, uint8_t/*bool*/ x142 = addcarryx_u32(x139, x124, x126);
 uint32_t x144, uint8_t/*bool*/ x145 = addcarryx_u32(x142, x127, x129);
 uint32_t x147, uint8_t/*bool*/ x148 = addcarryx_u32(x145, x130, x132);
 uint32_t x150, uint8_t/*bool*/ x151 = addcarryx_u32(x148, x133, x135);
 uint32_t x153, uint8_t/*bool*/ _ = addcarryx_u32(0x0, x151, x136);
 uint32_t x156, uint8_t/*bool*/ x157 = addcarryx_u32(0x0, x102, x120);
 uint32_t x159, uint8_t/*bool*/ x160 = addcarryx_u32(x157, x105, x138);
 uint32_t x162, uint8_t/*bool*/ x163 = addcarryx_u32(x160, x108, x141);
 uint32_t x165, uint8_t/*bool*/ x166 = addcarryx_u32(x163, x111, x144);
 uint32_t x168, uint8_t/*bool*/ x169 = addcarryx_u32(x166, x114, x147);
 uint32_t x171, uint8_t/*bool*/ x172 = addcarryx_u32(x169, x117, x150);
 uint32_t x174, uint8_t/*bool*/ x175 = addcarryx_u32(x172, x118, x153);
 uint32_t x177, uint32_t _ = mulx_u32(x156, 0xcccccccd);
 uint32_t x180, uint32_t x181 = mulx_u32(x177, 0xfffffffb);
 uint32_t x183, uint32_t x184 = mulx_u32(x177, 0xffffffff);
 uint32_t x186, uint32_t x187 = mulx_u32(x177, 0xffffffff);
 uint32_t x189, uint32_t x190 = mulx_u32(x177, 0xffffffff);
 uint32_t x192, uint32_t x193 = mulx_u32(x177, 0xffffffff);
 uint32_t x195, uint8_t x196 = mulx_u32_out_u8(x177, 0x3f);
 uint32_t x198, uint8_t/*bool*/ x199 = addcarryx_u32(0x0, x181, x183);
 uint32_t x201, uint8_t/*bool*/ x202 = addcarryx_u32(x199, x184, x186);
 uint32_t x204, uint8_t/*bool*/ x205 = addcarryx_u32(x202, x187, x189);
 uint32_t x207, uint8_t/*bool*/ x208 = addcarryx_u32(x205, x190, x192);
 uint32_t x210, uint8_t/*bool*/ x211 = addcarryx_u32(x208, x193, x195);
 uint8_t x212 = ((uint8_t)0x0 + x211);
 uint8_t x213 = (x212 + x196);
 uint32_t _, uint8_t/*bool*/ x216 = addcarryx_u32(0x0, x156, x180);
 uint32_t x218, uint8_t/*bool*/ x219 = addcarryx_u32(x216, x159, x198);
 uint32_t x221, uint8_t/*bool*/ x222 = addcarryx_u32(x219, x162, x201);
 uint32_t x224, uint8_t/*bool*/ x225 = addcarryx_u32(x222, x165, x204);
 uint32_t x227, uint8_t/*bool*/ x228 = addcarryx_u32(x225, x168, x207);
 uint32_t x230, uint8_t/*bool*/ x231 = addcarryx_u32(x228, x171, x210);
 uint32_t x233, uint8_t/*bool*/ x234 = addcarryx_u32(x231, x174, x213);
 uint8_t x235 = ((uint8_t)x234 + x175);
 uint32_t x237, uint32_t x238 = mulx_u32(x9, x15);
 uint32_t x240, uint32_t x241 = mulx_u32(x9, x17);
 uint32_t x243, uint32_t x244 = mulx_u32(x9, x19);
 uint32_t x246, uint32_t x247 = mulx_u32(x9, x21);
 uint32_t x249, uint32_t x250 = mulx_u32(x9, x23);
 uint32_t x252, uint32_t x253 = mulx_u32(x9, x22);
 uint32_t x255, uint8_t/*bool*/ x256 = addcarryx_u32(0x0, x238, x240);
 uint32_t x258, uint8_t/*bool*/ x259 = addcarryx_u32(x256, x241, x243);
 uint32_t x261, uint8_t/*bool*/ x262 = addcarryx_u32(x259, x244, x246);
 uint32_t x264, uint8_t/*bool*/ x265 = addcarryx_u32(x262, x247, x249);
 uint32_t x267, uint8_t/*bool*/ x268 = addcarryx_u32(x265, x250, x252);
 uint32_t x270, uint8_t/*bool*/ _ = addcarryx_u32(0x0, x268, x253);
 uint32_t x273, uint8_t/*bool*/ x274 = addcarryx_u32(0x0, x218, x237);
 uint32_t x276, uint8_t/*bool*/ x277 = addcarryx_u32(x274, x221, x255);
 uint32_t x279, uint8_t/*bool*/ x280 = addcarryx_u32(x277, x224, x258);
 uint32_t x282, uint8_t/*bool*/ x283 = addcarryx_u32(x280, x227, x261);
 uint32_t x285, uint8_t/*bool*/ x286 = addcarryx_u32(x283, x230, x264);
 uint32_t x288, uint8_t/*bool*/ x289 = addcarryx_u32(x286, x233, x267);
 uint32_t x291, uint8_t/*bool*/ x292 = addcarryx_u32(x289, x235, x270);
 uint32_t x294, uint32_t _ = mulx_u32(x273, 0xcccccccd);
 uint32_t x297, uint32_t x298 = mulx_u32(x294, 0xfffffffb);
 uint32_t x300, uint32_t x301 = mulx_u32(x294, 0xffffffff);
 uint32_t x303, uint32_t x304 = mulx_u32(x294, 0xffffffff);
 uint32_t x306, uint32_t x307 = mulx_u32(x294, 0xffffffff);
 uint32_t x309, uint32_t x310 = mulx_u32(x294, 0xffffffff);
 uint32_t x312, uint8_t x313 = mulx_u32_out_u8(x294, 0x3f);
 uint32_t x315, uint8_t/*bool*/ x316 = addcarryx_u32(0x0, x298, x300);
 uint32_t x318, uint8_t/*bool*/ x319 = addcarryx_u32(x316, x301, x303);
 uint32_t x321, uint8_t/*bool*/ x322 = addcarryx_u32(x319, x304, x306);
 uint32_t x324, uint8_t/*bool*/ x325 = addcarryx_u32(x322, x307, x309);
 uint32_t x327, uint8_t/*bool*/ x328 = addcarryx_u32(x325, x310, x312);
 uint8_t x329 = ((uint8_t)0x0 + x328);
 uint8_t x330 = (x329 + x313);
 uint32_t _, uint8_t/*bool*/ x333 = addcarryx_u32(0x0, x273, x297);
 uint32_t x335, uint8_t/*bool*/ x336 = addcarryx_u32(x333, x276, x315);
 uint32_t x338, uint8_t/*bool*/ x339 = addcarryx_u32(x336, x279, x318);
 uint32_t x341, uint8_t/*bool*/ x342 = addcarryx_u32(x339, x282, x321);
 uint32_t x344, uint8_t/*bool*/ x345 = addcarryx_u32(x342, x285, x324);
 uint32_t x347, uint8_t/*bool*/ x348 = addcarryx_u32(x345, x288, x327);
 uint32_t x350, uint8_t/*bool*/ x351 = addcarryx_u32(x348, x291, x330);
 uint8_t x352 = ((uint8_t)x351 + x292);
 uint32_t x354, uint32_t x355 = mulx_u32(x11, x15);
 uint32_t x357, uint32_t x358 = mulx_u32(x11, x17);
 uint32_t x360, uint32_t x361 = mulx_u32(x11, x19);
 uint32_t x363, uint32_t x364 = mulx_u32(x11, x21);
 uint32_t x366, uint32_t x367 = mulx_u32(x11, x23);
 uint32_t x369, uint32_t x370 = mulx_u32(x11, x22);
 uint32_t x372, uint8_t/*bool*/ x373 = addcarryx_u32(0x0, x355, x357);
 uint32_t x375, uint8_t/*bool*/ x376 = addcarryx_u32(x373, x358, x360);
 uint32_t x378, uint8_t/*bool*/ x379 = addcarryx_u32(x376, x361, x363);
 uint32_t x381, uint8_t/*bool*/ x382 = addcarryx_u32(x379, x364, x366);
 uint32_t x384, uint8_t/*bool*/ x385 = addcarryx_u32(x382, x367, x369);
 uint32_t x387, uint8_t/*bool*/ _ = addcarryx_u32(0x0, x385, x370);
 uint32_t x390, uint8_t/*bool*/ x391 = addcarryx_u32(0x0, x335, x354);
 uint32_t x393, uint8_t/*bool*/ x394 = addcarryx_u32(x391, x338, x372);
 uint32_t x396, uint8_t/*bool*/ x397 = addcarryx_u32(x394, x341, x375);
 uint32_t x399, uint8_t/*bool*/ x400 = addcarryx_u32(x397, x344, x378);
 uint32_t x402, uint8_t/*bool*/ x403 = addcarryx_u32(x400, x347, x381);
 uint32_t x405, uint8_t/*bool*/ x406 = addcarryx_u32(x403, x350, x384);
 uint32_t x408, uint8_t/*bool*/ x409 = addcarryx_u32(x406, x352, x387);
 uint32_t x411, uint32_t _ = mulx_u32(x390, 0xcccccccd);
 uint32_t x414, uint32_t x415 = mulx_u32(x411, 0xfffffffb);
 uint32_t x417, uint32_t x418 = mulx_u32(x411, 0xffffffff);
 uint32_t x420, uint32_t x421 = mulx_u32(x411, 0xffffffff);
 uint32_t x423, uint32_t x424 = mulx_u32(x411, 0xffffffff);
 uint32_t x426, uint32_t x427 = mulx_u32(x411, 0xffffffff);
 uint32_t x429, uint8_t x430 = mulx_u32_out_u8(x411, 0x3f);
 uint32_t x432, uint8_t/*bool*/ x433 = addcarryx_u32(0x0, x415, x417);
 uint32_t x435, uint8_t/*bool*/ x436 = addcarryx_u32(x433, x418, x420);
 uint32_t x438, uint8_t/*bool*/ x439 = addcarryx_u32(x436, x421, x423);
 uint32_t x441, uint8_t/*bool*/ x442 = addcarryx_u32(x439, x424, x426);
 uint32_t x444, uint8_t/*bool*/ x445 = addcarryx_u32(x442, x427, x429);
 uint8_t x446 = ((uint8_t)0x0 + x445);
 uint8_t x447 = (x446 + x430);
 uint32_t _, uint8_t/*bool*/ x450 = addcarryx_u32(0x0, x390, x414);
 uint32_t x452, uint8_t/*bool*/ x453 = addcarryx_u32(x450, x393, x432);
 uint32_t x455, uint8_t/*bool*/ x456 = addcarryx_u32(x453, x396, x435);
 uint32_t x458, uint8_t/*bool*/ x459 = addcarryx_u32(x456, x399, x438);
 uint32_t x461, uint8_t/*bool*/ x462 = addcarryx_u32(x459, x402, x441);
 uint32_t x464, uint8_t/*bool*/ x465 = addcarryx_u32(x462, x405, x444);
 uint32_t x467, uint8_t/*bool*/ x468 = addcarryx_u32(x465, x408, x447);
 uint8_t x469 = ((uint8_t)x468 + x409);
 uint32_t x471, uint32_t x472 = mulx_u32(x13, x15);
 uint32_t x474, uint32_t x475 = mulx_u32(x13, x17);
 uint32_t x477, uint32_t x478 = mulx_u32(x13, x19);
 uint32_t x480, uint32_t x481 = mulx_u32(x13, x21);
 uint32_t x483, uint32_t x484 = mulx_u32(x13, x23);
 uint32_t x486, uint32_t x487 = mulx_u32(x13, x22);
 uint32_t x489, uint8_t/*bool*/ x490 = addcarryx_u32(0x0, x472, x474);
 uint32_t x492, uint8_t/*bool*/ x493 = addcarryx_u32(x490, x475, x477);
 uint32_t x495, uint8_t/*bool*/ x496 = addcarryx_u32(x493, x478, x480);
 uint32_t x498, uint8_t/*bool*/ x499 = addcarryx_u32(x496, x481, x483);
 uint32_t x501, uint8_t/*bool*/ x502 = addcarryx_u32(x499, x484, x486);
 uint32_t x504, uint8_t/*bool*/ _ = addcarryx_u32(0x0, x502, x487);
 uint32_t x507, uint8_t/*bool*/ x508 = addcarryx_u32(0x0, x452, x471);
 uint32_t x510, uint8_t/*bool*/ x511 = addcarryx_u32(x508, x455, x489);
 uint32_t x513, uint8_t/*bool*/ x514 = addcarryx_u32(x511, x458, x492);
 uint32_t x516, uint8_t/*bool*/ x517 = addcarryx_u32(x514, x461, x495);
 uint32_t x519, uint8_t/*bool*/ x520 = addcarryx_u32(x517, x464, x498);
 uint32_t x522, uint8_t/*bool*/ x523 = addcarryx_u32(x520, x467, x501);
 uint32_t x525, uint8_t/*bool*/ x526 = addcarryx_u32(x523, x469, x504);
 uint32_t x528, uint32_t _ = mulx_u32(x507, 0xcccccccd);
 uint32_t x531, uint32_t x532 = mulx_u32(x528, 0xfffffffb);
 uint32_t x534, uint32_t x535 = mulx_u32(x528, 0xffffffff);
 uint32_t x537, uint32_t x538 = mulx_u32(x528, 0xffffffff);
 uint32_t x540, uint32_t x541 = mulx_u32(x528, 0xffffffff);
 uint32_t x543, uint32_t x544 = mulx_u32(x528, 0xffffffff);
 uint32_t x546, uint8_t x547 = mulx_u32_out_u8(x528, 0x3f);
 uint32_t x549, uint8_t/*bool*/ x550 = addcarryx_u32(0x0, x532, x534);
 uint32_t x552, uint8_t/*bool*/ x553 = addcarryx_u32(x550, x535, x537);
 uint32_t x555, uint8_t/*bool*/ x556 = addcarryx_u32(x553, x538, x540);
 uint32_t x558, uint8_t/*bool*/ x559 = addcarryx_u32(x556, x541, x543);
 uint32_t x561, uint8_t/*bool*/ x562 = addcarryx_u32(x559, x544, x546);
 uint8_t x563 = ((uint8_t)0x0 + x562);
 uint8_t x564 = (x563 + x547);
 uint32_t _, uint8_t/*bool*/ x567 = addcarryx_u32(0x0, x507, x531);
 uint32_t x569, uint8_t/*bool*/ x570 = addcarryx_u32(x567, x510, x549);
 uint32_t x572, uint8_t/*bool*/ x573 = addcarryx_u32(x570, x513, x552);
 uint32_t x575, uint8_t/*bool*/ x576 = addcarryx_u32(x573, x516, x555);
 uint32_t x578, uint8_t/*bool*/ x579 = addcarryx_u32(x576, x519, x558);
 uint32_t x581, uint8_t/*bool*/ x582 = addcarryx_u32(x579, x522, x561);
 uint32_t x584, uint8_t/*bool*/ x585 = addcarryx_u32(x582, x525, x564);
 uint8_t x586 = ((uint8_t)x585 + x526);
 uint32_t x588, uint32_t x589 = mulx_u32(x12, x15);
 uint32_t x591, uint32_t x592 = mulx_u32(x12, x17);
 uint32_t x594, uint32_t x595 = mulx_u32(x12, x19);
 uint32_t x597, uint32_t x598 = mulx_u32(x12, x21);
 uint32_t x600, uint32_t x601 = mulx_u32(x12, x23);
 uint32_t x603, uint32_t x604 = mulx_u32(x12, x22);
 uint32_t x606, uint8_t/*bool*/ x607 = addcarryx_u32(0x0, x589, x591);
 uint32_t x609, uint8_t/*bool*/ x610 = addcarryx_u32(x607, x592, x594);
 uint32_t x612, uint8_t/*bool*/ x613 = addcarryx_u32(x610, x595, x597);
 uint32_t x615, uint8_t/*bool*/ x616 = addcarryx_u32(x613, x598, x600);
 uint32_t x618, uint8_t/*bool*/ x619 = addcarryx_u32(x616, x601, x603);
 uint32_t x621, uint8_t/*bool*/ _ = addcarryx_u32(0x0, x619, x604);
 uint32_t x624, uint8_t/*bool*/ x625 = addcarryx_u32(0x0, x569, x588);
 uint32_t x627, uint8_t/*bool*/ x628 = addcarryx_u32(x625, x572, x606);
 uint32_t x630, uint8_t/*bool*/ x631 = addcarryx_u32(x628, x575, x609);
 uint32_t x633, uint8_t/*bool*/ x634 = addcarryx_u32(x631, x578, x612);
 uint32_t x636, uint8_t/*bool*/ x637 = addcarryx_u32(x634, x581, x615);
 uint32_t x639, uint8_t/*bool*/ x640 = addcarryx_u32(x637, x584, x618);
 uint32_t x642, uint8_t/*bool*/ x643 = addcarryx_u32(x640, x586, x621);
 uint32_t x645, uint32_t _ = mulx_u32(x624, 0xcccccccd);
 uint32_t x648, uint32_t x649 = mulx_u32(x645, 0xfffffffb);
 uint32_t x651, uint32_t x652 = mulx_u32(x645, 0xffffffff);
 uint32_t x654, uint32_t x655 = mulx_u32(x645, 0xffffffff);
 uint32_t x657, uint32_t x658 = mulx_u32(x645, 0xffffffff);
 uint32_t x660, uint32_t x661 = mulx_u32(x645, 0xffffffff);
 uint32_t x663, uint8_t x664 = mulx_u32_out_u8(x645, 0x3f);
 uint32_t x666, uint8_t/*bool*/ x667 = addcarryx_u32(0x0, x649, x651);
 uint32_t x669, uint8_t/*bool*/ x670 = addcarryx_u32(x667, x652, x654);
 uint32_t x672, uint8_t/*bool*/ x673 = addcarryx_u32(x670, x655, x657);
 uint32_t x675, uint8_t/*bool*/ x676 = addcarryx_u32(x673, x658, x660);
 uint32_t x678, uint8_t/*bool*/ x679 = addcarryx_u32(x676, x661, x663);
 uint8_t x680 = ((uint8_t)0x0 + x679);
 uint8_t x681 = (x680 + x664);
 uint32_t _, uint8_t/*bool*/ x684 = addcarryx_u32(0x0, x624, x648);
 uint32_t x686, uint8_t/*bool*/ x687 = addcarryx_u32(x684, x627, x666);
 uint32_t x689, uint8_t/*bool*/ x690 = addcarryx_u32(x687, x630, x669);
 uint32_t x692, uint8_t/*bool*/ x693 = addcarryx_u32(x690, x633, x672);
 uint32_t x695, uint8_t/*bool*/ x696 = addcarryx_u32(x693, x636, x675);
 uint32_t x698, uint8_t/*bool*/ x699 = addcarryx_u32(x696, x639, x678);
 uint32_t x701, uint8_t/*bool*/ x702 = addcarryx_u32(x699, x642, x681);
 uint8_t x703 = ((uint8_t)x702 + x643);
 uint32_t x705, uint8_t/*bool*/ x706 = subborrow_u32(0x0, x686, 0xfffffffb);
 uint32_t x708, uint8_t/*bool*/ x709 = subborrow_u32(x706, x689, 0xffffffff);
 uint32_t x711, uint8_t/*bool*/ x712 = subborrow_u32(x709, x692, 0xffffffff);
 uint32_t x714, uint8_t/*bool*/ x715 = subborrow_u32(x712, x695, 0xffffffff);
 uint32_t x717, uint8_t/*bool*/ x718 = subborrow_u32(x715, x698, 0xffffffff);
 uint32_t x720, uint8_t/*bool*/ x721 = subborrow_u32(x718, x701, 0x3f);
 uint32_t _, uint8_t/*bool*/ x724 = subborrow_u32(x721, x703, 0x0);
 uint32_t x725 = cmovznz32(x724, x720, x701);
 uint32_t x726 = cmovznz32(x724, x717, x698);
 uint32_t x727 = cmovznz32(x724, x714, x695);
 uint32_t x728 = cmovznz32(x724, x711, x692);
 uint32_t x729 = cmovznz32(x724, x708, x689);
 uint32_t x730 = cmovznz32(x724, x705, x686);
 return (x725, x726, x727, x728, x729, x730))
(x, x0)%core
     : word32 * word32 * word32 * word32 * word32 * word32 → word32 * word32 * word32 * word32 * word32 * word32 → ReturnType (uint32_t * uint32_t * uint32_t * uint32_t * uint32_t * uint32_t)
