λ x : word32 * word32 * word32 * word32 * word32 * word32,
Interp-η
(λ var : Syntax.base_type → Type,
 λ '(x9, x10, x8, x6, x4, x2)%core,
 uint32_t x12, uint8_t x13 = subborrow_u32(0x0, 0x0, x2);
 uint32_t x15, uint8_t x16 = subborrow_u32(x13, 0x0, x4);
 uint32_t x18, uint8_t x19 = subborrow_u32(x16, 0x0, x6);
 uint32_t x21, uint8_t x22 = subborrow_u32(x19, 0x0, x8);
 uint32_t x24, uint8_t x25 = subborrow_u32(x22, 0x0, x10);
 uint32_t x27, uint8_t x28 = subborrow_u32(x25, 0x0, x9);
 uint32_t x29 = cmovznz32(x28, 0x0, 0xffffffff);
 uint32_t x30 = (x29 & 0xffffffe7);
 uint32_t x32, uint8_t x33 = addcarryx_u32(0x0, x12, x30);
 uint32_t x34 = (x29 & 0xffffffff);
 uint32_t x36, uint8_t x37 = addcarryx_u32(x33, x15, x34);
 uint32_t x38 = (x29 & 0xffffffff);
 uint32_t x40, uint8_t x41 = addcarryx_u32(x37, x18, x38);
 uint32_t x42 = (x29 & 0xffffffff);
 uint32_t x44, uint8_t x45 = addcarryx_u32(x41, x21, x42);
 uint32_t x46 = (x29 & 0xffffffff);
 uint32_t x48, uint8_t x49 = addcarryx_u32(x45, x24, x46);
 uint32_t x50 = (x29 & 0x1fffffff);
 uint32_t x52, uint8_t _ = addcarryx_u32(x49, x27, x50);
 (Return x52, Return x48, Return x44, Return x40, Return x36, Return x32))
x
     : word32 * word32 * word32 * word32 * word32 * word32 → ReturnType (uint32_t * uint32_t * uint32_t * uint32_t * uint32_t * uint32_t)
