λ x : word32 * word32 * word32 * word32 * word32 * word32 * word32 * word32 * word32 * word32,
Interp-η
(λ var : Syntax.base_type → Type,
 λ '(x17, x18, x16, x14, x12, x10, x8, x6, x4, x2)%core,
 uint64_t x19 = (uint64_t) x2 * x2;
 uint64_t x20 = (uint64_t) (0x2 * x2) * x4;
 uint64_t x21 = 0x2 * ((uint64_t) x4 * x4 + (uint64_t) x2 * x6);
 uint64_t x22 = 0x2 * ((uint64_t) x4 * x6 + (uint64_t) x2 * x8);
 uint64_t x23 = (uint64_t) x6 * x6 + (uint64_t) (0x4 * x4) * x8 + (uint64_t) (0x2 * x2) * x10;
 uint64_t x24 = 0x2 * ((uint64_t) x6 * x8 + (uint64_t) x4 * x10 + (uint64_t) x2 * x12);
 uint64_t x25 = 0x2 * ((uint64_t) x8 * x8 + (uint64_t) x6 * x10 + (uint64_t) x2 * x14 + (uint64_t) (0x2 * x4) * x12);
 uint64_t x26 = 0x2 * ((uint64_t) x8 * x10 + (uint64_t) x6 * x12 + (uint64_t) x4 * x14 + (uint64_t) x2 * x16);
 uint64_t x27 = (uint64_t) x10 * x10 + 0x2 * ((uint64_t) x6 * x14 + (uint64_t) x2 * x18 + 0x2 * ((uint64_t) x4 * x16 + (uint64_t) x8 * x12));
 uint64_t x28 = 0x2 * ((uint64_t) x10 * x12 + (uint64_t) x8 * x14 + (uint64_t) x6 * x16 + (uint64_t) x4 * x18 + (uint64_t) x2 * x17);
 uint64_t x29 = 0x2 * ((uint64_t) x12 * x12 + (uint64_t) x10 * x14 + (uint64_t) x6 * x18 + 0x2 * ((uint64_t) x8 * x16 + (uint64_t) x4 * x17));
 uint64_t x30 = 0x2 * ((uint64_t) x12 * x14 + (uint64_t) x10 * x16 + (uint64_t) x8 * x18 + (uint64_t) x6 * x17);
 uint64_t x31 = (uint64_t) x14 * x14 + 0x2 * ((uint64_t) x10 * x18 + 0x2 * ((uint64_t) x12 * x16 + (uint64_t) x8 * x17));
 uint64_t x32 = 0x2 * ((uint64_t) x14 * x16 + (uint64_t) x12 * x18 + (uint64_t) x10 * x17);
 uint64_t x33 = 0x2 * ((uint64_t) x16 * x16 + (uint64_t) x14 * x18 + (uint64_t) (0x2 * x12) * x17);
 uint64_t x34 = 0x2 * ((uint64_t) x16 * x18 + (uint64_t) x14 * x17);
 uint64_t x35 = (uint64_t) x18 * x18 + (uint64_t) (0x4 * x16) * x17;
 uint64_t x36 = (uint64_t) (0x2 * x18) * x17;
 uint64_t x37 = (uint64_t) (0x2 * x17) * x17;
 uint64_t x38 = x27 + x37 << 0x4;
 uint64_t x39 = x38 + x37 << 0x1;
 uint64_t x40 = x39 + x37;
 uint64_t x41 = x26 + x36 << 0x4;
 uint64_t x42 = x41 + x36 << 0x1;
 uint64_t x43 = x42 + x36;
 uint64_t x44 = x25 + x35 << 0x4;
 uint64_t x45 = x44 + x35 << 0x1;
 uint64_t x46 = x45 + x35;
 uint64_t x47 = x24 + x34 << 0x4;
 uint64_t x48 = x47 + x34 << 0x1;
 uint64_t x49 = x48 + x34;
 uint64_t x50 = x23 + x33 << 0x4;
 uint64_t x51 = x50 + x33 << 0x1;
 uint64_t x52 = x51 + x33;
 uint64_t x53 = x22 + x32 << 0x4;
 uint64_t x54 = x53 + x32 << 0x1;
 uint64_t x55 = x54 + x32;
 uint64_t x56 = x21 + x31 << 0x4;
 uint64_t x57 = x56 + x31 << 0x1;
 uint64_t x58 = x57 + x31;
 uint64_t x59 = x20 + x30 << 0x4;
 uint64_t x60 = x59 + x30 << 0x1;
 uint64_t x61 = x60 + x30;
 uint64_t x62 = x19 + x29 << 0x4;
 uint64_t x63 = x62 + x29 << 0x1;
 uint64_t x64 = x63 + x29;
 uint64_t x65 = x64 >> 0x1a;
 uint32_t x66 = (uint32_t) x64 & 0x3ffffff;
 uint64_t x67 = x65 + x61;
 uint64_t x68 = x67 >> 0x19;
 uint32_t x69 = (uint32_t) x67 & 0x1ffffff;
 uint64_t x70 = x68 + x58;
 uint64_t x71 = x70 >> 0x1a;
 uint32_t x72 = (uint32_t) x70 & 0x3ffffff;
 uint64_t x73 = x71 + x55;
 uint64_t x74 = x73 >> 0x19;
 uint32_t x75 = (uint32_t) x73 & 0x1ffffff;
 uint64_t x76 = x74 + x52;
 uint64_t x77 = x76 >> 0x1a;
 uint32_t x78 = (uint32_t) x76 & 0x3ffffff;
 uint64_t x79 = x77 + x49;
 uint64_t x80 = x79 >> 0x19;
 uint32_t x81 = (uint32_t) x79 & 0x1ffffff;
 uint64_t x82 = x80 + x46;
 uint32_t x83 = (uint32_t) (x82 >> 0x1a);
 uint32_t x84 = (uint32_t) x82 & 0x3ffffff;
 uint64_t x85 = x83 + x43;
 uint32_t x86 = (uint32_t) (x85 >> 0x19);
 uint32_t x87 = (uint32_t) x85 & 0x1ffffff;
 uint64_t x88 = x86 + x40;
 uint32_t x89 = (uint32_t) (x88 >> 0x1a);
 uint32_t x90 = (uint32_t) x88 & 0x3ffffff;
 uint64_t x91 = x89 + x28;
 uint32_t x92 = (uint32_t) (x91 >> 0x19);
 uint32_t x93 = (uint32_t) x91 & 0x1ffffff;
 uint64_t x94 = x66 + (uint64_t) 0x13 * x92;
 uint32_t x95 = (uint32_t) (x94 >> 0x1a);
 uint32_t x96 = (uint32_t) x94 & 0x3ffffff;
 uint32_t x97 = x95 + x69;
 uint32_t x98 = x97 >> 0x19;
 uint32_t x99 = x97 & 0x1ffffff;
 return (Return x93, Return x90, Return x87, Return x84, Return x81, Return x78, Return x75, x98 + x72, Return x99, Return x96))
x
     : word32 * word32 * word32 * word32 * word32 * word32 * word32 * word32 * word32 * word32 → ReturnType (uint32_t * uint32_t * uint32_t * uint32_t * uint32_t * uint32_t * uint32_t * uint32_t * uint32_t * uint32_t)
