λ x : word32 * word32 * word32 * word32 * word32 * word32 * word32 * word32 * word32 * word32, Interp-η
  λ var : Syntax.base_type → Type, (λ x0 : var (Syntax.TWord 5) * var (Syntax.TWord 5) * var (Syntax.TWord 5) * var (Syntax.TWord 5) * var (Syntax.TWord 5) * var (Syntax.TWord 5) * var (Syntax.TWord 5) * var (Syntax.TWord 5) * var (Syntax.TWord 5) * var (Syntax.TWord 5), let (H, H0) := x0 in
                                    let (H1, H2) := H in
                                    let (H3, H4) := H1 in
                                    let (H5, H6) := H3 in
                                    let (H7, H8) := H5 in
                                    let (H9, H10) := H7 in
                                    let (H11, H12) := H9 in
                                    let (H13, H14) := H11 in
                                    let (H15, H16) := H13 in
                                    uint32_t * uint8_t/*bool*/ x1 = Op (Syntax.SubWithGetBorrow 26 (Syntax.TWord 0) (Syntax.TWord 5) (Syntax.TWord 5) (Syntax.TWord 5) (Syntax.TWord 0)) (Const 0, Return H0, Const 67108845);
                                    let (H17, H18) := x1 in
                                    uint32_t * uint8_t/*bool*/ x2 = Op (Syntax.SubWithGetBorrow 25 (Syntax.TWord 0) (Syntax.TWord 5) (Syntax.TWord 5) (Syntax.TWord 5) (Syntax.TWord 0)) (Return H18, Return H2, Const 33554431);
                                    let (H19, H20) := x2 in
                                    uint32_t * uint8_t/*bool*/ x3 = Op (Syntax.SubWithGetBorrow 26 (Syntax.TWord 0) (Syntax.TWord 5) (Syntax.TWord 5) (Syntax.TWord 5) (Syntax.TWord 0)) (Return H20, Return H4, Const 67108863);
                                    let (H21, H22) := x3 in
                                    uint32_t * uint8_t/*bool*/ x4 = Op (Syntax.SubWithGetBorrow 25 (Syntax.TWord 0) (Syntax.TWord 5) (Syntax.TWord 5) (Syntax.TWord 5) (Syntax.TWord 0)) (Return H22, Return H6, Const 33554431);
                                    let (H23, H24) := x4 in
                                    uint32_t * uint8_t/*bool*/ x5 = Op (Syntax.SubWithGetBorrow 26 (Syntax.TWord 0) (Syntax.TWord 5) (Syntax.TWord 5) (Syntax.TWord 5) (Syntax.TWord 0)) (Return H24, Return H8, Const 67108863);
                                    let (H25, H26) := x5 in
                                    uint32_t * uint8_t/*bool*/ x6 = Op (Syntax.SubWithGetBorrow 25 (Syntax.TWord 0) (Syntax.TWord 5) (Syntax.TWord 5) (Syntax.TWord 5) (Syntax.TWord 0)) (Return H26, Return H10, Const 33554431);
                                    let (H27, H28) := x6 in
                                    uint32_t * uint8_t/*bool*/ x7 = Op (Syntax.SubWithGetBorrow 26 (Syntax.TWord 0) (Syntax.TWord 5) (Syntax.TWord 5) (Syntax.TWord 5) (Syntax.TWord 0)) (Return H28, Return H12, Const 67108863);
                                    let (H29, H30) := x7 in
                                    uint32_t * uint8_t/*bool*/ x8 = Op (Syntax.SubWithGetBorrow 25 (Syntax.TWord 0) (Syntax.TWord 5) (Syntax.TWord 5) (Syntax.TWord 5) (Syntax.TWord 0)) (Return H30, Return H14, Const 33554431);
                                    let (H31, H32) := x8 in
                                    uint32_t * uint8_t/*bool*/ x9 = Op (Syntax.SubWithGetBorrow 26 (Syntax.TWord 0) (Syntax.TWord 5) (Syntax.TWord 5) (Syntax.TWord 5) (Syntax.TWord 0)) (Return H32, Return H16, Const 67108863);
                                    let (H33, H34) := x9 in
                                    uint32_t * uint8_t/*bool*/ x10 = Op (Syntax.SubWithGetBorrow 25 (Syntax.TWord 0) (Syntax.TWord 5) (Syntax.TWord 5) (Syntax.TWord 5) (Syntax.TWord 0)) (Return H34, Return H15, Const 33554431);
                                    let (H35, H36) := x10 in
                                    uint32_t x11 = Op (Syntax.Zselect (Syntax.TWord 0) (Syntax.TWord 0) (Syntax.TWord 5) (Syntax.TWord 5)) (Return H36, Const 0, Const 4294967295);
                                    uint32_t x12 = Op (Syntax.Land (Syntax.TWord 5) (Syntax.TWord 5) (Syntax.TWord 5)) (Return x11, Const 67108845);
                                    uint32_t * uint8_t/*bool*/ x13 = Op (Syntax.AddWithGetCarry 26 (Syntax.TWord 0) (Syntax.TWord 5) (Syntax.TWord 5) (Syntax.TWord 5) (Syntax.TWord 0)) (Const 0, Return H17, Return x12);
                                    let (H37, H38) := x13 in
                                    uint32_t x14 = Op (Syntax.Land (Syntax.TWord 5) (Syntax.TWord 5) (Syntax.TWord 5)) (Return x11, Const 33554431);
                                    uint32_t * uint8_t/*bool*/ x15 = Op (Syntax.AddWithGetCarry 25 (Syntax.TWord 0) (Syntax.TWord 5) (Syntax.TWord 5) (Syntax.TWord 5) (Syntax.TWord 0)) (Return H38, Return H19, Return x14);
                                    let (H39, H40) := x15 in
                                    uint32_t x16 = Op (Syntax.Land (Syntax.TWord 5) (Syntax.TWord 5) (Syntax.TWord 5)) (Return x11, Const 67108863);
                                    uint32_t * uint8_t/*bool*/ x17 = Op (Syntax.AddWithGetCarry 26 (Syntax.TWord 0) (Syntax.TWord 5) (Syntax.TWord 5) (Syntax.TWord 5) (Syntax.TWord 0)) (Return H40, Return H21, Return x16);
                                    let (H41, H42) := x17 in
                                    uint32_t x18 = Op (Syntax.Land (Syntax.TWord 5) (Syntax.TWord 5) (Syntax.TWord 5)) (Return x11, Const 33554431);
                                    uint32_t * uint8_t/*bool*/ x19 = Op (Syntax.AddWithGetCarry 25 (Syntax.TWord 0) (Syntax.TWord 5) (Syntax.TWord 5) (Syntax.TWord 5) (Syntax.TWord 0)) (Return H42, Return H23, Return x18);
                                    let (H43, H44) := x19 in
                                    uint32_t x20 = Op (Syntax.Land ... ... ...) (..., ...);
                                    ... * ... x21 = Op ... ...;
                                    let (..., ...) := ... in
                                    ...)%expr
  x
     : word32 * word32 * word32 * word32 * word32 * word32 * word32 * word32 * word32 * word32 → ReturnType (uint32_t * uint32_t * uint32_t * uint32_t * uint32_t * uint32_t * uint32_t * uint32_t * uint32_t * uint32_t)
