λ x : word32 * word32 * word32 * word32 * word32 * word32 * word32 * word32 * word32,
Interp-η
(λ var : Syntax.base_type → Type,
 λ '(x15, x16, x14, x12, x10, x8, x6, x4, x2)%core,
 uint64_t x17 = (((uint64_t)x2 * x15) + ((0x2 * ((uint64_t)x4 * x16)) + ((0x2 * ((uint64_t)x6 * x14)) + ((0x2 * ((uint64_t)x8 * x12)) + (((uint64_t)x10 * x10) + ((0x2 * ((uint64_t)x12 * x8)) + ((0x2 * ((uint64_t)x14 * x6)) + ((0x2 * ((uint64_t)x16 * x4)) + ((uint64_t)x15 * x2)))))))));
 uint64_t x18 = ((((uint64_t)x2 * x16) + ((0x2 * ((uint64_t)x4 * x14)) + ((0x2 * ((uint64_t)x6 * x12)) + (((uint64_t)x8 * x10) + (((uint64_t)x10 * x8) + ((0x2 * ((uint64_t)x12 * x6)) + ((0x2 * ((uint64_t)x14 * x4)) + ((uint64_t)x16 * x2)))))))) + (0x13 * ((uint64_t)x15 * x15)));
 uint64_t x19 = ((((uint64_t)x2 * x14) + ((0x2 * ((uint64_t)x4 * x12)) + (((uint64_t)x6 * x10) + (((uint64_t)x8 * x8) + (((uint64_t)x10 * x6) + ((0x2 * ((uint64_t)x12 * x4)) + ((uint64_t)x14 * x2))))))) + (0x13 * (((uint64_t)x16 * x15) + ((uint64_t)x15 * x16))));
 uint64_t x20 = ((((uint64_t)x2 * x12) + (((uint64_t)x4 * x10) + (((uint64_t)x6 * x8) + (((uint64_t)x8 * x6) + (((uint64_t)x10 * x4) + ((uint64_t)x12 * x2)))))) + (0x13 * (((uint64_t)x14 * x15) + (((uint64_t)x16 * x16) + ((uint64_t)x15 * x14)))));
 uint64_t x21 = ((((uint64_t)x2 * x10) + ((0x2 * ((uint64_t)x4 * x8)) + ((0x2 * ((uint64_t)x6 * x6)) + ((0x2 * ((uint64_t)x8 * x4)) + ((uint64_t)x10 * x2))))) + (0x13 * ((0x2 * ((uint64_t)x12 * x15)) + ((0x2 * ((uint64_t)x14 * x16)) + ((0x2 * ((uint64_t)x16 * x14)) + (0x2 * ((uint64_t)x15 * x12)))))));
 uint64_t x22 = ((((uint64_t)x2 * x8) + ((0x2 * ((uint64_t)x4 * x6)) + ((0x2 * ((uint64_t)x6 * x4)) + ((uint64_t)x8 * x2)))) + (0x13 * (((uint64_t)x10 * x15) + ((0x2 * ((uint64_t)x12 * x16)) + ((0x2 * ((uint64_t)x14 * x14)) + ((0x2 * ((uint64_t)x16 * x12)) + ((uint64_t)x15 * x10)))))));
 uint64_t x23 = ((((uint64_t)x2 * x6) + ((0x2 * ((uint64_t)x4 * x4)) + ((uint64_t)x6 * x2))) + (0x13 * (((uint64_t)x8 * x15) + (((uint64_t)x10 * x16) + ((0x2 * ((uint64_t)x12 * x14)) + ((0x2 * ((uint64_t)x14 * x12)) + (((uint64_t)x16 * x10) + ((uint64_t)x15 * x8))))))));
 uint64_t x24 = ((((uint64_t)x2 * x4) + ((uint64_t)x4 * x2)) + (0x13 * (((uint64_t)x6 * x15) + (((uint64_t)x8 * x16) + (((uint64_t)x10 * x14) + ((0x2 * ((uint64_t)x12 * x12)) + (((uint64_t)x14 * x10) + (((uint64_t)x16 * x8) + ((uint64_t)x15 * x6)))))))));
 uint64_t x25 = (((uint64_t)x2 * x2) + (0x13 * ((0x2 * ((uint64_t)x4 * x15)) + ((0x2 * ((uint64_t)x6 * x16)) + ((0x2 * ((uint64_t)x8 * x14)) + ((0x2 * ((uint64_t)x10 * x12)) + ((0x2 * ((uint64_t)x12 * x10)) + ((0x2 * ((uint64_t)x14 * x8)) + ((0x2 * ((uint64_t)x16 * x6)) + (0x2 * ((uint64_t)x15 * x4)))))))))));
 uint64_t x26 = (x25 >> 0x16);
 uint32_t x27 = ((uint32_t)x25 & 0x3fffff);
 uint64_t x28 = (x26 + x24);
 uint64_t x29 = (x28 >> 0x15);
 uint32_t x30 = ((uint32_t)x28 & 0x1fffff);
 uint64_t x31 = (x29 + x23);
 uint64_t x32 = (x31 >> 0x15);
 uint32_t x33 = ((uint32_t)x31 & 0x1fffff);
 uint64_t x34 = (x32 + x22);
 uint64_t x35 = (x34 >> 0x15);
 uint32_t x36 = ((uint32_t)x34 & 0x1fffff);
 uint64_t x37 = (x35 + x21);
 uint32_t x38 = (uint32_t) (x37 >> 0x16);
 uint32_t x39 = ((uint32_t)x37 & 0x3fffff);
 uint64_t x40 = (x38 + x20);
 uint32_t x41 = (uint32_t) (x40 >> 0x15);
 uint32_t x42 = ((uint32_t)x40 & 0x1fffff);
 uint64_t x43 = (x41 + x19);
 uint32_t x44 = (uint32_t) (x43 >> 0x15);
 uint32_t x45 = ((uint32_t)x43 & 0x1fffff);
 uint64_t x46 = (x44 + x18);
 uint32_t x47 = (uint32_t) (x46 >> 0x15);
 uint32_t x48 = ((uint32_t)x46 & 0x1fffff);
 uint64_t x49 = (x47 + x17);
 uint32_t x50 = (uint32_t) (x49 >> 0x15);
 uint32_t x51 = ((uint32_t)x49 & 0x1fffff);
 uint64_t x52 = (x27 + ((uint64_t)0x13 * x50));
 uint32_t x53 = (uint32_t) (x52 >> 0x16);
 uint32_t x54 = ((uint32_t)x52 & 0x3fffff);
 uint32_t x55 = (x53 + x30);
 uint32_t x56 = (x55 >> 0x15);
 uint32_t x57 = (x55 & 0x1fffff);
 return (Return x51, Return x48, Return x45, Return x42, Return x39, Return x36, (x56 + x33), Return x57, Return x54))
x
     : word32 * word32 * word32 * word32 * word32 * word32 * word32 * word32 * word32 → ReturnType (uint32_t * uint32_t * uint32_t * uint32_t * uint32_t * uint32_t * uint32_t * uint32_t * uint32_t)
