λ x : word32 * word32 * word32 * word32 * word32 * word32 * word32 * word32,
Interp-η
(λ var : Syntax.base_type → Type,
 λ '(x13, x14, x12, x10, x8, x6, x4, x2)%core,
 uint32_t x16, ℤ x17 = Op (Syntax.SubWithGetBorrow 28 (Syntax.TWord 3) (Syntax.TWord 5) (Syntax.TWord 3) (Syntax.TWord 5) Syntax.TZ) (0x0, Return x2, 0x1);
 uint32_t x19, ℤ x20 = Op (Syntax.SubWithGetBorrow 28 Syntax.TZ (Syntax.TWord 5) (Syntax.TWord 3) (Syntax.TWord 5) Syntax.TZ) (Return x17, Return x4, 0x0);
 uint32_t x22, ℤ x23 = Op (Syntax.SubWithGetBorrow 28 Syntax.TZ (Syntax.TWord 5) (Syntax.TWord 3) (Syntax.TWord 5) Syntax.TZ) (Return x20, Return x6, 0x0);
 uint32_t x25, uint8_t x26 = Op (Syntax.SubWithGetBorrow 28 Syntax.TZ (Syntax.TWord 5) (Syntax.TWord 5) (Syntax.TWord 5) (Syntax.TWord 3)) (Return x23, Return x8, 0xffff000);
 uint32_t x28, uint8_t x29 = Op (Syntax.SubWithGetBorrow 28 (Syntax.TWord 3) (Syntax.TWord 5) (Syntax.TWord 5) (Syntax.TWord 5) (Syntax.TWord 3)) (Return x26, Return x10, 0xfffffff);
 uint32_t x31, uint8_t x32 = Op (Syntax.SubWithGetBorrow 28 (Syntax.TWord 3) (Syntax.TWord 5) (Syntax.TWord 5) (Syntax.TWord 5) (Syntax.TWord 3)) (Return x29, Return x12, 0xfffffff);
 uint32_t x34, uint8_t x35 = Op (Syntax.SubWithGetBorrow 28 (Syntax.TWord 3) (Syntax.TWord 5) (Syntax.TWord 5) (Syntax.TWord 5) (Syntax.TWord 3)) (Return x32, Return x14, 0xfffffff);
 uint32_t x37, uint8_t x38 = Op (Syntax.SubWithGetBorrow 28 (Syntax.TWord 3) (Syntax.TWord 5) (Syntax.TWord 5) (Syntax.TWord 5) (Syntax.TWord 3)) (Return x35, Return x13, 0xfffffff);
 uint32_t x39 = cmovznz32(x38, 0x0, 0xffffffff);
 uint8_t x40 = ((uint8_t)x39 & 0x1);
 uint32_t x42, uint8_t x43 = Op (Syntax.AddWithGetCarry 28 (Syntax.TWord 3) (Syntax.TWord 5) (Syntax.TWord 3) (Syntax.TWord 5) (Syntax.TWord 3)) (0x0, Return x16, Return x40);
 uint32_t x45, uint8_t x46 = Op (Syntax.AddWithGetCarry 28 (Syntax.TWord 3) (Syntax.TWord 5) (Syntax.TWord 3) (Syntax.TWord 5) (Syntax.TWord 3)) (Return x43, Return x19, 0x0);
 uint32_t x48, uint8_t x49 = Op (Syntax.AddWithGetCarry 28 (Syntax.TWord 3) (Syntax.TWord 5) (Syntax.TWord 3) (Syntax.TWord 5) (Syntax.TWord 3)) (Return x46, Return x22, 0x0);
 uint32_t x50 = (x39 & 0xffff000);
 uint32_t x52, uint8_t x53 = Op (Syntax.AddWithGetCarry 28 (Syntax.TWord 3) (Syntax.TWord 5) (Syntax.TWord 5) (Syntax.TWord 5) (Syntax.TWord 3)) (Return x49, Return x25, Return x50);
 uint32_t x54 = (x39 & 0xfffffff);
 uint32_t x56, uint8_t x57 = Op (Syntax.AddWithGetCarry 28 (Syntax.TWord 3) (Syntax.TWord 5) (Syntax.TWord 5) (Syntax.TWord 5) (Syntax.TWord 3)) (Return x53, Return x28, Return x54);
 uint32_t x58 = (x39 & 0xfffffff);
 uint32_t x60, uint8_t x61 = Op (Syntax.AddWithGetCarry 28 (Syntax.TWord 3) (Syntax.TWord 5) (Syntax.TWord 5) (Syntax.TWord 5) (Syntax.TWord 3)) (Return x57, Return x31, Return x58);
 uint32_t x62 = (x39 & 0xfffffff);
 uint32_t x64, uint8_t x65 = Op (Syntax.AddWithGetCarry 28 (Syntax.TWord 3) (Syntax.TWord 5) (Syntax.TWord 5) (Syntax.TWord 5) (Syntax.TWord 3)) (Return x61, Return x34, Return x62);
 uint32_t x66 = (x39 & 0xfffffff);
 uint32_t x68, uint8_t _ = Op (Syntax.AddWithGetCarry 28 (Syntax.TWord 3) (Syntax.TWord 5) (Syntax.TWord 5) (Syntax.TWord 5) (Syntax.TWord 3)) (Return x65, Return x37, Return x66);
 (Return x68, Return x64, Return x60, Return x56, Return x52, Return x48, Return x45, Return x42))
x
     : word32 * word32 * word32 * word32 * word32 * word32 * word32 * word32 → ReturnType (uint32_t * uint32_t * uint32_t * uint32_t * uint32_t * uint32_t * uint32_t * uint32_t)
