λ x : word32 * word32 * word32 * word32 * word32 * word32 * word32 * word32 * word32 * word32 * word32 * word32 * word32 * word32 * word32 * word32 * word32 * word32,
Interp-η
(λ var : Syntax.base_type → Type,
 λ '(x33, x34, x32, x30, x28, x26, x24, x22, x20, x18, x16, x14, x12, x10, x8, x6, x4, x2)%core,
 uint32_t x36, uint8_t x37 = Op (Syntax.SubWithGetBorrow 22 (Syntax.TWord 3) (Syntax.TWord 5) (Syntax.TWord 5) (Syntax.TWord 5) (Syntax.TWord 3)) (0x0, Return x2, 0x3ffe5b);
 uint32_t x39, uint8_t x40 = Op (Syntax.SubWithGetBorrow 21 (Syntax.TWord 3) (Syntax.TWord 5) (Syntax.TWord 5) (Syntax.TWord 5) (Syntax.TWord 3)) (Return x37, Return x4, 0x1fffff);
 uint32_t x42, uint8_t x43 = Op (Syntax.SubWithGetBorrow 21 (Syntax.TWord 3) (Syntax.TWord 5) (Syntax.TWord 5) (Syntax.TWord 5) (Syntax.TWord 3)) (Return x40, Return x6, 0x1fffff);
 uint32_t x45, uint8_t x46 = Op (Syntax.SubWithGetBorrow 22 (Syntax.TWord 3) (Syntax.TWord 5) (Syntax.TWord 5) (Syntax.TWord 5) (Syntax.TWord 3)) (Return x43, Return x8, 0x3fffff);
 uint32_t x48, uint8_t x49 = Op (Syntax.SubWithGetBorrow 21 (Syntax.TWord 3) (Syntax.TWord 5) (Syntax.TWord 5) (Syntax.TWord 5) (Syntax.TWord 3)) (Return x46, Return x10, 0x1fffff);
 uint32_t x51, uint8_t x52 = Op (Syntax.SubWithGetBorrow 21 (Syntax.TWord 3) (Syntax.TWord 5) (Syntax.TWord 5) (Syntax.TWord 5) (Syntax.TWord 3)) (Return x49, Return x12, 0x1fffff);
 uint32_t x54, uint8_t x55 = Op (Syntax.SubWithGetBorrow 21 (Syntax.TWord 3) (Syntax.TWord 5) (Syntax.TWord 5) (Syntax.TWord 5) (Syntax.TWord 3)) (Return x52, Return x14, 0x1fffff);
 uint32_t x57, uint8_t x58 = Op (Syntax.SubWithGetBorrow 22 (Syntax.TWord 3) (Syntax.TWord 5) (Syntax.TWord 5) (Syntax.TWord 5) (Syntax.TWord 3)) (Return x55, Return x16, 0x3fffff);
 uint32_t x60, uint8_t x61 = Op (Syntax.SubWithGetBorrow 21 (Syntax.TWord 3) (Syntax.TWord 5) (Syntax.TWord 5) (Syntax.TWord 5) (Syntax.TWord 3)) (Return x58, Return x18, 0x1fffff);
 uint32_t x63, uint8_t x64 = Op (Syntax.SubWithGetBorrow 21 (Syntax.TWord 3) (Syntax.TWord 5) (Syntax.TWord 5) (Syntax.TWord 5) (Syntax.TWord 3)) (Return x61, Return x20, 0x1fffff);
 uint32_t x66, uint8_t x67 = Op (Syntax.SubWithGetBorrow 22 (Syntax.TWord 3) (Syntax.TWord 5) (Syntax.TWord 5) (Syntax.TWord 5) (Syntax.TWord 3)) (Return x64, Return x22, 0x3fffff);
 uint32_t x69, uint8_t x70 = Op (Syntax.SubWithGetBorrow 21 (Syntax.TWord 3) (Syntax.TWord 5) (Syntax.TWord 5) (Syntax.TWord 5) (Syntax.TWord 3)) (Return x67, Return x24, 0x1fffff);
 uint32_t x72, uint8_t x73 = Op (Syntax.SubWithGetBorrow 21 (Syntax.TWord 3) (Syntax.TWord 5) (Syntax.TWord 5) (Syntax.TWord 5) (Syntax.TWord 3)) (Return x70, Return x26, 0x1fffff);
 uint32_t x75, uint8_t x76 = Op (Syntax.SubWithGetBorrow 21 (Syntax.TWord 3) (Syntax.TWord 5) (Syntax.TWord 5) (Syntax.TWord 5) (Syntax.TWord 3)) (Return x73, Return x28, 0x1fffff);
 uint32_t x78, uint8_t x79 = Op (Syntax.SubWithGetBorrow 22 (Syntax.TWord 3) (Syntax.TWord 5) (Syntax.TWord 5) (Syntax.TWord 5) (Syntax.TWord 3)) (Return x76, Return x30, 0x3fffff);
 uint32_t x81, uint8_t x82 = Op (Syntax.SubWithGetBorrow 21 (Syntax.TWord 3) (Syntax.TWord 5) (Syntax.TWord 5) (Syntax.TWord 5) (Syntax.TWord 3)) (Return x79, Return x32, 0x1fffff);
 uint32_t x84, uint8_t x85 = Op (Syntax.SubWithGetBorrow 21 (Syntax.TWord 3) (Syntax.TWord 5) (Syntax.TWord 5) (Syntax.TWord 5) (Syntax.TWord 3)) (Return x82, Return x34, 0x1fffff);
 uint32_t x87, uint8_t x88 = Op (Syntax.SubWithGetBorrow 21 (Syntax.TWord 3) (Syntax.TWord 5) (Syntax.TWord 5) (Syntax.TWord 5) (Syntax.TWord 3)) (Return x85, Return x33, 0x1fffff);
 uint32_t x89 = cmovznz32(x88, 0x0, 0xffffffff);
 uint32_t x90 = (x89 & 0x3ffe5b);
 uint32_t x92, uint8_t x93 = Op (Syntax.AddWithGetCarry 22 (Syntax.TWord 3) (Syntax.TWord 5) (Syntax.TWord 5) (Syntax.TWord 5) (Syntax.TWord 3)) (0x0, Return x36, Return x90);
 uint32_t x94 = (x89 & 0x1fffff);
 uint32_t x96, uint8_t x97 = Op (Syntax.AddWithGetCarry 21 (Syntax.TWord 3) (Syntax.TWord 5) (Syntax.TWord 5) (Syntax.TWord 5) (Syntax.TWord 3)) (Return x93, Return x39, Return x94);
 uint32_t x98 = (x89 & 0x1fffff);
 uint32_t x100, uint8_t x101 = Op (Syntax.AddWithGetCarry 21 (Syntax.TWord 3) (Syntax.TWord 5) (Syntax.TWord 5) (Syntax.TWord 5) (Syntax.TWord 3)) (Return x97, Return x42, Return x98);
 uint32_t x102 = (x89 & 0x3fffff);
 uint32_t x104, uint8_t x105 = Op (Syntax.AddWithGetCarry 22 (Syntax.TWord 3) (Syntax.TWord 5) (Syntax.TWord 5) (Syntax.TWord 5) (Syntax.TWord 3)) (Return x101, Return x45, Return x102);
 uint32_t x106 = (x89 & 0x1fffff);
 uint32_t x108, uint8_t x109 = Op (Syntax.AddWithGetCarry 21 (Syntax.TWord 3) (Syntax.TWord 5) (Syntax.TWord 5) (Syntax.TWord 5) (Syntax.TWord 3)) (Return x105, Return x48, Return x106);
 uint32_t x110 = (x89 & 0x1fffff);
 uint32_t x112, uint8_t x113 = Op (Syntax.AddWithGetCarry 21 (Syntax.TWord 3) (Syntax.TWord 5) (Syntax.TWord 5) (Syntax.TWord 5) (Syntax.TWord 3)) (Return x109, Return x51, Return x110);
 uint32_t x114 = (x89 & 0x1fffff);
 uint32_t x116, uint8_t x117 = Op (Syntax.AddWithGetCarry 21 (Syntax.TWord 3) (Syntax.TWord 5) (Syntax.TWord 5) (Syntax.TWord 5) (Syntax.TWord 3)) (Return x113, Return x54, Return x114);
 uint32_t x118 = (x89 & 0x3fffff);
 uint32_t x120, uint8_t x121 = Op (Syntax.AddWithGetCarry 22 (Syntax.TWord 3) (Syntax.TWord 5) (Syntax.TWord 5) (Syntax.TWord 5) (Syntax.TWord 3)) (Return x117, Return x57, Return x118);
 uint32_t x122 = (x89 & 0x1fffff);
 uint32_t x124, uint8_t x125 = Op (Syntax.AddWithGetCarry 21 (Syntax.TWord 3) (Syntax.TWord 5) (Syntax.TWord 5) (Syntax.TWord 5) (Syntax.TWord 3)) (Return x121, Return x60, Return x122);
 uint32_t x126 = (x89 & 0x1fffff);
 uint32_t x128, uint8_t x129 = Op (Syntax.AddWithGetCarry 21 (Syntax.TWord 3) (Syntax.TWord 5) (Syntax.TWord 5) (Syntax.TWord 5) (Syntax.TWord 3)) (Return x125, Return x63, Return x126);
 uint32_t x130 = (x89 & 0x3fffff);
 uint32_t x132, uint8_t x133 = Op (Syntax.AddWithGetCarry 22 (Syntax.TWord 3) (Syntax.TWord 5) (Syntax.TWord 5) (Syntax.TWord 5) (Syntax.TWord 3)) (Return x129, Return x66, Return x130);
 uint32_t x134 = (x89 & 0x1fffff);
 uint32_t x136, uint8_t x137 = Op (Syntax.AddWithGetCarry 21 (Syntax.TWord 3) (Syntax.TWord 5) (Syntax.TWord 5) (Syntax.TWord 5) (Syntax.TWord 3)) (Return x133, Return x69, Return x134);
 uint32_t x138 = (x89 & 0x1fffff);
 uint32_t x140, uint8_t x141 = Op (Syntax.AddWithGetCarry 21 (Syntax.TWord 3) (Syntax.TWord 5) (Syntax.TWord 5) (Syntax.TWord 5) (Syntax.TWord 3)) (Return x137, Return x72, Return x138);
 uint32_t x142 = (x89 & 0x1fffff);
 uint32_t x144, uint8_t x145 = Op (Syntax.AddWithGetCarry 21 (Syntax.TWord 3) (Syntax.TWord 5) (Syntax.TWord 5) (Syntax.TWord 5) (Syntax.TWord 3)) (Return x141, Return x75, Return x142);
 uint32_t x146 = (x89 & 0x3fffff);
 uint32_t x148, uint8_t x149 = Op (Syntax.AddWithGetCarry 22 (Syntax.TWord 3) (Syntax.TWord 5) (Syntax.TWord 5) (Syntax.TWord 5) (Syntax.TWord 3)) (Return x145, Return x78, Return x146);
 uint32_t x150 = (x89 & 0x1fffff);
 uint32_t x152, uint8_t x153 = Op (Syntax.AddWithGetCarry 21 (Syntax.TWord 3) (Syntax.TWord 5) (Syntax.TWord 5) (Syntax.TWord 5) (Syntax.TWord 3)) (Return x149, Return x81, Return x150);
 uint32_t x154 = (x89 & 0x1fffff);
 uint32_t x156, uint8_t x157 = Op (Syntax.AddWithGetCarry 21 (Syntax.TWord 3) (Syntax.TWord 5) (Syntax.TWord 5) (Syntax.TWord 5) (Syntax.TWord 3)) (Return x153, Return x84, Return x154);
 uint32_t x158 = (x89 & 0x1fffff);
 uint32_t x160, uint8_t _ = Op (Syntax.AddWithGetCarry 21 (Syntax.TWord 3) (Syntax.TWord 5) (Syntax.TWord 5) (Syntax.TWord 5) (Syntax.TWord 3)) (Return x157, Return x87, Return x158);
 (Return x160, Return x156, Return x152, Return x148, Return x144, Return x140, Return x136, Return x132, Return x128, Return x124, Return x120, Return x116, Return x112, Return x108, Return x104, Return x100, Return x96, Return x92))
x
     : word32 * word32 * word32 * word32 * word32 * word32 * word32 * word32 * word32 * word32 * word32 * word32 * word32 * word32 * word32 * word32 * word32 * word32 → ReturnType (uint32_t * uint32_t * uint32_t * uint32_t * uint32_t * uint32_t * uint32_t * uint32_t * uint32_t * uint32_t * uint32_t * uint32_t * uint32_t * uint32_t * uint32_t * uint32_t * uint32_t * uint32_t)
