λ x : word32 * word32 * word32 * word32 * word32 * word32 * word32 * word32 * word32 * word32,
Interp-η
(λ var : Syntax.base_type → Type,
 λ '(x17, x18, x16, x14, x12, x10, x8, x6, x4, x2)%core,
 uint32_t x20, ℤ x21 = Op (Syntax.SubWithGetBorrow 23 (Syntax.TWord 3) (Syntax.TWord 5) (Syntax.TWord 3) (Syntax.TWord 5) Syntax.TZ) (0x0, Return x2, 0x1);
 uint32_t x23, ℤ x24 = Op (Syntax.SubWithGetBorrow 22 Syntax.TZ (Syntax.TWord 5) (Syntax.TWord 3) (Syntax.TWord 5) Syntax.TZ) (Return x21, Return x4, 0x0);
 uint32_t x26, ℤ x27 = Op (Syntax.SubWithGetBorrow 23 Syntax.TZ (Syntax.TWord 5) (Syntax.TWord 3) (Syntax.TWord 5) Syntax.TZ) (Return x24, Return x6, 0x0);
 uint32_t x29, ℤ x30 = Op (Syntax.SubWithGetBorrow 22 Syntax.TZ (Syntax.TWord 5) (Syntax.TWord 3) (Syntax.TWord 5) Syntax.TZ) (Return x27, Return x8, 0x0);
 uint32_t x32, uint8_t x33 = Op (Syntax.SubWithGetBorrow 22 Syntax.TZ (Syntax.TWord 5) (Syntax.TWord 5) (Syntax.TWord 5) (Syntax.TWord 3)) (Return x30, Return x10, Const 4194240);
 uint32_t x35, uint8_t x36 = Op (Syntax.SubWithGetBorrow 23 (Syntax.TWord 3) (Syntax.TWord 5) (Syntax.TWord 5) (Syntax.TWord 5) (Syntax.TWord 3)) (Return x33, Return x12, 0x7fffff);
 uint32_t x38, uint8_t x39 = Op (Syntax.SubWithGetBorrow 22 (Syntax.TWord 3) (Syntax.TWord 5) (Syntax.TWord 5) (Syntax.TWord 5) (Syntax.TWord 3)) (Return x36, Return x14, 0x3fffff);
 uint32_t x41, uint8_t x42 = Op (Syntax.SubWithGetBorrow 23 (Syntax.TWord 3) (Syntax.TWord 5) (Syntax.TWord 5) (Syntax.TWord 5) (Syntax.TWord 3)) (Return x39, Return x16, 0x7fffff);
 uint32_t x44, uint8_t x45 = Op (Syntax.SubWithGetBorrow 22 (Syntax.TWord 3) (Syntax.TWord 5) (Syntax.TWord 5) (Syntax.TWord 5) (Syntax.TWord 3)) (Return x42, Return x18, 0x3fffff);
 uint32_t x47, uint8_t x48 = Op (Syntax.SubWithGetBorrow 22 (Syntax.TWord 3) (Syntax.TWord 5) (Syntax.TWord 5) (Syntax.TWord 5) (Syntax.TWord 3)) (Return x45, Return x17, 0x3fffff);
 uint32_t x49 = cmovznz32(x48, 0x0, 0xffffffff);
 uint8_t x50 = ((uint8_t)x49 & 0x1);
 uint32_t x52, uint8_t x53 = Op (Syntax.AddWithGetCarry 23 (Syntax.TWord 3) (Syntax.TWord 5) (Syntax.TWord 3) (Syntax.TWord 5) (Syntax.TWord 3)) (0x0, Return x20, Return x50);
 uint32_t x55, uint8_t x56 = Op (Syntax.AddWithGetCarry 22 (Syntax.TWord 3) (Syntax.TWord 5) (Syntax.TWord 3) (Syntax.TWord 5) (Syntax.TWord 3)) (Return x53, Return x23, 0x0);
 uint32_t x58, uint8_t x59 = Op (Syntax.AddWithGetCarry 23 (Syntax.TWord 3) (Syntax.TWord 5) (Syntax.TWord 3) (Syntax.TWord 5) (Syntax.TWord 3)) (Return x56, Return x26, 0x0);
 uint32_t x61, uint8_t x62 = Op (Syntax.AddWithGetCarry 22 (Syntax.TWord 3) (Syntax.TWord 5) (Syntax.TWord 3) (Syntax.TWord 5) (Syntax.TWord 3)) (Return x59, Return x29, 0x0);
 uint32_t x63 = (x49 & Const 4194240);
 uint32_t x65, uint8_t x66 = Op (Syntax.AddWithGetCarry 22 (Syntax.TWord 3) (Syntax.TWord 5) (Syntax.TWord 5) (Syntax.TWord 5) (Syntax.TWord 3)) (Return x62, Return x32, Return x63);
 uint32_t x67 = (x49 & 0x7fffff);
 uint32_t x69, uint8_t x70 = Op (Syntax.AddWithGetCarry 23 (Syntax.TWord 3) (Syntax.TWord 5) (Syntax.TWord 5) (Syntax.TWord 5) (Syntax.TWord 3)) (Return x66, Return x35, Return x67);
 uint32_t x71 = (x49 & 0x3fffff);
 uint32_t x73, uint8_t x74 = Op (Syntax.AddWithGetCarry 22 (Syntax.TWord 3) (Syntax.TWord 5) (Syntax.TWord 5) (Syntax.TWord 5) (Syntax.TWord 3)) (Return x70, Return x38, Return x71);
 uint32_t x75 = (x49 & 0x7fffff);
 uint32_t x77, uint8_t x78 = Op (Syntax.AddWithGetCarry 23 (Syntax.TWord 3) (Syntax.TWord 5) (Syntax.TWord 5) (Syntax.TWord 5) (Syntax.TWord 3)) (Return x74, Return x41, Return x75);
 uint32_t x79 = (x49 & 0x3fffff);
 uint32_t x81, uint8_t x82 = Op (Syntax.AddWithGetCarry 22 (Syntax.TWord 3) (Syntax.TWord 5) (Syntax.TWord 5) (Syntax.TWord 5) (Syntax.TWord 3)) (Return x78, Return x44, Return x79);
 uint32_t x83 = (x49 & 0x3fffff);
 uint32_t x85, uint8_t _ = Op (Syntax.AddWithGetCarry 22 (Syntax.TWord 3) (Syntax.TWord 5) (Syntax.TWord 5) (Syntax.TWord 5) (Syntax.TWord 3)) (Return x82, Return x47, Return x83);
 (Return x85, Return x81, Return x77, Return x73, Return x69, Return x65, Return x61, Return x58, Return x55, Return x52))
x
     : word32 * word32 * word32 * word32 * word32 * word32 * word32 * word32 * word32 * word32 → ReturnType (uint32_t * uint32_t * uint32_t * uint32_t * uint32_t * uint32_t * uint32_t * uint32_t * uint32_t * uint32_t)
