λ x : word32 * word32 * word32 * word32 * word32 * word32 * word32 * word32 * word32 * word32,
Interp-η
(λ var : Syntax.base_type → Type,
 λ '(x17, x18, x16, x14, x12, x10, x8, x6, x4, x2)%core,
 uint32_t x19 = (x6 >> 0x13);
 uint32_t x20 = (x6 & 0x7ffff);
 uint32_t x21 = (x17 >> 0x13);
 uint32_t x22 = (x17 & 0x7ffff);
 uint32_t x23 = ((0x80000 * x21) + x22);
 uint32_t x24 = (x23 >> 0x13);
 uint32_t x25 = (x23 & 0x7ffff);
 uint32_t x26 = ((x19 + x8) + (0x40 * x24));
 uint32_t x27 = (x26 >> 0x13);
 uint32_t x28 = (x26 & 0x7ffff);
 uint32_t x29 = (x2 + x24);
 uint32_t x30 = (x29 >> 0x14);
 uint32_t x31 = (x29 & 0xfffff);
 uint32_t x32 = (x27 + x10);
 uint32_t x33 = (x32 >> 0x13);
 uint32_t x34 = (x32 & 0x7ffff);
 uint32_t x35 = (x30 + x4);
 uint32_t x36 = (x35 >> 0x13);
 uint32_t x37 = (x35 & 0x7ffff);
 uint32_t x38 = (x33 + x12);
 uint32_t x39 = (x38 >> 0x14);
 uint32_t x40 = (x38 & 0xfffff);
 uint32_t x41 = (x36 + x20);
 uint32_t x42 = (x41 >> 0x13);
 uint32_t x43 = (x41 & 0x7ffff);
 uint32_t x44 = (x39 + x14);
 uint32_t x45 = (x44 >> 0x13);
 uint32_t x46 = (x44 & 0x7ffff);
 uint32_t x47 = (x45 + x16);
 uint32_t x48 = (x47 >> 0x13);
 uint32_t x49 = (x47 & 0x7ffff);
 uint32_t x50 = (x48 + x18);
 uint32_t x51 = (x50 >> 0x13);
 uint32_t x52 = (x50 & 0x7ffff);
 uint32_t x53 = (x51 + x25);
 uint32_t x54 = (x53 >> 0x13);
 uint32_t x55 = (x53 & 0x7ffff);
 uint32_t x56 = ((0x80000 * x54) + x55);
 uint32_t x57 = (x56 >> 0x13);
 uint32_t x58 = (x56 & 0x7ffff);
 uint32_t x59 = ((x42 + x28) + (0x40 * x57));
 uint32_t x60 = (x59 >> 0x13);
 uint32_t x61 = (x59 & 0x7ffff);
 uint32_t x62 = (x31 + x57);
 uint32_t x63 = (x62 >> 0x14);
 uint32_t x64 = (x62 & 0xfffff);
 return (Return x58, Return x52, Return x49, Return x46, Return x40, (x60 + x34), Return x61, Return x43, (x63 + x37), Return x64))
x
     : word32 * word32 * word32 * word32 * word32 * word32 * word32 * word32 * word32 * word32 → ReturnType (uint32_t * uint32_t * uint32_t * uint32_t * uint32_t * uint32_t * uint32_t * uint32_t * uint32_t * uint32_t)
