λ x x0 : word64 * word64 * word64 * word64 * word64 * word64 * word64 * word64 * word64 * word64 * word64 * word64 * word64 * word64,
Interp-η
(λ var : Syntax.base_type → Type,
 λ '(x28, x29, x27, x25, x23, x21, x19, x17, x15, x13, x11, x9, x7, x5, (x54, x55, x53, x51, x49, x47, x45, x43, x41, x39, x37, x35, x33, x31))%core,
 uint128_t x56 = (uint128_t) x5 * x54 + ((uint128_t) x7 * x55 + ((uint128_t) x9 * x53 + ((uint128_t) x11 * x51 + ((uint128_t) x13 * x49 + ((uint128_t) x15 * x47 + ((uint128_t) x17 * x45 + ((uint128_t) x19 * x43 + ((uint128_t) x21 * x41 + ((uint128_t) x23 * x39 + ((uint128_t) x25 * x37 + ((uint128_t) x27 * x35 + ((uint128_t) x29 * x33 + (uint128_t) x28 * x31))))))))))));
 uint128_t x57 = (uint128_t) x5 * x55 + (0x2 * ((uint128_t) x7 * x53) + ((uint128_t) x9 * x51 + (0x2 * ((uint128_t) x11 * x49) + ((uint128_t) x13 * x47 + (0x2 * ((uint128_t) x15 * x45) + ((uint128_t) x17 * x43 + (0x2 * ((uint128_t) x19 * x41) + ((uint128_t) x21 * x39 + (0x2 * ((uint128_t) x23 * x37) + ((uint128_t) x25 * x35 + (0x2 * ((uint128_t) x27 * x33) + (uint128_t) x29 * x31))))))))))) + 0xbb * (0x2 * ((uint128_t) x28 * x54));
 uint128_t x58 = (uint128_t) x5 * x53 + ((uint128_t) x7 * x51 + ((uint128_t) x9 * x49 + ((uint128_t) x11 * x47 + ((uint128_t) x13 * x45 + ((uint128_t) x15 * x43 + ((uint128_t) x17 * x41 + ((uint128_t) x19 * x39 + ((uint128_t) x21 * x37 + ((uint128_t) x23 * x35 + ((uint128_t) x25 * x33 + (uint128_t) x27 * x31)))))))))) + 0xbb * ((uint128_t) x29 * x54 + (uint128_t) x28 * x55);
 uint128_t x59 = (uint128_t) x5 * x51 + (0x2 * ((uint128_t) x7 * x49) + ((uint128_t) x9 * x47 + (0x2 * ((uint128_t) x11 * x45) + ((uint128_t) x13 * x43 + (0x2 * ((uint128_t) x15 * x41) + ((uint128_t) x17 * x39 + (0x2 * ((uint128_t) x19 * x37) + ((uint128_t) x21 * x35 + (0x2 * ((uint128_t) x23 * x33) + (uint128_t) x25 * x31))))))))) + 0xbb * (0x2 * ((uint128_t) x27 * x54) + ((uint128_t) x29 * x55 + 0x2 * ((uint128_t) x28 * x53)));
 uint128_t x60 = (uint128_t) x5 * x49 + ((uint128_t) x7 * x47 + ((uint128_t) x9 * x45 + ((uint128_t) x11 * x43 + ((uint128_t) x13 * x41 + ((uint128_t) x15 * x39 + ((uint128_t) x17 * x37 + ((uint128_t) x19 * x35 + ((uint128_t) x21 * x33 + (uint128_t) x23 * x31)))))))) + 0xbb * ((uint128_t) x25 * x54 + ((uint128_t) x27 * x55 + ((uint128_t) x29 * x53 + (uint128_t) x28 * x51)));
 uint128_t x61 = (uint128_t) x5 * x47 + (0x2 * ((uint128_t) x7 * x45) + ((uint128_t) x9 * x43 + (0x2 * ((uint128_t) x11 * x41) + ((uint128_t) x13 * x39 + (0x2 * ((uint128_t) x15 * x37) + ((uint128_t) x17 * x35 + (0x2 * ((uint128_t) x19 * x33) + (uint128_t) x21 * x31))))))) + 0xbb * (0x2 * ((uint128_t) x23 * x54) + ((uint128_t) x25 * x55 + (0x2 * ((uint128_t) x27 * x53) + ((uint128_t) x29 * x51 + 0x2 * ((uint128_t) x28 * x49)))));
 uint128_t x62 = (uint128_t) x5 * x45 + ((uint128_t) x7 * x43 + ((uint128_t) x9 * x41 + ((uint128_t) x11 * x39 + ((uint128_t) x13 * x37 + ((uint128_t) x15 * x35 + ((uint128_t) x17 * x33 + (uint128_t) x19 * x31)))))) + 0xbb * ((uint128_t) x21 * x54 + ((uint128_t) x23 * x55 + ((uint128_t) x25 * x53 + ((uint128_t) x27 * x51 + ((uint128_t) x29 * x49 + (uint128_t) x28 * x47)))));
 uint128_t x63 = (uint128_t) x5 * x43 + (0x2 * ((uint128_t) x7 * x41) + ((uint128_t) x9 * x39 + (0x2 * ((uint128_t) x11 * x37) + ((uint128_t) x13 * x35 + (0x2 * ((uint128_t) x15 * x33) + (uint128_t) x17 * x31))))) + 0xbb * (0x2 * ((uint128_t) x19 * x54) + ((uint128_t) x21 * x55 + (0x2 * ((uint128_t) x23 * x53) + ((uint128_t) x25 * x51 + (0x2 * ((uint128_t) x27 * x49) + ((uint128_t) x29 * x47 + 0x2 * ((uint128_t) x28 * x45)))))));
 uint128_t x64 = (uint128_t) x5 * x41 + ((uint128_t) x7 * x39 + ((uint128_t) x9 * x37 + ((uint128_t) x11 * x35 + ((uint128_t) x13 * x33 + (uint128_t) x15 * x31)))) + 0xbb * ((uint128_t) x17 * x54 + ((uint128_t) x19 * x55 + ((uint128_t) x21 * x53 + ((uint128_t) x23 * x51 + ((uint128_t) x25 * x49 + ((uint128_t) x27 * x47 + ((uint128_t) x29 * x45 + (uint128_t) x28 * x43)))))));
 uint128_t x65 = (uint128_t) x5 * x39 + (0x2 * ((uint128_t) x7 * x37) + ((uint128_t) x9 * x35 + (0x2 * ((uint128_t) x11 * x33) + (uint128_t) x13 * x31))) + 0xbb * (0x2 * ((uint128_t) x15 * x54) + ((uint128_t) x17 * x55 + (0x2 * ((uint128_t) x19 * x53) + ((uint128_t) x21 * x51 + (0x2 * ((uint128_t) x23 * x49) + ((uint128_t) x25 * x47 + (0x2 * ((uint128_t) x27 * x45) + ((uint128_t) x29 * x43 + 0x2 * ((uint128_t) x28 * x41)))))))));
 uint128_t x66 = (uint128_t) x5 * x37 + ((uint128_t) x7 * x35 + ((uint128_t) x9 * x33 + (uint128_t) x11 * x31)) + 0xbb * ((uint128_t) x13 * x54 + ((uint128_t) x15 * x55 + ((uint128_t) x17 * x53 + ((uint128_t) x19 * x51 + ((uint128_t) x21 * x49 + ((uint128_t) x23 * x47 + ((uint128_t) x25 * x45 + ((uint128_t) x27 * x43 + ((uint128_t) x29 * x41 + (uint128_t) x28 * x39)))))))));
 uint128_t x67 = (uint128_t) x5 * x35 + (0x2 * ((uint128_t) x7 * x33) + (uint128_t) x9 * x31) + 0xbb * (0x2 * ((uint128_t) x11 * x54) + ((uint128_t) x13 * x55 + (0x2 * ((uint128_t) x15 * x53) + ((uint128_t) x17 * x51 + (0x2 * ((uint128_t) x19 * x49) + ((uint128_t) x21 * x47 + (0x2 * ((uint128_t) x23 * x45) + ((uint128_t) x25 * x43 + (0x2 * ((uint128_t) x27 * x41) + ((uint128_t) x29 * x39 + 0x2 * ((uint128_t) x28 * x37)))))))))));
 uint128_t x68 = (uint128_t) x5 * x33 + (uint128_t) x7 * x31 + 0xbb * ((uint128_t) x9 * x54 + ((uint128_t) x11 * x55 + ((uint128_t) x13 * x53 + ((uint128_t) x15 * x51 + ((uint128_t) x17 * x49 + ((uint128_t) x19 * x47 + ((uint128_t) x21 * x45 + ((uint128_t) x23 * x43 + ((uint128_t) x25 * x41 + ((uint128_t) x27 * x39 + ((uint128_t) x29 * x37 + (uint128_t) x28 * x35)))))))))));
 uint128_t x69 = (uint128_t) x5 * x31 + 0xbb * (0x2 * ((uint128_t) x7 * x54) + ((uint128_t) x9 * x55 + (0x2 * ((uint128_t) x11 * x53) + ((uint128_t) x13 * x51 + (0x2 * ((uint128_t) x15 * x49) + ((uint128_t) x17 * x47 + (0x2 * ((uint128_t) x19 * x45) + ((uint128_t) x21 * x43 + (0x2 * ((uint128_t) x23 * x41) + ((uint128_t) x25 * x39 + (0x2 * ((uint128_t) x27 * x37) + ((uint128_t) x29 * x35 + 0x2 * ((uint128_t) x28 * x33)))))))))))));
 uint64_t x70 = (uint64_t) (x69 >> 0x25);
 uint64_t x71 = (uint64_t) x69 & 0x1fffffffff;
 uint128_t x72 = x70 + x68;
 uint64_t x73 = (uint64_t) (x72 >> 0x24);
 uint64_t x74 = (uint64_t) x72 & 0xfffffffff;
 uint128_t x75 = x73 + x67;
 uint64_t x76 = (uint64_t) (x75 >> 0x25);
 uint64_t x77 = (uint64_t) x75 & 0x1fffffffff;
 uint128_t x78 = x76 + x66;
 uint64_t x79 = (uint64_t) (x78 >> 0x24);
 uint64_t x80 = (uint64_t) x78 & 0xfffffffff;
 uint128_t x81 = x79 + x65;
 uint64_t x82 = (uint64_t) (x81 >> 0x25);
 uint64_t x83 = (uint64_t) x81 & 0x1fffffffff;
 uint128_t x84 = x82 + x64;
 uint64_t x85 = (uint64_t) (x84 >> 0x24);
 uint64_t x86 = (uint64_t) x84 & 0xfffffffff;
 uint128_t x87 = x85 + x63;
 uint64_t x88 = (uint64_t) (x87 >> 0x25);
 uint64_t x89 = (uint64_t) x87 & 0x1fffffffff;
 uint128_t x90 = x88 + x62;
 uint64_t x91 = (uint64_t) (x90 >> 0x24);
 uint64_t x92 = (uint64_t) x90 & 0xfffffffff;
 uint128_t x93 = x91 + x61;
 uint64_t x94 = (uint64_t) (x93 >> 0x25);
 uint64_t x95 = (uint64_t) x93 & 0x1fffffffff;
 uint128_t x96 = x94 + x60;
 uint64_t x97 = (uint64_t) (x96 >> 0x24);
 uint64_t x98 = (uint64_t) x96 & 0xfffffffff;
 uint128_t x99 = x97 + x59;
 uint64_t x100 = (uint64_t) (x99 >> 0x25);
 uint64_t x101 = (uint64_t) x99 & 0x1fffffffff;
 uint128_t x102 = x100 + x58;
 uint64_t x103 = (uint64_t) (x102 >> 0x24);
 uint64_t x104 = (uint64_t) x102 & 0xfffffffff;
 uint128_t x105 = x103 + x57;
 uint64_t x106 = (uint64_t) (x105 >> 0x25);
 uint64_t x107 = (uint64_t) x105 & 0x1fffffffff;
 uint128_t x108 = x106 + x56;
 uint64_t x109 = (uint64_t) (x108 >> 0x24);
 uint64_t x110 = (uint64_t) x108 & 0xfffffffff;
 uint64_t x111 = x71 + 0xbb * x109;
 uint64_t x112 = x111 >> 0x25;
 uint64_t x113 = x111 & 0x1fffffffff;
 uint64_t x114 = x112 + x74;
 uint64_t x115 = x114 >> 0x24;
 uint64_t x116 = x114 & 0xfffffffff;
 return (Return x110, Return x107, Return x104, Return x101, Return x98, Return x95, Return x92, Return x89, Return x86, Return x83, Return x80, x115 + x77, Return x116, Return x113))
(x, x0)%core
     : word64 * word64 * word64 * word64 * word64 * word64 * word64 * word64 * word64 * word64 * word64 * word64 * word64 * word64 → word64 * word64 * word64 * word64 * word64 * word64 * word64 * word64 * word64 * word64 * word64 * word64 * word64 * word64 → ReturnType (uint64_t * uint64_t * uint64_t * uint64_t * uint64_t * uint64_t * uint64_t * uint64_t * uint64_t * uint64_t * uint64_t * uint64_t * uint64_t * uint64_t)
