λ x : word64 * word64 * word64 * word64 * word64 * word64 * word64 * word64 * word64 * word64 * word64 * word64 * word64 * word64,
Interp-η
(λ var : Syntax.base_type → Type,
 λ '(x25, x26, x24, x22, x20, x18, x16, x14, x12, x10, x8, x6, x4, x2)%core,
 uint128_t x27 = (uint128_t) x2 * x25 + ((uint128_t) x4 * x26 + ((uint128_t) x6 * x24 + ((uint128_t) x8 * x22 + ((uint128_t) x10 * x20 + ((uint128_t) x12 * x18 + ((uint128_t) x14 * x16 + ((uint128_t) x16 * x14 + ((uint128_t) x18 * x12 + ((uint128_t) x20 * x10 + ((uint128_t) x22 * x8 + ((uint128_t) x24 * x6 + ((uint128_t) x26 * x4 + (uint128_t) x25 * x2))))))))))));
 uint128_t x28 = (uint128_t) x2 * x26 + (0x2 * ((uint128_t) x4 * x24) + ((uint128_t) x6 * x22 + (0x2 * ((uint128_t) x8 * x20) + ((uint128_t) x10 * x18 + (0x2 * ((uint128_t) x12 * x16) + ((uint128_t) x14 * x14 + (0x2 * ((uint128_t) x16 * x12) + ((uint128_t) x18 * x10 + (0x2 * ((uint128_t) x20 * x8) + ((uint128_t) x22 * x6 + (0x2 * ((uint128_t) x24 * x4) + (uint128_t) x26 * x2))))))))))) + 0xbb * (0x2 * ((uint128_t) x25 * x25));
 uint128_t x29 = (uint128_t) x2 * x24 + ((uint128_t) x4 * x22 + ((uint128_t) x6 * x20 + ((uint128_t) x8 * x18 + ((uint128_t) x10 * x16 + ((uint128_t) x12 * x14 + ((uint128_t) x14 * x12 + ((uint128_t) x16 * x10 + ((uint128_t) x18 * x8 + ((uint128_t) x20 * x6 + ((uint128_t) x22 * x4 + (uint128_t) x24 * x2)))))))))) + 0xbb * ((uint128_t) x26 * x25 + (uint128_t) x25 * x26);
 uint128_t x30 = (uint128_t) x2 * x22 + (0x2 * ((uint128_t) x4 * x20) + ((uint128_t) x6 * x18 + (0x2 * ((uint128_t) x8 * x16) + ((uint128_t) x10 * x14 + (0x2 * ((uint128_t) x12 * x12) + ((uint128_t) x14 * x10 + (0x2 * ((uint128_t) x16 * x8) + ((uint128_t) x18 * x6 + (0x2 * ((uint128_t) x20 * x4) + (uint128_t) x22 * x2))))))))) + 0xbb * (0x2 * ((uint128_t) x24 * x25) + ((uint128_t) x26 * x26 + 0x2 * ((uint128_t) x25 * x24)));
 uint128_t x31 = (uint128_t) x2 * x20 + ((uint128_t) x4 * x18 + ((uint128_t) x6 * x16 + ((uint128_t) x8 * x14 + ((uint128_t) x10 * x12 + ((uint128_t) x12 * x10 + ((uint128_t) x14 * x8 + ((uint128_t) x16 * x6 + ((uint128_t) x18 * x4 + (uint128_t) x20 * x2)))))))) + 0xbb * ((uint128_t) x22 * x25 + ((uint128_t) x24 * x26 + ((uint128_t) x26 * x24 + (uint128_t) x25 * x22)));
 uint128_t x32 = (uint128_t) x2 * x18 + (0x2 * ((uint128_t) x4 * x16) + ((uint128_t) x6 * x14 + (0x2 * ((uint128_t) x8 * x12) + ((uint128_t) x10 * x10 + (0x2 * ((uint128_t) x12 * x8) + ((uint128_t) x14 * x6 + (0x2 * ((uint128_t) x16 * x4) + (uint128_t) x18 * x2))))))) + 0xbb * (0x2 * ((uint128_t) x20 * x25) + ((uint128_t) x22 * x26 + (0x2 * ((uint128_t) x24 * x24) + ((uint128_t) x26 * x22 + 0x2 * ((uint128_t) x25 * x20)))));
 uint128_t x33 = (uint128_t) x2 * x16 + ((uint128_t) x4 * x14 + ((uint128_t) x6 * x12 + ((uint128_t) x8 * x10 + ((uint128_t) x10 * x8 + ((uint128_t) x12 * x6 + ((uint128_t) x14 * x4 + (uint128_t) x16 * x2)))))) + 0xbb * ((uint128_t) x18 * x25 + ((uint128_t) x20 * x26 + ((uint128_t) x22 * x24 + ((uint128_t) x24 * x22 + ((uint128_t) x26 * x20 + (uint128_t) x25 * x18)))));
 uint128_t x34 = (uint128_t) x2 * x14 + (0x2 * ((uint128_t) x4 * x12) + ((uint128_t) x6 * x10 + (0x2 * ((uint128_t) x8 * x8) + ((uint128_t) x10 * x6 + (0x2 * ((uint128_t) x12 * x4) + (uint128_t) x14 * x2))))) + 0xbb * (0x2 * ((uint128_t) x16 * x25) + ((uint128_t) x18 * x26 + (0x2 * ((uint128_t) x20 * x24) + ((uint128_t) x22 * x22 + (0x2 * ((uint128_t) x24 * x20) + ((uint128_t) x26 * x18 + 0x2 * ((uint128_t) x25 * x16)))))));
 uint128_t x35 = (uint128_t) x2 * x12 + ((uint128_t) x4 * x10 + ((uint128_t) x6 * x8 + ((uint128_t) x8 * x6 + ((uint128_t) x10 * x4 + (uint128_t) x12 * x2)))) + 0xbb * ((uint128_t) x14 * x25 + ((uint128_t) x16 * x26 + ((uint128_t) x18 * x24 + ((uint128_t) x20 * x22 + ((uint128_t) x22 * x20 + ((uint128_t) x24 * x18 + ((uint128_t) x26 * x16 + (uint128_t) x25 * x14)))))));
 uint128_t x36 = (uint128_t) x2 * x10 + (0x2 * ((uint128_t) x4 * x8) + ((uint128_t) x6 * x6 + (0x2 * ((uint128_t) x8 * x4) + (uint128_t) x10 * x2))) + 0xbb * (0x2 * ((uint128_t) x12 * x25) + ((uint128_t) x14 * x26 + (0x2 * ((uint128_t) x16 * x24) + ((uint128_t) x18 * x22 + (0x2 * ((uint128_t) x20 * x20) + ((uint128_t) x22 * x18 + (0x2 * ((uint128_t) x24 * x16) + ((uint128_t) x26 * x14 + 0x2 * ((uint128_t) x25 * x12)))))))));
 uint128_t x37 = (uint128_t) x2 * x8 + ((uint128_t) x4 * x6 + ((uint128_t) x6 * x4 + (uint128_t) x8 * x2)) + 0xbb * ((uint128_t) x10 * x25 + ((uint128_t) x12 * x26 + ((uint128_t) x14 * x24 + ((uint128_t) x16 * x22 + ((uint128_t) x18 * x20 + ((uint128_t) x20 * x18 + ((uint128_t) x22 * x16 + ((uint128_t) x24 * x14 + ((uint128_t) x26 * x12 + (uint128_t) x25 * x10)))))))));
 uint128_t x38 = (uint128_t) x2 * x6 + (0x2 * ((uint128_t) x4 * x4) + (uint128_t) x6 * x2) + 0xbb * (0x2 * ((uint128_t) x8 * x25) + ((uint128_t) x10 * x26 + (0x2 * ((uint128_t) x12 * x24) + ((uint128_t) x14 * x22 + (0x2 * ((uint128_t) x16 * x20) + ((uint128_t) x18 * x18 + (0x2 * ((uint128_t) x20 * x16) + ((uint128_t) x22 * x14 + (0x2 * ((uint128_t) x24 * x12) + ((uint128_t) x26 * x10 + 0x2 * ((uint128_t) x25 * x8)))))))))));
 uint128_t x39 = (uint128_t) x2 * x4 + (uint128_t) x4 * x2 + 0xbb * ((uint128_t) x6 * x25 + ((uint128_t) x8 * x26 + ((uint128_t) x10 * x24 + ((uint128_t) x12 * x22 + ((uint128_t) x14 * x20 + ((uint128_t) x16 * x18 + ((uint128_t) x18 * x16 + ((uint128_t) x20 * x14 + ((uint128_t) x22 * x12 + ((uint128_t) x24 * x10 + ((uint128_t) x26 * x8 + (uint128_t) x25 * x6)))))))))));
 uint128_t x40 = (uint128_t) x2 * x2 + 0xbb * (0x2 * ((uint128_t) x4 * x25) + ((uint128_t) x6 * x26 + (0x2 * ((uint128_t) x8 * x24) + ((uint128_t) x10 * x22 + (0x2 * ((uint128_t) x12 * x20) + ((uint128_t) x14 * x18 + (0x2 * ((uint128_t) x16 * x16) + ((uint128_t) x18 * x14 + (0x2 * ((uint128_t) x20 * x12) + ((uint128_t) x22 * x10 + (0x2 * ((uint128_t) x24 * x8) + ((uint128_t) x26 * x6 + 0x2 * ((uint128_t) x25 * x4)))))))))))));
 uint64_t x41 = (uint64_t) (x40 >> 0x25);
 uint64_t x42 = (uint64_t) x40 & 0x1fffffffff;
 uint128_t x43 = x41 + x39;
 uint64_t x44 = (uint64_t) (x43 >> 0x24);
 uint64_t x45 = (uint64_t) x43 & 0xfffffffff;
 uint128_t x46 = x44 + x38;
 uint64_t x47 = (uint64_t) (x46 >> 0x25);
 uint64_t x48 = (uint64_t) x46 & 0x1fffffffff;
 uint128_t x49 = x47 + x37;
 uint64_t x50 = (uint64_t) (x49 >> 0x24);
 uint64_t x51 = (uint64_t) x49 & 0xfffffffff;
 uint128_t x52 = x50 + x36;
 uint64_t x53 = (uint64_t) (x52 >> 0x25);
 uint64_t x54 = (uint64_t) x52 & 0x1fffffffff;
 uint128_t x55 = x53 + x35;
 uint64_t x56 = (uint64_t) (x55 >> 0x24);
 uint64_t x57 = (uint64_t) x55 & 0xfffffffff;
 uint128_t x58 = x56 + x34;
 uint64_t x59 = (uint64_t) (x58 >> 0x25);
 uint64_t x60 = (uint64_t) x58 & 0x1fffffffff;
 uint128_t x61 = x59 + x33;
 uint64_t x62 = (uint64_t) (x61 >> 0x24);
 uint64_t x63 = (uint64_t) x61 & 0xfffffffff;
 uint128_t x64 = x62 + x32;
 uint64_t x65 = (uint64_t) (x64 >> 0x25);
 uint64_t x66 = (uint64_t) x64 & 0x1fffffffff;
 uint128_t x67 = x65 + x31;
 uint64_t x68 = (uint64_t) (x67 >> 0x24);
 uint64_t x69 = (uint64_t) x67 & 0xfffffffff;
 uint128_t x70 = x68 + x30;
 uint64_t x71 = (uint64_t) (x70 >> 0x25);
 uint64_t x72 = (uint64_t) x70 & 0x1fffffffff;
 uint128_t x73 = x71 + x29;
 uint64_t x74 = (uint64_t) (x73 >> 0x24);
 uint64_t x75 = (uint64_t) x73 & 0xfffffffff;
 uint128_t x76 = x74 + x28;
 uint64_t x77 = (uint64_t) (x76 >> 0x25);
 uint64_t x78 = (uint64_t) x76 & 0x1fffffffff;
 uint128_t x79 = x77 + x27;
 uint64_t x80 = (uint64_t) (x79 >> 0x24);
 uint64_t x81 = (uint64_t) x79 & 0xfffffffff;
 uint64_t x82 = x42 + 0xbb * x80;
 uint64_t x83 = x82 >> 0x25;
 uint64_t x84 = x82 & 0x1fffffffff;
 uint64_t x85 = x83 + x45;
 uint64_t x86 = x85 >> 0x24;
 uint64_t x87 = x85 & 0xfffffffff;
 return (Return x81, Return x78, Return x75, Return x72, Return x69, Return x66, Return x63, Return x60, Return x57, Return x54, Return x51, x86 + x48, Return x87, Return x84))
x
     : word64 * word64 * word64 * word64 * word64 * word64 * word64 * word64 * word64 * word64 * word64 * word64 * word64 * word64 → ReturnType (uint64_t * uint64_t * uint64_t * uint64_t * uint64_t * uint64_t * uint64_t * uint64_t * uint64_t * uint64_t * uint64_t * uint64_t * uint64_t * uint64_t)
