λ x x0 : word32 * word32 * word32 * word32 * word32 * word32 * word32 * word32 * word32 * word32 * word32 * word32 * word32 * word32 * word32 * word32 * word32 * word32 * word32 * word32,
Interp-η
(λ var : Syntax.base_type → Type,
 λ '(x40, x41, x39, x37, x35, x33, x31, x29, x27, x25, x23, x21, x19, x17, x15, x13, x11, x9, x7, x5, (x78, x79, x77, x75, x73, x71, x69, x67, x65, x63, x61, x59, x57, x55, x53, x51, x49, x47, x45, x43))%core,
 uint64_t x80 = (((uint64_t)x5 * x78) + ((0x2 * ((uint64_t)x7 * x79)) + (((uint64_t)x9 * x77) + ((0x2 * ((uint64_t)x11 * x75)) + (((uint64_t)x13 * x73) + (((uint64_t)x15 * x71) + ((0x2 * ((uint64_t)x17 * x69)) + (((uint64_t)x19 * x67) + ((0x2 * ((uint64_t)x21 * x65)) + (((uint64_t)x23 * x63) + (((uint64_t)x25 * x61) + ((0x2 * ((uint64_t)x27 * x59)) + (((uint64_t)x29 * x57) + ((0x2 * ((uint64_t)x31 * x55)) + (((uint64_t)x33 * x53) + (((uint64_t)x35 * x51) + ((0x2 * ((uint64_t)x37 * x49)) + (((uint64_t)x39 * x47) + ((0x2 * ((uint64_t)x41 * x45)) + ((uint64_t)x40 * x43))))))))))))))))))));
 uint64_t x81 = ((((uint64_t)x5 * x79) + (((uint64_t)x7 * x77) + (((uint64_t)x9 * x75) + (((uint64_t)x11 * x73) + (((uint64_t)x13 * x71) + (((uint64_t)x15 * x69) + (((uint64_t)x17 * x67) + (((uint64_t)x19 * x65) + (((uint64_t)x21 * x63) + (((uint64_t)x23 * x61) + (((uint64_t)x25 * x59) + (((uint64_t)x27 * x57) + (((uint64_t)x29 * x55) + (((uint64_t)x31 * x53) + (((uint64_t)x33 * x51) + (((uint64_t)x35 * x49) + (((uint64_t)x37 * x47) + (((uint64_t)x39 * x45) + ((uint64_t)x41 * x43))))))))))))))))))) + (0x11 * ((uint64_t)x40 * x78)));
 uint64_t x82 = ((((uint64_t)x5 * x77) + ((0x2 * ((uint64_t)x7 * x75)) + (((uint64_t)x9 * x73) + ((0x2 * ((uint64_t)x11 * x71)) + ((0x2 * ((uint64_t)x13 * x69)) + (((uint64_t)x15 * x67) + ((0x2 * ((uint64_t)x17 * x65)) + (((uint64_t)x19 * x63) + ((0x2 * ((uint64_t)x21 * x61)) + ((0x2 * ((uint64_t)x23 * x59)) + (((uint64_t)x25 * x57) + ((0x2 * ((uint64_t)x27 * x55)) + (((uint64_t)x29 * x53) + ((0x2 * ((uint64_t)x31 * x51)) + ((0x2 * ((uint64_t)x33 * x49)) + (((uint64_t)x35 * x47) + ((0x2 * ((uint64_t)x37 * x45)) + ((uint64_t)x39 * x43)))))))))))))))))) + (0x11 * ((0x2 * ((uint64_t)x41 * x78)) + (0x2 * ((uint64_t)x40 * x79)))));
 uint64_t x83 = ((((uint64_t)x5 * x75) + (((uint64_t)x7 * x73) + (((uint64_t)x9 * x71) + ((0x2 * ((uint64_t)x11 * x69)) + (((uint64_t)x13 * x67) + (((uint64_t)x15 * x65) + (((uint64_t)x17 * x63) + (((uint64_t)x19 * x61) + ((0x2 * ((uint64_t)x21 * x59)) + (((uint64_t)x23 * x57) + (((uint64_t)x25 * x55) + (((uint64_t)x27 * x53) + (((uint64_t)x29 * x51) + ((0x2 * ((uint64_t)x31 * x49)) + (((uint64_t)x33 * x47) + (((uint64_t)x35 * x45) + ((uint64_t)x37 * x43))))))))))))))))) + (0x11 * (((uint64_t)x39 * x78) + ((0x2 * ((uint64_t)x41 * x79)) + ((uint64_t)x40 * x77)))));
 uint64_t x84 = ((((uint64_t)x5 * x73) + ((0x2 * ((uint64_t)x7 * x71)) + ((0x2 * ((uint64_t)x9 * x69)) + ((0x2 * ((uint64_t)x11 * x67)) + ((0x2 * ((uint64_t)x13 * x65)) + (((uint64_t)x15 * x63) + ((0x2 * ((uint64_t)x17 * x61)) + ((0x2 * ((uint64_t)x19 * x59)) + ((0x2 * ((uint64_t)x21 * x57)) + ((0x2 * ((uint64_t)x23 * x55)) + (((uint64_t)x25 * x53) + ((0x2 * ((uint64_t)x27 * x51)) + ((0x2 * ((uint64_t)x29 * x49)) + ((0x2 * ((uint64_t)x31 * x47)) + ((0x2 * ((uint64_t)x33 * x45)) + ((uint64_t)x35 * x43)))))))))))))))) + (0x11 * ((0x2 * ((uint64_t)x37 * x78)) + ((0x2 * ((uint64_t)x39 * x79)) + ((0x2 * ((uint64_t)x41 * x77)) + (0x2 * ((uint64_t)x40 * x75)))))));
 uint64_t x85 = ((((uint64_t)x5 * x71) + ((0x2 * ((uint64_t)x7 * x69)) + (((uint64_t)x9 * x67) + ((0x2 * ((uint64_t)x11 * x65)) + (((uint64_t)x13 * x63) + (((uint64_t)x15 * x61) + ((0x2 * ((uint64_t)x17 * x59)) + (((uint64_t)x19 * x57) + ((0x2 * ((uint64_t)x21 * x55)) + (((uint64_t)x23 * x53) + (((uint64_t)x25 * x51) + ((0x2 * ((uint64_t)x27 * x49)) + (((uint64_t)x29 * x47) + ((0x2 * ((uint64_t)x31 * x45)) + ((uint64_t)x33 * x43))))))))))))))) + (0x11 * (((uint64_t)x35 * x78) + ((0x2 * ((uint64_t)x37 * x79)) + (((uint64_t)x39 * x77) + ((0x2 * ((uint64_t)x41 * x75)) + ((uint64_t)x40 * x73)))))));
 uint64_t x86 = ((((uint64_t)x5 * x69) + (((uint64_t)x7 * x67) + (((uint64_t)x9 * x65) + (((uint64_t)x11 * x63) + (((uint64_t)x13 * x61) + (((uint64_t)x15 * x59) + (((uint64_t)x17 * x57) + (((uint64_t)x19 * x55) + (((uint64_t)x21 * x53) + (((uint64_t)x23 * x51) + (((uint64_t)x25 * x49) + (((uint64_t)x27 * x47) + (((uint64_t)x29 * x45) + ((uint64_t)x31 * x43)))))))))))))) + (0x11 * (((uint64_t)x33 * x78) + (((uint64_t)x35 * x79) + (((uint64_t)x37 * x77) + (((uint64_t)x39 * x75) + (((uint64_t)x41 * x73) + ((uint64_t)x40 * x71))))))));
 uint64_t x87 = ((((uint64_t)x5 * x67) + ((0x2 * ((uint64_t)x7 * x65)) + (((uint64_t)x9 * x63) + ((0x2 * ((uint64_t)x11 * x61)) + ((0x2 * ((uint64_t)x13 * x59)) + (((uint64_t)x15 * x57) + ((0x2 * ((uint64_t)x17 * x55)) + (((uint64_t)x19 * x53) + ((0x2 * ((uint64_t)x21 * x51)) + ((0x2 * ((uint64_t)x23 * x49)) + (((uint64_t)x25 * x47) + ((0x2 * ((uint64_t)x27 * x45)) + ((uint64_t)x29 * x43))))))))))))) + (0x11 * ((0x2 * ((uint64_t)x31 * x78)) + ((0x2 * ((uint64_t)x33 * x79)) + (((uint64_t)x35 * x77) + ((0x2 * ((uint64_t)x37 * x75)) + (((uint64_t)x39 * x73) + ((0x2 * ((uint64_t)x41 * x71)) + (0x2 * ((uint64_t)x40 * x69))))))))));
 uint64_t x88 = ((((uint64_t)x5 * x65) + (((uint64_t)x7 * x63) + (((uint64_t)x9 * x61) + ((0x2 * ((uint64_t)x11 * x59)) + (((uint64_t)x13 * x57) + (((uint64_t)x15 * x55) + (((uint64_t)x17 * x53) + (((uint64_t)x19 * x51) + ((0x2 * ((uint64_t)x21 * x49)) + (((uint64_t)x23 * x47) + (((uint64_t)x25 * x45) + ((uint64_t)x27 * x43)))))))))))) + (0x11 * (((uint64_t)x29 * x78) + ((0x2 * ((uint64_t)x31 * x79)) + (((uint64_t)x33 * x77) + (((uint64_t)x35 * x75) + (((uint64_t)x37 * x73) + (((uint64_t)x39 * x71) + ((0x2 * ((uint64_t)x41 * x69)) + ((uint64_t)x40 * x67))))))))));
 uint64_t x89 = ((((uint64_t)x5 * x63) + ((0x2 * ((uint64_t)x7 * x61)) + ((0x2 * ((uint64_t)x9 * x59)) + ((0x2 * ((uint64_t)x11 * x57)) + ((0x2 * ((uint64_t)x13 * x55)) + (((uint64_t)x15 * x53) + ((0x2 * ((uint64_t)x17 * x51)) + ((0x2 * ((uint64_t)x19 * x49)) + ((0x2 * ((uint64_t)x21 * x47)) + ((0x2 * ((uint64_t)x23 * x45)) + ((uint64_t)x25 * x43))))))))))) + (0x11 * ((0x2 * ((uint64_t)x27 * x78)) + ((0x2 * ((uint64_t)x29 * x79)) + ((0x2 * ((uint64_t)x31 * x77)) + ((0x2 * ((uint64_t)x33 * x75)) + (((uint64_t)x35 * x73) + ((0x2 * ((uint64_t)x37 * x71)) + ((0x2 * ((uint64_t)x39 * x69)) + ((0x2 * ((uint64_t)x41 * x67)) + (0x2 * ((uint64_t)x40 * x65))))))))))));
 uint64_t x90 = ((((uint64_t)x5 * x61) + ((0x2 * ((uint64_t)x7 * x59)) + (((uint64_t)x9 * x57) + ((0x2 * ((uint64_t)x11 * x55)) + (((uint64_t)x13 * x53) + (((uint64_t)x15 * x51) + ((0x2 * ((uint64_t)x17 * x49)) + (((uint64_t)x19 * x47) + ((0x2 * ((uint64_t)x21 * x45)) + ((uint64_t)x23 * x43)))))))))) + (0x11 * (((uint64_t)x25 * x78) + ((0x2 * ((uint64_t)x27 * x79)) + (((uint64_t)x29 * x77) + ((0x2 * ((uint64_t)x31 * x75)) + (((uint64_t)x33 * x73) + (((uint64_t)x35 * x71) + ((0x2 * ((uint64_t)x37 * x69)) + (((uint64_t)x39 * x67) + ((0x2 * ((uint64_t)x41 * x65)) + ((uint64_t)x40 * x63))))))))))));
 uint64_t x91 = ((((uint64_t)x5 * x59) + (((uint64_t)x7 * x57) + (((uint64_t)x9 * x55) + (((uint64_t)x11 * x53) + (((uint64_t)x13 * x51) + (((uint64_t)x15 * x49) + (((uint64_t)x17 * x47) + (((uint64_t)x19 * x45) + ((uint64_t)x21 * x43))))))))) + (0x11 * (((uint64_t)x23 * x78) + (((uint64_t)x25 * x79) + (((uint64_t)x27 * x77) + (((uint64_t)x29 * x75) + (((uint64_t)x31 * x73) + (((uint64_t)x33 * x71) + (((uint64_t)x35 * x69) + (((uint64_t)x37 * x67) + (((uint64_t)x39 * x65) + (((uint64_t)x41 * x63) + ((uint64_t)x40 * x61)))))))))))));
 uint64_t x92 = ((((uint64_t)x5 * x57) + ((0x2 * ((uint64_t)x7 * x55)) + (((uint64_t)x9 * x53) + ((0x2 * ((uint64_t)x11 * x51)) + ((0x2 * ((uint64_t)x13 * x49)) + (((uint64_t)x15 * x47) + ((0x2 * ((uint64_t)x17 * x45)) + ((uint64_t)x19 * x43)))))))) + (0x11 * ((0x2 * ((uint64_t)x21 * x78)) + ((0x2 * ((uint64_t)x23 * x79)) + (((uint64_t)x25 * x77) + ((0x2 * ((uint64_t)x27 * x75)) + (((uint64_t)x29 * x73) + ((0x2 * ((uint64_t)x31 * x71)) + ((0x2 * ((uint64_t)x33 * x69)) + (((uint64_t)x35 * x67) + ((0x2 * ((uint64_t)x37 * x65)) + (((uint64_t)x39 * x63) + ((0x2 * ((uint64_t)x41 * x61)) + (0x2 * ((uint64_t)x40 * x59)))))))))))))));
 uint64_t x93 = ((((uint64_t)x5 * x55) + (((uint64_t)x7 * x53) + (((uint64_t)x9 * x51) + ((0x2 * ((uint64_t)x11 * x49)) + (((uint64_t)x13 * x47) + (((uint64_t)x15 * x45) + ((uint64_t)x17 * x43))))))) + (0x11 * (((uint64_t)x19 * x78) + ((0x2 * ((uint64_t)x21 * x79)) + (((uint64_t)x23 * x77) + (((uint64_t)x25 * x75) + (((uint64_t)x27 * x73) + (((uint64_t)x29 * x71) + ((0x2 * ((uint64_t)x31 * x69)) + (((uint64_t)x33 * x67) + (((uint64_t)x35 * x65) + (((uint64_t)x37 * x63) + (((uint64_t)x39 * x61) + ((0x2 * ((uint64_t)x41 * x59)) + ((uint64_t)x40 * x57)))))))))))))));
 uint64_t x94 = ((((uint64_t)x5 * x53) + ((0x2 * ((uint64_t)x7 * x51)) + ((0x2 * ((uint64_t)x9 * x49)) + ((0x2 * ((uint64_t)x11 * x47)) + ((0x2 * ((uint64_t)x13 * x45)) + ((uint64_t)x15 * x43)))))) + (0x11 * ((0x2 * ((uint64_t)x17 * x78)) + ((0x2 * ((uint64_t)x19 * x79)) + ((0x2 * ((uint64_t)x21 * x77)) + ((0x2 * ((uint64_t)x23 * x75)) + (((uint64_t)x25 * x73) + ((0x2 * ((uint64_t)x27 * x71)) + ((0x2 * ((uint64_t)x29 * x69)) + ((0x2 * ((uint64_t)x31 * x67)) + ((0x2 * ((uint64_t)x33 * x65)) + (((uint64_t)x35 * x63) + ((0x2 * ((uint64_t)x37 * x61)) + ((0x2 * ((uint64_t)x39 * x59)) + ((0x2 * ((uint64_t)x41 * x57)) + (0x2 * ((uint64_t)x40 * x55)))))))))))))))));
 uint64_t x95 = ((((uint64_t)x5 * x51) + ((0x2 * ((uint64_t)x7 * x49)) + (((uint64_t)x9 * x47) + ((0x2 * ((uint64_t)x11 * x45)) + ((uint64_t)x13 * x43))))) + (0x11 * (((uint64_t)x15 * x78) + ((0x2 * ((uint64_t)x17 * x79)) + (((uint64_t)x19 * x77) + ((0x2 * ((uint64_t)x21 * x75)) + (((uint64_t)x23 * x73) + (((uint64_t)x25 * x71) + ((0x2 * ((uint64_t)x27 * x69)) + (((uint64_t)x29 * x67) + ((0x2 * ((uint64_t)x31 * x65)) + (((uint64_t)x33 * x63) + (((uint64_t)x35 * x61) + ((0x2 * ((uint64_t)x37 * x59)) + (((uint64_t)x39 * x57) + ((0x2 * ((uint64_t)x41 * x55)) + ((uint64_t)x40 * x53)))))))))))))))));
 uint64_t x96 = ((((uint64_t)x5 * x49) + (((uint64_t)x7 * x47) + (((uint64_t)x9 * x45) + ((uint64_t)x11 * x43)))) + (0x11 * (((uint64_t)x13 * x78) + (((uint64_t)x15 * x79) + (((uint64_t)x17 * x77) + (((uint64_t)x19 * x75) + (((uint64_t)x21 * x73) + (((uint64_t)x23 * x71) + (((uint64_t)x25 * x69) + (((uint64_t)x27 * x67) + (((uint64_t)x29 * x65) + (((uint64_t)x31 * x63) + (((uint64_t)x33 * x61) + (((uint64_t)x35 * x59) + (((uint64_t)x37 * x57) + (((uint64_t)x39 * x55) + (((uint64_t)x41 * x53) + ((uint64_t)x40 * x51))))))))))))))))));
 uint64_t x97 = ((((uint64_t)x5 * x47) + ((0x2 * ((uint64_t)x7 * x45)) + ((uint64_t)x9 * x43))) + (0x11 * ((0x2 * ((uint64_t)x11 * x78)) + ((0x2 * ((uint64_t)x13 * x79)) + (((uint64_t)x15 * x77) + ((0x2 * ((uint64_t)x17 * x75)) + (((uint64_t)x19 * x73) + ((0x2 * ((uint64_t)x21 * x71)) + ((0x2 * ((uint64_t)x23 * x69)) + (((uint64_t)x25 * x67) + ((0x2 * ((uint64_t)x27 * x65)) + (((uint64_t)x29 * x63) + ((0x2 * ((uint64_t)x31 * x61)) + ((0x2 * ((uint64_t)x33 * x59)) + (((uint64_t)x35 * x57) + ((0x2 * ((uint64_t)x37 * x55)) + (((uint64_t)x39 * x53) + ((0x2 * ((uint64_t)x41 * x51)) + (0x2 * ((uint64_t)x40 * x49))))))))))))))))))));
 uint64_t x98 = ((((uint64_t)x5 * x45) + ((uint64_t)x7 * x43)) + (0x11 * (((uint64_t)x9 * x78) + ((0x2 * ((uint64_t)x11 * x79)) + (((uint64_t)x13 * x77) + (((uint64_t)x15 * x75) + (((uint64_t)x17 * x73) + (((uint64_t)x19 * x71) + ((0x2 * ((uint64_t)x21 * x69)) + (((uint64_t)x23 * x67) + (((uint64_t)x25 * x65) + (((uint64_t)x27 * x63) + (((uint64_t)x29 * x61) + ((0x2 * ((uint64_t)x31 * x59)) + (((uint64_t)x33 * x57) + (((uint64_t)x35 * x55) + (((uint64_t)x37 * x53) + (((uint64_t)x39 * x51) + ((0x2 * ((uint64_t)x41 * x49)) + ((uint64_t)x40 * x47))))))))))))))))))));
 uint64_t x99 = (((uint64_t)x5 * x43) + (0x11 * ((0x2 * ((uint64_t)x7 * x78)) + ((0x2 * ((uint64_t)x9 * x79)) + ((0x2 * ((uint64_t)x11 * x77)) + ((0x2 * ((uint64_t)x13 * x75)) + (((uint64_t)x15 * x73) + ((0x2 * ((uint64_t)x17 * x71)) + ((0x2 * ((uint64_t)x19 * x69)) + ((0x2 * ((uint64_t)x21 * x67)) + ((0x2 * ((uint64_t)x23 * x65)) + (((uint64_t)x25 * x63) + ((0x2 * ((uint64_t)x27 * x61)) + ((0x2 * ((uint64_t)x29 * x59)) + ((0x2 * ((uint64_t)x31 * x57)) + ((0x2 * ((uint64_t)x33 * x55)) + (((uint64_t)x35 * x53) + ((0x2 * ((uint64_t)x37 * x51)) + ((0x2 * ((uint64_t)x39 * x49)) + ((0x2 * ((uint64_t)x41 * x47)) + (0x2 * ((uint64_t)x40 * x45))))))))))))))))))))));
 uint64_t x100 = (x99 >> 0x19);
 uint32_t x101 = ((uint32_t)x99 & 0x1ffffff);
 uint64_t x102 = (x100 + x98);
 uint64_t x103 = (x102 >> 0x18);
 uint32_t x104 = ((uint32_t)x102 & 0xffffff);
 uint64_t x105 = (x103 + x97);
 uint64_t x106 = (x105 >> 0x19);
 uint32_t x107 = ((uint32_t)x105 & 0x1ffffff);
 uint64_t x108 = (x106 + x96);
 uint64_t x109 = (x108 >> 0x18);
 uint32_t x110 = ((uint32_t)x108 & 0xffffff);
 uint64_t x111 = (x109 + x95);
 uint64_t x112 = (x111 >> 0x18);
 uint32_t x113 = ((uint32_t)x111 & 0xffffff);
 uint64_t x114 = (x112 + x94);
 uint64_t x115 = (x114 >> 0x19);
 uint32_t x116 = ((uint32_t)x114 & 0x1ffffff);
 uint64_t x117 = (x115 + x93);
 uint64_t x118 = (x117 >> 0x18);
 uint32_t x119 = ((uint32_t)x117 & 0xffffff);
 uint64_t x120 = (x118 + x92);
 uint64_t x121 = (x120 >> 0x19);
 uint32_t x122 = ((uint32_t)x120 & 0x1ffffff);
 uint64_t x123 = (x121 + x91);
 uint64_t x124 = (x123 >> 0x18);
 uint32_t x125 = ((uint32_t)x123 & 0xffffff);
 uint64_t x126 = (x124 + x90);
 uint64_t x127 = (x126 >> 0x18);
 uint32_t x128 = ((uint32_t)x126 & 0xffffff);
 uint64_t x129 = (x127 + x89);
 uint64_t x130 = (x129 >> 0x19);
 uint32_t x131 = ((uint32_t)x129 & 0x1ffffff);
 uint64_t x132 = (x130 + x88);
 uint64_t x133 = (x132 >> 0x18);
 uint32_t x134 = ((uint32_t)x132 & 0xffffff);
 uint64_t x135 = (x133 + x87);
 uint64_t x136 = (x135 >> 0x19);
 uint32_t x137 = ((uint32_t)x135 & 0x1ffffff);
 uint64_t x138 = (x136 + x86);
 uint64_t x139 = (x138 >> 0x18);
 uint32_t x140 = ((uint32_t)x138 & 0xffffff);
 uint64_t x141 = (x139 + x85);
 uint64_t x142 = (x141 >> 0x18);
 uint32_t x143 = ((uint32_t)x141 & 0xffffff);
 uint64_t x144 = (x142 + x84);
 uint64_t x145 = (x144 >> 0x19);
 uint32_t x146 = ((uint32_t)x144 & 0x1ffffff);
 uint64_t x147 = (x145 + x83);
 uint64_t x148 = (x147 >> 0x18);
 uint32_t x149 = ((uint32_t)x147 & 0xffffff);
 uint64_t x150 = (x148 + x82);
 uint64_t x151 = (x150 >> 0x19);
 uint32_t x152 = ((uint32_t)x150 & 0x1ffffff);
 uint64_t x153 = (x151 + x81);
 uint64_t x154 = (x153 >> 0x18);
 uint32_t x155 = ((uint32_t)x153 & 0xffffff);
 uint64_t x156 = (x154 + x80);
 uint64_t x157 = (x156 >> 0x18);
 uint32_t x158 = ((uint32_t)x156 & 0xffffff);
 uint64_t x159 = (x101 + (0x11 * x157));
 uint32_t x160 = (uint32_t) (x159 >> 0x19);
 uint32_t x161 = ((uint32_t)x159 & 0x1ffffff);
 uint32_t x162 = (x160 + x104);
 uint32_t x163 = (x162 >> 0x18);
 uint32_t x164 = (x162 & 0xffffff);
 return (Return x158, Return x155, Return x152, Return x149, Return x146, Return x143, Return x140, Return x137, Return x134, Return x131, Return x128, Return x125, Return x122, Return x119, Return x116, Return x113, Return x110, (x163 + x107), Return x164, Return x161))
(x, x0)%core
     : word32 * word32 * word32 * word32 * word32 * word32 * word32 * word32 * word32 * word32 * word32 * word32 * word32 * word32 * word32 * word32 * word32 * word32 * word32 * word32 → word32 * word32 * word32 * word32 * word32 * word32 * word32 * word32 * word32 * word32 * word32 * word32 * word32 * word32 * word32 * word32 * word32 * word32 * word32 * word32 → ReturnType (uint32_t * uint32_t * uint32_t * uint32_t * uint32_t * uint32_t * uint32_t * uint32_t * uint32_t * uint32_t * uint32_t * uint32_t * uint32_t * uint32_t * uint32_t * uint32_t * uint32_t * uint32_t * uint32_t * uint32_t)
