λ x : word32 * word32 * word32 * word32 * word32 * word32 * word32 * word32 * word32 * word32 * word32 * word32 * word32 * word32 * word32 * word32 * word32 * word32 * word32 * word32,
Interp-η
(λ var : Syntax.base_type → Type,
 λ '(x37, x38, x36, x34, x32, x30, x28, x26, x24, x22, x20, x18, x16, x14, x12, x10, x8, x6, x4, x2)%core,
 uint32_t x40, uint8_t/*bool*/ x41 = Op (Syntax.SubWithGetBorrow 27 (Syntax.TWord 0) (Syntax.TWord 5) (Syntax.TWord 5) (Syntax.TWord 5) (Syntax.TWord 0)) (0x0, Return x2, 0x7ffffff);
 uint32_t x43, uint8_t/*bool*/ x44 = subborrow_u26(x41, x4, 0x3ffffff);
 uint32_t x46, uint8_t/*bool*/ x47 = subborrow_u26(x44, x6, 0x3ffffff);
 uint32_t x49, uint8_t/*bool*/ x50 = subborrow_u26(x47, x8, 0x3ffffff);
 uint32_t x52, uint8_t/*bool*/ x53 = subborrow_u26(x50, x10, 0x3ffffff);
 uint32_t x55, uint8_t/*bool*/ x56 = subborrow_u26(x53, x12, 0x3ffffff);
 uint32_t x58, uint8_t/*bool*/ x59 = subborrow_u26(x56, x14, 0x3ffffff);
 uint32_t x61, uint8_t/*bool*/ x62 = subborrow_u26(x59, x16, 0x3ffffff);
 uint32_t x64, uint8_t/*bool*/ x65 = subborrow_u26(x62, x18, 0x3ffffff);
 uint32_t x67, uint8_t/*bool*/ x68 = subborrow_u26(x65, x20, 0x3ffffff);
 uint32_t x70, uint8_t/*bool*/ x71 = subborrow_u26(x68, x22, 0x3ffffff);
 uint32_t x73, uint8_t/*bool*/ x74 = subborrow_u26(x71, x24, 0x3ffffff);
 uint32_t x76, uint8_t/*bool*/ x77 = subborrow_u26(x74, x26, 0x3ffffff);
 uint32_t x79, uint8_t/*bool*/ x80 = subborrow_u26(x77, x28, 0x3ffffff);
 uint32_t x82, uint8_t/*bool*/ x83 = subborrow_u26(x80, x30, 0x3ffffff);
 uint32_t x85, uint8_t/*bool*/ x86 = subborrow_u26(x83, x32, 0x3ffffff);
 uint32_t x88, uint8_t/*bool*/ x89 = subborrow_u26(x86, x34, 0x3ffffff);
 uint32_t x91, uint8_t/*bool*/ x92 = subborrow_u26(x89, x36, 0x3ffffff);
 uint32_t x94, uint8_t/*bool*/ x95 = subborrow_u26(x92, x38, 0x3ffffff);
 uint32_t x97, uint8_t/*bool*/ x98 = subborrow_u26(x95, x37, 0x3ffffff);
 uint32_t x99 = cmovznz32(x98, 0x0, 0xffffffff);
 uint32_t x100 = (x99 & 0x7ffffff);
 uint32_t x102, uint8_t/*bool*/ x103 = Op (Syntax.AddWithGetCarry 27 (Syntax.TWord 0) (Syntax.TWord 5) (Syntax.TWord 5) (Syntax.TWord 5) (Syntax.TWord 0)) (0x0, Return x40, Return x100);
 uint32_t x104 = (x99 & 0x3ffffff);
 uint32_t x106, uint8_t/*bool*/ x107 = addcarryx_u26(x103, x43, x104);
 uint32_t x108 = (x99 & 0x3ffffff);
 uint32_t x110, uint8_t/*bool*/ x111 = addcarryx_u26(x107, x46, x108);
 uint32_t x112 = (x99 & 0x3ffffff);
 uint32_t x114, uint8_t/*bool*/ x115 = addcarryx_u26(x111, x49, x112);
 uint32_t x116 = (x99 & 0x3ffffff);
 uint32_t x118, uint8_t/*bool*/ x119 = addcarryx_u26(x115, x52, x116);
 uint32_t x120 = (x99 & 0x3ffffff);
 uint32_t x122, uint8_t/*bool*/ x123 = addcarryx_u26(x119, x55, x120);
 uint32_t x124 = (x99 & 0x3ffffff);
 uint32_t x126, uint8_t/*bool*/ x127 = addcarryx_u26(x123, x58, x124);
 uint32_t x128 = (x99 & 0x3ffffff);
 uint32_t x130, uint8_t/*bool*/ x131 = addcarryx_u26(x127, x61, x128);
 uint32_t x132 = (x99 & 0x3ffffff);
 uint32_t x134, uint8_t/*bool*/ x135 = addcarryx_u26(x131, x64, x132);
 uint32_t x136 = (x99 & 0x3ffffff);
 uint32_t x138, uint8_t/*bool*/ x139 = addcarryx_u26(x135, x67, x136);
 uint32_t x140 = (x99 & 0x3ffffff);
 uint32_t x142, uint8_t/*bool*/ x143 = addcarryx_u26(x139, x70, x140);
 uint32_t x144 = (x99 & 0x3ffffff);
 uint32_t x146, uint8_t/*bool*/ x147 = addcarryx_u26(x143, x73, x144);
 uint32_t x148 = (x99 & 0x3ffffff);
 uint32_t x150, uint8_t/*bool*/ x151 = addcarryx_u26(x147, x76, x148);
 uint32_t x152 = (x99 & 0x3ffffff);
 uint32_t x154, uint8_t/*bool*/ x155 = addcarryx_u26(x151, x79, x152);
 uint32_t x156 = (x99 & 0x3ffffff);
 uint32_t x158, uint8_t/*bool*/ x159 = addcarryx_u26(x155, x82, x156);
 uint32_t x160 = (x99 & 0x3ffffff);
 uint32_t x162, uint8_t/*bool*/ x163 = addcarryx_u26(x159, x85, x160);
 uint32_t x164 = (x99 & 0x3ffffff);
 uint32_t x166, uint8_t/*bool*/ x167 = addcarryx_u26(x163, x88, x164);
 uint32_t x168 = (x99 & 0x3ffffff);
 uint32_t x170, uint8_t/*bool*/ x171 = addcarryx_u26(x167, x91, x168);
 uint32_t x172 = (x99 & 0x3ffffff);
 uint32_t x174, uint8_t/*bool*/ x175 = addcarryx_u26(x171, x94, x172);
 uint32_t x176 = (x99 & 0x3ffffff);
 uint32_t x178, uint8_t/*bool*/ _ = addcarryx_u26(x175, x97, x176);
 (Return x178, Return x174, Return x170, Return x166, Return x162, Return x158, Return x154, Return x150, Return x146, Return x142, Return x138, Return x134, Return x130, Return x126, Return x122, Return x118, Return x114, Return x110, Return x106, Return x102))
x
     : word32 * word32 * word32 * word32 * word32 * word32 * word32 * word32 * word32 * word32 * word32 * word32 * word32 * word32 * word32 * word32 * word32 * word32 * word32 * word32 → ReturnType (uint32_t * uint32_t * uint32_t * uint32_t * uint32_t * uint32_t * uint32_t * uint32_t * uint32_t * uint32_t * uint32_t * uint32_t * uint32_t * uint32_t * uint32_t * uint32_t * uint32_t * uint32_t * uint32_t * uint32_t)
