λ x : word32 * word32 * word32 * word32 * word32 * word32 * word32 * word32 * word32 * word32 * word32 * word32 * word32 * word32 * word32 * word32 * word32 * word32 * word32 * word32 * word32,
Interp-η
(λ var : Syntax.base_type → Type,
 λ '(x39, x40, x38, x36, x34, x32, x30, x28, x26, x24, x22, x20, x18, x16, x14, x12, x10, x8, x6, x4, x2)%core,
 uint32_t x42, uint8_t x43 = Op (Syntax.SubWithGetBorrow 24 (Syntax.TWord 3) (Syntax.TWord 5) (Syntax.TWord 5) (Syntax.TWord 5) (Syntax.TWord 3)) (0x0, Return x2, Const 16777185);
 uint32_t x45, uint8_t x46 = Op (Syntax.SubWithGetBorrow 24 (Syntax.TWord 3) (Syntax.TWord 5) (Syntax.TWord 5) (Syntax.TWord 5) (Syntax.TWord 3)) (Return x43, Return x4, 0xffffff);
 uint32_t x48, uint8_t x49 = Op (Syntax.SubWithGetBorrow 23 (Syntax.TWord 3) (Syntax.TWord 5) (Syntax.TWord 5) (Syntax.TWord 5) (Syntax.TWord 3)) (Return x46, Return x6, 0x7fffff);
 uint32_t x51, uint8_t x52 = Op (Syntax.SubWithGetBorrow 24 (Syntax.TWord 3) (Syntax.TWord 5) (Syntax.TWord 5) (Syntax.TWord 5) (Syntax.TWord 3)) (Return x49, Return x8, 0xffffff);
 uint32_t x54, uint8_t x55 = Op (Syntax.SubWithGetBorrow 23 (Syntax.TWord 3) (Syntax.TWord 5) (Syntax.TWord 5) (Syntax.TWord 5) (Syntax.TWord 3)) (Return x52, Return x10, 0x7fffff);
 uint32_t x57, uint8_t x58 = Op (Syntax.SubWithGetBorrow 24 (Syntax.TWord 3) (Syntax.TWord 5) (Syntax.TWord 5) (Syntax.TWord 5) (Syntax.TWord 3)) (Return x55, Return x12, 0xffffff);
 uint32_t x60, uint8_t x61 = Op (Syntax.SubWithGetBorrow 23 (Syntax.TWord 3) (Syntax.TWord 5) (Syntax.TWord 5) (Syntax.TWord 5) (Syntax.TWord 3)) (Return x58, Return x14, 0x7fffff);
 uint32_t x63, uint8_t x64 = Op (Syntax.SubWithGetBorrow 24 (Syntax.TWord 3) (Syntax.TWord 5) (Syntax.TWord 5) (Syntax.TWord 5) (Syntax.TWord 3)) (Return x61, Return x16, 0xffffff);
 uint32_t x66, uint8_t x67 = Op (Syntax.SubWithGetBorrow 24 (Syntax.TWord 3) (Syntax.TWord 5) (Syntax.TWord 5) (Syntax.TWord 5) (Syntax.TWord 3)) (Return x64, Return x18, 0xffffff);
 uint32_t x69, uint8_t x70 = Op (Syntax.SubWithGetBorrow 23 (Syntax.TWord 3) (Syntax.TWord 5) (Syntax.TWord 5) (Syntax.TWord 5) (Syntax.TWord 3)) (Return x67, Return x20, 0x7fffff);
 uint32_t x72, uint8_t x73 = Op (Syntax.SubWithGetBorrow 24 (Syntax.TWord 3) (Syntax.TWord 5) (Syntax.TWord 5) (Syntax.TWord 5) (Syntax.TWord 3)) (Return x70, Return x22, 0xffffff);
 uint32_t x75, uint8_t x76 = Op (Syntax.SubWithGetBorrow 23 (Syntax.TWord 3) (Syntax.TWord 5) (Syntax.TWord 5) (Syntax.TWord 5) (Syntax.TWord 3)) (Return x73, Return x24, 0x7fffff);
 uint32_t x78, uint8_t x79 = Op (Syntax.SubWithGetBorrow 24 (Syntax.TWord 3) (Syntax.TWord 5) (Syntax.TWord 5) (Syntax.TWord 5) (Syntax.TWord 3)) (Return x76, Return x26, 0xffffff);
 uint32_t x81, uint8_t x82 = Op (Syntax.SubWithGetBorrow 23 (Syntax.TWord 3) (Syntax.TWord 5) (Syntax.TWord 5) (Syntax.TWord 5) (Syntax.TWord 3)) (Return x79, Return x28, 0x7fffff);
 uint32_t x84, uint8_t x85 = Op (Syntax.SubWithGetBorrow 24 (Syntax.TWord 3) (Syntax.TWord 5) (Syntax.TWord 5) (Syntax.TWord 5) (Syntax.TWord 3)) (Return x82, Return x30, 0xffffff);
 uint32_t x87, uint8_t x88 = Op (Syntax.SubWithGetBorrow 24 (Syntax.TWord 3) (Syntax.TWord 5) (Syntax.TWord 5) (Syntax.TWord 5) (Syntax.TWord 3)) (Return x85, Return x32, 0xffffff);
 uint32_t x90, uint8_t x91 = Op (Syntax.SubWithGetBorrow 23 (Syntax.TWord 3) (Syntax.TWord 5) (Syntax.TWord 5) (Syntax.TWord 5) (Syntax.TWord 3)) (Return x88, Return x34, 0x7fffff);
 uint32_t x93, uint8_t x94 = Op (Syntax.SubWithGetBorrow 24 (Syntax.TWord 3) (Syntax.TWord 5) (Syntax.TWord 5) (Syntax.TWord 5) (Syntax.TWord 3)) (Return x91, Return x36, 0xffffff);
 uint32_t x96, uint8_t x97 = Op (Syntax.SubWithGetBorrow 23 (Syntax.TWord 3) (Syntax.TWord 5) (Syntax.TWord 5) (Syntax.TWord 5) (Syntax.TWord 3)) (Return x94, Return x38, 0x7fffff);
 uint32_t x99, uint8_t x100 = Op (Syntax.SubWithGetBorrow 24 (Syntax.TWord 3) (Syntax.TWord 5) (Syntax.TWord 5) (Syntax.TWord 5) (Syntax.TWord 3)) (Return x97, Return x40, 0xffffff);
 uint32_t x102, uint8_t x103 = Op (Syntax.SubWithGetBorrow 23 (Syntax.TWord 3) (Syntax.TWord 5) (Syntax.TWord 5) (Syntax.TWord 5) (Syntax.TWord 3)) (Return x100, Return x39, 0x7fffff);
 uint32_t x104 = cmovznz32(x103, 0x0, 0xffffffff);
 uint32_t x105 = (x104 & Const 16777185);
 uint32_t x107, uint8_t x108 = Op (Syntax.AddWithGetCarry 24 (Syntax.TWord 3) (Syntax.TWord 5) (Syntax.TWord 5) (Syntax.TWord 5) (Syntax.TWord 3)) (0x0, Return x42, Return x105);
 uint32_t x109 = (x104 & 0xffffff);
 uint32_t x111, uint8_t x112 = Op (Syntax.AddWithGetCarry 24 (Syntax.TWord 3) (Syntax.TWord 5) (Syntax.TWord 5) (Syntax.TWord 5) (Syntax.TWord 3)) (Return x108, Return x45, Return x109);
 uint32_t x113 = (x104 & 0x7fffff);
 uint32_t x115, uint8_t x116 = Op (Syntax.AddWithGetCarry 23 (Syntax.TWord 3) (Syntax.TWord 5) (Syntax.TWord 5) (Syntax.TWord 5) (Syntax.TWord 3)) (Return x112, Return x48, Return x113);
 uint32_t x117 = (x104 & 0xffffff);
 uint32_t x119, uint8_t x120 = Op (Syntax.AddWithGetCarry 24 (Syntax.TWord 3) (Syntax.TWord 5) (Syntax.TWord 5) (Syntax.TWord 5) (Syntax.TWord 3)) (Return x116, Return x51, Return x117);
 uint32_t x121 = (x104 & 0x7fffff);
 uint32_t x123, uint8_t x124 = Op (Syntax.AddWithGetCarry 23 (Syntax.TWord 3) (Syntax.TWord 5) (Syntax.TWord 5) (Syntax.TWord 5) (Syntax.TWord 3)) (Return x120, Return x54, Return x121);
 uint32_t x125 = (x104 & 0xffffff);
 uint32_t x127, uint8_t x128 = Op (Syntax.AddWithGetCarry 24 (Syntax.TWord 3) (Syntax.TWord 5) (Syntax.TWord 5) (Syntax.TWord 5) (Syntax.TWord 3)) (Return x124, Return x57, Return x125);
 uint32_t x129 = (x104 & 0x7fffff);
 uint32_t x131, uint8_t x132 = Op (Syntax.AddWithGetCarry 23 (Syntax.TWord 3) (Syntax.TWord 5) (Syntax.TWord 5) (Syntax.TWord 5) (Syntax.TWord 3)) (Return x128, Return x60, Return x129);
 uint32_t x133 = (x104 & 0xffffff);
 uint32_t x135, uint8_t x136 = Op (Syntax.AddWithGetCarry 24 (Syntax.TWord 3) (Syntax.TWord 5) (Syntax.TWord 5) (Syntax.TWord 5) (Syntax.TWord 3)) (Return x132, Return x63, Return x133);
 uint32_t x137 = (x104 & 0xffffff);
 uint32_t x139, uint8_t x140 = Op (Syntax.AddWithGetCarry 24 (Syntax.TWord 3) (Syntax.TWord 5) (Syntax.TWord 5) (Syntax.TWord 5) (Syntax.TWord 3)) (Return x136, Return x66, Return x137);
 uint32_t x141 = (x104 & 0x7fffff);
 uint32_t x143, uint8_t x144 = Op (Syntax.AddWithGetCarry 23 (Syntax.TWord 3) (Syntax.TWord 5) (Syntax.TWord 5) (Syntax.TWord 5) (Syntax.TWord 3)) (Return x140, Return x69, Return x141);
 uint32_t x145 = (x104 & 0xffffff);
 uint32_t x147, uint8_t x148 = Op (Syntax.AddWithGetCarry 24 (Syntax.TWord 3) (Syntax.TWord 5) (Syntax.TWord 5) (Syntax.TWord 5) (Syntax.TWord 3)) (Return x144, Return x72, Return x145);
 uint32_t x149 = (x104 & 0x7fffff);
 uint32_t x151, uint8_t x152 = Op (Syntax.AddWithGetCarry 23 (Syntax.TWord 3) (Syntax.TWord 5) (Syntax.TWord 5) (Syntax.TWord 5) (Syntax.TWord 3)) (Return x148, Return x75, Return x149);
 uint32_t x153 = (x104 & 0xffffff);
 uint32_t x155, uint8_t x156 = Op (Syntax.AddWithGetCarry 24 (Syntax.TWord 3) (Syntax.TWord 5) (Syntax.TWord 5) (Syntax.TWord 5) (Syntax.TWord 3)) (Return x152, Return x78, Return x153);
 uint32_t x157 = (x104 & 0x7fffff);
 uint32_t x159, uint8_t x160 = Op (Syntax.AddWithGetCarry 23 (Syntax.TWord 3) (Syntax.TWord 5) (Syntax.TWord 5) (Syntax.TWord 5) (Syntax.TWord 3)) (Return x156, Return x81, Return x157);
 uint32_t x161 = (x104 & 0xffffff);
 uint32_t x163, uint8_t x164 = Op (Syntax.AddWithGetCarry 24 (Syntax.TWord 3) (Syntax.TWord 5) (Syntax.TWord 5) (Syntax.TWord 5) (Syntax.TWord 3)) (Return x160, Return x84, Return x161);
 uint32_t x165 = (x104 & 0xffffff);
 uint32_t x167, uint8_t x168 = Op (Syntax.AddWithGetCarry 24 (Syntax.TWord 3) (Syntax.TWord 5) (Syntax.TWord 5) (Syntax.TWord 5) (Syntax.TWord 3)) (Return x164, Return x87, Return x165);
 uint32_t x169 = (x104 & 0x7fffff);
 uint32_t x171, uint8_t x172 = Op (Syntax.AddWithGetCarry 23 (Syntax.TWord 3) (Syntax.TWord 5) (Syntax.TWord 5) (Syntax.TWord 5) (Syntax.TWord 3)) (Return x168, Return x90, Return x169);
 uint32_t x173 = (x104 & 0xffffff);
 uint32_t x175, uint8_t x176 = Op (Syntax.AddWithGetCarry 24 (Syntax.TWord 3) (Syntax.TWord 5) (Syntax.TWord 5) (Syntax.TWord 5) (Syntax.TWord 3)) (Return x172, Return x93, Return x173);
 uint32_t x177 = (x104 & 0x7fffff);
 uint32_t x179, uint8_t x180 = Op (Syntax.AddWithGetCarry 23 (Syntax.TWord 3) (Syntax.TWord 5) (Syntax.TWord 5) (Syntax.TWord 5) (Syntax.TWord 3)) (Return x176, Return x96, Return x177);
 uint32_t x181 = (x104 & 0xffffff);
 uint32_t x183, uint8_t x184 = Op (Syntax.AddWithGetCarry 24 (Syntax.TWord 3) (Syntax.TWord 5) (Syntax.TWord 5) (Syntax.TWord 5) (Syntax.TWord 3)) (Return x180, Return x99, Return x181);
 uint32_t x185 = (x104 & 0x7fffff);
 uint32_t x187, uint8_t _ = Op (Syntax.AddWithGetCarry 23 (Syntax.TWord 3) (Syntax.TWord 5) (Syntax.TWord 5) (Syntax.TWord 5) (Syntax.TWord 3)) (Return x184, Return x102, Return x185);
 (Return x187, Return x183, Return x179, Return x175, Return x171, Return x167, Return x163, Return x159, Return x155, Return x151, Return x147, Return x143, Return x139, Return x135, Return x131, Return x127, Return x123, Return x119, Return x115, Return x111, Return x107))
x
     : word32 * word32 * word32 * word32 * word32 * word32 * word32 * word32 * word32 * word32 * word32 * word32 * word32 * word32 * word32 * word32 * word32 * word32 * word32 * word32 * word32 → ReturnType (uint32_t * uint32_t * uint32_t * uint32_t * uint32_t * uint32_t * uint32_t * uint32_t * uint32_t * uint32_t * uint32_t * uint32_t * uint32_t * uint32_t * uint32_t * uint32_t * uint32_t * uint32_t * uint32_t * uint32_t * uint32_t)
