λ x x0 : word32 * word32 * word32 * word32 * word32 * word32,
Interp-η
(λ var : Syntax.base_type → Type,
 λ '(x12, x13, x11, x9, x7, x5, (x22, x23, x21, x19, x17, x15))%core,
 uint32_t x25, uint32_t x26 = mulx_u32(x5, x15);
 uint32_t x28, uint32_t x29 = mulx_u32(x5, x17);
 uint32_t x31, uint32_t x32 = mulx_u32(x5, x19);
 uint32_t x34, uint32_t x35 = mulx_u32(x5, x21);
 uint32_t x37, uint32_t x38 = mulx_u32(x5, x23);
 uint32_t x40, uint32_t x41 = mulx_u32(x5, x22);
 uint32_t x43, uint8_t x44 = addcarryx_u32(0x0, x26, x28);
 uint32_t x46, uint8_t x47 = addcarryx_u32(x44, x29, x31);
 uint32_t x49, uint8_t x50 = addcarryx_u32(x47, x32, x34);
 uint32_t x52, uint8_t x53 = addcarryx_u32(x50, x35, x37);
 uint32_t x55, uint8_t x56 = addcarryx_u32(x53, x38, x40);
 uint32_t x58, uint8_t _ = addcarryx_u32(0x0, x56, x41);
 uint32_t x61, uint32_t _ = mulx_u32(x25, 0x286bca1b);
 uint32_t x64, uint32_t x65 = mulx_u32(x61, 0xffffffed);
 uint32_t x67, uint32_t x68 = mulx_u32(x61, 0xffffffff);
 uint32_t x70, uint32_t x71 = mulx_u32(x61, 0xffffffff);
 uint32_t x73, uint32_t x74 = mulx_u32(x61, 0xffffffff);
 uint32_t x76, uint32_t x77 = mulx_u32(x61, 0xffffffff);
 uint32_t x79, uint32_t x80 = mulx_u32(x61, 0x7ff);
 uint32_t x82, uint8_t x83 = addcarryx_u32(0x0, x65, x67);
 uint32_t x85, uint8_t x86 = addcarryx_u32(x83, x68, x70);
 uint32_t x88, uint8_t x89 = addcarryx_u32(x86, x71, x73);
 uint32_t x91, uint8_t x92 = addcarryx_u32(x89, x74, x76);
 uint32_t x94, uint8_t x95 = addcarryx_u32(x92, x77, x79);
 uint32_t x97, uint8_t _ = addcarryx_u32(0x0, x95, x80);
 uint32_t _, uint8_t x101 = addcarryx_u32(0x0, x25, x64);
 uint32_t x103, uint8_t x104 = addcarryx_u32(x101, x43, x82);
 uint32_t x106, uint8_t x107 = addcarryx_u32(x104, x46, x85);
 uint32_t x109, uint8_t x110 = addcarryx_u32(x107, x49, x88);
 uint32_t x112, uint8_t x113 = addcarryx_u32(x110, x52, x91);
 uint32_t x115, uint8_t x116 = addcarryx_u32(x113, x55, x94);
 uint32_t x118, uint8_t x119 = addcarryx_u32(x116, x58, x97);
 uint32_t x121, uint32_t x122 = mulx_u32(x7, x15);
 uint32_t x124, uint32_t x125 = mulx_u32(x7, x17);
 uint32_t x127, uint32_t x128 = mulx_u32(x7, x19);
 uint32_t x130, uint32_t x131 = mulx_u32(x7, x21);
 uint32_t x133, uint32_t x134 = mulx_u32(x7, x23);
 uint32_t x136, uint32_t x137 = mulx_u32(x7, x22);
 uint32_t x139, uint8_t x140 = addcarryx_u32(0x0, x122, x124);
 uint32_t x142, uint8_t x143 = addcarryx_u32(x140, x125, x127);
 uint32_t x145, uint8_t x146 = addcarryx_u32(x143, x128, x130);
 uint32_t x148, uint8_t x149 = addcarryx_u32(x146, x131, x133);
 uint32_t x151, uint8_t x152 = addcarryx_u32(x149, x134, x136);
 uint32_t x154, uint8_t _ = addcarryx_u32(0x0, x152, x137);
 uint32_t x157, uint8_t x158 = addcarryx_u32(0x0, x103, x121);
 uint32_t x160, uint8_t x161 = addcarryx_u32(x158, x106, x139);
 uint32_t x163, uint8_t x164 = addcarryx_u32(x161, x109, x142);
 uint32_t x166, uint8_t x167 = addcarryx_u32(x164, x112, x145);
 uint32_t x169, uint8_t x170 = addcarryx_u32(x167, x115, x148);
 uint32_t x172, uint8_t x173 = addcarryx_u32(x170, x118, x151);
 uint32_t x175, uint8_t x176 = addcarryx_u32(x173, x119, x154);
 uint32_t x178, uint32_t _ = mulx_u32(x157, 0x286bca1b);
 uint32_t x181, uint32_t x182 = mulx_u32(x178, 0xffffffed);
 uint32_t x184, uint32_t x185 = mulx_u32(x178, 0xffffffff);
 uint32_t x187, uint32_t x188 = mulx_u32(x178, 0xffffffff);
 uint32_t x190, uint32_t x191 = mulx_u32(x178, 0xffffffff);
 uint32_t x193, uint32_t x194 = mulx_u32(x178, 0xffffffff);
 uint32_t x196, uint32_t x197 = mulx_u32(x178, 0x7ff);
 uint32_t x199, uint8_t x200 = addcarryx_u32(0x0, x182, x184);
 uint32_t x202, uint8_t x203 = addcarryx_u32(x200, x185, x187);
 uint32_t x205, uint8_t x206 = addcarryx_u32(x203, x188, x190);
 uint32_t x208, uint8_t x209 = addcarryx_u32(x206, x191, x193);
 uint32_t x211, uint8_t x212 = addcarryx_u32(x209, x194, x196);
 uint32_t x214, uint8_t _ = addcarryx_u32(0x0, x212, x197);
 uint32_t _, uint8_t x218 = addcarryx_u32(0x0, x157, x181);
 uint32_t x220, uint8_t x221 = addcarryx_u32(x218, x160, x199);
 uint32_t x223, uint8_t x224 = addcarryx_u32(x221, x163, x202);
 uint32_t x226, uint8_t x227 = addcarryx_u32(x224, x166, x205);
 uint32_t x229, uint8_t x230 = addcarryx_u32(x227, x169, x208);
 uint32_t x232, uint8_t x233 = addcarryx_u32(x230, x172, x211);
 uint32_t x235, uint8_t x236 = addcarryx_u32(x233, x175, x214);
 uint8_t x237 = (x236 + x176);
 uint32_t x239, uint32_t x240 = mulx_u32(x9, x15);
 uint32_t x242, uint32_t x243 = mulx_u32(x9, x17);
 uint32_t x245, uint32_t x246 = mulx_u32(x9, x19);
 uint32_t x248, uint32_t x249 = mulx_u32(x9, x21);
 uint32_t x251, uint32_t x252 = mulx_u32(x9, x23);
 uint32_t x254, uint32_t x255 = mulx_u32(x9, x22);
 uint32_t x257, uint8_t x258 = addcarryx_u32(0x0, x240, x242);
 uint32_t x260, uint8_t x261 = addcarryx_u32(x258, x243, x245);
 uint32_t x263, uint8_t x264 = addcarryx_u32(x261, x246, x248);
 uint32_t x266, uint8_t x267 = addcarryx_u32(x264, x249, x251);
 uint32_t x269, uint8_t x270 = addcarryx_u32(x267, x252, x254);
 uint32_t x272, uint8_t _ = addcarryx_u32(0x0, x270, x255);
 uint32_t x275, uint8_t x276 = addcarryx_u32(0x0, x220, x239);
 uint32_t x278, uint8_t x279 = addcarryx_u32(x276, x223, x257);
 uint32_t x281, uint8_t x282 = addcarryx_u32(x279, x226, x260);
 uint32_t x284, uint8_t x285 = addcarryx_u32(x282, x229, x263);
 uint32_t x287, uint8_t x288 = addcarryx_u32(x285, x232, x266);
 uint32_t x290, uint8_t x291 = addcarryx_u32(x288, x235, x269);
 uint32_t x293, uint8_t x294 = addcarryx_u32(x291, x237, x272);
 uint32_t x296, uint32_t _ = mulx_u32(x275, 0x286bca1b);
 uint32_t x299, uint32_t x300 = mulx_u32(x296, 0xffffffed);
 uint32_t x302, uint32_t x303 = mulx_u32(x296, 0xffffffff);
 uint32_t x305, uint32_t x306 = mulx_u32(x296, 0xffffffff);
 uint32_t x308, uint32_t x309 = mulx_u32(x296, 0xffffffff);
 uint32_t x311, uint32_t x312 = mulx_u32(x296, 0xffffffff);
 uint32_t x314, uint32_t x315 = mulx_u32(x296, 0x7ff);
 uint32_t x317, uint8_t x318 = addcarryx_u32(0x0, x300, x302);
 uint32_t x320, uint8_t x321 = addcarryx_u32(x318, x303, x305);
 uint32_t x323, uint8_t x324 = addcarryx_u32(x321, x306, x308);
 uint32_t x326, uint8_t x327 = addcarryx_u32(x324, x309, x311);
 uint32_t x329, uint8_t x330 = addcarryx_u32(x327, x312, x314);
 uint32_t x332, uint8_t _ = addcarryx_u32(0x0, x330, x315);
 uint32_t _, uint8_t x336 = addcarryx_u32(0x0, x275, x299);
 uint32_t x338, uint8_t x339 = addcarryx_u32(x336, x278, x317);
 uint32_t x341, uint8_t x342 = addcarryx_u32(x339, x281, x320);
 uint32_t x344, uint8_t x345 = addcarryx_u32(x342, x284, x323);
 uint32_t x347, uint8_t x348 = addcarryx_u32(x345, x287, x326);
 uint32_t x350, uint8_t x351 = addcarryx_u32(x348, x290, x329);
 uint32_t x353, uint8_t x354 = addcarryx_u32(x351, x293, x332);
 uint8_t x355 = (x354 + x294);
 uint32_t x357, uint32_t x358 = mulx_u32(x11, x15);
 uint32_t x360, uint32_t x361 = mulx_u32(x11, x17);
 uint32_t x363, uint32_t x364 = mulx_u32(x11, x19);
 uint32_t x366, uint32_t x367 = mulx_u32(x11, x21);
 uint32_t x369, uint32_t x370 = mulx_u32(x11, x23);
 uint32_t x372, uint32_t x373 = mulx_u32(x11, x22);
 uint32_t x375, uint8_t x376 = addcarryx_u32(0x0, x358, x360);
 uint32_t x378, uint8_t x379 = addcarryx_u32(x376, x361, x363);
 uint32_t x381, uint8_t x382 = addcarryx_u32(x379, x364, x366);
 uint32_t x384, uint8_t x385 = addcarryx_u32(x382, x367, x369);
 uint32_t x387, uint8_t x388 = addcarryx_u32(x385, x370, x372);
 uint32_t x390, uint8_t _ = addcarryx_u32(0x0, x388, x373);
 uint32_t x393, uint8_t x394 = addcarryx_u32(0x0, x338, x357);
 uint32_t x396, uint8_t x397 = addcarryx_u32(x394, x341, x375);
 uint32_t x399, uint8_t x400 = addcarryx_u32(x397, x344, x378);
 uint32_t x402, uint8_t x403 = addcarryx_u32(x400, x347, x381);
 uint32_t x405, uint8_t x406 = addcarryx_u32(x403, x350, x384);
 uint32_t x408, uint8_t x409 = addcarryx_u32(x406, x353, x387);
 uint32_t x411, uint8_t x412 = addcarryx_u32(x409, x355, x390);
 uint32_t x414, uint32_t _ = mulx_u32(x393, 0x286bca1b);
 uint32_t x417, uint32_t x418 = mulx_u32(x414, 0xffffffed);
 uint32_t x420, uint32_t x421 = mulx_u32(x414, 0xffffffff);
 uint32_t x423, uint32_t x424 = mulx_u32(x414, 0xffffffff);
 uint32_t x426, uint32_t x427 = mulx_u32(x414, 0xffffffff);
 uint32_t x429, uint32_t x430 = mulx_u32(x414, 0xffffffff);
 uint32_t x432, uint32_t x433 = mulx_u32(x414, 0x7ff);
 uint32_t x435, uint8_t x436 = addcarryx_u32(0x0, x418, x420);
 uint32_t x438, uint8_t x439 = addcarryx_u32(x436, x421, x423);
 uint32_t x441, uint8_t x442 = addcarryx_u32(x439, x424, x426);
 uint32_t x444, uint8_t x445 = addcarryx_u32(x442, x427, x429);
 uint32_t x447, uint8_t x448 = addcarryx_u32(x445, x430, x432);
 uint32_t x450, uint8_t _ = addcarryx_u32(0x0, x448, x433);
 uint32_t _, uint8_t x454 = addcarryx_u32(0x0, x393, x417);
 uint32_t x456, uint8_t x457 = addcarryx_u32(x454, x396, x435);
 uint32_t x459, uint8_t x460 = addcarryx_u32(x457, x399, x438);
 uint32_t x462, uint8_t x463 = addcarryx_u32(x460, x402, x441);
 uint32_t x465, uint8_t x466 = addcarryx_u32(x463, x405, x444);
 uint32_t x468, uint8_t x469 = addcarryx_u32(x466, x408, x447);
 uint32_t x471, uint8_t x472 = addcarryx_u32(x469, x411, x450);
 uint8_t x473 = (x472 + x412);
 uint32_t x475, uint32_t x476 = mulx_u32(x13, x15);
 uint32_t x478, uint32_t x479 = mulx_u32(x13, x17);
 uint32_t x481, uint32_t x482 = mulx_u32(x13, x19);
 uint32_t x484, uint32_t x485 = mulx_u32(x13, x21);
 uint32_t x487, uint32_t x488 = mulx_u32(x13, x23);
 uint32_t x490, uint32_t x491 = mulx_u32(x13, x22);
 uint32_t x493, uint8_t x494 = addcarryx_u32(0x0, x476, x478);
 uint32_t x496, uint8_t x497 = addcarryx_u32(x494, x479, x481);
 uint32_t x499, uint8_t x500 = addcarryx_u32(x497, x482, x484);
 uint32_t x502, uint8_t x503 = addcarryx_u32(x500, x485, x487);
 uint32_t x505, uint8_t x506 = addcarryx_u32(x503, x488, x490);
 uint32_t x508, uint8_t _ = addcarryx_u32(0x0, x506, x491);
 uint32_t x511, uint8_t x512 = addcarryx_u32(0x0, x456, x475);
 uint32_t x514, uint8_t x515 = addcarryx_u32(x512, x459, x493);
 uint32_t x517, uint8_t x518 = addcarryx_u32(x515, x462, x496);
 uint32_t x520, uint8_t x521 = addcarryx_u32(x518, x465, x499);
 uint32_t x523, uint8_t x524 = addcarryx_u32(x521, x468, x502);
 uint32_t x526, uint8_t x527 = addcarryx_u32(x524, x471, x505);
 uint32_t x529, uint8_t x530 = addcarryx_u32(x527, x473, x508);
 uint32_t x532, uint32_t _ = mulx_u32(x511, 0x286bca1b);
 uint32_t x535, uint32_t x536 = mulx_u32(x532, 0xffffffed);
 uint32_t x538, uint32_t x539 = mulx_u32(x532, 0xffffffff);
 uint32_t x541, uint32_t x542 = mulx_u32(x532, 0xffffffff);
 uint32_t x544, uint32_t x545 = mulx_u32(x532, 0xffffffff);
 uint32_t x547, uint32_t x548 = mulx_u32(x532, 0xffffffff);
 uint32_t x550, uint32_t x551 = mulx_u32(x532, 0x7ff);
 uint32_t x553, uint8_t x554 = addcarryx_u32(0x0, x536, x538);
 uint32_t x556, uint8_t x557 = addcarryx_u32(x554, x539, x541);
 uint32_t x559, uint8_t x560 = addcarryx_u32(x557, x542, x544);
 uint32_t x562, uint8_t x563 = addcarryx_u32(x560, x545, x547);
 uint32_t x565, uint8_t x566 = addcarryx_u32(x563, x548, x550);
 uint32_t x568, uint8_t _ = addcarryx_u32(0x0, x566, x551);
 uint32_t _, uint8_t x572 = addcarryx_u32(0x0, x511, x535);
 uint32_t x574, uint8_t x575 = addcarryx_u32(x572, x514, x553);
 uint32_t x577, uint8_t x578 = addcarryx_u32(x575, x517, x556);
 uint32_t x580, uint8_t x581 = addcarryx_u32(x578, x520, x559);
 uint32_t x583, uint8_t x584 = addcarryx_u32(x581, x523, x562);
 uint32_t x586, uint8_t x587 = addcarryx_u32(x584, x526, x565);
 uint32_t x589, uint8_t x590 = addcarryx_u32(x587, x529, x568);
 uint8_t x591 = (x590 + x530);
 uint32_t x593, uint32_t x594 = mulx_u32(x12, x15);
 uint32_t x596, uint32_t x597 = mulx_u32(x12, x17);
 uint32_t x599, uint32_t x600 = mulx_u32(x12, x19);
 uint32_t x602, uint32_t x603 = mulx_u32(x12, x21);
 uint32_t x605, uint32_t x606 = mulx_u32(x12, x23);
 uint32_t x608, uint32_t x609 = mulx_u32(x12, x22);
 uint32_t x611, uint8_t x612 = addcarryx_u32(0x0, x594, x596);
 uint32_t x614, uint8_t x615 = addcarryx_u32(x612, x597, x599);
 uint32_t x617, uint8_t x618 = addcarryx_u32(x615, x600, x602);
 uint32_t x620, uint8_t x621 = addcarryx_u32(x618, x603, x605);
 uint32_t x623, uint8_t x624 = addcarryx_u32(x621, x606, x608);
 uint32_t x626, uint8_t _ = addcarryx_u32(0x0, x624, x609);
 uint32_t x629, uint8_t x630 = addcarryx_u32(0x0, x574, x593);
 uint32_t x632, uint8_t x633 = addcarryx_u32(x630, x577, x611);
 uint32_t x635, uint8_t x636 = addcarryx_u32(x633, x580, x614);
 uint32_t x638, uint8_t x639 = addcarryx_u32(x636, x583, x617);
 uint32_t x641, uint8_t x642 = addcarryx_u32(x639, x586, x620);
 uint32_t x644, uint8_t x645 = addcarryx_u32(x642, x589, x623);
 uint32_t x647, uint8_t x648 = addcarryx_u32(x645, x591, x626);
 uint32_t x650, uint32_t _ = mulx_u32(x629, 0x286bca1b);
 uint32_t x653, uint32_t x654 = mulx_u32(x650, 0xffffffed);
 uint32_t x656, uint32_t x657 = mulx_u32(x650, 0xffffffff);
 uint32_t x659, uint32_t x660 = mulx_u32(x650, 0xffffffff);
 uint32_t x662, uint32_t x663 = mulx_u32(x650, 0xffffffff);
 uint32_t x665, uint32_t x666 = mulx_u32(x650, 0xffffffff);
 uint32_t x668, uint32_t x669 = mulx_u32(x650, 0x7ff);
 uint32_t x671, uint8_t x672 = addcarryx_u32(0x0, x654, x656);
 uint32_t x674, uint8_t x675 = addcarryx_u32(x672, x657, x659);
 uint32_t x677, uint8_t x678 = addcarryx_u32(x675, x660, x662);
 uint32_t x680, uint8_t x681 = addcarryx_u32(x678, x663, x665);
 uint32_t x683, uint8_t x684 = addcarryx_u32(x681, x666, x668);
 uint32_t x686, uint8_t _ = addcarryx_u32(0x0, x684, x669);
 uint32_t _, uint8_t x690 = addcarryx_u32(0x0, x629, x653);
 uint32_t x692, uint8_t x693 = addcarryx_u32(x690, x632, x671);
 uint32_t x695, uint8_t x696 = addcarryx_u32(x693, x635, x674);
 uint32_t x698, uint8_t x699 = addcarryx_u32(x696, x638, x677);
 uint32_t x701, uint8_t x702 = addcarryx_u32(x699, x641, x680);
 uint32_t x704, uint8_t x705 = addcarryx_u32(x702, x644, x683);
 uint32_t x707, uint8_t x708 = addcarryx_u32(x705, x647, x686);
 uint8_t x709 = (x708 + x648);
 uint32_t x711, uint8_t x712 = subborrow_u32(0x0, x692, 0xffffffed);
 uint32_t x714, uint8_t x715 = subborrow_u32(x712, x695, 0xffffffff);
 uint32_t x717, uint8_t x718 = subborrow_u32(x715, x698, 0xffffffff);
 uint32_t x720, uint8_t x721 = subborrow_u32(x718, x701, 0xffffffff);
 uint32_t x723, uint8_t x724 = subborrow_u32(x721, x704, 0xffffffff);
 uint32_t x726, uint8_t x727 = subborrow_u32(x724, x707, 0x7ff);
 uint32_t _, uint8_t x730 = subborrow_u32(x727, x709, 0x0);
 uint32_t x731 = cmovznz32(x730, x726, x707);
 uint32_t x732 = cmovznz32(x730, x723, x704);
 uint32_t x733 = cmovznz32(x730, x720, x701);
 uint32_t x734 = cmovznz32(x730, x717, x698);
 uint32_t x735 = cmovznz32(x730, x714, x695);
 uint32_t x736 = cmovznz32(x730, x711, x692);
 return (x731, x732, x733, x734, x735, x736))
(x, x0)%core
     : word32 * word32 * word32 * word32 * word32 * word32 → word32 * word32 * word32 * word32 * word32 * word32 → ReturnType (uint32_t * uint32_t * uint32_t * uint32_t * uint32_t * uint32_t)
