λ x : word32 * word32 * word32 * word32 * word32 * word32,
Interp-η
(λ var : Syntax.base_type → Type,
 λ '(x9, x10, x8, x6, x4, x2)%core,
 uint64_t x11 = (((uint64_t)x2 * x9) + (((uint64_t)x4 * x10) + (((uint64_t)x6 * x8) + (((uint64_t)x8 * x6) + (((uint64_t)x10 * x4) + ((uint64_t)x9 * x2))))));
 uint64_t x12 = ((((uint64_t)x2 * x10) + ((0x2 * ((uint64_t)x4 * x8)) + (((uint64_t)x6 * x6) + ((0x2 * ((uint64_t)x8 * x4)) + ((uint64_t)x10 * x2))))) + (0x9 * (0x2 * ((uint64_t)x9 * x9))));
 uint64_t x13 = ((((uint64_t)x2 * x8) + (((uint64_t)x4 * x6) + (((uint64_t)x6 * x4) + ((uint64_t)x8 * x2)))) + (0x9 * (((uint64_t)x10 * x9) + ((uint64_t)x9 * x10))));
 uint64_t x14 = ((((uint64_t)x2 * x6) + ((0x2 * ((uint64_t)x4 * x4)) + ((uint64_t)x6 * x2))) + (0x9 * ((0x2 * ((uint64_t)x8 * x9)) + (((uint64_t)x10 * x10) + (0x2 * ((uint64_t)x9 * x8))))));
 uint64_t x15 = ((((uint64_t)x2 * x4) + ((uint64_t)x4 * x2)) + (0x9 * (((uint64_t)x6 * x9) + (((uint64_t)x8 * x10) + (((uint64_t)x10 * x8) + ((uint64_t)x9 * x6))))));
 uint64_t x16 = (((uint64_t)x2 * x2) + (0x9 * ((0x2 * ((uint64_t)x4 * x9)) + (((uint64_t)x6 * x10) + ((0x2 * ((uint64_t)x8 * x8)) + (((uint64_t)x10 * x6) + (0x2 * ((uint64_t)x9 * x4))))))));
 uint64_t x17 = (x16 >> 0x18);
 uint32_t x18 = ((uint32_t)x16 & 0xffffff);
 uint64_t x19 = (x17 + x15);
 uint64_t x20 = (x19 >> 0x17);
 uint32_t x21 = ((uint32_t)x19 & 0x7fffff);
 uint64_t x22 = (x20 + x14);
 uint32_t x23 = (uint32_t) (x22 >> 0x18);
 uint32_t x24 = ((uint32_t)x22 & 0xffffff);
 uint64_t x25 = (x23 + x13);
 uint32_t x26 = (uint32_t) (x25 >> 0x17);
 uint32_t x27 = ((uint32_t)x25 & 0x7fffff);
 uint64_t x28 = (x26 + x12);
 uint32_t x29 = (uint32_t) (x28 >> 0x18);
 uint32_t x30 = ((uint32_t)x28 & 0xffffff);
 uint64_t x31 = (x29 + x11);
 uint32_t x32 = (uint32_t) (x31 >> 0x17);
 uint32_t x33 = ((uint32_t)x31 & 0x7fffff);
 uint64_t x34 = (x18 + ((uint64_t)0x9 * x32));
 uint32_t x35 = (uint32_t) (x34 >> 0x18);
 uint32_t x36 = ((uint32_t)x34 & 0xffffff);
 uint32_t x37 = (x35 + x21);
 uint32_t x38 = (x37 >> 0x17);
 uint32_t x39 = (x37 & 0x7fffff);
 return (Return x33, Return x30, Return x27, (x38 + x24), Return x39, Return x36))
x
     : word32 * word32 * word32 * word32 * word32 * word32 → ReturnType (uint32_t * uint32_t * uint32_t * uint32_t * uint32_t * uint32_t)
