λ x : word32 * word32 * word32 * word32 * word32,
Interp-η
(λ var : Syntax.base_type → Type,
 λ '(x7, x8, x6, x4, x2)%core,
 uint32_t x9 = (x2 >> 0x1a);
 uint32_t x10 = (x2 & 0x3ffffff);
 uint32_t x11 = (x9 + x4);
 uint32_t x12 = (x11 >> 0x1a);
 uint32_t x13 = (x11 & 0x3ffffff);
 uint32_t x14 = (x12 + x6);
 uint32_t x15 = (x14 >> 0x1a);
 uint32_t x16 = (x14 & 0x3ffffff);
 uint32_t x17 = (x15 + x8);
 uint32_t x18 = (x17 >> 0x1a);
 uint32_t x19 = (x17 & 0x3ffffff);
 uint32_t x20 = (x18 + x7);
 uint32_t x21 = (x20 >> 0x19);
 uint32_t x22 = (x20 & 0x1ffffff);
 uint32_t x23 = (x10 + (0x19 * x21));
 uint32_t x24 = (x23 >> 0x1a);
 uint32_t x25 = (x23 & 0x3ffffff);
 uint32_t x26 = (x24 + x13);
 uint32_t x27 = (x26 >> 0x1a);
 uint32_t x28 = (x26 & 0x3ffffff);
 return (Return x22, Return x19, (x27 + x16), Return x28, Return x25))
x
     : word32 * word32 * word32 * word32 * word32 → ReturnType (uint32_t * uint32_t * uint32_t * uint32_t * uint32_t)
