λ x : word32 * word32 * word32 * word32 * word32 * word32 * word32 * word32 * word32 * word32 * word32 * word32 * word32 * word32 * word32,
Interp-η
(λ var : Syntax.base_type → Type,
 λ '(x27, x28, x26, x24, x22, x20, x18, x16, x14, x12, x10, x8, x6, x4, x2)%core,
 uint64_t x29 = (((uint64_t)x2 * x27) + (((uint64_t)x4 * x28) + (((uint64_t)x6 * x26) + (((uint64_t)x8 * x24) + (((uint64_t)x10 * x22) + (((uint64_t)x12 * x20) + (((uint64_t)x14 * x18) + (((uint64_t)x16 * x16) + (((uint64_t)x18 * x14) + (((uint64_t)x20 * x12) + (((uint64_t)x22 * x10) + (((uint64_t)x24 * x8) + (((uint64_t)x26 * x6) + (((uint64_t)x28 * x4) + ((uint64_t)x27 * x2)))))))))))))));
 uint64_t x30 = ((((uint64_t)x2 * x28) + (((uint64_t)x4 * x26) + (((uint64_t)x6 * x24) + (((uint64_t)x8 * x22) + (((uint64_t)x10 * x20) + (((uint64_t)x12 * x18) + (((uint64_t)x14 * x16) + (((uint64_t)x16 * x14) + (((uint64_t)x18 * x12) + (((uint64_t)x20 * x10) + (((uint64_t)x22 * x8) + (((uint64_t)x24 * x6) + (((uint64_t)x26 * x4) + ((uint64_t)x28 * x2)))))))))))))) + (0x15 * (0x2 * ((uint64_t)x27 * x27))));
 uint64_t x31 = ((((uint64_t)x2 * x26) + (((uint64_t)x4 * x24) + (((uint64_t)x6 * x22) + (((uint64_t)x8 * x20) + (((uint64_t)x10 * x18) + (((uint64_t)x12 * x16) + (((uint64_t)x14 * x14) + (((uint64_t)x16 * x12) + (((uint64_t)x18 * x10) + (((uint64_t)x20 * x8) + (((uint64_t)x22 * x6) + (((uint64_t)x24 * x4) + ((uint64_t)x26 * x2))))))))))))) + (0x15 * ((0x2 * ((uint64_t)x28 * x27)) + (0x2 * ((uint64_t)x27 * x28)))));
 uint64_t x32 = ((((uint64_t)x2 * x24) + (((uint64_t)x4 * x22) + (((uint64_t)x6 * x20) + (((uint64_t)x8 * x18) + (((uint64_t)x10 * x16) + (((uint64_t)x12 * x14) + (((uint64_t)x14 * x12) + (((uint64_t)x16 * x10) + (((uint64_t)x18 * x8) + (((uint64_t)x20 * x6) + (((uint64_t)x22 * x4) + ((uint64_t)x24 * x2)))))))))))) + (0x15 * ((0x2 * ((uint64_t)x26 * x27)) + ((0x2 * ((uint64_t)x28 * x28)) + (0x2 * ((uint64_t)x27 * x26))))));
 uint64_t x33 = ((((uint64_t)x2 * x22) + (((uint64_t)x4 * x20) + (((uint64_t)x6 * x18) + (((uint64_t)x8 * x16) + (((uint64_t)x10 * x14) + (((uint64_t)x12 * x12) + (((uint64_t)x14 * x10) + (((uint64_t)x16 * x8) + (((uint64_t)x18 * x6) + (((uint64_t)x20 * x4) + ((uint64_t)x22 * x2))))))))))) + (0x15 * ((0x2 * ((uint64_t)x24 * x27)) + ((0x2 * ((uint64_t)x26 * x28)) + ((0x2 * ((uint64_t)x28 * x26)) + (0x2 * ((uint64_t)x27 * x24)))))));
 uint64_t x34 = ((((uint64_t)x2 * x20) + (((uint64_t)x4 * x18) + (((uint64_t)x6 * x16) + (((uint64_t)x8 * x14) + (((uint64_t)x10 * x12) + (((uint64_t)x12 * x10) + (((uint64_t)x14 * x8) + (((uint64_t)x16 * x6) + (((uint64_t)x18 * x4) + ((uint64_t)x20 * x2)))))))))) + (0x15 * ((0x2 * ((uint64_t)x22 * x27)) + ((0x2 * ((uint64_t)x24 * x28)) + ((0x2 * ((uint64_t)x26 * x26)) + ((0x2 * ((uint64_t)x28 * x24)) + (0x2 * ((uint64_t)x27 * x22))))))));
 uint64_t x35 = ((((uint64_t)x2 * x18) + (((uint64_t)x4 * x16) + (((uint64_t)x6 * x14) + (((uint64_t)x8 * x12) + (((uint64_t)x10 * x10) + (((uint64_t)x12 * x8) + (((uint64_t)x14 * x6) + (((uint64_t)x16 * x4) + ((uint64_t)x18 * x2))))))))) + (0x15 * ((0x2 * ((uint64_t)x20 * x27)) + ((0x2 * ((uint64_t)x22 * x28)) + ((0x2 * ((uint64_t)x24 * x26)) + ((0x2 * ((uint64_t)x26 * x24)) + ((0x2 * ((uint64_t)x28 * x22)) + (0x2 * ((uint64_t)x27 * x20)))))))));
 uint64_t x36 = ((((uint64_t)x2 * x16) + (((uint64_t)x4 * x14) + (((uint64_t)x6 * x12) + (((uint64_t)x8 * x10) + (((uint64_t)x10 * x8) + (((uint64_t)x12 * x6) + (((uint64_t)x14 * x4) + ((uint64_t)x16 * x2)))))))) + (0x15 * ((0x2 * ((uint64_t)x18 * x27)) + ((0x2 * ((uint64_t)x20 * x28)) + ((0x2 * ((uint64_t)x22 * x26)) + ((0x2 * ((uint64_t)x24 * x24)) + ((0x2 * ((uint64_t)x26 * x22)) + ((0x2 * ((uint64_t)x28 * x20)) + (0x2 * ((uint64_t)x27 * x18))))))))));
 uint64_t x37 = ((((uint64_t)x2 * x14) + (((uint64_t)x4 * x12) + (((uint64_t)x6 * x10) + (((uint64_t)x8 * x8) + (((uint64_t)x10 * x6) + (((uint64_t)x12 * x4) + ((uint64_t)x14 * x2))))))) + (0x15 * ((0x2 * ((uint64_t)x16 * x27)) + ((0x2 * ((uint64_t)x18 * x28)) + ((0x2 * ((uint64_t)x20 * x26)) + ((0x2 * ((uint64_t)x22 * x24)) + ((0x2 * ((uint64_t)x24 * x22)) + ((0x2 * ((uint64_t)x26 * x20)) + ((0x2 * ((uint64_t)x28 * x18)) + (0x2 * ((uint64_t)x27 * x16)))))))))));
 uint64_t x38 = ((((uint64_t)x2 * x12) + (((uint64_t)x4 * x10) + (((uint64_t)x6 * x8) + (((uint64_t)x8 * x6) + (((uint64_t)x10 * x4) + ((uint64_t)x12 * x2)))))) + (0x15 * ((0x2 * ((uint64_t)x14 * x27)) + ((0x2 * ((uint64_t)x16 * x28)) + ((0x2 * ((uint64_t)x18 * x26)) + ((0x2 * ((uint64_t)x20 * x24)) + ((0x2 * ((uint64_t)x22 * x22)) + ((0x2 * ((uint64_t)x24 * x20)) + ((0x2 * ((uint64_t)x26 * x18)) + ((0x2 * ((uint64_t)x28 * x16)) + (0x2 * ((uint64_t)x27 * x14))))))))))));
 ℤ x39 = ((((uint64_t)x2 * x10) + (((uint64_t)x4 * x8) + (((uint64_t)x6 * x6) + (((uint64_t)x8 * x4) + ((uint64_t)x10 * x2))))) +ℤ (0x15 *ℤ ((0x2 * ((uint64_t)x12 * x27)) + ((0x2 * ((uint64_t)x14 * x28)) + ((0x2 * ((uint64_t)x16 * x26)) + ((0x2 * ((uint64_t)x18 * x24)) + ((0x2 * ((uint64_t)x20 * x22)) + ((0x2 * ((uint64_t)x22 * x20)) + ((0x2 * ((uint64_t)x24 * x18)) + ((0x2 * ((uint64_t)x26 * x16)) + ((0x2 * ((uint64_t)x28 * x14)) + (0x2 * ((uint64_t)x27 * x12)))))))))))));
 ℤ x40 = ((((uint64_t)x2 * x8) + (((uint64_t)x4 * x6) + (((uint64_t)x6 * x4) + ((uint64_t)x8 * x2)))) +ℤ (0x15 *ℤ ((0x2 * ((uint64_t)x10 * x27)) + ((0x2 * ((uint64_t)x12 * x28)) + ((0x2 * ((uint64_t)x14 * x26)) + ((0x2 * ((uint64_t)x16 * x24)) + ((0x2 * ((uint64_t)x18 * x22)) + ((0x2 * ((uint64_t)x20 * x20)) + ((0x2 * ((uint64_t)x22 * x18)) + ((0x2 * ((uint64_t)x24 * x16)) + ((0x2 * ((uint64_t)x26 * x14)) + ((0x2 * ((uint64_t)x28 * x12)) + (0x2 * ((uint64_t)x27 * x10))))))))))))));
 ℤ x41 = ((((uint64_t)x2 * x6) + (((uint64_t)x4 * x4) + ((uint64_t)x6 * x2))) +ℤ (0x15 *ℤ ((0x2 * ((uint64_t)x8 * x27)) + ((0x2 * ((uint64_t)x10 * x28)) + ((0x2 * ((uint64_t)x12 * x26)) + ((0x2 * ((uint64_t)x14 * x24)) + ((0x2 * ((uint64_t)x16 * x22)) + ((0x2 * ((uint64_t)x18 * x20)) + ((0x2 * ((uint64_t)x20 * x18)) + ((0x2 * ((uint64_t)x22 * x16)) + ((0x2 * ((uint64_t)x24 * x14)) + ((0x2 * ((uint64_t)x26 * x12)) + ((0x2 * ((uint64_t)x28 * x10)) + (0x2 * ((uint64_t)x27 * x8)))))))))))))));
 ℤ x42 = ((((uint64_t)x2 * x4) + ((uint64_t)x4 * x2)) +ℤ (0x15 *ℤ ((0x2 * ((uint64_t)x6 * x27)) + ((0x2 * ((uint64_t)x8 * x28)) + ((0x2 * ((uint64_t)x10 * x26)) + ((0x2 * ((uint64_t)x12 * x24)) + ((0x2 * ((uint64_t)x14 * x22)) + ((0x2 * ((uint64_t)x16 * x20)) + ((0x2 * ((uint64_t)x18 * x18)) + ((0x2 * ((uint64_t)x20 * x16)) + ((0x2 * ((uint64_t)x22 * x14)) + ((0x2 * ((uint64_t)x24 * x12)) + ((0x2 * ((uint64_t)x26 * x10)) + ((0x2 * ((uint64_t)x28 * x8)) + (0x2 * ((uint64_t)x27 * x6))))))))))))))));
 ℤ x43 = (((uint64_t)x2 * x2) +ℤ (0x15 *ℤ ((0x2 * ((uint64_t)x4 * x27)) + ((0x2 * ((uint64_t)x6 * x28)) + ((0x2 * ((uint64_t)x8 * x26)) + ((0x2 * ((uint64_t)x10 * x24)) + ((0x2 * ((uint64_t)x12 * x22)) + ((0x2 * ((uint64_t)x14 * x20)) + ((0x2 * ((uint64_t)x16 * x18)) + ((0x2 * ((uint64_t)x18 * x16)) + ((0x2 * ((uint64_t)x20 * x14)) + ((0x2 * ((uint64_t)x22 * x12)) + ((0x2 * ((uint64_t)x24 * x10)) + ((0x2 * ((uint64_t)x26 * x8)) + ((0x2 * ((uint64_t)x28 * x6)) + (0x2 * ((uint64_t)x27 * x4)))))))))))))))));
 uint64_t x44 = (x43 >> 0x1a);
 uint32_t x45 = (x43 & 0x3ffffff);
 ℤ x46 = (x44 +ℤ x42);
 uint64_t x47 = (x46 >> 0x1a);
 uint32_t x48 = (x46 & 0x3ffffff);
 ℤ x49 = (x47 +ℤ x41);
 uint64_t x50 = (x49 >> 0x1a);
 uint32_t x51 = (x49 & 0x3ffffff);
 ℤ x52 = (x50 +ℤ x40);
 uint64_t x53 = (x52 >> 0x1a);
 uint32_t x54 = (x52 & 0x3ffffff);
 ℤ x55 = (x53 +ℤ x39);
 uint64_t x56 = (x55 >> 0x1a);
 uint32_t x57 = (x55 & 0x3ffffff);
 uint64_t x58 = (x56 + x38);
 uint64_t x59 = (x58 >> 0x1a);
 uint32_t x60 = ((uint32_t)x58 & 0x3ffffff);
 uint64_t x61 = (x59 + x37);
 uint64_t x62 = (x61 >> 0x1a);
 uint32_t x63 = ((uint32_t)x61 & 0x3ffffff);
 uint64_t x64 = (x62 + x36);
 uint64_t x65 = (x64 >> 0x1a);
 uint32_t x66 = ((uint32_t)x64 & 0x3ffffff);
 uint64_t x67 = (x65 + x35);
 uint64_t x68 = (x67 >> 0x1a);
 uint32_t x69 = ((uint32_t)x67 & 0x3ffffff);
 uint64_t x70 = (x68 + x34);
 uint64_t x71 = (x70 >> 0x1a);
 uint32_t x72 = ((uint32_t)x70 & 0x3ffffff);
 uint64_t x73 = (x71 + x33);
 uint64_t x74 = (x73 >> 0x1a);
 uint32_t x75 = ((uint32_t)x73 & 0x3ffffff);
 uint64_t x76 = (x74 + x32);
 uint64_t x77 = (x76 >> 0x1a);
 uint32_t x78 = ((uint32_t)x76 & 0x3ffffff);
 uint64_t x79 = (x77 + x31);
 uint64_t x80 = (x79 >> 0x1a);
 uint32_t x81 = ((uint32_t)x79 & 0x3ffffff);
 uint64_t x82 = (x80 + x30);
 uint64_t x83 = (x82 >> 0x1a);
 uint32_t x84 = ((uint32_t)x82 & 0x3ffffff);
 uint64_t x85 = (x83 + x29);
 uint64_t x86 = (x85 >> 0x19);
 uint32_t x87 = ((uint32_t)x85 & 0x1ffffff);
 uint64_t x88 = (x45 + (0x15 * x86));
 uint32_t x89 = (uint32_t) (x88 >> 0x1a);
 uint32_t x90 = ((uint32_t)x88 & 0x3ffffff);
 uint32_t x91 = (x89 + x48);
 uint32_t x92 = (x91 >> 0x1a);
 uint32_t x93 = (x91 & 0x3ffffff);
 return (Return x87, Return x84, Return x81, Return x78, Return x75, Return x72, Return x69, Return x66, Return x63, Return x60, Return x57, Return x54, (x92 + x51), Return x93, Return x90))
x
     : word32 * word32 * word32 * word32 * word32 * word32 * word32 * word32 * word32 * word32 * word32 * word32 * word32 * word32 * word32 → ReturnType (uint32_t * uint32_t * uint32_t * uint32_t * uint32_t * uint32_t * uint32_t * uint32_t * uint32_t * uint32_t * uint32_t * uint32_t * uint32_t * uint32_t * uint32_t)
