λ x x0 : word64 * word64 * word64 * word64 * word64 * word64 * word64 * word64 * word64 * word64,
Interp-η
(λ var : Syntax.base_type → Type,
 λ '(x20, x21, x19, x17, x15, x13, x11, x9, x7, x5, (x38, x39, x37, x35, x33, x31, x29, x27, x25, x23))%core,
 uint128_t x40 = (((uint128_t)x5 * x38) + (((uint128_t)x7 * x39) + (((uint128_t)x9 * x37) + (((uint128_t)x11 * x35) + (((uint128_t)x13 * x33) + (((uint128_t)x15 * x31) + (((uint128_t)x17 * x29) + (((uint128_t)x19 * x27) + (((uint128_t)x21 * x25) + ((uint128_t)x20 * x23))))))))));
 uint128_t x41 = ((((uint128_t)x5 * x39) + ((0x2 * ((uint128_t)x7 * x37)) + (((uint128_t)x9 * x35) + ((0x2 * ((uint128_t)x11 * x33)) + (((uint128_t)x13 * x31) + ((0x2 * ((uint128_t)x15 * x29)) + (((uint128_t)x17 * x27) + ((0x2 * ((uint128_t)x19 * x25)) + ((uint128_t)x21 * x23))))))))) + (0x1f * (0x2 * ((uint128_t)x20 * x38))));
 uint128_t x42 = ((((uint128_t)x5 * x37) + (((uint128_t)x7 * x35) + (((uint128_t)x9 * x33) + (((uint128_t)x11 * x31) + (((uint128_t)x13 * x29) + (((uint128_t)x15 * x27) + (((uint128_t)x17 * x25) + ((uint128_t)x19 * x23)))))))) + (0x1f * (((uint128_t)x21 * x38) + ((uint128_t)x20 * x39))));
 uint128_t x43 = ((((uint128_t)x5 * x35) + ((0x2 * ((uint128_t)x7 * x33)) + (((uint128_t)x9 * x31) + ((0x2 * ((uint128_t)x11 * x29)) + (((uint128_t)x13 * x27) + ((0x2 * ((uint128_t)x15 * x25)) + ((uint128_t)x17 * x23))))))) + (0x1f * ((0x2 * ((uint128_t)x19 * x38)) + (((uint128_t)x21 * x39) + (0x2 * ((uint128_t)x20 * x37))))));
 uint128_t x44 = ((((uint128_t)x5 * x33) + (((uint128_t)x7 * x31) + (((uint128_t)x9 * x29) + (((uint128_t)x11 * x27) + (((uint128_t)x13 * x25) + ((uint128_t)x15 * x23)))))) + (0x1f * (((uint128_t)x17 * x38) + (((uint128_t)x19 * x39) + (((uint128_t)x21 * x37) + ((uint128_t)x20 * x35))))));
 uint128_t x45 = ((((uint128_t)x5 * x31) + ((0x2 * ((uint128_t)x7 * x29)) + (((uint128_t)x9 * x27) + ((0x2 * ((uint128_t)x11 * x25)) + ((uint128_t)x13 * x23))))) + (0x1f * ((0x2 * ((uint128_t)x15 * x38)) + (((uint128_t)x17 * x39) + ((0x2 * ((uint128_t)x19 * x37)) + (((uint128_t)x21 * x35) + (0x2 * ((uint128_t)x20 * x33))))))));
 uint128_t x46 = ((((uint128_t)x5 * x29) + (((uint128_t)x7 * x27) + (((uint128_t)x9 * x25) + ((uint128_t)x11 * x23)))) + (0x1f * (((uint128_t)x13 * x38) + (((uint128_t)x15 * x39) + (((uint128_t)x17 * x37) + (((uint128_t)x19 * x35) + (((uint128_t)x21 * x33) + ((uint128_t)x20 * x31))))))));
 uint128_t x47 = ((((uint128_t)x5 * x27) + ((0x2 * ((uint128_t)x7 * x25)) + ((uint128_t)x9 * x23))) + (0x1f * ((0x2 * ((uint128_t)x11 * x38)) + (((uint128_t)x13 * x39) + ((0x2 * ((uint128_t)x15 * x37)) + (((uint128_t)x17 * x35) + ((0x2 * ((uint128_t)x19 * x33)) + (((uint128_t)x21 * x31) + (0x2 * ((uint128_t)x20 * x29))))))))));
 uint128_t x48 = ((((uint128_t)x5 * x25) + ((uint128_t)x7 * x23)) + (0x1f * (((uint128_t)x9 * x38) + (((uint128_t)x11 * x39) + (((uint128_t)x13 * x37) + (((uint128_t)x15 * x35) + (((uint128_t)x17 * x33) + (((uint128_t)x19 * x31) + (((uint128_t)x21 * x29) + ((uint128_t)x20 * x27))))))))));
 uint128_t x49 = (((uint128_t)x5 * x23) + (0x1f * ((0x2 * ((uint128_t)x7 * x38)) + (((uint128_t)x9 * x39) + ((0x2 * ((uint128_t)x11 * x37)) + (((uint128_t)x13 * x35) + ((0x2 * ((uint128_t)x15 * x33)) + (((uint128_t)x17 * x31) + ((0x2 * ((uint128_t)x19 * x29)) + (((uint128_t)x21 * x27) + (0x2 * ((uint128_t)x20 * x25))))))))))));
 uint64_t x50 = (uint64_t) (x49 >> 0x32);
 uint64_t x51 = ((uint64_t)x49 & 0x3ffffffffffff);
 uint128_t x52 = (x50 + x48);
 uint64_t x53 = (uint64_t) (x52 >> 0x31);
 uint64_t x54 = ((uint64_t)x52 & 0x1ffffffffffff);
 uint128_t x55 = (x53 + x47);
 uint64_t x56 = (uint64_t) (x55 >> 0x32);
 uint64_t x57 = ((uint64_t)x55 & 0x3ffffffffffff);
 uint128_t x58 = (x56 + x46);
 uint64_t x59 = (uint64_t) (x58 >> 0x31);
 uint64_t x60 = ((uint64_t)x58 & 0x1ffffffffffff);
 uint128_t x61 = (x59 + x45);
 uint64_t x62 = (uint64_t) (x61 >> 0x32);
 uint64_t x63 = ((uint64_t)x61 & 0x3ffffffffffff);
 uint128_t x64 = (x62 + x44);
 uint64_t x65 = (uint64_t) (x64 >> 0x31);
 uint64_t x66 = ((uint64_t)x64 & 0x1ffffffffffff);
 uint128_t x67 = (x65 + x43);
 uint64_t x68 = (uint64_t) (x67 >> 0x32);
 uint64_t x69 = ((uint64_t)x67 & 0x3ffffffffffff);
 uint128_t x70 = (x68 + x42);
 uint64_t x71 = (uint64_t) (x70 >> 0x31);
 uint64_t x72 = ((uint64_t)x70 & 0x1ffffffffffff);
 uint128_t x73 = (x71 + x41);
 uint64_t x74 = (uint64_t) (x73 >> 0x32);
 uint64_t x75 = ((uint64_t)x73 & 0x3ffffffffffff);
 uint128_t x76 = (x74 + x40);
 uint64_t x77 = (uint64_t) (x76 >> 0x31);
 uint64_t x78 = ((uint64_t)x76 & 0x1ffffffffffff);
 uint64_t x79 = (x51 + (0x1f * x77));
 uint64_t x80 = (x79 >> 0x32);
 uint64_t x81 = (x79 & 0x3ffffffffffff);
 uint64_t x82 = (x80 + x54);
 uint64_t x83 = (x82 >> 0x31);
 uint64_t x84 = (x82 & 0x1ffffffffffff);
 return (Return x78, Return x75, Return x72, Return x69, Return x66, Return x63, Return x60, (x83 + x57), Return x84, Return x81))
(x, x0)%core
     : word64 * word64 * word64 * word64 * word64 * word64 * word64 * word64 * word64 * word64 → word64 * word64 * word64 * word64 * word64 * word64 * word64 * word64 * word64 * word64 → ReturnType (uint64_t * uint64_t * uint64_t * uint64_t * uint64_t * uint64_t * uint64_t * uint64_t * uint64_t * uint64_t)
