λ x x0 : word32 * word32 * word32 * word32 * word32 * word32 * word32 * word32 * word32 * word32 * word32 * word32,
Interp-η
(λ var : Syntax.base_type → Type,
 λ '(x24, x25, x23, x21, x19, x17, x15, x13, x11, x9, x7, x5, (x46, x47, x45, x43, x41, x39, x37, x35, x33, x31, x29, x27))%core,
 uint64_t x48 = ((((uint64_t)x5 * x46) + ((0x2 * ((uint64_t)x7 * x47)) + (((uint64_t)x9 * x45) + (((uint64_t)x11 * x43) + ((0x2 * ((uint64_t)x13 * x41)) + (((uint64_t)x15 * x39) + (((uint64_t)x17 * x37) + ((0x2 * ((uint64_t)x19 * x35)) + (((uint64_t)x21 * x33) + (((uint64_t)x23 * x31) + ((0x2 * ((uint64_t)x25 * x29)) + ((uint64_t)x24 * x27)))))))))))) + (0x800 * ((uint64_t)x24 * x46)));
 uint64_t x49 = ((((uint64_t)x5 * x47) + (((uint64_t)x7 * x45) + (((uint64_t)x9 * x43) + (((uint64_t)x11 * x41) + (((uint64_t)x13 * x39) + (((uint64_t)x15 * x37) + (((uint64_t)x17 * x35) + (((uint64_t)x19 * x33) + (((uint64_t)x21 * x31) + (((uint64_t)x23 * x29) + ((uint64_t)x25 * x27))))))))))) + ((0x3d1 * ((uint64_t)x24 * x46)) + (0x400 * ((0x2 * ((uint64_t)x25 * x46)) + (0x2 * ((uint64_t)x24 * x47))))));
 uint64_t x50 = ((((uint64_t)x5 * x45) + ((0x2 * ((uint64_t)x7 * x43)) + ((0x2 * ((uint64_t)x9 * x41)) + (((uint64_t)x11 * x39) + ((0x2 * ((uint64_t)x13 * x37)) + ((0x2 * ((uint64_t)x15 * x35)) + (((uint64_t)x17 * x33) + ((0x2 * ((uint64_t)x19 * x31)) + ((0x2 * ((uint64_t)x21 * x29)) + ((uint64_t)x23 * x27)))))))))) + ((0x3d1 * ((0x2 * ((uint64_t)x25 * x46)) + (0x2 * ((uint64_t)x24 * x47)))) + (0x800 * (((uint64_t)x23 * x46) + ((0x2 * ((uint64_t)x25 * x47)) + ((uint64_t)x24 * x45))))));
 uint64_t x51 = ((((uint64_t)x5 * x43) + ((0x2 * ((uint64_t)x7 * x41)) + (((uint64_t)x9 * x39) + (((uint64_t)x11 * x37) + ((0x2 * ((uint64_t)x13 * x35)) + (((uint64_t)x15 * x33) + (((uint64_t)x17 * x31) + ((0x2 * ((uint64_t)x19 * x29)) + ((uint64_t)x21 * x27))))))))) + ((0x3d1 * (((uint64_t)x23 * x46) + ((0x2 * ((uint64_t)x25 * x47)) + ((uint64_t)x24 * x45)))) + (0x800 * (((uint64_t)x21 * x46) + (((uint64_t)x23 * x47) + (((uint64_t)x25 * x45) + ((uint64_t)x24 * x43)))))));
 uint64_t x52 = ((((uint64_t)x5 * x41) + (((uint64_t)x7 * x39) + (((uint64_t)x9 * x37) + (((uint64_t)x11 * x35) + (((uint64_t)x13 * x33) + (((uint64_t)x15 * x31) + (((uint64_t)x17 * x29) + ((uint64_t)x19 * x27)))))))) + ((0x3d1 * (((uint64_t)x21 * x46) + (((uint64_t)x23 * x47) + (((uint64_t)x25 * x45) + ((uint64_t)x24 * x43))))) + (0x400 * ((0x2 * ((uint64_t)x19 * x46)) + ((0x2 * ((uint64_t)x21 * x47)) + (((uint64_t)x23 * x45) + ((0x2 * ((uint64_t)x25 * x43)) + (0x2 * ((uint64_t)x24 * x41)))))))));
 uint64_t x53 = ((((uint64_t)x5 * x39) + ((0x2 * ((uint64_t)x7 * x37)) + ((0x2 * ((uint64_t)x9 * x35)) + (((uint64_t)x11 * x33) + ((0x2 * ((uint64_t)x13 * x31)) + ((0x2 * ((uint64_t)x15 * x29)) + ((uint64_t)x17 * x27))))))) + ((0x3d1 * ((0x2 * ((uint64_t)x19 * x46)) + ((0x2 * ((uint64_t)x21 * x47)) + (((uint64_t)x23 * x45) + ((0x2 * ((uint64_t)x25 * x43)) + (0x2 * ((uint64_t)x24 * x41))))))) + (0x800 * (((uint64_t)x17 * x46) + ((0x2 * ((uint64_t)x19 * x47)) + (((uint64_t)x21 * x45) + (((uint64_t)x23 * x43) + ((0x2 * ((uint64_t)x25 * x41)) + ((uint64_t)x24 * x39)))))))));
 uint64_t x54 = ((((uint64_t)x5 * x37) + ((0x2 * ((uint64_t)x7 * x35)) + (((uint64_t)x9 * x33) + (((uint64_t)x11 * x31) + ((0x2 * ((uint64_t)x13 * x29)) + ((uint64_t)x15 * x27)))))) + ((0x3d1 * (((uint64_t)x17 * x46) + ((0x2 * ((uint64_t)x19 * x47)) + (((uint64_t)x21 * x45) + (((uint64_t)x23 * x43) + ((0x2 * ((uint64_t)x25 * x41)) + ((uint64_t)x24 * x39))))))) + (0x800 * (((uint64_t)x15 * x46) + (((uint64_t)x17 * x47) + (((uint64_t)x19 * x45) + (((uint64_t)x21 * x43) + (((uint64_t)x23 * x41) + (((uint64_t)x25 * x39) + ((uint64_t)x24 * x37))))))))));
 uint64_t x55 = ((((uint64_t)x5 * x35) + (((uint64_t)x7 * x33) + (((uint64_t)x9 * x31) + (((uint64_t)x11 * x29) + ((uint64_t)x13 * x27))))) + ((0x3d1 * (((uint64_t)x15 * x46) + (((uint64_t)x17 * x47) + (((uint64_t)x19 * x45) + (((uint64_t)x21 * x43) + (((uint64_t)x23 * x41) + (((uint64_t)x25 * x39) + ((uint64_t)x24 * x37)))))))) + (0x400 * ((0x2 * ((uint64_t)x13 * x46)) + ((0x2 * ((uint64_t)x15 * x47)) + (((uint64_t)x17 * x45) + ((0x2 * ((uint64_t)x19 * x43)) + ((0x2 * ((uint64_t)x21 * x41)) + (((uint64_t)x23 * x39) + ((0x2 * ((uint64_t)x25 * x37)) + (0x2 * ((uint64_t)x24 * x35))))))))))));
 uint64_t x56 = ((((uint64_t)x5 * x33) + ((0x2 * ((uint64_t)x7 * x31)) + ((0x2 * ((uint64_t)x9 * x29)) + ((uint64_t)x11 * x27)))) + ((0x3d1 * ((0x2 * ((uint64_t)x13 * x46)) + ((0x2 * ((uint64_t)x15 * x47)) + (((uint64_t)x17 * x45) + ((0x2 * ((uint64_t)x19 * x43)) + ((0x2 * ((uint64_t)x21 * x41)) + (((uint64_t)x23 * x39) + ((0x2 * ((uint64_t)x25 * x37)) + (0x2 * ((uint64_t)x24 * x35)))))))))) + (0x800 * (((uint64_t)x11 * x46) + ((0x2 * ((uint64_t)x13 * x47)) + (((uint64_t)x15 * x45) + (((uint64_t)x17 * x43) + ((0x2 * ((uint64_t)x19 * x41)) + (((uint64_t)x21 * x39) + (((uint64_t)x23 * x37) + ((0x2 * ((uint64_t)x25 * x35)) + ((uint64_t)x24 * x33))))))))))));
 uint64_t x57 = ((((uint64_t)x5 * x31) + ((0x2 * ((uint64_t)x7 * x29)) + ((uint64_t)x9 * x27))) + ((0x3d1 * (((uint64_t)x11 * x46) + ((0x2 * ((uint64_t)x13 * x47)) + (((uint64_t)x15 * x45) + (((uint64_t)x17 * x43) + ((0x2 * ((uint64_t)x19 * x41)) + (((uint64_t)x21 * x39) + (((uint64_t)x23 * x37) + ((0x2 * ((uint64_t)x25 * x35)) + ((uint64_t)x24 * x33)))))))))) + (0x800 * (((uint64_t)x9 * x46) + (((uint64_t)x11 * x47) + (((uint64_t)x13 * x45) + (((uint64_t)x15 * x43) + (((uint64_t)x17 * x41) + (((uint64_t)x19 * x39) + (((uint64_t)x21 * x37) + (((uint64_t)x23 * x35) + (((uint64_t)x25 * x33) + ((uint64_t)x24 * x31)))))))))))));
 uint64_t x58 = ((((uint64_t)x5 * x29) + ((uint64_t)x7 * x27)) + ((0x3d1 * (((uint64_t)x9 * x46) + (((uint64_t)x11 * x47) + (((uint64_t)x13 * x45) + (((uint64_t)x15 * x43) + (((uint64_t)x17 * x41) + (((uint64_t)x19 * x39) + (((uint64_t)x21 * x37) + (((uint64_t)x23 * x35) + (((uint64_t)x25 * x33) + ((uint64_t)x24 * x31))))))))))) + (0x400 * ((0x2 * ((uint64_t)x7 * x46)) + ((0x2 * ((uint64_t)x9 * x47)) + (((uint64_t)x11 * x45) + ((0x2 * ((uint64_t)x13 * x43)) + ((0x2 * ((uint64_t)x15 * x41)) + (((uint64_t)x17 * x39) + ((0x2 * ((uint64_t)x19 * x37)) + ((0x2 * ((uint64_t)x21 * x35)) + (((uint64_t)x23 * x33) + ((0x2 * ((uint64_t)x25 * x31)) + (0x2 * ((uint64_t)x24 * x29)))))))))))))));
 uint64_t x59 = (((uint64_t)x5 * x27) + (0x3d1 * ((0x2 * ((uint64_t)x7 * x46)) + ((0x2 * ((uint64_t)x9 * x47)) + (((uint64_t)x11 * x45) + ((0x2 * ((uint64_t)x13 * x43)) + ((0x2 * ((uint64_t)x15 * x41)) + (((uint64_t)x17 * x39) + ((0x2 * ((uint64_t)x19 * x37)) + ((0x2 * ((uint64_t)x21 * x35)) + (((uint64_t)x23 * x33) + ((0x2 * ((uint64_t)x25 * x31)) + (0x2 * ((uint64_t)x24 * x29))))))))))))));
 uint64_t x60 = (x59 >> 0x16);
 uint32_t x61 = ((uint32_t)x59 & 0x3fffff);
 uint64_t x62 = (x48 >> 0x15);
 uint32_t x63 = ((uint32_t)x48 & 0x1fffff);
 uint64_t x64 = ((0x200000 * x62) + x63);
 uint64_t x65 = (x64 >> 0x15);
 uint32_t x66 = ((uint32_t)x64 & 0x1fffff);
 uint64_t x67 = ((x60 + x58) + (0x400 * x65));
 uint64_t x68 = (x67 >> 0x15);
 uint32_t x69 = ((uint32_t)x67 & 0x1fffff);
 uint64_t x70 = (x61 + (0x3d1 * x65));
 uint32_t x71 = (uint32_t) (x70 >> 0x16);
 uint32_t x72 = ((uint32_t)x70 & 0x3fffff);
 uint64_t x73 = (x68 + x57);
 uint64_t x74 = (x73 >> 0x15);
 uint32_t x75 = ((uint32_t)x73 & 0x1fffff);
 uint64_t x76 = (x74 + x56);
 uint64_t x77 = (x76 >> 0x16);
 uint32_t x78 = ((uint32_t)x76 & 0x3fffff);
 uint64_t x79 = (x77 + x55);
 uint64_t x80 = (x79 >> 0x15);
 uint32_t x81 = ((uint32_t)x79 & 0x1fffff);
 uint64_t x82 = (x80 + x54);
 uint64_t x83 = (x82 >> 0x15);
 uint32_t x84 = ((uint32_t)x82 & 0x1fffff);
 uint64_t x85 = (x83 + x53);
 uint64_t x86 = (x85 >> 0x16);
 uint32_t x87 = ((uint32_t)x85 & 0x3fffff);
 uint64_t x88 = (x86 + x52);
 uint64_t x89 = (x88 >> 0x15);
 uint32_t x90 = ((uint32_t)x88 & 0x1fffff);
 uint64_t x91 = (x89 + x51);
 uint64_t x92 = (x91 >> 0x15);
 uint32_t x93 = ((uint32_t)x91 & 0x1fffff);
 uint64_t x94 = (x92 + x50);
 uint64_t x95 = (x94 >> 0x16);
 uint32_t x96 = ((uint32_t)x94 & 0x3fffff);
 uint64_t x97 = (x95 + x49);
 uint64_t x98 = (x97 >> 0x15);
 uint32_t x99 = ((uint32_t)x97 & 0x1fffff);
 uint64_t x100 = (x98 + x66);
 uint32_t x101 = (uint32_t) (x100 >> 0x15);
 uint32_t x102 = ((uint32_t)x100 & 0x1fffff);
 uint64_t x103 = (((uint64_t)0x200000 * x101) + x102);
 uint32_t x104 = (uint32_t) (x103 >> 0x15);
 uint32_t x105 = ((uint32_t)x103 & 0x1fffff);
 uint32_t x106 = ((x71 + x69) + (0x400 * x104));
 uint32_t x107 = (x106 >> 0x15);
 uint32_t x108 = (x106 & 0x1fffff);
 uint32_t x109 = (x72 + (0x3d1 * x104));
 uint32_t x110 = (x109 >> 0x16);
 uint32_t x111 = (x109 & 0x3fffff);
 return (Return x105, Return x99, Return x96, Return x93, Return x90, Return x87, Return x84, Return x81, Return x78, (x107 + x75), (x110 + x108), Return x111))
(x, x0)%core
     : word32 * word32 * word32 * word32 * word32 * word32 * word32 * word32 * word32 * word32 * word32 * word32 → word32 * word32 * word32 * word32 * word32 * word32 * word32 * word32 * word32 * word32 * word32 * word32 → ReturnType (uint32_t * uint32_t * uint32_t * uint32_t * uint32_t * uint32_t * uint32_t * uint32_t * uint32_t * uint32_t * uint32_t * uint32_t)
