λ x : word64 * word64 * word64 * word64 * word64,
Interp-η
(λ var : Syntax.base_type → Type,
 λ '(x7, x8, x6, x4, x2)%core,
 uint128_t x9 = (((uint128_t)x2 * x7) + ((0x2 * ((uint128_t)x4 * x8)) + ((0x2 * ((uint128_t)x6 * x6)) + ((0x2 * ((uint128_t)x8 * x4)) + ((uint128_t)x7 * x2)))));
 uint128_t x10 = ((((uint128_t)x2 * x8) + ((0x2 * ((uint128_t)x4 * x6)) + ((0x2 * ((uint128_t)x6 * x4)) + ((uint128_t)x8 * x2)))) + (0x5 * ((uint128_t)x7 * x7)));
 uint128_t x11 = ((((uint128_t)x2 * x6) + ((0x2 * ((uint128_t)x4 * x4)) + ((uint128_t)x6 * x2))) + (0x5 * (((uint128_t)x8 * x7) + ((uint128_t)x7 * x8))));
 uint128_t x12 = ((((uint128_t)x2 * x4) + ((uint128_t)x4 * x2)) + (0x5 * (((uint128_t)x6 * x7) + (((uint128_t)x8 * x8) + ((uint128_t)x7 * x6)))));
 uint128_t x13 = (((uint128_t)x2 * x2) + (0x5 * ((0x2 * ((uint128_t)x4 * x7)) + ((0x2 * ((uint128_t)x6 * x8)) + ((0x2 * ((uint128_t)x8 * x6)) + (0x2 * ((uint128_t)x7 * x4)))))));
 uint64_t x14 = (uint64_t) (x13 >> 0x2a);
 uint64_t x15 = ((uint64_t)x13 & 0x3ffffffffff);
 uint128_t x16 = (x14 + x12);
 uint64_t x17 = (uint64_t) (x16 >> 0x29);
 uint64_t x18 = ((uint64_t)x16 & 0x1ffffffffff);
 uint128_t x19 = (x17 + x11);
 uint64_t x20 = (uint64_t) (x19 >> 0x29);
 uint64_t x21 = ((uint64_t)x19 & 0x1ffffffffff);
 uint128_t x22 = (x20 + x10);
 uint64_t x23 = (uint64_t) (x22 >> 0x29);
 uint64_t x24 = ((uint64_t)x22 & 0x1ffffffffff);
 uint128_t x25 = (x23 + x9);
 uint64_t x26 = (uint64_t) (x25 >> 0x29);
 uint64_t x27 = ((uint64_t)x25 & 0x1ffffffffff);
 uint64_t x28 = (x15 + (0x5 * x26));
 uint64_t x29 = (x28 >> 0x2a);
 uint64_t x30 = (x28 & 0x3ffffffffff);
 uint64_t x31 = (x29 + x18);
 uint64_t x32 = (x31 >> 0x29);
 uint64_t x33 = (x31 & 0x1ffffffffff);
 return (Return x27, Return x24, (x32 + x21), Return x33, Return x30))
x
     : word64 * word64 * word64 * word64 * word64 → ReturnType (uint64_t * uint64_t * uint64_t * uint64_t * uint64_t)
