rladderstepW = 
fun var : base_type -> Type =>
λ
_ _ _ _ _ _ _ _ _ _ _ _ _ _ _ _ _ _ _ _ _ _ _ _ x23 x24 x25 x26 x27 x28 x29
 x30 x31 x32 x33 x34 x35 x36 x37 x38 x39 x40 x41 x42 x43 x44 x45 x46 x47 x48
 x49 x50 x51 x52 x53 x54 x55 x56 x57 x58 x59 x60 x61 x62 x63 x64 x65 x66 x67
 x68 x69 x70 : var TZ,
Tbase TZ x71 = x39 + x47;
Tbase TZ x72 = x40 + x48;
Tbase TZ x73 = x41 + x49;
Tbase TZ x74 = x42 + x50;
Tbase TZ x75 = x43 + x51;
Tbase TZ x76 = x44 + x52;
Tbase TZ x77 = x45 + x53;
Tbase TZ x78 = x46 + x54;
Tbase TZ x79 = x78 * x78;
Tbase TZ x80 = 0x2;
Tbase TZ x81 = x77 * x80;
Tbase TZ x82 = x71 * x81;
Tbase TZ x83 = 0x2;
Tbase TZ x84 = x76 * x83;
Tbase TZ x85 = x72 * x84;
Tbase TZ x86 = 0x2;
Tbase TZ x87 = x75 * x86;
Tbase TZ x88 = x73 * x87;
Tbase TZ x89 = 0x2;
Tbase TZ x90 = x74 * x89;
Tbase TZ x91 = x74 * x90;
Tbase TZ x92 = 0x2;
Tbase TZ x93 = x73 * x92;
Tbase TZ x94 = x75 * x93;
Tbase TZ x95 = 0x2;
Tbase TZ x96 = x72 * x95;
Tbase TZ x97 = x76 * x96;
Tbase TZ x98 = 0x2;
Tbase TZ x99 = x71 * x98;
Tbase TZ x100 = x77 * x99;
Tbase TZ x101 = x97 + x100;
Tbase TZ x102 = x94 + x101;
Tbase TZ x103 = x91 + x102;
Tbase TZ x104 = x88 + x103;
Tbase TZ x105 = x85 + x104;
Tbase TZ x106 = x82 + x105;
Tbase TZ x107 = 0x3;
Tbase TZ x108 = x107 * x106;
Tbase TZ x109 = x79 + x108;
Tbase TZ x110 = 0x1c;
Tbase TZ x111 = x109 >>> x110;
Tbase TZ x112 = x77 * x78;
Tbase TZ x113 = x78 * x77;
Tbase TZ x114 = x112 + x113;
Tbase TZ x115 = 0x2;
Tbase TZ x116 = x76 * x115;
Tbase TZ x117 = x71 * x116;
Tbase TZ x118 = x72 * x75;
Tbase TZ x119 = 0x2;
Tbase TZ x120 = x74 * x119;
Tbase TZ x121 = x73 * x120;
Tbase TZ x122 = 0x2;
Tbase TZ x123 = x73 * x122;
Tbase TZ x124 = x74 * x123;
Tbase TZ x125 = x75 * x72;
Tbase TZ x126 = 0x2;
Tbase TZ x127 = x71 * x126;
Tbase TZ x128 = x76 * x127;
Tbase TZ x129 = x125 + x128;
Tbase TZ x130 = x124 + x129;
Tbase TZ x131 = x121 + x130;
Tbase TZ x132 = x118 + x131;
Tbase TZ x133 = x117 + x132;
Tbase TZ x134 = 0x3;
Tbase TZ x135 = x134 * x133;
Tbase TZ x136 = x114 + x135;
Tbase TZ x137 = x111 + x136;
Tbase TZ x138 = 0x1c;
Tbase TZ x139 = x137 >>> x138;
Tbase TZ x140 = x76 * x78;
Tbase TZ x141 = x77 * x77;
Tbase TZ x142 = x78 * x76;
Tbase TZ x143 = x141 + x142;
Tbase TZ x144 = x140 + x143;
Tbase TZ x145 = x71 * x75;
Tbase TZ x146 = x72 * x74;
Tbase TZ x147 = 0x2;
Tbase TZ x148 = x73 * x147;
Tbase TZ x149 = x73 * x148;
Tbase TZ x150 = x74 * x72;
Tbase TZ x151 = x75 * x71;
Tbase TZ x152 = x150 + x151;
Tbase TZ x153 = x149 + x152;
Tbase TZ x154 = x146 + x153;
Tbase TZ x155 = x145 + x154;
Tbase TZ x156 = 0x3;
Tbase TZ x157 = x156 * x155;
Tbase TZ x158 = x144 + x157;
Tbase TZ x159 = x139 + x158;
Tbase TZ x160 = 0x1b;
Tbase TZ x161 = x159 >>> x160;
Tbase TZ x162 = x75 * x78;
Tbase TZ x163 = 0x2;
Tbase TZ x164 = x77 * x163;
Tbase TZ x165 = x76 * x164;
Tbase TZ x166 = 0x2;
Tbase TZ x167 = x76 * x166;
Tbase TZ x168 = x77 * x167;
Tbase TZ x169 = x78 * x75;
Tbase TZ x170 = x168 + x169;
Tbase TZ x171 = x165 + x170;
Tbase TZ x172 = x162 + x171;
Tbase TZ x173 = 0x2;
Tbase TZ x174 = x74 * x173;
Tbase TZ x175 = x71 * x174;
Tbase TZ x176 = 0x2;
Tbase TZ x177 = x73 * x176;
Tbase TZ x178 = x72 * x177;
Tbase TZ x179 = 0x2;
Tbase TZ x180 = x72 * x179;
Tbase TZ x181 = x73 * x180;
Tbase TZ x182 = 0x2;
Tbase TZ x183 = x71 * x182;
Tbase TZ x184 = x74 * x183;
Tbase TZ x185 = x181 + x184;
Tbase TZ x186 = x178 + x185;
Tbase TZ x187 = x175 + x186;
Tbase TZ x188 = 0x3;
Tbase TZ x189 = x188 * x187;
Tbase TZ x190 = x172 + x189;
Tbase TZ x191 = x161 + x190;
Tbase TZ x192 = 0x1c;
Tbase TZ x193 = x191 >>> x192;
Tbase TZ x194 = x74 * x78;
Tbase TZ x195 = x75 * x77;
Tbase TZ x196 = 0x2;
Tbase TZ x197 = x76 * x196;
Tbase TZ x198 = x76 * x197;
Tbase TZ x199 = x77 * x75;
Tbase TZ x200 = x78 * x74;
Tbase TZ x201 = x199 + x200;
Tbase TZ x202 = x198 + x201;
Tbase TZ x203 = x195 + x202;
Tbase TZ x204 = x194 + x203;
Tbase TZ x205 = 0x2;
Tbase TZ x206 = x73 * x205;
Tbase TZ x207 = x71 * x206;
Tbase TZ x208 = x72 * x72;
Tbase TZ x209 = 0x2;
Tbase TZ x210 = x71 * x209;
Tbase TZ x211 = x73 * x210;
Tbase TZ x212 = x208 + x211;
Tbase TZ x213 = x207 + x212;
Tbase TZ x214 = 0x3;
Tbase TZ x215 = x214 * x213;
Tbase TZ x216 = x204 + x215;
Tbase TZ x217 = x193 + x216;
Tbase TZ x218 = 0x1c;
Tbase TZ x219 = x217 >>> x218;
Tbase TZ x220 = x73 * x78;
Tbase TZ x221 = x74 * x77;
Tbase TZ x222 = x75 * x76;
Tbase TZ x223 = x76 * x75;
Tbase TZ x224 = x77 * x74;
Tbase TZ x225 = x78 * x73;
Tbase TZ x226 = x224 + x225;
Tbase TZ x227 = x223 + x226;
Tbase TZ x228 = x222 + x227;
Tbase TZ x229 = x221 + x228;
Tbase TZ x230 = x220 + x229;
Tbase TZ x231 = x71 * x72;
Tbase TZ x232 = x72 * x71;
Tbase TZ x233 = x231 + x232;
Tbase TZ x234 = 0x3;
Tbase TZ x235 = x234 * x233;
Tbase TZ x236 = x230 + x235;
Tbase TZ x237 = x219 + x236;
Tbase TZ x238 = 0x1b;
Tbase TZ x239 = x237 >>> x238;
Tbase TZ x240 = x72 * x78;
Tbase TZ x241 = 0x2;
Tbase TZ x242 = x77 * x241;
Tbase TZ x243 = x73 * x242;
Tbase TZ x244 = 0x2;
Tbase TZ x245 = x76 * x244;
Tbase TZ x246 = x74 * x245;
Tbase TZ x247 = x75 * x75;
Tbase TZ x248 = 0x2;
Tbase TZ x249 = x74 * x248;
Tbase TZ x250 = x76 * x249;
Tbase TZ x251 = 0x2;
Tbase TZ x252 = x73 * x251;
Tbase TZ x253 = x77 * x252;
Tbase TZ x254 = x78 * x72;
Tbase TZ x255 = x253 + x254;
Tbase TZ x256 = x250 + x255;
Tbase TZ x257 = x247 + x256;
Tbase TZ x258 = x246 + x257;
Tbase TZ x259 = x243 + x258;
Tbase TZ x260 = x240 + x259;
Tbase TZ x261 = 0x2;
Tbase TZ x262 = x71 * x261;
Tbase TZ x263 = x71 * x262;
Tbase TZ x264 = 0x3;
Tbase TZ x265 = x264 * x263;
Tbase TZ x266 = x260 + x265;
Tbase TZ x267 = x239 + x266;
Tbase TZ x268 = 0x1c;
Tbase TZ x269 = x267 >>> x268;
Tbase TZ x270 = x71 * x78;
Tbase TZ x271 = x72 * x77;
Tbase TZ x272 = 0x2;
Tbase TZ x273 = x76 * x272;
Tbase TZ x274 = x73 * x273;
Tbase TZ x275 = x74 * x75;
Tbase TZ x276 = x75 * x74;
Tbase TZ x277 = 0x2;
Tbase TZ x278 = x73 * x277;
Tbase TZ x279 = x76 * x278;
Tbase TZ x280 = x77 * x72;
Tbase TZ x281 = x78 * x71;
Tbase TZ x282 = x280 + x281;
Tbase TZ x283 = x279 + x282;
Tbase TZ x284 = x276 + x283;
Tbase TZ x285 = x275 + x284;
Tbase TZ x286 = x274 + x285;
Tbase TZ x287 = x271 + x286;
Tbase TZ x288 = x270 + x287;
Tbase TZ x289 = x269 + x288;
Tbase TZ x290 = 0x1b;
Tbase TZ x291 = x289 >>> x290;
Tbase TZ x292 = 0x3;
Tbase TZ x293 = x292 * x291;
Tbase TZ x294 = 0xfffffff;
Tbase TZ x295 = x109 & x294;
Tbase TZ x296 = x293 + x295;
Tbase TZ x297 = 0x1c;
Tbase TZ x298 = x296 >>> x297;
Tbase TZ x299 = 0xfffffff;
Tbase TZ x300 = x137 & x299;
Tbase TZ x301 = x298 + x300;
Tbase TZ x302 = 0x7ffffff;
Tbase TZ x303 = x289 & x302;
Tbase TZ x304 = 0xfffffff;
Tbase TZ x305 = x267 & x304;
Tbase TZ x306 = 0x7ffffff;
Tbase TZ x307 = x237 & x306;
Tbase TZ x308 = 0xfffffff;
Tbase TZ x309 = x217 & x308;
Tbase TZ x310 = 0xfffffff;
Tbase TZ x311 = x191 & x310;
Tbase TZ x312 = 0x1c;
Tbase TZ x313 = x301 >>> x312;
Tbase TZ x314 = 0x7ffffff;
Tbase TZ x315 = x159 & x314;
Tbase TZ x316 = x313 + x315;
Tbase TZ x317 = 0xfffffff;
Tbase TZ x318 = x301 & x317;
Tbase TZ x319 = 0xfffffff;
Tbase TZ x320 = x296 & x319;
Tbase TZ x321 = 0xffffffe;
Tbase TZ x322 = x321 + x39;
Tbase TZ x323 = x322 - x47;
Tbase TZ x324 = 0x1ffffffe;
Tbase TZ x325 = x324 + x40;
Tbase TZ x326 = x325 - x48;
Tbase TZ x327 = 0xffffffe;
Tbase TZ x328 = x327 + x41;
Tbase TZ x329 = x328 - x49;
Tbase TZ x330 = 0x1ffffffe;
Tbase TZ x331 = x330 + x42;
Tbase TZ x332 = x331 - x50;
Tbase TZ x333 = 0x1ffffffe;
Tbase TZ x334 = x333 + x43;
Tbase TZ x335 = x334 - x51;
Tbase TZ x336 = 0xffffffe;
Tbase TZ x337 = x336 + x44;
Tbase TZ x338 = x337 - x52;
Tbase TZ x339 = 0x1ffffffe;
Tbase TZ x340 = x339 + x45;
Tbase TZ x341 = x340 - x53;
Tbase TZ x342 = 0x1ffffffa;
Tbase TZ x343 = x342 + x46;
Tbase TZ x344 = x343 - x54;
Tbase TZ x345 = x344 * x344;
Tbase TZ x346 = 0x2;
Tbase TZ x347 = x341 * x346;
Tbase TZ x348 = x323 * x347;
Tbase TZ x349 = 0x2;
Tbase TZ x350 = x338 * x349;
Tbase TZ x351 = x326 * x350;
Tbase TZ x352 = 0x2;
Tbase TZ x353 = x335 * x352;
Tbase TZ x354 = x329 * x353;
Tbase TZ x355 = 0x2;
Tbase TZ x356 = x332 * x355;
Tbase TZ x357 = x332 * x356;
Tbase TZ x358 = 0x2;
Tbase TZ x359 = x329 * x358;
Tbase TZ x360 = x335 * x359;
Tbase TZ x361 = 0x2;
Tbase TZ x362 = x326 * x361;
Tbase TZ x363 = x338 * x362;
Tbase TZ x364 = 0x2;
Tbase TZ x365 = x323 * x364;
Tbase TZ x366 = x341 * x365;
Tbase TZ x367 = x363 + x366;
Tbase TZ x368 = x360 + x367;
Tbase TZ x369 = x357 + x368;
Tbase TZ x370 = x354 + x369;
Tbase TZ x371 = x351 + x370;
Tbase TZ x372 = x348 + x371;
Tbase TZ x373 = 0x3;
Tbase TZ x374 = x373 * x372;
Tbase TZ x375 = x345 + x374;
Tbase TZ x376 = 0x1c;
Tbase TZ x377 = x375 >>> x376;
Tbase TZ x378 = x341 * x344;
Tbase TZ x379 = x344 * x341;
Tbase TZ x380 = x378 + x379;
Tbase TZ x381 = 0x2;
Tbase TZ x382 = x338 * x381;
Tbase TZ x383 = x323 * x382;
Tbase TZ x384 = x326 * x335;
Tbase TZ x385 = 0x2;
Tbase TZ x386 = x332 * x385;
Tbase TZ x387 = x329 * x386;
Tbase TZ x388 = 0x2;
Tbase TZ x389 = x329 * x388;
Tbase TZ x390 = x332 * x389;
Tbase TZ x391 = x335 * x326;
Tbase TZ x392 = 0x2;
Tbase TZ x393 = x323 * x392;
Tbase TZ x394 = x338 * x393;
Tbase TZ x395 = x391 + x394;
Tbase TZ x396 = x390 + x395;
Tbase TZ x397 = x387 + x396;
Tbase TZ x398 = x384 + x397;
Tbase TZ x399 = x383 + x398;
Tbase TZ x400 = 0x3;
Tbase TZ x401 = x400 * x399;
Tbase TZ x402 = x380 + x401;
Tbase TZ x403 = x377 + x402;
Tbase TZ x404 = 0x1c;
Tbase TZ x405 = x403 >>> x404;
Tbase TZ x406 = x338 * x344;
Tbase TZ x407 = x341 * x341;
Tbase TZ x408 = x344 * x338;
Tbase TZ x409 = x407 + x408;
Tbase TZ x410 = x406 + x409;
Tbase TZ x411 = x323 * x335;
Tbase TZ x412 = x326 * x332;
Tbase TZ x413 = 0x2;
Tbase TZ x414 = x329 * x413;
Tbase TZ x415 = x329 * x414;
Tbase TZ x416 = x332 * x326;
Tbase TZ x417 = x335 * x323;
Tbase TZ x418 = x416 + x417;
Tbase TZ x419 = x415 + x418;
Tbase TZ x420 = x412 + x419;
Tbase TZ x421 = x411 + x420;
Tbase TZ x422 = 0x3;
Tbase TZ x423 = x422 * x421;
Tbase TZ x424 = x410 + x423;
Tbase TZ x425 = x405 + x424;
Tbase TZ x426 = 0x1b;
Tbase TZ x427 = x425 >>> x426;
Tbase TZ x428 = x335 * x344;
Tbase TZ x429 = 0x2;
Tbase TZ x430 = x341 * x429;
Tbase TZ x431 = x338 * x430;
Tbase TZ x432 = 0x2;
Tbase TZ x433 = x338 * x432;
Tbase TZ x434 = x341 * x433;
Tbase TZ x435 = x344 * x335;
Tbase TZ x436 = x434 + x435;
Tbase TZ x437 = x431 + x436;
Tbase TZ x438 = x428 + x437;
Tbase TZ x439 = 0x2;
Tbase TZ x440 = x332 * x439;
Tbase TZ x441 = x323 * x440;
Tbase TZ x442 = 0x2;
Tbase TZ x443 = x329 * x442;
Tbase TZ x444 = x326 * x443;
Tbase TZ x445 = 0x2;
Tbase TZ x446 = x326 * x445;
Tbase TZ x447 = x329 * x446;
Tbase TZ x448 = 0x2;
Tbase TZ x449 = x323 * x448;
Tbase TZ x450 = x332 * x449;
Tbase TZ x451 = x447 + x450;
Tbase TZ x452 = x444 + x451;
Tbase TZ x453 = x441 + x452;
Tbase TZ x454 = 0x3;
Tbase TZ x455 = x454 * x453;
Tbase TZ x456 = x438 + x455;
Tbase TZ x457 = x427 + x456;
Tbase TZ x458 = 0x1c;
Tbase TZ x459 = x457 >>> x458;
Tbase TZ x460 = x332 * x344;
Tbase TZ x461 = x335 * x341;
Tbase TZ x462 = 0x2;
Tbase TZ x463 = x338 * x462;
Tbase TZ x464 = x338 * x463;
Tbase TZ x465 = x341 * x335;
Tbase TZ x466 = x344 * x332;
Tbase TZ x467 = x465 + x466;
Tbase TZ x468 = x464 + x467;
Tbase TZ x469 = x461 + x468;
Tbase TZ x470 = x460 + x469;
Tbase TZ x471 = 0x2;
Tbase TZ x472 = x329 * x471;
Tbase TZ x473 = x323 * x472;
Tbase TZ x474 = x326 * x326;
Tbase TZ x475 = 0x2;
Tbase TZ x476 = x323 * x475;
Tbase TZ x477 = x329 * x476;
Tbase TZ x478 = x474 + x477;
Tbase TZ x479 = x473 + x478;
Tbase TZ x480 = 0x3;
Tbase TZ x481 = x480 * x479;
Tbase TZ x482 = x470 + x481;
Tbase TZ x483 = x459 + x482;
Tbase TZ x484 = 0x1c;
Tbase TZ x485 = x483 >>> x484;
Tbase TZ x486 = x329 * x344;
Tbase TZ x487 = x332 * x341;
Tbase TZ x488 = x335 * x338;
Tbase TZ x489 = x338 * x335;
Tbase TZ x490 = x341 * x332;
Tbase TZ x491 = x344 * x329;
Tbase TZ x492 = x490 + x491;
Tbase TZ x493 = x489 + x492;
Tbase TZ x494 = x488 + x493;
Tbase TZ x495 = x487 + x494;
Tbase TZ x496 = x486 + x495;
Tbase TZ x497 = x323 * x326;
Tbase TZ x498 = x326 * x323;
Tbase TZ x499 = x497 + x498;
Tbase TZ x500 = 0x3;
Tbase TZ x501 = x500 * x499;
Tbase TZ x502 = x496 + x501;
Tbase TZ x503 = x485 + x502;
Tbase TZ x504 = 0x1b;
Tbase TZ x505 = x503 >>> x504;
Tbase TZ x506 = x326 * x344;
Tbase TZ x507 = 0x2;
Tbase TZ x508 = x341 * x507;
Tbase TZ x509 = x329 * x508;
Tbase TZ x510 = 0x2;
Tbase TZ x511 = x338 * x510;
Tbase TZ x512 = x332 * x511;
Tbase TZ x513 = x335 * x335;
Tbase TZ x514 = 0x2;
Tbase TZ x515 = x332 * x514;
Tbase TZ x516 = x338 * x515;
Tbase TZ x517 = 0x2;
Tbase TZ x518 = x329 * x517;
Tbase TZ x519 = x341 * x518;
Tbase TZ x520 = x344 * x326;
Tbase TZ x521 = x519 + x520;
Tbase TZ x522 = x516 + x521;
Tbase TZ x523 = x513 + x522;
Tbase TZ x524 = x512 + x523;
Tbase TZ x525 = x509 + x524;
Tbase TZ x526 = x506 + x525;
Tbase TZ x527 = 0x2;
Tbase TZ x528 = x323 * x527;
Tbase TZ x529 = x323 * x528;
Tbase TZ x530 = 0x3;
Tbase TZ x531 = x530 * x529;
Tbase TZ x532 = x526 + x531;
Tbase TZ x533 = x505 + x532;
Tbase TZ x534 = 0x1c;
Tbase TZ x535 = x533 >>> x534;
Tbase TZ x536 = x323 * x344;
Tbase TZ x537 = x326 * x341;
Tbase TZ x538 = 0x2;
Tbase TZ x539 = x338 * x538;
Tbase TZ x540 = x329 * x539;
Tbase TZ x541 = x332 * x335;
Tbase TZ x542 = x335 * x332;
Tbase TZ x543 = 0x2;
Tbase TZ x544 = x329 * x543;
Tbase TZ x545 = x338 * x544;
Tbase TZ x546 = x341 * x326;
Tbase TZ x547 = x344 * x323;
Tbase TZ x548 = x546 + x547;
Tbase TZ x549 = x545 + x548;
Tbase TZ x550 = x542 + x549;
Tbase TZ x551 = x541 + x550;
Tbase TZ x552 = x540 + x551;
Tbase TZ x553 = x537 + x552;
Tbase TZ x554 = x536 + x553;
Tbase TZ x555 = x535 + x554;
Tbase TZ x556 = 0x1b;
Tbase TZ x557 = x555 >>> x556;
Tbase TZ x558 = 0x3;
Tbase TZ x559 = x558 * x557;
Tbase TZ x560 = 0xfffffff;
Tbase TZ x561 = x375 & x560;
Tbase TZ x562 = x559 + x561;
Tbase TZ x563 = 0x1c;
Tbase TZ x564 = x562 >>> x563;
Tbase TZ x565 = 0xfffffff;
Tbase TZ x566 = x403 & x565;
Tbase TZ x567 = x564 + x566;
Tbase TZ x568 = 0x7ffffff;
Tbase TZ x569 = x555 & x568;
Tbase TZ x570 = 0xfffffff;
Tbase TZ x571 = x533 & x570;
Tbase TZ x572 = 0x7ffffff;
Tbase TZ x573 = x503 & x572;
Tbase TZ x574 = 0xfffffff;
Tbase TZ x575 = x483 & x574;
Tbase TZ x576 = 0xfffffff;
Tbase TZ x577 = x457 & x576;
Tbase TZ x578 = 0x1c;
Tbase TZ x579 = x567 >>> x578;
Tbase TZ x580 = 0x7ffffff;
Tbase TZ x581 = x425 & x580;
Tbase TZ x582 = x579 + x581;
Tbase TZ x583 = 0xfffffff;
Tbase TZ x584 = x567 & x583;
Tbase TZ x585 = 0xfffffff;
Tbase TZ x586 = x562 & x585;
Tbase TZ x587 = 0xffffffe;
Tbase TZ x588 = x587 + x303;
Tbase TZ x589 = x588 - x569;
Tbase TZ x590 = 0x1ffffffe;
Tbase TZ x591 = x590 + x305;
Tbase TZ x592 = x591 - x571;
Tbase TZ x593 = 0xffffffe;
Tbase TZ x594 = x593 + x307;
Tbase TZ x595 = x594 - x573;
Tbase TZ x596 = 0x1ffffffe;
Tbase TZ x597 = x596 + x309;
Tbase TZ x598 = x597 - x575;
Tbase TZ x599 = 0x1ffffffe;
Tbase TZ x600 = x599 + x311;
Tbase TZ x601 = x600 - x577;
Tbase TZ x602 = 0xffffffe;
Tbase TZ x603 = x602 + x316;
Tbase TZ x604 = x603 - x582;
Tbase TZ x605 = 0x1ffffffe;
Tbase TZ x606 = x605 + x318;
Tbase TZ x607 = x606 - x584;
Tbase TZ x608 = 0x1ffffffa;
Tbase TZ x609 = x608 + x320;
Tbase TZ x610 = x609 - x586;
Tbase TZ x611 = x55 + x63;
Tbase TZ x612 = x56 + x64;
Tbase TZ x613 = x57 + x65;
Tbase TZ x614 = x58 + x66;
Tbase TZ x615 = x59 + x67;
Tbase TZ x616 = x60 + x68;
Tbase TZ x617 = x61 + x69;
Tbase TZ x618 = x62 + x70;
Tbase TZ x619 = 0xffffffe;
Tbase TZ x620 = x619 + x55;
Tbase TZ x621 = x620 - x63;
Tbase TZ x622 = 0x1ffffffe;
Tbase TZ x623 = x622 + x56;
Tbase TZ x624 = x623 - x64;
Tbase TZ x625 = 0xffffffe;
Tbase TZ x626 = x625 + x57;
Tbase TZ x627 = x626 - x65;
Tbase TZ x628 = 0x1ffffffe;
Tbase TZ x629 = x628 + x58;
Tbase TZ x630 = x629 - x66;
Tbase TZ x631 = 0x1ffffffe;
Tbase TZ x632 = x631 + x59;
Tbase TZ x633 = x632 - x67;
Tbase TZ x634 = 0xffffffe;
Tbase TZ x635 = x634 + x60;
Tbase TZ x636 = x635 - x68;
Tbase TZ x637 = 0x1ffffffe;
Tbase TZ x638 = x637 + x61;
Tbase TZ x639 = x638 - x69;
Tbase TZ x640 = 0x1ffffffa;
Tbase TZ x641 = x640 + x62;
Tbase TZ x642 = x641 - x70;
Tbase TZ x643 = x642 * x78;
Tbase TZ x644 = 0x2;
Tbase TZ x645 = x77 * x644;
Tbase TZ x646 = x621 * x645;
Tbase TZ x647 = 0x2;
Tbase TZ x648 = x76 * x647;
Tbase TZ x649 = x624 * x648;
Tbase TZ x650 = 0x2;
Tbase TZ x651 = x75 * x650;
Tbase TZ x652 = x627 * x651;
Tbase TZ x653 = 0x2;
Tbase TZ x654 = x74 * x653;
Tbase TZ x655 = x630 * x654;
Tbase TZ x656 = 0x2;
Tbase TZ x657 = x73 * x656;
Tbase TZ x658 = x633 * x657;
Tbase TZ x659 = 0x2;
Tbase TZ x660 = x72 * x659;
Tbase TZ x661 = x636 * x660;
Tbase TZ x662 = 0x2;
Tbase TZ x663 = x71 * x662;
Tbase TZ x664 = x639 * x663;
Tbase TZ x665 = x661 + x664;
Tbase TZ x666 = x658 + x665;
Tbase TZ x667 = x655 + x666;
Tbase TZ x668 = x652 + x667;
Tbase TZ x669 = x649 + x668;
Tbase TZ x670 = x646 + x669;
Tbase TZ x671 = 0x3;
Tbase TZ x672 = x671 * x670;
Tbase TZ x673 = x643 + x672;
Tbase TZ x674 = 0x1c;
Tbase TZ x675 = x673 >>> x674;
Tbase TZ x676 = x639 * x78;
Tbase TZ x677 = x642 * x77;
Tbase TZ x678 = x676 + x677;
Tbase TZ x679 = 0x2;
Tbase TZ x680 = x76 * x679;
Tbase TZ x681 = x621 * x680;
Tbase TZ x682 = x624 * x75;
Tbase TZ x683 = 0x2;
Tbase TZ x684 = x74 * x683;
Tbase TZ x685 = x627 * x684;
Tbase TZ x686 = 0x2;
Tbase TZ x687 = x73 * x686;
Tbase TZ x688 = x630 * x687;
Tbase TZ x689 = x633 * x72;
Tbase TZ x690 = 0x2;
Tbase TZ x691 = x71 * x690;
Tbase TZ x692 = x636 * x691;
Tbase TZ x693 = x689 + x692;
Tbase TZ x694 = x688 + x693;
Tbase TZ x695 = x685 + x694;
Tbase TZ x696 = x682 + x695;
Tbase TZ x697 = x681 + x696;
Tbase TZ x698 = 0x3;
Tbase TZ x699 = x698 * x697;
Tbase TZ x700 = x678 + x699;
Tbase TZ x701 = x675 + x700;
Tbase TZ x702 = 0x1c;
Tbase TZ x703 = x701 >>> x702;
Tbase TZ x704 = x636 * x78;
Tbase TZ x705 = x639 * x77;
Tbase TZ x706 = x642 * x76;
Tbase TZ x707 = x705 + x706;
Tbase TZ x708 = x704 + x707;
Tbase TZ x709 = x621 * x75;
Tbase TZ x710 = x624 * x74;
Tbase TZ x711 = 0x2;
Tbase TZ x712 = x73 * x711;
Tbase TZ x713 = x627 * x712;
Tbase TZ x714 = x630 * x72;
Tbase TZ x715 = x633 * x71;
Tbase TZ x716 = x714 + x715;
Tbase TZ x717 = x713 + x716;
Tbase TZ x718 = x710 + x717;
Tbase TZ x719 = x709 + x718;
Tbase TZ x720 = 0x3;
Tbase TZ x721 = x720 * x719;
Tbase TZ x722 = x708 + x721;
Tbase TZ x723 = x703 + x722;
Tbase TZ x724 = 0x1b;
Tbase TZ x725 = x723 >>> x724;
Tbase TZ x726 = x633 * x78;
Tbase TZ x727 = 0x2;
Tbase TZ x728 = x77 * x727;
Tbase TZ x729 = x636 * x728;
Tbase TZ x730 = 0x2;
Tbase TZ x731 = x76 * x730;
Tbase TZ x732 = x639 * x731;
Tbase TZ x733 = x642 * x75;
Tbase TZ x734 = x732 + x733;
Tbase TZ x735 = x729 + x734;
Tbase TZ x736 = x726 + x735;
Tbase TZ x737 = 0x2;
Tbase TZ x738 = x74 * x737;
Tbase TZ x739 = x621 * x738;
Tbase TZ x740 = 0x2;
Tbase TZ x741 = x73 * x740;
Tbase TZ x742 = x624 * x741;
Tbase TZ x743 = 0x2;
Tbase TZ x744 = x72 * x743;
Tbase TZ x745 = x627 * x744;
Tbase TZ x746 = 0x2;
Tbase TZ x747 = x71 * x746;
Tbase TZ x748 = x630 * x747;
Tbase TZ x749 = x745 + x748;
Tbase TZ x750 = x742 + x749;
Tbase TZ x751 = x739 + x750;
Tbase TZ x752 = 0x3;
Tbase TZ x753 = x752 * x751;
Tbase TZ x754 = x736 + x753;
Tbase TZ x755 = x725 + x754;
Tbase TZ x756 = 0x1c;
Tbase TZ x757 = x755 >>> x756;
Tbase TZ x758 = x630 * x78;
Tbase TZ x759 = x633 * x77;
Tbase TZ x760 = 0x2;
Tbase TZ x761 = x76 * x760;
Tbase TZ x762 = x636 * x761;
Tbase TZ x763 = x639 * x75;
Tbase TZ x764 = x642 * x74;
Tbase TZ x765 = x763 + x764;
Tbase TZ x766 = x762 + x765;
Tbase TZ x767 = x759 + x766;
Tbase TZ x768 = x758 + x767;
Tbase TZ x769 = 0x2;
Tbase TZ x770 = x73 * x769;
Tbase TZ x771 = x621 * x770;
Tbase TZ x772 = x624 * x72;
Tbase TZ x773 = 0x2;
Tbase TZ x774 = x71 * x773;
Tbase TZ x775 = x627 * x774;
Tbase TZ x776 = x772 + x775;
Tbase TZ x777 = x771 + x776;
Tbase TZ x778 = 0x3;
Tbase TZ x779 = x778 * x777;
Tbase TZ x780 = x768 + x779;
Tbase TZ x781 = x757 + x780;
Tbase TZ x782 = 0x1c;
Tbase TZ x783 = x781 >>> x782;
Tbase TZ x784 = x627 * x78;
Tbase TZ x785 = x630 * x77;
Tbase TZ x786 = x633 * x76;
Tbase TZ x787 = x636 * x75;
Tbase TZ x788 = x639 * x74;
Tbase TZ x789 = x642 * x73;
Tbase TZ x790 = x788 + x789;
Tbase TZ x791 = x787 + x790;
Tbase TZ x792 = x786 + x791;
Tbase TZ x793 = x785 + x792;
Tbase TZ x794 = x784 + x793;
Tbase TZ x795 = x621 * x72;
Tbase TZ x796 = x624 * x71;
Tbase TZ x797 = x795 + x796;
Tbase TZ x798 = 0x3;
Tbase TZ x799 = x798 * x797;
Tbase TZ x800 = x794 + x799;
Tbase TZ x801 = x783 + x800;
Tbase TZ x802 = 0x1b;
Tbase TZ x803 = x801 >>> x802;
Tbase TZ x804 = x624 * x78;
Tbase TZ x805 = 0x2;
Tbase TZ x806 = x77 * x805;
Tbase TZ x807 = x627 * x806;
Tbase TZ x808 = 0x2;
Tbase TZ x809 = x76 * x808;
Tbase TZ x810 = x630 * x809;
Tbase TZ x811 = x633 * x75;
Tbase TZ x812 = 0x2;
Tbase TZ x813 = x74 * x812;
Tbase TZ x814 = x636 * x813;
Tbase TZ x815 = 0x2;
Tbase TZ x816 = x73 * x815;
Tbase TZ x817 = x639 * x816;
Tbase TZ x818 = x642 * x72;
Tbase TZ x819 = x817 + x818;
Tbase TZ x820 = x814 + x819;
Tbase TZ x821 = x811 + x820;
Tbase TZ x822 = x810 + x821;
Tbase TZ x823 = x807 + x822;
Tbase TZ x824 = x804 + x823;
Tbase TZ x825 = 0x2;
Tbase TZ x826 = x71 * x825;
Tbase TZ x827 = x621 * x826;
Tbase TZ x828 = 0x3;
Tbase TZ x829 = x828 * x827;
Tbase TZ x830 = x824 + x829;
Tbase TZ x831 = x803 + x830;
Tbase TZ x832 = 0x1c;
Tbase TZ x833 = x831 >>> x832;
Tbase TZ x834 = x621 * x78;
Tbase TZ x835 = x624 * x77;
Tbase TZ x836 = 0x2;
Tbase TZ x837 = x76 * x836;
Tbase TZ x838 = x627 * x837;
Tbase TZ x839 = x630 * x75;
Tbase TZ x840 = x633 * x74;
Tbase TZ x841 = 0x2;
Tbase TZ x842 = x73 * x841;
Tbase TZ x843 = x636 * x842;
Tbase TZ x844 = x639 * x72;
Tbase TZ x845 = x642 * x71;
Tbase TZ x846 = x844 + x845;
Tbase TZ x847 = x843 + x846;
Tbase TZ x848 = x840 + x847;
Tbase TZ x849 = x839 + x848;
Tbase TZ x850 = x838 + x849;
Tbase TZ x851 = x835 + x850;
Tbase TZ x852 = x834 + x851;
Tbase TZ x853 = x833 + x852;
Tbase TZ x854 = 0x1b;
Tbase TZ x855 = x853 >>> x854;
Tbase TZ x856 = 0x3;
Tbase TZ x857 = x856 * x855;
Tbase TZ x858 = 0xfffffff;
Tbase TZ x859 = x673 & x858;
Tbase TZ x860 = x857 + x859;
Tbase TZ x861 = 0x1c;
Tbase TZ x862 = x860 >>> x861;
Tbase TZ x863 = 0xfffffff;
Tbase TZ x864 = x701 & x863;
Tbase TZ x865 = x862 + x864;
Tbase TZ x866 = 0x7ffffff;
Tbase TZ x867 = x853 & x866;
Tbase TZ x868 = 0xfffffff;
Tbase TZ x869 = x831 & x868;
Tbase TZ x870 = 0x7ffffff;
Tbase TZ x871 = x801 & x870;
Tbase TZ x872 = 0xfffffff;
Tbase TZ x873 = x781 & x872;
Tbase TZ x874 = 0xfffffff;
Tbase TZ x875 = x755 & x874;
Tbase TZ x876 = 0x1c;
Tbase TZ x877 = x865 >>> x876;
Tbase TZ x878 = 0x7ffffff;
Tbase TZ x879 = x723 & x878;
Tbase TZ x880 = x877 + x879;
Tbase TZ x881 = 0xfffffff;
Tbase TZ x882 = x865 & x881;
Tbase TZ x883 = 0xfffffff;
Tbase TZ x884 = x860 & x883;
Tbase TZ x885 = x618 * x344;
Tbase TZ x886 = 0x2;
Tbase TZ x887 = x341 * x886;
Tbase TZ x888 = x611 * x887;
Tbase TZ x889 = 0x2;
Tbase TZ x890 = x338 * x889;
Tbase TZ x891 = x612 * x890;
Tbase TZ x892 = 0x2;
Tbase TZ x893 = x335 * x892;
Tbase TZ x894 = x613 * x893;
Tbase TZ x895 = 0x2;
Tbase TZ x896 = x332 * x895;
Tbase TZ x897 = x614 * x896;
Tbase TZ x898 = 0x2;
Tbase TZ x899 = x329 * x898;
Tbase TZ x900 = x615 * x899;
Tbase TZ x901 = 0x2;
Tbase TZ x902 = x326 * x901;
Tbase TZ x903 = x616 * x902;
Tbase TZ x904 = 0x2;
Tbase TZ x905 = x323 * x904;
Tbase TZ x906 = x617 * x905;
Tbase TZ x907 = x903 + x906;
Tbase TZ x908 = x900 + x907;
Tbase TZ x909 = x897 + x908;
Tbase TZ x910 = x894 + x909;
Tbase TZ x911 = x891 + x910;
Tbase TZ x912 = x888 + x911;
Tbase TZ x913 = 0x3;
Tbase TZ x914 = x913 * x912;
Tbase TZ x915 = x885 + x914;
Tbase TZ x916 = 0x1c;
Tbase TZ x917 = x915 >>> x916;
Tbase TZ x918 = x617 * x344;
Tbase TZ x919 = x618 * x341;
Tbase TZ x920 = x918 + x919;
Tbase TZ x921 = 0x2;
Tbase TZ x922 = x338 * x921;
Tbase TZ x923 = x611 * x922;
Tbase TZ x924 = x612 * x335;
Tbase TZ x925 = 0x2;
Tbase TZ x926 = x332 * x925;
Tbase TZ x927 = x613 * x926;
Tbase TZ x928 = 0x2;
Tbase TZ x929 = x329 * x928;
Tbase TZ x930 = x614 * x929;
Tbase TZ x931 = x615 * x326;
Tbase TZ x932 = 0x2;
Tbase TZ x933 = x323 * x932;
Tbase TZ x934 = x616 * x933;
Tbase TZ x935 = x931 + x934;
Tbase TZ x936 = x930 + x935;
Tbase TZ x937 = x927 + x936;
Tbase TZ x938 = x924 + x937;
Tbase TZ x939 = x923 + x938;
Tbase TZ x940 = 0x3;
Tbase TZ x941 = x940 * x939;
Tbase TZ x942 = x920 + x941;
Tbase TZ x943 = x917 + x942;
Tbase TZ x944 = 0x1c;
Tbase TZ x945 = x943 >>> x944;
Tbase TZ x946 = x616 * x344;
Tbase TZ x947 = x617 * x341;
Tbase TZ x948 = x618 * x338;
Tbase TZ x949 = x947 + x948;
Tbase TZ x950 = x946 + x949;
Tbase TZ x951 = x611 * x335;
Tbase TZ x952 = x612 * x332;
Tbase TZ x953 = 0x2;
Tbase TZ x954 = x329 * x953;
Tbase TZ x955 = x613 * x954;
Tbase TZ x956 = x614 * x326;
Tbase TZ x957 = x615 * x323;
Tbase TZ x958 = x956 + x957;
Tbase TZ x959 = x955 + x958;
Tbase TZ x960 = x952 + x959;
Tbase TZ x961 = x951 + x960;
Tbase TZ x962 = 0x3;
Tbase TZ x963 = x962 * x961;
Tbase TZ x964 = x950 + x963;
Tbase TZ x965 = x945 + x964;
Tbase TZ x966 = 0x1b;
Tbase TZ x967 = x965 >>> x966;
Tbase TZ x968 = x615 * x344;
Tbase TZ x969 = 0x2;
Tbase TZ x970 = x341 * x969;
Tbase TZ x971 = x616 * x970;
Tbase TZ x972 = 0x2;
Tbase TZ x973 = x338 * x972;
Tbase TZ x974 = x617 * x973;
Tbase TZ x975 = x618 * x335;
Tbase TZ x976 = x974 + x975;
Tbase TZ x977 = x971 + x976;
Tbase TZ x978 = x968 + x977;
Tbase TZ x979 = 0x2;
Tbase TZ x980 = x332 * x979;
Tbase TZ x981 = x611 * x980;
Tbase TZ x982 = 0x2;
Tbase TZ x983 = x329 * x982;
Tbase TZ x984 = x612 * x983;
Tbase TZ x985 = 0x2;
Tbase TZ x986 = x326 * x985;
Tbase TZ x987 = x613 * x986;
Tbase TZ x988 = 0x2;
Tbase TZ x989 = x323 * x988;
Tbase TZ x990 = x614 * x989;
Tbase TZ x991 = x987 + x990;
Tbase TZ x992 = x984 + x991;
Tbase TZ x993 = x981 + x992;
Tbase TZ x994 = 0x3;
Tbase TZ x995 = x994 * x993;
Tbase TZ x996 = x978 + x995;
Tbase TZ x997 = x967 + x996;
Tbase TZ x998 = 0x1c;
Tbase TZ x999 = x997 >>> x998;
Tbase TZ x1000 = x614 * x344;
Tbase TZ x1001 = x615 * x341;
Tbase TZ x1002 = 0x2;
Tbase TZ x1003 = x338 * x1002;
Tbase TZ x1004 = x616 * x1003;
Tbase TZ x1005 = x617 * x335;
Tbase TZ x1006 = x618 * x332;
Tbase TZ x1007 = x1005 + x1006;
Tbase TZ x1008 = x1004 + x1007;
Tbase TZ x1009 = x1001 + x1008;
Tbase TZ x1010 = x1000 + x1009;
Tbase TZ x1011 = 0x2;
Tbase TZ x1012 = x329 * x1011;
Tbase TZ x1013 = x611 * x1012;
Tbase TZ x1014 = x612 * x326;
Tbase TZ x1015 = 0x2;
Tbase TZ x1016 = x323 * x1015;
Tbase TZ x1017 = x613 * x1016;
Tbase TZ x1018 = x1014 + x1017;
Tbase TZ x1019 = x1013 + x1018;
Tbase TZ x1020 = 0x3;
Tbase TZ x1021 = x1020 * x1019;
Tbase TZ x1022 = x1010 + x1021;
Tbase TZ x1023 = x999 + x1022;
Tbase TZ x1024 = 0x1c;
Tbase TZ x1025 = x1023 >>> x1024;
Tbase TZ x1026 = x613 * x344;
Tbase TZ x1027 = x614 * x341;
Tbase TZ x1028 = x615 * x338;
Tbase TZ x1029 = x616 * x335;
Tbase TZ x1030 = x617 * x332;
Tbase TZ x1031 = x618 * x329;
Tbase TZ x1032 = x1030 + x1031;
Tbase TZ x1033 = x1029 + x1032;
Tbase TZ x1034 = x1028 + x1033;
Tbase TZ x1035 = x1027 + x1034;
Tbase TZ x1036 = x1026 + x1035;
Tbase TZ x1037 = x611 * x326;
Tbase TZ x1038 = x612 * x323;
Tbase TZ x1039 = x1037 + x1038;
Tbase TZ x1040 = 0x3;
Tbase TZ x1041 = x1040 * x1039;
Tbase TZ x1042 = x1036 + x1041;
Tbase TZ x1043 = x1025 + x1042;
Tbase TZ x1044 = 0x1b;
Tbase TZ x1045 = x1043 >>> x1044;
Tbase TZ x1046 = x612 * x344;
Tbase TZ x1047 = 0x2;
Tbase TZ x1048 = x341 * x1047;
Tbase TZ x1049 = x613 * x1048;
Tbase TZ x1050 = 0x2;
Tbase TZ x1051 = x338 * x1050;
Tbase TZ x1052 = x614 * x1051;
Tbase TZ x1053 = x615 * x335;
Tbase TZ x1054 = 0x2;
Tbase TZ x1055 = x332 * x1054;
Tbase TZ x1056 = x616 * x1055;
Tbase TZ x1057 = 0x2;
Tbase TZ x1058 = x329 * x1057;
Tbase TZ x1059 = x617 * x1058;
Tbase TZ x1060 = x618 * x326;
Tbase TZ x1061 = x1059 + x1060;
Tbase TZ x1062 = x1056 + x1061;
Tbase TZ x1063 = x1053 + x1062;
Tbase TZ x1064 = x1052 + x1063;
Tbase TZ x1065 = x1049 + x1064;
Tbase TZ x1066 = x1046 + x1065;
Tbase TZ x1067 = 0x2;
Tbase TZ x1068 = x323 * x1067;
Tbase TZ x1069 = x611 * x1068;
Tbase TZ x1070 = 0x3;
Tbase TZ x1071 = x1070 * x1069;
Tbase TZ x1072 = x1066 + x1071;
Tbase TZ x1073 = x1045 + x1072;
Tbase TZ x1074 = 0x1c;
Tbase TZ x1075 = x1073 >>> x1074;
Tbase TZ x1076 = x611 * x344;
Tbase TZ x1077 = x612 * x341;
Tbase TZ x1078 = 0x2;
Tbase TZ x1079 = x338 * x1078;
Tbase TZ x1080 = x613 * x1079;
Tbase TZ x1081 = x614 * x335;
Tbase TZ x1082 = x615 * x332;
Tbase TZ x1083 = 0x2;
Tbase TZ x1084 = x329 * x1083;
Tbase TZ x1085 = x616 * x1084;
Tbase TZ x1086 = x617 * x326;
Tbase TZ x1087 = x618 * x323;
Tbase TZ x1088 = x1086 + x1087;
Tbase TZ x1089 = x1085 + x1088;
Tbase TZ x1090 = x1082 + x1089;
Tbase TZ x1091 = x1081 + x1090;
Tbase TZ x1092 = x1080 + x1091;
Tbase TZ x1093 = x1077 + x1092;
Tbase TZ x1094 = x1076 + x1093;
Tbase TZ x1095 = x1075 + x1094;
Tbase TZ x1096 = 0x1b;
Tbase TZ x1097 = x1095 >>> x1096;
Tbase TZ x1098 = 0x3;
Tbase TZ x1099 = x1098 * x1097;
Tbase TZ x1100 = 0xfffffff;
Tbase TZ x1101 = x915 & x1100;
Tbase TZ x1102 = x1099 + x1101;
Tbase TZ x1103 = 0x1c;
Tbase TZ x1104 = x1102 >>> x1103;
Tbase TZ x1105 = 0xfffffff;
Tbase TZ x1106 = x943 & x1105;
Tbase TZ x1107 = x1104 + x1106;
Tbase TZ x1108 = 0x7ffffff;
Tbase TZ x1109 = x1095 & x1108;
Tbase TZ x1110 = 0xfffffff;
Tbase TZ x1111 = x1073 & x1110;
Tbase TZ x1112 = 0x7ffffff;
Tbase TZ x1113 = x1043 & x1112;
Tbase TZ x1114 = 0xfffffff;
Tbase TZ x1115 = x1023 & x1114;
Tbase TZ x1116 = 0xfffffff;
Tbase TZ x1117 = x997 & x1116;
Tbase TZ x1118 = 0x1c;
Tbase TZ x1119 = x1107 >>> x1118;
Tbase TZ x1120 = 0x7ffffff;
Tbase TZ x1121 = x965 & x1120;
Tbase TZ x1122 = x1119 + x1121;
Tbase TZ x1123 = 0xfffffff;
Tbase TZ x1124 = x1107 & x1123;
Tbase TZ x1125 = 0xfffffff;
Tbase TZ x1126 = x1102 & x1125;
Tbase TZ x1127 = x867 + x1109;
Tbase TZ x1128 = x869 + x1111;
Tbase TZ x1129 = x871 + x1113;
Tbase TZ x1130 = x873 + x1115;
Tbase TZ x1131 = x875 + x1117;
Tbase TZ x1132 = x880 + x1122;
Tbase TZ x1133 = x882 + x1124;
Tbase TZ x1134 = x884 + x1126;
Tbase TZ x1135 = x867 + x1109;
Tbase TZ x1136 = x869 + x1111;
Tbase TZ x1137 = x871 + x1113;
Tbase TZ x1138 = x873 + x1115;
Tbase TZ x1139 = x875 + x1117;
Tbase TZ x1140 = x880 + x1122;
Tbase TZ x1141 = x882 + x1124;
Tbase TZ x1142 = x884 + x1126;
Tbase TZ x1143 = x1134 * x1142;
Tbase TZ x1144 = 0x2;
Tbase TZ x1145 = x1141 * x1144;
Tbase TZ x1146 = x1127 * x1145;
Tbase TZ x1147 = 0x2;
Tbase TZ x1148 = x1140 * x1147;
Tbase TZ x1149 = x1128 * x1148;
Tbase TZ x1150 = 0x2;
Tbase TZ x1151 = x1139 * x1150;
Tbase TZ x1152 = x1129 * x1151;
Tbase TZ x1153 = 0x2;
Tbase TZ x1154 = x1138 * x1153;
Tbase TZ x1155 = x1130 * x1154;
Tbase TZ x1156 = 0x2;
Tbase TZ x1157 = x1137 * x1156;
Tbase TZ x1158 = x1131 * x1157;
Tbase TZ x1159 = 0x2;
Tbase TZ x1160 = x1136 * x1159;
Tbase TZ x1161 = x1132 * x1160;
Tbase TZ x1162 = 0x2;
Tbase TZ x1163 = x1135 * x1162;
Tbase TZ x1164 = x1133 * x1163;
Tbase TZ x1165 = x1161 + x1164;
Tbase TZ x1166 = x1158 + x1165;
Tbase TZ x1167 = x1155 + x1166;
Tbase TZ x1168 = x1152 + x1167;
Tbase TZ x1169 = x1149 + x1168;
Tbase TZ x1170 = x1146 + x1169;
Tbase TZ x1171 = 0x3;
Tbase TZ x1172 = x1171 * x1170;
Tbase TZ x1173 = x1143 + x1172;
Tbase TZ x1174 = 0x1c;
Tbase TZ x1175 = x1173 >>> x1174;
Tbase TZ x1176 = x1133 * x1142;
Tbase TZ x1177 = x1134 * x1141;
Tbase TZ x1178 = x1176 + x1177;
Tbase TZ x1179 = 0x2;
Tbase TZ x1180 = x1140 * x1179;
Tbase TZ x1181 = x1127 * x1180;
Tbase TZ x1182 = x1128 * x1139;
Tbase TZ x1183 = 0x2;
Tbase TZ x1184 = x1138 * x1183;
Tbase TZ x1185 = x1129 * x1184;
Tbase TZ x1186 = 0x2;
Tbase TZ x1187 = x1137 * x1186;
Tbase TZ x1188 = x1130 * x1187;
Tbase TZ x1189 = x1131 * x1136;
Tbase TZ x1190 = 0x2;
Tbase TZ x1191 = x1135 * x1190;
Tbase TZ x1192 = x1132 * x1191;
Tbase TZ x1193 = x1189 + x1192;
Tbase TZ x1194 = x1188 + x1193;
Tbase TZ x1195 = x1185 + x1194;
Tbase TZ x1196 = x1182 + x1195;
Tbase TZ x1197 = x1181 + x1196;
Tbase TZ x1198 = 0x3;
Tbase TZ x1199 = x1198 * x1197;
Tbase TZ x1200 = x1178 + x1199;
Tbase TZ x1201 = x1175 + x1200;
Tbase TZ x1202 = 0x1c;
Tbase TZ x1203 = x1201 >>> x1202;
Tbase TZ x1204 = x1132 * x1142;
Tbase TZ x1205 = x1133 * x1141;
Tbase TZ x1206 = x1134 * x1140;
Tbase TZ x1207 = x1205 + x1206;
Tbase TZ x1208 = x1204 + x1207;
Tbase TZ x1209 = x1127 * x1139;
Tbase TZ x1210 = x1128 * x1138;
Tbase TZ x1211 = 0x2;
Tbase TZ x1212 = x1137 * x1211;
Tbase TZ x1213 = x1129 * x1212;
Tbase TZ x1214 = x1130 * x1136;
Tbase TZ x1215 = x1131 * x1135;
Tbase TZ x1216 = x1214 + x1215;
Tbase TZ x1217 = x1213 + x1216;
Tbase TZ x1218 = x1210 + x1217;
Tbase TZ x1219 = x1209 + x1218;
Tbase TZ x1220 = 0x3;
Tbase TZ x1221 = x1220 * x1219;
Tbase TZ x1222 = x1208 + x1221;
Tbase TZ x1223 = x1203 + x1222;
Tbase TZ x1224 = 0x1b;
Tbase TZ x1225 = x1223 >>> x1224;
Tbase TZ x1226 = x1131 * x1142;
Tbase TZ x1227 = 0x2;
Tbase TZ x1228 = x1141 * x1227;
Tbase TZ x1229 = x1132 * x1228;
Tbase TZ x1230 = 0x2;
Tbase TZ x1231 = x1140 * x1230;
Tbase TZ x1232 = x1133 * x1231;
Tbase TZ x1233 = x1134 * x1139;
Tbase TZ x1234 = x1232 + x1233;
Tbase TZ x1235 = x1229 + x1234;
Tbase TZ x1236 = x1226 + x1235;
Tbase TZ x1237 = 0x2;
Tbase TZ x1238 = x1138 * x1237;
Tbase TZ x1239 = x1127 * x1238;
Tbase TZ x1240 = 0x2;
Tbase TZ x1241 = x1137 * x1240;
Tbase TZ x1242 = x1128 * x1241;
Tbase TZ x1243 = 0x2;
Tbase TZ x1244 = x1136 * x1243;
Tbase TZ x1245 = x1129 * x1244;
Tbase TZ x1246 = 0x2;
Tbase TZ x1247 = x1135 * x1246;
Tbase TZ x1248 = x1130 * x1247;
Tbase TZ x1249 = x1245 + x1248;
Tbase TZ x1250 = x1242 + x1249;
Tbase TZ x1251 = x1239 + x1250;
Tbase TZ x1252 = 0x3;
Tbase TZ x1253 = x1252 * x1251;
Tbase TZ x1254 = x1236 + x1253;
Tbase TZ x1255 = x1225 + x1254;
Tbase TZ x1256 = 0x1c;
Tbase TZ x1257 = x1255 >>> x1256;
Tbase TZ x1258 = x1130 * x1142;
Tbase TZ x1259 = x1131 * x1141;
Tbase TZ x1260 = 0x2;
Tbase TZ x1261 = x1140 * x1260;
Tbase TZ x1262 = x1132 * x1261;
Tbase TZ x1263 = x1133 * x1139;
Tbase TZ x1264 = x1134 * x1138;
Tbase TZ x1265 = x1263 + x1264;
Tbase TZ x1266 = x1262 + x1265;
Tbase TZ x1267 = x1259 + x1266;
Tbase TZ x1268 = x1258 + x1267;
Tbase TZ x1269 = 0x2;
Tbase TZ x1270 = x1137 * x1269;
Tbase TZ x1271 = x1127 * x1270;
Tbase TZ x1272 = x1128 * x1136;
Tbase TZ x1273 = 0x2;
Tbase TZ x1274 = x1135 * x1273;
Tbase TZ x1275 = x1129 * x1274;
Tbase TZ x1276 = x1272 + x1275;
Tbase TZ x1277 = x1271 + x1276;
Tbase TZ x1278 = 0x3;
Tbase TZ x1279 = x1278 * x1277;
Tbase TZ x1280 = x1268 + x1279;
Tbase TZ x1281 = x1257 + x1280;
Tbase TZ x1282 = 0x1c;
Tbase TZ x1283 = x1281 >>> x1282;
Tbase TZ x1284 = x1129 * x1142;
Tbase TZ x1285 = x1130 * x1141;
Tbase TZ x1286 = x1131 * x1140;
Tbase TZ x1287 = x1132 * x1139;
Tbase TZ x1288 = x1133 * x1138;
Tbase TZ x1289 = x1134 * x1137;
Tbase TZ x1290 = x1288 + x1289;
Tbase TZ x1291 = x1287 + x1290;
Tbase TZ x1292 = x1286 + x1291;
Tbase TZ x1293 = x1285 + x1292;
Tbase TZ x1294 = x1284 + x1293;
Tbase TZ x1295 = x1127 * x1136;
Tbase TZ x1296 = x1128 * x1135;
Tbase TZ x1297 = x1295 + x1296;
Tbase TZ x1298 = 0x3;
Tbase TZ x1299 = x1298 * x1297;
Tbase TZ x1300 = x1294 + x1299;
Tbase TZ x1301 = x1283 + x1300;
Tbase TZ x1302 = 0x1b;
Tbase TZ x1303 = x1301 >>> x1302;
Tbase TZ x1304 = x1128 * x1142;
Tbase TZ x1305 = 0x2;
Tbase TZ x1306 = x1141 * x1305;
Tbase TZ x1307 = x1129 * x1306;
Tbase TZ x1308 = 0x2;
Tbase TZ x1309 = x1140 * x1308;
Tbase TZ x1310 = x1130 * x1309;
Tbase TZ x1311 = x1131 * x1139;
Tbase TZ x1312 = 0x2;
Tbase TZ x1313 = x1138 * x1312;
Tbase TZ x1314 = x1132 * x1313;
Tbase TZ x1315 = 0x2;
Tbase TZ x1316 = x1137 * x1315;
Tbase TZ x1317 = x1133 * x1316;
Tbase TZ x1318 = x1134 * x1136;
Tbase TZ x1319 = x1317 + x1318;
Tbase TZ x1320 = x1314 + x1319;
Tbase TZ x1321 = x1311 + x1320;
Tbase TZ x1322 = x1310 + x1321;
Tbase TZ x1323 = x1307 + x1322;
Tbase TZ x1324 = x1304 + x1323;
Tbase TZ x1325 = 0x2;
Tbase TZ x1326 = x1135 * x1325;
Tbase TZ x1327 = x1127 * x1326;
Tbase TZ x1328 = 0x3;
Tbase TZ x1329 = x1328 * x1327;
Tbase TZ x1330 = x1324 + x1329;
Tbase TZ x1331 = x1303 + x1330;
Tbase TZ x1332 = 0x1c;
Tbase TZ x1333 = x1331 >>> x1332;
Tbase TZ x1334 = x1127 * x1142;
Tbase TZ x1335 = x1128 * x1141;
Tbase TZ x1336 = 0x2;
Tbase TZ x1337 = x1140 * x1336;
Tbase TZ x1338 = x1129 * x1337;
Tbase TZ x1339 = x1130 * x1139;
Tbase TZ x1340 = x1131 * x1138;
Tbase TZ x1341 = 0x2;
Tbase TZ x1342 = x1137 * x1341;
Tbase TZ x1343 = x1132 * x1342;
Tbase TZ x1344 = x1133 * x1136;
Tbase TZ x1345 = x1134 * x1135;
Tbase TZ x1346 = x1344 + x1345;
Tbase TZ x1347 = x1343 + x1346;
Tbase TZ x1348 = x1340 + x1347;
Tbase TZ x1349 = x1339 + x1348;
Tbase TZ x1350 = x1338 + x1349;
Tbase TZ x1351 = x1335 + x1350;
Tbase TZ x1352 = x1334 + x1351;
Tbase TZ x1353 = x1333 + x1352;
Tbase TZ x1354 = 0x1b;
Tbase TZ x1355 = x1353 >>> x1354;
Tbase TZ x1356 = 0x3;
Tbase TZ x1357 = x1356 * x1355;
Tbase TZ x1358 = 0xfffffff;
Tbase TZ x1359 = x1173 & x1358;
Tbase TZ x1360 = x1357 + x1359;
Tbase TZ x1361 = 0x1c;
Tbase TZ x1362 = x1360 >>> x1361;
Tbase TZ x1363 = 0xfffffff;
Tbase TZ x1364 = x1201 & x1363;
Tbase TZ x1365 = x1362 + x1364;
Tbase TZ x1366 = 0x7ffffff;
Tbase TZ x1367 = x1353 & x1366;
Tbase TZ x1368 = 0xfffffff;
Tbase TZ x1369 = x1331 & x1368;
Tbase TZ x1370 = 0x7ffffff;
Tbase TZ x1371 = x1301 & x1370;
Tbase TZ x1372 = 0xfffffff;
Tbase TZ x1373 = x1281 & x1372;
Tbase TZ x1374 = 0xfffffff;
Tbase TZ x1375 = x1255 & x1374;
Tbase TZ x1376 = 0x1c;
Tbase TZ x1377 = x1365 >>> x1376;
Tbase TZ x1378 = 0x7ffffff;
Tbase TZ x1379 = x1223 & x1378;
Tbase TZ x1380 = x1377 + x1379;
Tbase TZ x1381 = 0xfffffff;
Tbase TZ x1382 = x1365 & x1381;
Tbase TZ x1383 = 0xfffffff;
Tbase TZ x1384 = x1360 & x1383;
Tbase TZ x1385 = 0xffffffe;
Tbase TZ x1386 = x1385 + x867;
Tbase TZ x1387 = x1386 - x1109;
Tbase TZ x1388 = 0x1ffffffe;
Tbase TZ x1389 = x1388 + x869;
Tbase TZ x1390 = x1389 - x1111;
Tbase TZ x1391 = 0xffffffe;
Tbase TZ x1392 = x1391 + x871;
Tbase TZ x1393 = x1392 - x1113;
Tbase TZ x1394 = 0x1ffffffe;
Tbase TZ x1395 = x1394 + x873;
Tbase TZ x1396 = x1395 - x1115;
Tbase TZ x1397 = 0x1ffffffe;
Tbase TZ x1398 = x1397 + x875;
Tbase TZ x1399 = x1398 - x1117;
Tbase TZ x1400 = 0xffffffe;
Tbase TZ x1401 = x1400 + x880;
Tbase TZ x1402 = x1401 - x1122;
Tbase TZ x1403 = 0x1ffffffe;
Tbase TZ x1404 = x1403 + x882;
Tbase TZ x1405 = x1404 - x1124;
Tbase TZ x1406 = 0x1ffffffa;
Tbase TZ x1407 = x1406 + x884;
Tbase TZ x1408 = x1407 - x1126;
Tbase TZ x1409 = 0xffffffe;
Tbase TZ x1410 = x1409 + x867;
Tbase TZ x1411 = x1410 - x1109;
Tbase TZ x1412 = 0x1ffffffe;
Tbase TZ x1413 = x1412 + x869;
Tbase TZ x1414 = x1413 - x1111;
Tbase TZ x1415 = 0xffffffe;
Tbase TZ x1416 = x1415 + x871;
Tbase TZ x1417 = x1416 - x1113;
Tbase TZ x1418 = 0x1ffffffe;
Tbase TZ x1419 = x1418 + x873;
Tbase TZ x1420 = x1419 - x1115;
Tbase TZ x1421 = 0x1ffffffe;
Tbase TZ x1422 = x1421 + x875;
Tbase TZ x1423 = x1422 - x1117;
Tbase TZ x1424 = 0xffffffe;
Tbase TZ x1425 = x1424 + x880;
Tbase TZ x1426 = x1425 - x1122;
Tbase TZ x1427 = 0x1ffffffe;
Tbase TZ x1428 = x1427 + x882;
Tbase TZ x1429 = x1428 - x1124;
Tbase TZ x1430 = 0x1ffffffa;
Tbase TZ x1431 = x1430 + x884;
Tbase TZ x1432 = x1431 - x1126;
Tbase TZ x1433 = x1408 * x1432;
Tbase TZ x1434 = 0x2;
Tbase TZ x1435 = x1429 * x1434;
Tbase TZ x1436 = x1387 * x1435;
Tbase TZ x1437 = 0x2;
Tbase TZ x1438 = x1426 * x1437;
Tbase TZ x1439 = x1390 * x1438;
Tbase TZ x1440 = 0x2;
Tbase TZ x1441 = x1423 * x1440;
Tbase TZ x1442 = x1393 * x1441;
Tbase TZ x1443 = 0x2;
Tbase TZ x1444 = x1420 * x1443;
Tbase TZ x1445 = x1396 * x1444;
Tbase TZ x1446 = 0x2;
Tbase TZ x1447 = x1417 * x1446;
Tbase TZ x1448 = x1399 * x1447;
Tbase TZ x1449 = 0x2;
Tbase TZ x1450 = x1414 * x1449;
Tbase TZ x1451 = x1402 * x1450;
Tbase TZ x1452 = 0x2;
Tbase TZ x1453 = x1411 * x1452;
Tbase TZ x1454 = x1405 * x1453;
Tbase TZ x1455 = x1451 + x1454;
Tbase TZ x1456 = x1448 + x1455;
Tbase TZ x1457 = x1445 + x1456;
Tbase TZ x1458 = x1442 + x1457;
Tbase TZ x1459 = x1439 + x1458;
Tbase TZ x1460 = x1436 + x1459;
Tbase TZ x1461 = 0x3;
Tbase TZ x1462 = x1461 * x1460;
Tbase TZ x1463 = x1433 + x1462;
Tbase TZ x1464 = 0x1c;
Tbase TZ x1465 = x1463 >>> x1464;
Tbase TZ x1466 = x1405 * x1432;
Tbase TZ x1467 = x1408 * x1429;
Tbase TZ x1468 = x1466 + x1467;
Tbase TZ x1469 = 0x2;
Tbase TZ x1470 = x1426 * x1469;
Tbase TZ x1471 = x1387 * x1470;
Tbase TZ x1472 = x1390 * x1423;
Tbase TZ x1473 = 0x2;
Tbase TZ x1474 = x1420 * x1473;
Tbase TZ x1475 = x1393 * x1474;
Tbase TZ x1476 = 0x2;
Tbase TZ x1477 = x1417 * x1476;
Tbase TZ x1478 = x1396 * x1477;
Tbase TZ x1479 = x1399 * x1414;
Tbase TZ x1480 = 0x2;
Tbase TZ x1481 = x1411 * x1480;
Tbase TZ x1482 = x1402 * x1481;
Tbase TZ x1483 = x1479 + x1482;
Tbase TZ x1484 = x1478 + x1483;
Tbase TZ x1485 = x1475 + x1484;
Tbase TZ x1486 = x1472 + x1485;
Tbase TZ x1487 = x1471 + x1486;
Tbase TZ x1488 = 0x3;
Tbase TZ x1489 = x1488 * x1487;
Tbase TZ x1490 = x1468 + x1489;
Tbase TZ x1491 = x1465 + x1490;
Tbase TZ x1492 = 0x1c;
Tbase TZ x1493 = x1491 >>> x1492;
Tbase TZ x1494 = x1402 * x1432;
Tbase TZ x1495 = x1405 * x1429;
Tbase TZ x1496 = x1408 * x1426;
Tbase TZ x1497 = x1495 + x1496;
Tbase TZ x1498 = x1494 + x1497;
Tbase TZ x1499 = x1387 * x1423;
Tbase TZ x1500 = x1390 * x1420;
Tbase TZ x1501 = 0x2;
Tbase TZ x1502 = x1417 * x1501;
Tbase TZ x1503 = x1393 * x1502;
Tbase TZ x1504 = x1396 * x1414;
Tbase TZ x1505 = x1399 * x1411;
Tbase TZ x1506 = x1504 + x1505;
Tbase TZ x1507 = x1503 + x1506;
Tbase TZ x1508 = x1500 + x1507;
Tbase TZ x1509 = x1499 + x1508;
Tbase TZ x1510 = 0x3;
Tbase TZ x1511 = x1510 * x1509;
Tbase TZ x1512 = x1498 + x1511;
Tbase TZ x1513 = x1493 + x1512;
Tbase TZ x1514 = 0x1b;
Tbase TZ x1515 = x1513 >>> x1514;
Tbase TZ x1516 = x1399 * x1432;
Tbase TZ x1517 = 0x2;
Tbase TZ x1518 = x1429 * x1517;
Tbase TZ x1519 = x1402 * x1518;
Tbase TZ x1520 = 0x2;
Tbase TZ x1521 = x1426 * x1520;
Tbase TZ x1522 = x1405 * x1521;
Tbase TZ x1523 = x1408 * x1423;
Tbase TZ x1524 = x1522 + x1523;
Tbase TZ x1525 = x1519 + x1524;
Tbase TZ x1526 = x1516 + x1525;
Tbase TZ x1527 = 0x2;
Tbase TZ x1528 = x1420 * x1527;
Tbase TZ x1529 = x1387 * x1528;
Tbase TZ x1530 = 0x2;
Tbase TZ x1531 = x1417 * x1530;
Tbase TZ x1532 = x1390 * x1531;
Tbase TZ x1533 = 0x2;
Tbase TZ x1534 = x1414 * x1533;
Tbase TZ x1535 = x1393 * x1534;
Tbase TZ x1536 = 0x2;
Tbase TZ x1537 = x1411 * x1536;
Tbase TZ x1538 = x1396 * x1537;
Tbase TZ x1539 = x1535 + x1538;
Tbase TZ x1540 = x1532 + x1539;
Tbase TZ x1541 = x1529 + x1540;
Tbase TZ x1542 = 0x3;
Tbase TZ x1543 = x1542 * x1541;
Tbase TZ x1544 = x1526 + x1543;
Tbase TZ x1545 = x1515 + x1544;
Tbase TZ x1546 = 0x1c;
Tbase TZ x1547 = x1545 >>> x1546;
Tbase TZ x1548 = x1396 * x1432;
Tbase TZ x1549 = x1399 * x1429;
Tbase TZ x1550 = 0x2;
Tbase TZ x1551 = x1426 * x1550;
Tbase TZ x1552 = x1402 * x1551;
Tbase TZ x1553 = x1405 * x1423;
Tbase TZ x1554 = x1408 * x1420;
Tbase TZ x1555 = x1553 + x1554;
Tbase TZ x1556 = x1552 + x1555;
Tbase TZ x1557 = x1549 + x1556;
Tbase TZ x1558 = x1548 + x1557;
Tbase TZ x1559 = 0x2;
Tbase TZ x1560 = x1417 * x1559;
Tbase TZ x1561 = x1387 * x1560;
Tbase TZ x1562 = x1390 * x1414;
Tbase TZ x1563 = 0x2;
Tbase TZ x1564 = x1411 * x1563;
Tbase TZ x1565 = x1393 * x1564;
Tbase TZ x1566 = x1562 + x1565;
Tbase TZ x1567 = x1561 + x1566;
Tbase TZ x1568 = 0x3;
Tbase TZ x1569 = x1568 * x1567;
Tbase TZ x1570 = x1558 + x1569;
Tbase TZ x1571 = x1547 + x1570;
Tbase TZ x1572 = 0x1c;
Tbase TZ x1573 = x1571 >>> x1572;
Tbase TZ x1574 = x1393 * x1432;
Tbase TZ x1575 = x1396 * x1429;
Tbase TZ x1576 = x1399 * x1426;
Tbase TZ x1577 = x1402 * x1423;
Tbase TZ x1578 = x1405 * x1420;
Tbase TZ x1579 = x1408 * x1417;
Tbase TZ x1580 = x1578 + x1579;
Tbase TZ x1581 = x1577 + x1580;
Tbase TZ x1582 = x1576 + x1581;
Tbase TZ x1583 = x1575 + x1582;
Tbase TZ x1584 = x1574 + x1583;
Tbase TZ x1585 = x1387 * x1414;
Tbase TZ x1586 = x1390 * x1411;
Tbase TZ x1587 = x1585 + x1586;
Tbase TZ x1588 = 0x3;
Tbase TZ x1589 = x1588 * x1587;
Tbase TZ x1590 = x1584 + x1589;
Tbase TZ x1591 = x1573 + x1590;
Tbase TZ x1592 = 0x1b;
Tbase TZ x1593 = x1591 >>> x1592;
Tbase TZ x1594 = x1390 * x1432;
Tbase TZ x1595 = 0x2;
Tbase TZ x1596 = x1429 * x1595;
Tbase TZ x1597 = x1393 * x1596;
Tbase TZ x1598 = 0x2;
Tbase TZ x1599 = x1426 * x1598;
Tbase TZ x1600 = x1396 * x1599;
Tbase TZ x1601 = x1399 * x1423;
Tbase TZ x1602 = 0x2;
Tbase TZ x1603 = x1420 * x1602;
Tbase TZ x1604 = x1402 * x1603;
Tbase TZ x1605 = 0x2;
Tbase TZ x1606 = x1417 * x1605;
Tbase TZ x1607 = x1405 * x1606;
Tbase TZ x1608 = x1408 * x1414;
Tbase TZ x1609 = x1607 + x1608;
Tbase TZ x1610 = x1604 + x1609;
Tbase TZ x1611 = x1601 + x1610;
Tbase TZ x1612 = x1600 + x1611;
Tbase TZ x1613 = x1597 + x1612;
Tbase TZ x1614 = x1594 + x1613;
Tbase TZ x1615 = 0x2;
Tbase TZ x1616 = x1411 * x1615;
Tbase TZ x1617 = x1387 * x1616;
Tbase TZ x1618 = 0x3;
Tbase TZ x1619 = x1618 * x1617;
Tbase TZ x1620 = x1614 + x1619;
Tbase TZ x1621 = x1593 + x1620;
Tbase TZ x1622 = 0x1c;
Tbase TZ x1623 = x1621 >>> x1622;
Tbase TZ x1624 = x1387 * x1432;
Tbase TZ x1625 = x1390 * x1429;
Tbase TZ x1626 = 0x2;
Tbase TZ x1627 = x1426 * x1626;
Tbase TZ x1628 = x1393 * x1627;
Tbase TZ x1629 = x1396 * x1423;
Tbase TZ x1630 = x1399 * x1420;
Tbase TZ x1631 = 0x2;
Tbase TZ x1632 = x1417 * x1631;
Tbase TZ x1633 = x1402 * x1632;
Tbase TZ x1634 = x1405 * x1414;
Tbase TZ x1635 = x1408 * x1411;
Tbase TZ x1636 = x1634 + x1635;
Tbase TZ x1637 = x1633 + x1636;
Tbase TZ x1638 = x1630 + x1637;
Tbase TZ x1639 = x1629 + x1638;
Tbase TZ x1640 = x1628 + x1639;
Tbase TZ x1641 = x1625 + x1640;
Tbase TZ x1642 = x1624 + x1641;
Tbase TZ x1643 = x1623 + x1642;
Tbase TZ x1644 = 0x1b;
Tbase TZ x1645 = x1643 >>> x1644;
Tbase TZ x1646 = 0x3;
Tbase TZ x1647 = x1646 * x1645;
Tbase TZ x1648 = 0xfffffff;
Tbase TZ x1649 = x1463 & x1648;
Tbase TZ x1650 = x1647 + x1649;
Tbase TZ x1651 = 0x1c;
Tbase TZ x1652 = x1650 >>> x1651;
Tbase TZ x1653 = 0xfffffff;
Tbase TZ x1654 = x1491 & x1653;
Tbase TZ x1655 = x1652 + x1654;
Tbase TZ x1656 = 0x7ffffff;
Tbase TZ x1657 = x1643 & x1656;
Tbase TZ x1658 = 0xfffffff;
Tbase TZ x1659 = x1621 & x1658;
Tbase TZ x1660 = 0x7ffffff;
Tbase TZ x1661 = x1591 & x1660;
Tbase TZ x1662 = 0xfffffff;
Tbase TZ x1663 = x1571 & x1662;
Tbase TZ x1664 = 0xfffffff;
Tbase TZ x1665 = x1545 & x1664;
Tbase TZ x1666 = 0x1c;
Tbase TZ x1667 = x1655 >>> x1666;
Tbase TZ x1668 = 0x7ffffff;
Tbase TZ x1669 = x1513 & x1668;
Tbase TZ x1670 = x1667 + x1669;
Tbase TZ x1671 = 0xfffffff;
Tbase TZ x1672 = x1655 & x1671;
Tbase TZ x1673 = 0xfffffff;
Tbase TZ x1674 = x1650 & x1673;
Tbase TZ x1675 = x38 * x1674;
Tbase TZ x1676 = 0x2;
Tbase TZ x1677 = x1672 * x1676;
Tbase TZ x1678 = x31 * x1677;
Tbase TZ x1679 = 0x2;
Tbase TZ x1680 = x1670 * x1679;
Tbase TZ x1681 = x32 * x1680;
Tbase TZ x1682 = 0x2;
Tbase TZ x1683 = x1665 * x1682;
Tbase TZ x1684 = x33 * x1683;
Tbase TZ x1685 = 0x2;
Tbase TZ x1686 = x1663 * x1685;
Tbase TZ x1687 = x34 * x1686;
Tbase TZ x1688 = 0x2;
Tbase TZ x1689 = x1661 * x1688;
Tbase TZ x1690 = x35 * x1689;
Tbase TZ x1691 = 0x2;
Tbase TZ x1692 = x1659 * x1691;
Tbase TZ x1693 = x36 * x1692;
Tbase TZ x1694 = 0x2;
Tbase TZ x1695 = x1657 * x1694;
Tbase TZ x1696 = x37 * x1695;
Tbase TZ x1697 = x1693 + x1696;
Tbase TZ x1698 = x1690 + x1697;
Tbase TZ x1699 = x1687 + x1698;
Tbase TZ x1700 = x1684 + x1699;
Tbase TZ x1701 = x1681 + x1700;
Tbase TZ x1702 = x1678 + x1701;
Tbase TZ x1703 = 0x3;
Tbase TZ x1704 = x1703 * x1702;
Tbase TZ x1705 = x1675 + x1704;
Tbase TZ x1706 = 0x1c;
Tbase TZ x1707 = x1705 >>> x1706;
Tbase TZ x1708 = x37 * x1674;
Tbase TZ x1709 = x38 * x1672;
Tbase TZ x1710 = x1708 + x1709;
Tbase TZ x1711 = 0x2;
Tbase TZ x1712 = x1670 * x1711;
Tbase TZ x1713 = x31 * x1712;
Tbase TZ x1714 = x32 * x1665;
Tbase TZ x1715 = 0x2;
Tbase TZ x1716 = x1663 * x1715;
Tbase TZ x1717 = x33 * x1716;
Tbase TZ x1718 = 0x2;
Tbase TZ x1719 = x1661 * x1718;
Tbase TZ x1720 = x34 * x1719;
Tbase TZ x1721 = x35 * x1659;
Tbase TZ x1722 = 0x2;
Tbase TZ x1723 = x1657 * x1722;
Tbase TZ x1724 = x36 * x1723;
Tbase TZ x1725 = x1721 + x1724;
Tbase TZ x1726 = x1720 + x1725;
Tbase TZ x1727 = x1717 + x1726;
Tbase TZ x1728 = x1714 + x1727;
Tbase TZ x1729 = x1713 + x1728;
Tbase TZ x1730 = 0x3;
Tbase TZ x1731 = x1730 * x1729;
Tbase TZ x1732 = x1710 + x1731;
Tbase TZ x1733 = x1707 + x1732;
Tbase TZ x1734 = 0x1c;
Tbase TZ x1735 = x1733 >>> x1734;
Tbase TZ x1736 = x36 * x1674;
Tbase TZ x1737 = x37 * x1672;
Tbase TZ x1738 = x38 * x1670;
Tbase TZ x1739 = x1737 + x1738;
Tbase TZ x1740 = x1736 + x1739;
Tbase TZ x1741 = x31 * x1665;
Tbase TZ x1742 = x32 * x1663;
Tbase TZ x1743 = 0x2;
Tbase TZ x1744 = x1661 * x1743;
Tbase TZ x1745 = x33 * x1744;
Tbase TZ x1746 = x34 * x1659;
Tbase TZ x1747 = x35 * x1657;
Tbase TZ x1748 = x1746 + x1747;
Tbase TZ x1749 = x1745 + x1748;
Tbase TZ x1750 = x1742 + x1749;
Tbase TZ x1751 = x1741 + x1750;
Tbase TZ x1752 = 0x3;
Tbase TZ x1753 = x1752 * x1751;
Tbase TZ x1754 = x1740 + x1753;
Tbase TZ x1755 = x1735 + x1754;
Tbase TZ x1756 = 0x1b;
Tbase TZ x1757 = x1755 >>> x1756;
Tbase TZ x1758 = x35 * x1674;
Tbase TZ x1759 = 0x2;
Tbase TZ x1760 = x1672 * x1759;
Tbase TZ x1761 = x36 * x1760;
Tbase TZ x1762 = 0x2;
Tbase TZ x1763 = x1670 * x1762;
Tbase TZ x1764 = x37 * x1763;
Tbase TZ x1765 = x38 * x1665;
Tbase TZ x1766 = x1764 + x1765;
Tbase TZ x1767 = x1761 + x1766;
Tbase TZ x1768 = x1758 + x1767;
Tbase TZ x1769 = 0x2;
Tbase TZ x1770 = x1663 * x1769;
Tbase TZ x1771 = x31 * x1770;
Tbase TZ x1772 = 0x2;
Tbase TZ x1773 = x1661 * x1772;
Tbase TZ x1774 = x32 * x1773;
Tbase TZ x1775 = 0x2;
Tbase TZ x1776 = x1659 * x1775;
Tbase TZ x1777 = x33 * x1776;
Tbase TZ x1778 = 0x2;
Tbase TZ x1779 = x1657 * x1778;
Tbase TZ x1780 = x34 * x1779;
Tbase TZ x1781 = x1777 + x1780;
Tbase TZ x1782 = x1774 + x1781;
Tbase TZ x1783 = x1771 + x1782;
Tbase TZ x1784 = 0x3;
Tbase TZ x1785 = x1784 * x1783;
Tbase TZ x1786 = x1768 + x1785;
Tbase TZ x1787 = x1757 + x1786;
Tbase TZ x1788 = 0x1c;
Tbase TZ x1789 = x1787 >>> x1788;
Tbase TZ x1790 = x34 * x1674;
Tbase TZ x1791 = x35 * x1672;
Tbase TZ x1792 = 0x2;
Tbase TZ x1793 = x1670 * x1792;
Tbase TZ x1794 = x36 * x1793;
Tbase TZ x1795 = x37 * x1665;
Tbase TZ x1796 = x38 * x1663;
Tbase TZ x1797 = x1795 + x1796;
Tbase TZ x1798 = x1794 + x1797;
Tbase TZ x1799 = x1791 + x1798;
Tbase TZ x1800 = x1790 + x1799;
Tbase TZ x1801 = 0x2;
Tbase TZ x1802 = x1661 * x1801;
Tbase TZ x1803 = x31 * x1802;
Tbase TZ x1804 = x32 * x1659;
Tbase TZ x1805 = 0x2;
Tbase TZ x1806 = x1657 * x1805;
Tbase TZ x1807 = x33 * x1806;
Tbase TZ x1808 = x1804 + x1807;
Tbase TZ x1809 = x1803 + x1808;
Tbase TZ x1810 = 0x3;
Tbase TZ x1811 = x1810 * x1809;
Tbase TZ x1812 = x1800 + x1811;
Tbase TZ x1813 = x1789 + x1812;
Tbase TZ x1814 = 0x1c;
Tbase TZ x1815 = x1813 >>> x1814;
Tbase TZ x1816 = x33 * x1674;
Tbase TZ x1817 = x34 * x1672;
Tbase TZ x1818 = x35 * x1670;
Tbase TZ x1819 = x36 * x1665;
Tbase TZ x1820 = x37 * x1663;
Tbase TZ x1821 = x38 * x1661;
Tbase TZ x1822 = x1820 + x1821;
Tbase TZ x1823 = x1819 + x1822;
Tbase TZ x1824 = x1818 + x1823;
Tbase TZ x1825 = x1817 + x1824;
Tbase TZ x1826 = x1816 + x1825;
Tbase TZ x1827 = x31 * x1659;
Tbase TZ x1828 = x32 * x1657;
Tbase TZ x1829 = x1827 + x1828;
Tbase TZ x1830 = 0x3;
Tbase TZ x1831 = x1830 * x1829;
Tbase TZ x1832 = x1826 + x1831;
Tbase TZ x1833 = x1815 + x1832;
Tbase TZ x1834 = 0x1b;
Tbase TZ x1835 = x1833 >>> x1834;
Tbase TZ x1836 = x32 * x1674;
Tbase TZ x1837 = 0x2;
Tbase TZ x1838 = x1672 * x1837;
Tbase TZ x1839 = x33 * x1838;
Tbase TZ x1840 = 0x2;
Tbase TZ x1841 = x1670 * x1840;
Tbase TZ x1842 = x34 * x1841;
Tbase TZ x1843 = x35 * x1665;
Tbase TZ x1844 = 0x2;
Tbase TZ x1845 = x1663 * x1844;
Tbase TZ x1846 = x36 * x1845;
Tbase TZ x1847 = 0x2;
Tbase TZ x1848 = x1661 * x1847;
Tbase TZ x1849 = x37 * x1848;
Tbase TZ x1850 = x38 * x1659;
Tbase TZ x1851 = x1849 + x1850;
Tbase TZ x1852 = x1846 + x1851;
Tbase TZ x1853 = x1843 + x1852;
Tbase TZ x1854 = x1842 + x1853;
Tbase TZ x1855 = x1839 + x1854;
Tbase TZ x1856 = x1836 + x1855;
Tbase TZ x1857 = 0x2;
Tbase TZ x1858 = x1657 * x1857;
Tbase TZ x1859 = x31 * x1858;
Tbase TZ x1860 = 0x3;
Tbase TZ x1861 = x1860 * x1859;
Tbase TZ x1862 = x1856 + x1861;
Tbase TZ x1863 = x1835 + x1862;
Tbase TZ x1864 = 0x1c;
Tbase TZ x1865 = x1863 >>> x1864;
Tbase TZ x1866 = x31 * x1674;
Tbase TZ x1867 = x32 * x1672;
Tbase TZ x1868 = 0x2;
Tbase TZ x1869 = x1670 * x1868;
Tbase TZ x1870 = x33 * x1869;
Tbase TZ x1871 = x34 * x1665;
Tbase TZ x1872 = x35 * x1663;
Tbase TZ x1873 = 0x2;
Tbase TZ x1874 = x1661 * x1873;
Tbase TZ x1875 = x36 * x1874;
Tbase TZ x1876 = x37 * x1659;
Tbase TZ x1877 = x38 * x1657;
Tbase TZ x1878 = x1876 + x1877;
Tbase TZ x1879 = x1875 + x1878;
Tbase TZ x1880 = x1872 + x1879;
Tbase TZ x1881 = x1871 + x1880;
Tbase TZ x1882 = x1870 + x1881;
Tbase TZ x1883 = x1867 + x1882;
Tbase TZ x1884 = x1866 + x1883;
Tbase TZ x1885 = x1865 + x1884;
Tbase TZ x1886 = 0x1b;
Tbase TZ x1887 = x1885 >>> x1886;
Tbase TZ x1888 = 0x3;
Tbase TZ x1889 = x1888 * x1887;
Tbase TZ x1890 = 0xfffffff;
Tbase TZ x1891 = x1705 & x1890;
Tbase TZ x1892 = x1889 + x1891;
Tbase TZ x1893 = 0x1c;
Tbase TZ x1894 = x1892 >>> x1893;
Tbase TZ x1895 = 0xfffffff;
Tbase TZ x1896 = x1733 & x1895;
Tbase TZ x1897 = x1894 + x1896;
Tbase TZ x1898 = 0x7ffffff;
Tbase TZ x1899 = x1885 & x1898;
Tbase TZ x1900 = 0xfffffff;
Tbase TZ x1901 = x1863 & x1900;
Tbase TZ x1902 = 0x7ffffff;
Tbase TZ x1903 = x1833 & x1902;
Tbase TZ x1904 = 0xfffffff;
Tbase TZ x1905 = x1813 & x1904;
Tbase TZ x1906 = 0xfffffff;
Tbase TZ x1907 = x1787 & x1906;
Tbase TZ x1908 = 0x1c;
Tbase TZ x1909 = x1897 >>> x1908;
Tbase TZ x1910 = 0x7ffffff;
Tbase TZ x1911 = x1755 & x1910;
Tbase TZ x1912 = x1909 + x1911;
Tbase TZ x1913 = 0xfffffff;
Tbase TZ x1914 = x1897 & x1913;
Tbase TZ x1915 = 0xfffffff;
Tbase TZ x1916 = x1892 & x1915;
Tbase TZ x1917 = x320 * x586;
Tbase TZ x1918 = 0x2;
Tbase TZ x1919 = x584 * x1918;
Tbase TZ x1920 = x303 * x1919;
Tbase TZ x1921 = 0x2;
Tbase TZ x1922 = x582 * x1921;
Tbase TZ x1923 = x305 * x1922;
Tbase TZ x1924 = 0x2;
Tbase TZ x1925 = x577 * x1924;
Tbase TZ x1926 = x307 * x1925;
Tbase TZ x1927 = 0x2;
Tbase TZ x1928 = x575 * x1927;
Tbase TZ x1929 = x309 * x1928;
Tbase TZ x1930 = 0x2;
Tbase TZ x1931 = x573 * x1930;
Tbase TZ x1932 = x311 * x1931;
Tbase TZ x1933 = 0x2;
Tbase TZ x1934 = x571 * x1933;
Tbase TZ x1935 = x316 * x1934;
Tbase TZ x1936 = 0x2;
Tbase TZ x1937 = x569 * x1936;
Tbase TZ x1938 = x318 * x1937;
Tbase TZ x1939 = x1935 + x1938;
Tbase TZ x1940 = x1932 + x1939;
Tbase TZ x1941 = x1929 + x1940;
Tbase TZ x1942 = x1926 + x1941;
Tbase TZ x1943 = x1923 + x1942;
Tbase TZ x1944 = x1920 + x1943;
Tbase TZ x1945 = 0x3;
Tbase TZ x1946 = x1945 * x1944;
Tbase TZ x1947 = x1917 + x1946;
Tbase TZ x1948 = 0x1c;
Tbase TZ x1949 = x1947 >>> x1948;
Tbase TZ x1950 = x318 * x586;
Tbase TZ x1951 = x320 * x584;
Tbase TZ x1952 = x1950 + x1951;
Tbase TZ x1953 = 0x2;
Tbase TZ x1954 = x582 * x1953;
Tbase TZ x1955 = x303 * x1954;
Tbase TZ x1956 = x305 * x577;
Tbase TZ x1957 = 0x2;
Tbase TZ x1958 = x575 * x1957;
Tbase TZ x1959 = x307 * x1958;
Tbase TZ x1960 = 0x2;
Tbase TZ x1961 = x573 * x1960;
Tbase TZ x1962 = x309 * x1961;
Tbase TZ x1963 = x311 * x571;
Tbase TZ x1964 = 0x2;
Tbase TZ x1965 = x569 * x1964;
Tbase TZ x1966 = x316 * x1965;
Tbase TZ x1967 = x1963 + x1966;
Tbase TZ x1968 = x1962 + x1967;
Tbase TZ x1969 = x1959 + x1968;
Tbase TZ x1970 = x1956 + x1969;
Tbase TZ x1971 = x1955 + x1970;
Tbase TZ x1972 = 0x3;
Tbase TZ x1973 = x1972 * x1971;
Tbase TZ x1974 = x1952 + x1973;
Tbase TZ x1975 = x1949 + x1974;
Tbase TZ x1976 = 0x1c;
Tbase TZ x1977 = x1975 >>> x1976;
Tbase TZ x1978 = x316 * x586;
Tbase TZ x1979 = x318 * x584;
Tbase TZ x1980 = x320 * x582;
Tbase TZ x1981 = x1979 + x1980;
Tbase TZ x1982 = x1978 + x1981;
Tbase TZ x1983 = x303 * x577;
Tbase TZ x1984 = x305 * x575;
Tbase TZ x1985 = 0x2;
Tbase TZ x1986 = x573 * x1985;
Tbase TZ x1987 = x307 * x1986;
Tbase TZ x1988 = x309 * x571;
Tbase TZ x1989 = x311 * x569;
Tbase TZ x1990 = x1988 + x1989;
Tbase TZ x1991 = x1987 + x1990;
Tbase TZ x1992 = x1984 + x1991;
Tbase TZ x1993 = x1983 + x1992;
Tbase TZ x1994 = 0x3;
Tbase TZ x1995 = x1994 * x1993;
Tbase TZ x1996 = x1982 + x1995;
Tbase TZ x1997 = x1977 + x1996;
Tbase TZ x1998 = 0x1b;
Tbase TZ x1999 = x1997 >>> x1998;
Tbase TZ x2000 = x311 * x586;
Tbase TZ x2001 = 0x2;
Tbase TZ x2002 = x584 * x2001;
Tbase TZ x2003 = x316 * x2002;
Tbase TZ x2004 = 0x2;
Tbase TZ x2005 = x582 * x2004;
Tbase TZ x2006 = x318 * x2005;
Tbase TZ x2007 = x320 * x577;
Tbase TZ x2008 = x2006 + x2007;
Tbase TZ x2009 = x2003 + x2008;
Tbase TZ x2010 = x2000 + x2009;
Tbase TZ x2011 = 0x2;
Tbase TZ x2012 = x575 * x2011;
Tbase TZ x2013 = x303 * x2012;
Tbase TZ x2014 = 0x2;
Tbase TZ x2015 = x573 * x2014;
Tbase TZ x2016 = x305 * x2015;
Tbase TZ x2017 = 0x2;
Tbase TZ x2018 = x571 * x2017;
Tbase TZ x2019 = x307 * x2018;
Tbase TZ x2020 = 0x2;
Tbase TZ x2021 = x569 * x2020;
Tbase TZ x2022 = x309 * x2021;
Tbase TZ x2023 = x2019 + x2022;
Tbase TZ x2024 = x2016 + x2023;
Tbase TZ x2025 = x2013 + x2024;
Tbase TZ x2026 = 0x3;
Tbase TZ x2027 = x2026 * x2025;
Tbase TZ x2028 = x2010 + x2027;
Tbase TZ x2029 = x1999 + x2028;
Tbase TZ x2030 = 0x1c;
Tbase TZ x2031 = x2029 >>> x2030;
Tbase TZ x2032 = x309 * x586;
Tbase TZ x2033 = x311 * x584;
Tbase TZ x2034 = 0x2;
Tbase TZ x2035 = x582 * x2034;
Tbase TZ x2036 = x316 * x2035;
Tbase TZ x2037 = x318 * x577;
Tbase TZ x2038 = x320 * x575;
Tbase TZ x2039 = x2037 + x2038;
Tbase TZ x2040 = x2036 + x2039;
Tbase TZ x2041 = x2033 + x2040;
Tbase TZ x2042 = x2032 + x2041;
Tbase TZ x2043 = 0x2;
Tbase TZ x2044 = x573 * x2043;
Tbase TZ x2045 = x303 * x2044;
Tbase TZ x2046 = x305 * x571;
Tbase TZ x2047 = 0x2;
Tbase TZ x2048 = x569 * x2047;
Tbase TZ x2049 = x307 * x2048;
Tbase TZ x2050 = x2046 + x2049;
Tbase TZ x2051 = x2045 + x2050;
Tbase TZ x2052 = 0x3;
Tbase TZ x2053 = x2052 * x2051;
Tbase TZ x2054 = x2042 + x2053;
Tbase TZ x2055 = x2031 + x2054;
Tbase TZ x2056 = 0x1c;
Tbase TZ x2057 = x2055 >>> x2056;
Tbase TZ x2058 = x307 * x586;
Tbase TZ x2059 = x309 * x584;
Tbase TZ x2060 = x311 * x582;
Tbase TZ x2061 = x316 * x577;
Tbase TZ x2062 = x318 * x575;
Tbase TZ x2063 = x320 * x573;
Tbase TZ x2064 = x2062 + x2063;
Tbase TZ x2065 = x2061 + x2064;
Tbase TZ x2066 = x2060 + x2065;
Tbase TZ x2067 = x2059 + x2066;
Tbase TZ x2068 = x2058 + x2067;
Tbase TZ x2069 = x303 * x571;
Tbase TZ x2070 = x305 * x569;
Tbase TZ x2071 = x2069 + x2070;
Tbase TZ x2072 = 0x3;
Tbase TZ x2073 = x2072 * x2071;
Tbase TZ x2074 = x2068 + x2073;
Tbase TZ x2075 = x2057 + x2074;
Tbase TZ x2076 = 0x1b;
Tbase TZ x2077 = x2075 >>> x2076;
Tbase TZ x2078 = x305 * x586;
Tbase TZ x2079 = 0x2;
Tbase TZ x2080 = x584 * x2079;
Tbase TZ x2081 = x307 * x2080;
Tbase TZ x2082 = 0x2;
Tbase TZ x2083 = x582 * x2082;
Tbase TZ x2084 = x309 * x2083;
Tbase TZ x2085 = x311 * x577;
Tbase TZ x2086 = 0x2;
Tbase TZ x2087 = x575 * x2086;
Tbase TZ x2088 = x316 * x2087;
Tbase TZ x2089 = 0x2;
Tbase TZ x2090 = x573 * x2089;
Tbase TZ x2091 = x318 * x2090;
Tbase TZ x2092 = x320 * x571;
Tbase TZ x2093 = x2091 + x2092;
Tbase TZ x2094 = x2088 + x2093;
Tbase TZ x2095 = x2085 + x2094;
Tbase TZ x2096 = x2084 + x2095;
Tbase TZ x2097 = x2081 + x2096;
Tbase TZ x2098 = x2078 + x2097;
Tbase TZ x2099 = 0x2;
Tbase TZ x2100 = x569 * x2099;
Tbase TZ x2101 = x303 * x2100;
Tbase TZ x2102 = 0x3;
Tbase TZ x2103 = x2102 * x2101;
Tbase TZ x2104 = x2098 + x2103;
Tbase TZ x2105 = x2077 + x2104;
Tbase TZ x2106 = 0x1c;
Tbase TZ x2107 = x2105 >>> x2106;
Tbase TZ x2108 = x303 * x586;
Tbase TZ x2109 = x305 * x584;
Tbase TZ x2110 = 0x2;
Tbase TZ x2111 = x582 * x2110;
Tbase TZ x2112 = x307 * x2111;
Tbase TZ x2113 = x309 * x577;
Tbase TZ x2114 = x311 * x575;
Tbase TZ x2115 = 0x2;
Tbase TZ x2116 = x573 * x2115;
Tbase TZ x2117 = x316 * x2116;
Tbase TZ x2118 = x318 * x571;
Tbase TZ x2119 = x320 * x569;
Tbase TZ x2120 = x2118 + x2119;
Tbase TZ x2121 = x2117 + x2120;
Tbase TZ x2122 = x2114 + x2121;
Tbase TZ x2123 = x2113 + x2122;
Tbase TZ x2124 = x2112 + x2123;
Tbase TZ x2125 = x2109 + x2124;
Tbase TZ x2126 = x2108 + x2125;
Tbase TZ x2127 = x2107 + x2126;
Tbase TZ x2128 = 0x1b;
Tbase TZ x2129 = x2127 >>> x2128;
Tbase TZ x2130 = 0x3;
Tbase TZ x2131 = x2130 * x2129;
Tbase TZ x2132 = 0xfffffff;
Tbase TZ x2133 = x1947 & x2132;
Tbase TZ x2134 = x2131 + x2133;
Tbase TZ x2135 = 0x1c;
Tbase TZ x2136 = x2134 >>> x2135;
Tbase TZ x2137 = 0xfffffff;
Tbase TZ x2138 = x1975 & x2137;
Tbase TZ x2139 = x2136 + x2138;
Tbase TZ x2140 = 0x7ffffff;
Tbase TZ x2141 = x2127 & x2140;
Tbase TZ x2142 = 0xfffffff;
Tbase TZ x2143 = x2105 & x2142;
Tbase TZ x2144 = 0x7ffffff;
Tbase TZ x2145 = x2075 & x2144;
Tbase TZ x2146 = 0xfffffff;
Tbase TZ x2147 = x2055 & x2146;
Tbase TZ x2148 = 0xfffffff;
Tbase TZ x2149 = x2029 & x2148;
Tbase TZ x2150 = 0x1c;
Tbase TZ x2151 = x2139 >>> x2150;
Tbase TZ x2152 = 0x7ffffff;
Tbase TZ x2153 = x1997 & x2152;
Tbase TZ x2154 = x2151 + x2153;
Tbase TZ x2155 = 0xfffffff;
Tbase TZ x2156 = x2139 & x2155;
Tbase TZ x2157 = 0xfffffff;
Tbase TZ x2158 = x2134 & x2157;
Tbase TZ x2159 = x30 * x610;
Tbase TZ x2160 = 0x2;
Tbase TZ x2161 = x607 * x2160;
Tbase TZ x2162 = x23 * x2161;
Tbase TZ x2163 = 0x2;
Tbase TZ x2164 = x604 * x2163;
Tbase TZ x2165 = x24 * x2164;
Tbase TZ x2166 = 0x2;
Tbase TZ x2167 = x601 * x2166;
Tbase TZ x2168 = x25 * x2167;
Tbase TZ x2169 = 0x2;
Tbase TZ x2170 = x598 * x2169;
Tbase TZ x2171 = x26 * x2170;
Tbase TZ x2172 = 0x2;
Tbase TZ x2173 = x595 * x2172;
Tbase TZ x2174 = x27 * x2173;
Tbase TZ x2175 = 0x2;
Tbase TZ x2176 = x592 * x2175;
Tbase TZ x2177 = x28 * x2176;
Tbase TZ x2178 = 0x2;
Tbase TZ x2179 = x589 * x2178;
Tbase TZ x2180 = x29 * x2179;
Tbase TZ x2181 = x2177 + x2180;
Tbase TZ x2182 = x2174 + x2181;
Tbase TZ x2183 = x2171 + x2182;
Tbase TZ x2184 = x2168 + x2183;
Tbase TZ x2185 = x2165 + x2184;
Tbase TZ x2186 = x2162 + x2185;
Tbase TZ x2187 = 0x3;
Tbase TZ x2188 = x2187 * x2186;
Tbase TZ x2189 = x2159 + x2188;
Tbase TZ x2190 = 0x1c;
Tbase TZ x2191 = x2189 >>> x2190;
Tbase TZ x2192 = x29 * x610;
Tbase TZ x2193 = x30 * x607;
Tbase TZ x2194 = x2192 + x2193;
Tbase TZ x2195 = 0x2;
Tbase TZ x2196 = x604 * x2195;
Tbase TZ x2197 = x23 * x2196;
Tbase TZ x2198 = x24 * x601;
Tbase TZ x2199 = 0x2;
Tbase TZ x2200 = x598 * x2199;
Tbase TZ x2201 = x25 * x2200;
Tbase TZ x2202 = 0x2;
Tbase TZ x2203 = x595 * x2202;
Tbase TZ x2204 = x26 * x2203;
Tbase TZ x2205 = x27 * x592;
Tbase TZ x2206 = 0x2;
Tbase TZ x2207 = x589 * x2206;
Tbase TZ x2208 = x28 * x2207;
Tbase TZ x2209 = x2205 + x2208;
Tbase TZ x2210 = x2204 + x2209;
Tbase TZ x2211 = x2201 + x2210;
Tbase TZ x2212 = x2198 + x2211;
Tbase TZ x2213 = x2197 + x2212;
Tbase TZ x2214 = 0x3;
Tbase TZ x2215 = x2214 * x2213;
Tbase TZ x2216 = x2194 + x2215;
Tbase TZ x2217 = x2191 + x2216;
Tbase TZ x2218 = 0x1c;
Tbase TZ x2219 = x2217 >>> x2218;
Tbase TZ x2220 = x28 * x610;
Tbase TZ x2221 = x29 * x607;
Tbase TZ x2222 = x30 * x604;
Tbase TZ x2223 = x2221 + x2222;
Tbase TZ x2224 = x2220 + x2223;
Tbase TZ x2225 = x23 * x601;
Tbase TZ x2226 = x24 * x598;
Tbase TZ x2227 = 0x2;
Tbase TZ x2228 = x595 * x2227;
Tbase TZ x2229 = x25 * x2228;
Tbase TZ x2230 = x26 * x592;
Tbase TZ x2231 = x27 * x589;
Tbase TZ x2232 = x2230 + x2231;
Tbase TZ x2233 = x2229 + x2232;
Tbase TZ x2234 = x2226 + x2233;
Tbase TZ x2235 = x2225 + x2234;
Tbase TZ x2236 = 0x3;
Tbase TZ x2237 = x2236 * x2235;
Tbase TZ x2238 = x2224 + x2237;
Tbase TZ x2239 = x2219 + x2238;
Tbase TZ x2240 = 0x1b;
Tbase TZ x2241 = x2239 >>> x2240;
Tbase TZ x2242 = x27 * x610;
Tbase TZ x2243 = 0x2;
Tbase TZ x2244 = x607 * x2243;
Tbase TZ x2245 = x28 * x2244;
Tbase TZ x2246 = 0x2;
Tbase TZ x2247 = x604 * x2246;
Tbase TZ x2248 = x29 * x2247;
Tbase TZ x2249 = x30 * x601;
Tbase TZ x2250 = x2248 + x2249;
Tbase TZ x2251 = x2245 + x2250;
Tbase TZ x2252 = x2242 + x2251;
Tbase TZ x2253 = 0x2;
Tbase TZ x2254 = x598 * x2253;
Tbase TZ x2255 = x23 * x2254;
Tbase TZ x2256 = 0x2;
Tbase TZ x2257 = x595 * x2256;
Tbase TZ x2258 = x24 * x2257;
Tbase TZ x2259 = 0x2;
Tbase TZ x2260 = x592 * x2259;
Tbase TZ x2261 = x25 * x2260;
Tbase TZ x2262 = 0x2;
Tbase TZ x2263 = x589 * x2262;
Tbase TZ x2264 = x26 * x2263;
Tbase TZ x2265 = x2261 + x2264;
Tbase TZ x2266 = x2258 + x2265;
Tbase TZ x2267 = x2255 + x2266;
Tbase TZ x2268 = 0x3;
Tbase TZ x2269 = x2268 * x2267;
Tbase TZ x2270 = x2252 + x2269;
Tbase TZ x2271 = x2241 + x2270;
Tbase TZ x2272 = 0x1c;
Tbase TZ x2273 = x2271 >>> x2272;
Tbase TZ x2274 = x26 * x610;
Tbase TZ x2275 = x27 * x607;
Tbase TZ x2276 = 0x2;
Tbase TZ x2277 = x604 * x2276;
Tbase TZ x2278 = x28 * x2277;
Tbase TZ x2279 = x29 * x601;
Tbase TZ x2280 = x30 * x598;
Tbase TZ x2281 = x2279 + x2280;
Tbase TZ x2282 = x2278 + x2281;
Tbase TZ x2283 = x2275 + x2282;
Tbase TZ x2284 = x2274 + x2283;
Tbase TZ x2285 = 0x2;
Tbase TZ x2286 = x595 * x2285;
Tbase TZ x2287 = x23 * x2286;
Tbase TZ x2288 = x24 * x592;
Tbase TZ x2289 = 0x2;
Tbase TZ x2290 = x589 * x2289;
Tbase TZ x2291 = x25 * x2290;
Tbase TZ x2292 = x2288 + x2291;
Tbase TZ x2293 = x2287 + x2292;
Tbase TZ x2294 = 0x3;
Tbase TZ x2295 = x2294 * x2293;
Tbase TZ x2296 = x2284 + x2295;
Tbase TZ x2297 = x2273 + x2296;
Tbase TZ x2298 = 0x1c;
Tbase TZ x2299 = x2297 >>> x2298;
Tbase TZ x2300 = x25 * x610;
Tbase TZ x2301 = x26 * x607;
Tbase TZ x2302 = x27 * x604;
Tbase TZ x2303 = x28 * x601;
Tbase TZ x2304 = x29 * x598;
Tbase TZ x2305 = x30 * x595;
Tbase TZ x2306 = x2304 + x2305;
Tbase TZ x2307 = x2303 + x2306;
Tbase TZ x2308 = x2302 + x2307;
Tbase TZ x2309 = x2301 + x2308;
Tbase TZ x2310 = x2300 + x2309;
Tbase TZ x2311 = x23 * x592;
Tbase TZ x2312 = x24 * x589;
Tbase TZ x2313 = x2311 + x2312;
Tbase TZ x2314 = 0x3;
Tbase TZ x2315 = x2314 * x2313;
Tbase TZ x2316 = x2310 + x2315;
Tbase TZ x2317 = x2299 + x2316;
Tbase TZ x2318 = 0x1b;
Tbase TZ x2319 = x2317 >>> x2318;
Tbase TZ x2320 = x24 * x610;
Tbase TZ x2321 = 0x2;
Tbase TZ x2322 = x607 * x2321;
Tbase TZ x2323 = x25 * x2322;
Tbase TZ x2324 = 0x2;
Tbase TZ x2325 = x604 * x2324;
Tbase TZ x2326 = x26 * x2325;
Tbase TZ x2327 = x27 * x601;
Tbase TZ x2328 = 0x2;
Tbase TZ x2329 = x598 * x2328;
Tbase TZ x2330 = x28 * x2329;
Tbase TZ x2331 = 0x2;
Tbase TZ x2332 = x595 * x2331;
Tbase TZ x2333 = x29 * x2332;
Tbase TZ x2334 = x30 * x592;
Tbase TZ x2335 = x2333 + x2334;
Tbase TZ x2336 = x2330 + x2335;
Tbase TZ x2337 = x2327 + x2336;
Tbase TZ x2338 = x2326 + x2337;
Tbase TZ x2339 = x2323 + x2338;
Tbase TZ x2340 = x2320 + x2339;
Tbase TZ x2341 = 0x2;
Tbase TZ x2342 = x589 * x2341;
Tbase TZ x2343 = x23 * x2342;
Tbase TZ x2344 = 0x3;
Tbase TZ x2345 = x2344 * x2343;
Tbase TZ x2346 = x2340 + x2345;
Tbase TZ x2347 = x2319 + x2346;
Tbase TZ x2348 = 0x1c;
Tbase TZ x2349 = x2347 >>> x2348;
Tbase TZ x2350 = x23 * x610;
Tbase TZ x2351 = x24 * x607;
Tbase TZ x2352 = 0x2;
Tbase TZ x2353 = x604 * x2352;
Tbase TZ x2354 = x25 * x2353;
Tbase TZ x2355 = x26 * x601;
Tbase TZ x2356 = x27 * x598;
Tbase TZ x2357 = 0x2;
Tbase TZ x2358 = x595 * x2357;
Tbase TZ x2359 = x28 * x2358;
Tbase TZ x2360 = x29 * x592;
Tbase TZ x2361 = x30 * x589;
Tbase TZ x2362 = x2360 + x2361;
Tbase TZ x2363 = x2359 + x2362;
Tbase TZ x2364 = x2356 + x2363;
Tbase TZ x2365 = x2355 + x2364;
Tbase TZ x2366 = x2354 + x2365;
Tbase TZ x2367 = x2351 + x2366;
Tbase TZ x2368 = x2350 + x2367;
Tbase TZ x2369 = x2349 + x2368;
Tbase TZ x2370 = 0x1b;
Tbase TZ x2371 = x2369 >>> x2370;
Tbase TZ x2372 = 0x3;
Tbase TZ x2373 = x2372 * x2371;
Tbase TZ x2374 = 0xfffffff;
Tbase TZ x2375 = x2189 & x2374;
Tbase TZ x2376 = x2373 + x2375;
Tbase TZ x2377 = 0x1c;
Tbase TZ x2378 = x2376 >>> x2377;
Tbase TZ x2379 = 0xfffffff;
Tbase TZ x2380 = x2217 & x2379;
Tbase TZ x2381 = x2378 + x2380;
Tbase TZ x2382 = 0x7ffffff;
Tbase TZ x2383 = x2369 & x2382;
Tbase TZ x2384 = 0xfffffff;
Tbase TZ x2385 = x2347 & x2384;
Tbase TZ x2386 = 0x7ffffff;
Tbase TZ x2387 = x2317 & x2386;
Tbase TZ x2388 = 0xfffffff;
Tbase TZ x2389 = x2297 & x2388;
Tbase TZ x2390 = 0xfffffff;
Tbase TZ x2391 = x2271 & x2390;
Tbase TZ x2392 = 0x1c;
Tbase TZ x2393 = x2381 >>> x2392;
Tbase TZ x2394 = 0x7ffffff;
Tbase TZ x2395 = x2239 & x2394;
Tbase TZ x2396 = x2393 + x2395;
Tbase TZ x2397 = 0xfffffff;
Tbase TZ x2398 = x2381 & x2397;
Tbase TZ x2399 = 0xfffffff;
Tbase TZ x2400 = x2376 & x2399;
Tbase TZ x2401 = x303 + x2383;
Tbase TZ x2402 = x305 + x2385;
Tbase TZ x2403 = x307 + x2387;
Tbase TZ x2404 = x309 + x2389;
Tbase TZ x2405 = x311 + x2391;
Tbase TZ x2406 = x316 + x2396;
Tbase TZ x2407 = x318 + x2398;
Tbase TZ x2408 = x320 + x2400;
Tbase TZ x2409 = x610 * x2408;
Tbase TZ x2410 = 0x2;
Tbase TZ x2411 = x2407 * x2410;
Tbase TZ x2412 = x589 * x2411;
Tbase TZ x2413 = 0x2;
Tbase TZ x2414 = x2406 * x2413;
Tbase TZ x2415 = x592 * x2414;
Tbase TZ x2416 = 0x2;
Tbase TZ x2417 = x2405 * x2416;
Tbase TZ x2418 = x595 * x2417;
Tbase TZ x2419 = 0x2;
Tbase TZ x2420 = x2404 * x2419;
Tbase TZ x2421 = x598 * x2420;
Tbase TZ x2422 = 0x2;
Tbase TZ x2423 = x2403 * x2422;
Tbase TZ x2424 = x601 * x2423;
Tbase TZ x2425 = 0x2;
Tbase TZ x2426 = x2402 * x2425;
Tbase TZ x2427 = x604 * x2426;
Tbase TZ x2428 = 0x2;
Tbase TZ x2429 = x2401 * x2428;
Tbase TZ x2430 = x607 * x2429;
Tbase TZ x2431 = x2427 + x2430;
Tbase TZ x2432 = x2424 + x2431;
Tbase TZ x2433 = x2421 + x2432;
Tbase TZ x2434 = x2418 + x2433;
Tbase TZ x2435 = x2415 + x2434;
Tbase TZ x2436 = x2412 + x2435;
Tbase TZ x2437 = 0x3;
Tbase TZ x2438 = x2437 * x2436;
Tbase TZ x2439 = x2409 + x2438;
Tbase TZ x2440 = 0x1c;
Tbase TZ x2441 = x2439 >>> x2440;
Tbase TZ x2442 = x607 * x2408;
Tbase TZ x2443 = x610 * x2407;
Tbase TZ x2444 = x2442 + x2443;
Tbase TZ x2445 = 0x2;
Tbase TZ x2446 = x2406 * x2445;
Tbase TZ x2447 = x589 * x2446;
Tbase TZ x2448 = x592 * x2405;
Tbase TZ x2449 = 0x2;
Tbase TZ x2450 = x2404 * x2449;
Tbase TZ x2451 = x595 * x2450;
Tbase TZ x2452 = 0x2;
Tbase TZ x2453 = x2403 * x2452;
Tbase TZ x2454 = x598 * x2453;
Tbase TZ x2455 = x601 * x2402;
Tbase TZ x2456 = 0x2;
Tbase TZ x2457 = x2401 * x2456;
Tbase TZ x2458 = x604 * x2457;
Tbase TZ x2459 = x2455 + x2458;
Tbase TZ x2460 = x2454 + x2459;
Tbase TZ x2461 = x2451 + x2460;
Tbase TZ x2462 = x2448 + x2461;
Tbase TZ x2463 = x2447 + x2462;
Tbase TZ x2464 = 0x3;
Tbase TZ x2465 = x2464 * x2463;
Tbase TZ x2466 = x2444 + x2465;
Tbase TZ x2467 = x2441 + x2466;
Tbase TZ x2468 = 0x1c;
Tbase TZ x2469 = x2467 >>> x2468;
Tbase TZ x2470 = x604 * x2408;
Tbase TZ x2471 = x607 * x2407;
Tbase TZ x2472 = x610 * x2406;
Tbase TZ x2473 = x2471 + x2472;
Tbase TZ x2474 = x2470 + x2473;
Tbase TZ x2475 = x589 * x2405;
Tbase TZ x2476 = x592 * x2404;
Tbase TZ x2477 = 0x2;
Tbase TZ x2478 = x2403 * x2477;
Tbase TZ x2479 = x595 * x2478;
Tbase TZ x2480 = x598 * x2402;
Tbase TZ x2481 = x601 * x2401;
Tbase TZ x2482 = x2480 + x2481;
Tbase TZ x2483 = x2479 + x2482;
Tbase TZ x2484 = x2476 + x2483;
Tbase TZ x2485 = x2475 + x2484;
Tbase TZ x2486 = 0x3;
Tbase TZ x2487 = x2486 * x2485;
Tbase TZ x2488 = x2474 + x2487;
Tbase TZ x2489 = x2469 + x2488;
Tbase TZ x2490 = 0x1b;
Tbase TZ x2491 = x2489 >>> x2490;
Tbase TZ x2492 = x601 * x2408;
Tbase TZ x2493 = 0x2;
Tbase TZ x2494 = x2407 * x2493;
Tbase TZ x2495 = x604 * x2494;
Tbase TZ x2496 = 0x2;
Tbase TZ x2497 = x2406 * x2496;
Tbase TZ x2498 = x607 * x2497;
Tbase TZ x2499 = x610 * x2405;
Tbase TZ x2500 = x2498 + x2499;
Tbase TZ x2501 = x2495 + x2500;
Tbase TZ x2502 = x2492 + x2501;
Tbase TZ x2503 = 0x2;
Tbase TZ x2504 = x2404 * x2503;
Tbase TZ x2505 = x589 * x2504;
Tbase TZ x2506 = 0x2;
Tbase TZ x2507 = x2403 * x2506;
Tbase TZ x2508 = x592 * x2507;
Tbase TZ x2509 = 0x2;
Tbase TZ x2510 = x2402 * x2509;
Tbase TZ x2511 = x595 * x2510;
Tbase TZ x2512 = 0x2;
Tbase TZ x2513 = x2401 * x2512;
Tbase TZ x2514 = x598 * x2513;
Tbase TZ x2515 = x2511 + x2514;
Tbase TZ x2516 = x2508 + x2515;
Tbase TZ x2517 = x2505 + x2516;
Tbase TZ x2518 = 0x3;
Tbase TZ x2519 = x2518 * x2517;
Tbase TZ x2520 = x2502 + x2519;
Tbase TZ x2521 = x2491 + x2520;
Tbase TZ x2522 = 0x1c;
Tbase TZ x2523 = x2521 >>> x2522;
Tbase TZ x2524 = x598 * x2408;
Tbase TZ x2525 = x601 * x2407;
Tbase TZ x2526 = 0x2;
Tbase TZ x2527 = x2406 * x2526;
Tbase TZ x2528 = x604 * x2527;
Tbase TZ x2529 = x607 * x2405;
Tbase TZ x2530 = x610 * x2404;
Tbase TZ x2531 = x2529 + x2530;
Tbase TZ x2532 = x2528 + x2531;
Tbase TZ x2533 = x2525 + x2532;
Tbase TZ x2534 = x2524 + x2533;
Tbase TZ x2535 = 0x2;
Tbase TZ x2536 = x2403 * x2535;
Tbase TZ x2537 = x589 * x2536;
Tbase TZ x2538 = x592 * x2402;
Tbase TZ x2539 = 0x2;
Tbase TZ x2540 = x2401 * x2539;
Tbase TZ x2541 = x595 * x2540;
Tbase TZ x2542 = x2538 + x2541;
Tbase TZ x2543 = x2537 + x2542;
Tbase TZ x2544 = 0x3;
Tbase TZ x2545 = x2544 * x2543;
Tbase TZ x2546 = x2534 + x2545;
Tbase TZ x2547 = x2523 + x2546;
Tbase TZ x2548 = 0x1c;
Tbase TZ x2549 = x2547 >>> x2548;
Tbase TZ x2550 = x595 * x2408;
Tbase TZ x2551 = x598 * x2407;
Tbase TZ x2552 = x601 * x2406;
Tbase TZ x2553 = x604 * x2405;
Tbase TZ x2554 = x607 * x2404;
Tbase TZ x2555 = x610 * x2403;
Tbase TZ x2556 = x2554 + x2555;
Tbase TZ x2557 = x2553 + x2556;
Tbase TZ x2558 = x2552 + x2557;
Tbase TZ x2559 = x2551 + x2558;
Tbase TZ x2560 = x2550 + x2559;
Tbase TZ x2561 = x589 * x2402;
Tbase TZ x2562 = x592 * x2401;
Tbase TZ x2563 = x2561 + x2562;
Tbase TZ x2564 = 0x3;
Tbase TZ x2565 = x2564 * x2563;
Tbase TZ x2566 = x2560 + x2565;
Tbase TZ x2567 = x2549 + x2566;
Tbase TZ x2568 = 0x1b;
Tbase TZ x2569 = x2567 >>> x2568;
Tbase TZ x2570 = x592 * x2408;
Tbase TZ x2571 = 0x2;
Tbase TZ x2572 = x2407 * x2571;
Tbase TZ x2573 = x595 * x2572;
Tbase TZ x2574 = 0x2;
Tbase TZ x2575 = x2406 * x2574;
Tbase TZ x2576 = x598 * x2575;
Tbase TZ x2577 = x601 * x2405;
Tbase TZ x2578 = 0x2;
Tbase TZ x2579 = x2404 * x2578;
Tbase TZ x2580 = x604 * x2579;
Tbase TZ x2581 = 0x2;
Tbase TZ x2582 = x2403 * x2581;
Tbase TZ x2583 = x607 * x2582;
Tbase TZ x2584 = x610 * x2402;
Tbase TZ x2585 = x2583 + x2584;
Tbase TZ x2586 = x2580 + x2585;
Tbase TZ x2587 = x2577 + x2586;
Tbase TZ x2588 = x2576 + x2587;
Tbase TZ x2589 = x2573 + x2588;
Tbase TZ x2590 = x2570 + x2589;
Tbase TZ x2591 = 0x2;
Tbase TZ x2592 = x2401 * x2591;
Tbase TZ x2593 = x589 * x2592;
Tbase TZ x2594 = 0x3;
Tbase TZ x2595 = x2594 * x2593;
Tbase TZ x2596 = x2590 + x2595;
Tbase TZ x2597 = x2569 + x2596;
Tbase TZ x2598 = 0x1c;
Tbase TZ x2599 = x2597 >>> x2598;
Tbase TZ x2600 = x589 * x2408;
Tbase TZ x2601 = x592 * x2407;
Tbase TZ x2602 = 0x2;
Tbase TZ x2603 = x2406 * x2602;
Tbase TZ x2604 = x595 * x2603;
Tbase TZ x2605 = x598 * x2405;
Tbase TZ x2606 = x601 * x2404;
Tbase TZ x2607 = 0x2;
Tbase TZ x2608 = x2403 * x2607;
Tbase TZ x2609 = x604 * x2608;
Tbase TZ x2610 = x607 * x2402;
Tbase TZ x2611 = x610 * x2401;
Tbase TZ x2612 = x2610 + x2611;
Tbase TZ x2613 = x2609 + x2612;
Tbase TZ x2614 = x2606 + x2613;
Tbase TZ x2615 = x2605 + x2614;
Tbase TZ x2616 = x2604 + x2615;
Tbase TZ x2617 = x2601 + x2616;
Tbase TZ x2618 = x2600 + x2617;
Tbase TZ x2619 = x2599 + x2618;
Tbase TZ x2620 = 0x1b;
Tbase TZ x2621 = x2619 >>> x2620;
Tbase TZ x2622 = 0x3;
Tbase TZ x2623 = x2622 * x2621;
Tbase TZ x2624 = 0xfffffff;
Tbase TZ x2625 = x2439 & x2624;
Tbase TZ x2626 = x2623 + x2625;
Tbase TZ x2627 = 0x1c;
Tbase TZ x2628 = x2626 >>> x2627;
Tbase TZ x2629 = 0xfffffff;
Tbase TZ x2630 = x2467 & x2629;
Tbase TZ x2631 = x2628 + x2630;
Tbase TZ x2632 = 0x7ffffff;
Tbase TZ x2633 = x2619 & x2632;
Tbase TZ x2634 = 0xfffffff;
Tbase TZ x2635 = x2597 & x2634;
Tbase TZ x2636 = 0x7ffffff;
Tbase TZ x2637 = x2567 & x2636;
Tbase TZ x2638 = 0xfffffff;
Tbase TZ x2639 = x2547 & x2638;
Tbase TZ x2640 = 0xfffffff;
Tbase TZ x2641 = x2521 & x2640;
Tbase TZ x2642 = 0x1c;
Tbase TZ x2643 = x2631 >>> x2642;
Tbase TZ x2644 = 0x7ffffff;
Tbase TZ x2645 = x2489 & x2644;
Tbase TZ x2646 = x2643 + x2645;
Tbase TZ x2647 = 0xfffffff;
Tbase TZ x2648 = x2631 & x2647;
Tbase TZ x2649 = 0xfffffff;
Tbase TZ x2650 = x2626 & x2649;
(Return x2141, Return x2143, Return x2145, Return x2147, 
Return x2149, Return x2154, Return x2156, Return x2158,
(Return x2633, Return x2635, Return x2637, Return x2639, 
Return x2641, Return x2646, Return x2648, Return x2650),
(Return x1367, Return x1369, Return x1371, Return x1373, 
Return x1375, Return x1380, Return x1382, Return x1384),
(Return x1899, Return x1901, Return x1903, Return x1905, 
Return x1907, Return x1912, Return x1914, Return x1916))
     : forall var : base_type -> Type,
       expr base_type op
         (TZ ->
          TZ ->
          TZ ->
          TZ ->
          TZ ->
          TZ ->
          TZ ->
          TZ ->
          TZ ->
          TZ ->
          TZ ->
          TZ ->
          TZ ->
          TZ ->
          TZ ->
          TZ ->
          TZ ->
          TZ ->
          TZ ->
          TZ ->
          TZ ->
          TZ ->
          TZ ->
          TZ ->
          TZ ->
          TZ ->
          TZ ->
          TZ ->
          TZ ->
          TZ ->
          TZ ->
          TZ ->
          TZ ->
          TZ ->
          TZ -> TZ -> TZ -> TZ -> TZ -> TZ -> TZ -> TZ -> TZ -> TZ -> ...)

Argument scope is [function_scope]
