λ x : word32 * word32 * word32 * word32 * word32 * word32 * word32 * word32 * word32 * word32 * word32 * word32 * word32 * word32 * word32 * word32 * word32 * word32 * word32 * word32 * word32 * word32 * word32 * word32 * word32 * word32 * word32 * word32,
Interp-η
(λ var : Syntax.base_type → Type,
 λ '(x53, x54, x52, x50, x48, x46, x44, x42, x40, x38, x36, x34, x32, x30, x28, x26, x24, x22, x20, x18, x16, x14, x12, x10, x8, x6, x4, x2)%core,
 uint32_t x56, uint8_t x57 = Op (Syntax.SubWithGetBorrow 19 (Syntax.TWord 3) (Syntax.TWord 5) (Syntax.TWord 5) (Syntax.TWord 5) (Syntax.TWord 3)) (0x0, Return x2, Const 524101);
 uint32_t x59, uint8_t x60 = Op (Syntax.SubWithGetBorrow 18 (Syntax.TWord 3) (Syntax.TWord 5) (Syntax.TWord 5) (Syntax.TWord 5) (Syntax.TWord 3)) (Return x57, Return x4, 0x3ffff);
 uint32_t x62, uint8_t x63 = Op (Syntax.SubWithGetBorrow 18 (Syntax.TWord 3) (Syntax.TWord 5) (Syntax.TWord 5) (Syntax.TWord 5) (Syntax.TWord 3)) (Return x60, Return x6, 0x3ffff);
 uint32_t x65, uint8_t x66 = Op (Syntax.SubWithGetBorrow 18 (Syntax.TWord 3) (Syntax.TWord 5) (Syntax.TWord 5) (Syntax.TWord 5) (Syntax.TWord 3)) (Return x63, Return x8, 0x3ffff);
 uint32_t x68, uint8_t x69 = Op (Syntax.SubWithGetBorrow 19 (Syntax.TWord 3) (Syntax.TWord 5) (Syntax.TWord 5) (Syntax.TWord 5) (Syntax.TWord 3)) (Return x66, Return x10, 0x7ffff);
 uint32_t x71, uint8_t x72 = Op (Syntax.SubWithGetBorrow 18 (Syntax.TWord 3) (Syntax.TWord 5) (Syntax.TWord 5) (Syntax.TWord 5) (Syntax.TWord 3)) (Return x69, Return x12, 0x3ffff);
 uint32_t x74, uint8_t x75 = Op (Syntax.SubWithGetBorrow 18 (Syntax.TWord 3) (Syntax.TWord 5) (Syntax.TWord 5) (Syntax.TWord 5) (Syntax.TWord 3)) (Return x72, Return x14, 0x3ffff);
 uint32_t x77, uint8_t x78 = Op (Syntax.SubWithGetBorrow 18 (Syntax.TWord 3) (Syntax.TWord 5) (Syntax.TWord 5) (Syntax.TWord 5) (Syntax.TWord 3)) (Return x75, Return x16, 0x3ffff);
 uint32_t x80, uint8_t x81 = Op (Syntax.SubWithGetBorrow 19 (Syntax.TWord 3) (Syntax.TWord 5) (Syntax.TWord 5) (Syntax.TWord 5) (Syntax.TWord 3)) (Return x78, Return x18, 0x7ffff);
 uint32_t x83, uint8_t x84 = Op (Syntax.SubWithGetBorrow 18 (Syntax.TWord 3) (Syntax.TWord 5) (Syntax.TWord 5) (Syntax.TWord 5) (Syntax.TWord 3)) (Return x81, Return x20, 0x3ffff);
 uint32_t x86, uint8_t x87 = Op (Syntax.SubWithGetBorrow 18 (Syntax.TWord 3) (Syntax.TWord 5) (Syntax.TWord 5) (Syntax.TWord 5) (Syntax.TWord 3)) (Return x84, Return x22, 0x3ffff);
 uint32_t x89, uint8_t x90 = Op (Syntax.SubWithGetBorrow 18 (Syntax.TWord 3) (Syntax.TWord 5) (Syntax.TWord 5) (Syntax.TWord 5) (Syntax.TWord 3)) (Return x87, Return x24, 0x3ffff);
 uint32_t x92, uint8_t x93 = Op (Syntax.SubWithGetBorrow 19 (Syntax.TWord 3) (Syntax.TWord 5) (Syntax.TWord 5) (Syntax.TWord 5) (Syntax.TWord 3)) (Return x90, Return x26, 0x7ffff);
 uint32_t x95, uint8_t x96 = Op (Syntax.SubWithGetBorrow 18 (Syntax.TWord 3) (Syntax.TWord 5) (Syntax.TWord 5) (Syntax.TWord 5) (Syntax.TWord 3)) (Return x93, Return x28, 0x3ffff);
 uint32_t x98, uint8_t x99 = Op (Syntax.SubWithGetBorrow 18 (Syntax.TWord 3) (Syntax.TWord 5) (Syntax.TWord 5) (Syntax.TWord 5) (Syntax.TWord 3)) (Return x96, Return x30, 0x3ffff);
 uint32_t x101, uint8_t x102 = Op (Syntax.SubWithGetBorrow 18 (Syntax.TWord 3) (Syntax.TWord 5) (Syntax.TWord 5) (Syntax.TWord 5) (Syntax.TWord 3)) (Return x99, Return x32, 0x3ffff);
 uint32_t x104, uint8_t x105 = Op (Syntax.SubWithGetBorrow 19 (Syntax.TWord 3) (Syntax.TWord 5) (Syntax.TWord 5) (Syntax.TWord 5) (Syntax.TWord 3)) (Return x102, Return x34, 0x7ffff);
 uint32_t x107, uint8_t x108 = Op (Syntax.SubWithGetBorrow 18 (Syntax.TWord 3) (Syntax.TWord 5) (Syntax.TWord 5) (Syntax.TWord 5) (Syntax.TWord 3)) (Return x105, Return x36, 0x3ffff);
 uint32_t x110, uint8_t x111 = Op (Syntax.SubWithGetBorrow 18 (Syntax.TWord 3) (Syntax.TWord 5) (Syntax.TWord 5) (Syntax.TWord 5) (Syntax.TWord 3)) (Return x108, Return x38, 0x3ffff);
 uint32_t x113, uint8_t x114 = Op (Syntax.SubWithGetBorrow 18 (Syntax.TWord 3) (Syntax.TWord 5) (Syntax.TWord 5) (Syntax.TWord 5) (Syntax.TWord 3)) (Return x111, Return x40, 0x3ffff);
 uint32_t x116, uint8_t x117 = Op (Syntax.SubWithGetBorrow 19 (Syntax.TWord 3) (Syntax.TWord 5) (Syntax.TWord 5) (Syntax.TWord 5) (Syntax.TWord 3)) (Return x114, Return x42, 0x7ffff);
 uint32_t x119, uint8_t x120 = Op (Syntax.SubWithGetBorrow 18 (Syntax.TWord 3) (Syntax.TWord 5) (Syntax.TWord 5) (Syntax.TWord 5) (Syntax.TWord 3)) (Return x117, Return x44, 0x3ffff);
 uint32_t x122, uint8_t x123 = Op (Syntax.SubWithGetBorrow 18 (Syntax.TWord 3) (Syntax.TWord 5) (Syntax.TWord 5) (Syntax.TWord 5) (Syntax.TWord 3)) (Return x120, Return x46, 0x3ffff);
 uint32_t x125, uint8_t x126 = Op (Syntax.SubWithGetBorrow 18 (Syntax.TWord 3) (Syntax.TWord 5) (Syntax.TWord 5) (Syntax.TWord 5) (Syntax.TWord 3)) (Return x123, Return x48, 0x3ffff);
 uint32_t x128, uint8_t x129 = Op (Syntax.SubWithGetBorrow 19 (Syntax.TWord 3) (Syntax.TWord 5) (Syntax.TWord 5) (Syntax.TWord 5) (Syntax.TWord 3)) (Return x126, Return x50, 0x7ffff);
 uint32_t x131, uint8_t x132 = Op (Syntax.SubWithGetBorrow 18 (Syntax.TWord 3) (Syntax.TWord 5) (Syntax.TWord 5) (Syntax.TWord 5) (Syntax.TWord 3)) (Return x129, Return x52, 0x3ffff);
 uint32_t x134, uint8_t x135 = Op (Syntax.SubWithGetBorrow 18 (Syntax.TWord 3) (Syntax.TWord 5) (Syntax.TWord 5) (Syntax.TWord 5) (Syntax.TWord 3)) (Return x132, Return x54, 0x3ffff);
 uint32_t x137, uint8_t x138 = Op (Syntax.SubWithGetBorrow 18 (Syntax.TWord 3) (Syntax.TWord 5) (Syntax.TWord 5) (Syntax.TWord 5) (Syntax.TWord 3)) (Return x135, Return x53, 0x3ffff);
 uint32_t x139 = (uint32_t)cmovznz(x138, 0x0, 0xffffffff);
 uint32_t x140 = x139 & Const 524101;
 uint32_t x142, uint8_t x143 = Op (Syntax.AddWithGetCarry 19 (Syntax.TWord 3) (Syntax.TWord 5) (Syntax.TWord 5) (Syntax.TWord 5) (Syntax.TWord 3)) (0x0, Return x56, Return x140);
 uint32_t x144 = x139 & 0x3ffff;
 uint32_t x146, uint8_t x147 = Op (Syntax.AddWithGetCarry 18 (Syntax.TWord 3) (Syntax.TWord 5) (Syntax.TWord 5) (Syntax.TWord 5) (Syntax.TWord 3)) (Return x143, Return x59, Return x144);
 uint32_t x148 = x139 & 0x3ffff;
 uint32_t x150, uint8_t x151 = Op (Syntax.AddWithGetCarry 18 (Syntax.TWord 3) (Syntax.TWord 5) (Syntax.TWord 5) (Syntax.TWord 5) (Syntax.TWord 3)) (Return x147, Return x62, Return x148);
 uint32_t x152 = x139 & 0x3ffff;
 uint32_t x154, uint8_t x155 = Op (Syntax.AddWithGetCarry 18 (Syntax.TWord 3) (Syntax.TWord 5) (Syntax.TWord 5) (Syntax.TWord 5) (Syntax.TWord 3)) (Return x151, Return x65, Return x152);
 uint32_t x156 = x139 & 0x7ffff;
 uint32_t x158, uint8_t x159 = Op (Syntax.AddWithGetCarry 19 (Syntax.TWord 3) (Syntax.TWord 5) (Syntax.TWord 5) (Syntax.TWord 5) (Syntax.TWord 3)) (Return x155, Return x68, Return x156);
 uint32_t x160 = x139 & 0x3ffff;
 uint32_t x162, uint8_t x163 = Op (Syntax.AddWithGetCarry 18 (Syntax.TWord 3) (Syntax.TWord 5) (Syntax.TWord 5) (Syntax.TWord 5) (Syntax.TWord 3)) (Return x159, Return x71, Return x160);
 uint32_t x164 = x139 & 0x3ffff;
 uint32_t x166, uint8_t x167 = Op (Syntax.AddWithGetCarry 18 (Syntax.TWord 3) (Syntax.TWord 5) (Syntax.TWord 5) (Syntax.TWord 5) (Syntax.TWord 3)) (Return x163, Return x74, Return x164);
 uint32_t x168 = x139 & 0x3ffff;
 uint32_t x170, uint8_t x171 = Op (Syntax.AddWithGetCarry 18 (Syntax.TWord 3) (Syntax.TWord 5) (Syntax.TWord 5) (Syntax.TWord 5) (Syntax.TWord 3)) (Return x167, Return x77, Return x168);
 uint32_t x172 = x139 & 0x7ffff;
 uint32_t x174, uint8_t x175 = Op (Syntax.AddWithGetCarry 19 (Syntax.TWord 3) (Syntax.TWord 5) (Syntax.TWord 5) (Syntax.TWord 5) (Syntax.TWord 3)) (Return x171, Return x80, Return x172);
 uint32_t x176 = x139 & 0x3ffff;
 uint32_t x178, uint8_t x179 = Op (Syntax.AddWithGetCarry 18 (Syntax.TWord 3) (Syntax.TWord 5) (Syntax.TWord 5) (Syntax.TWord 5) (Syntax.TWord 3)) (Return x175, Return x83, Return x176);
 uint32_t x180 = x139 & 0x3ffff;
 uint32_t x182, uint8_t x183 = Op (Syntax.AddWithGetCarry 18 (Syntax.TWord 3) (Syntax.TWord 5) (Syntax.TWord 5) (Syntax.TWord 5) (Syntax.TWord 3)) (Return x179, Return x86, Return x180);
 uint32_t x184 = x139 & 0x3ffff;
 uint32_t x186, uint8_t x187 = Op (Syntax.AddWithGetCarry 18 (Syntax.TWord 3) (Syntax.TWord 5) (Syntax.TWord 5) (Syntax.TWord 5) (Syntax.TWord 3)) (Return x183, Return x89, Return x184);
 uint32_t x188 = x139 & 0x7ffff;
 uint32_t x190, uint8_t x191 = Op (Syntax.AddWithGetCarry 19 (Syntax.TWord 3) (Syntax.TWord 5) (Syntax.TWord 5) (Syntax.TWord 5) (Syntax.TWord 3)) (Return x187, Return x92, Return x188);
 uint32_t x192 = x139 & 0x3ffff;
 uint32_t x194, uint8_t x195 = Op (Syntax.AddWithGetCarry 18 (Syntax.TWord 3) (Syntax.TWord 5) (Syntax.TWord 5) (Syntax.TWord 5) (Syntax.TWord 3)) (Return x191, Return x95, Return x192);
 uint32_t x196 = x139 & 0x3ffff;
 uint32_t x198, uint8_t x199 = Op (Syntax.AddWithGetCarry 18 (Syntax.TWord 3) (Syntax.TWord 5) (Syntax.TWord 5) (Syntax.TWord 5) (Syntax.TWord 3)) (Return x195, Return x98, Return x196);
 uint32_t x200 = x139 & 0x3ffff;
 uint32_t x202, uint8_t x203 = Op (Syntax.AddWithGetCarry 18 (Syntax.TWord 3) (Syntax.TWord 5) (Syntax.TWord 5) (Syntax.TWord 5) (Syntax.TWord 3)) (Return x199, Return x101, Return x200);
 uint32_t x204 = x139 & 0x7ffff;
 uint32_t x206, uint8_t x207 = Op (Syntax.AddWithGetCarry 19 (Syntax.TWord 3) (Syntax.TWord 5) (Syntax.TWord 5) (Syntax.TWord 5) (Syntax.TWord 3)) (Return x203, Return x104, Return x204);
 uint32_t x208 = x139 & 0x3ffff;
 uint32_t x210, uint8_t x211 = Op (Syntax.AddWithGetCarry 18 (Syntax.TWord 3) (Syntax.TWord 5) (Syntax.TWord 5) (Syntax.TWord 5) (Syntax.TWord 3)) (Return x207, Return x107, Return x208);
 uint32_t x212 = x139 & 0x3ffff;
 uint32_t x214, uint8_t x215 = Op (Syntax.AddWithGetCarry 18 (Syntax.TWord 3) (Syntax.TWord 5) (Syntax.TWord 5) (Syntax.TWord 5) (Syntax.TWord 3)) (Return x211, Return x110, Return x212);
 uint32_t x216 = x139 & 0x3ffff;
 uint32_t x218, uint8_t x219 = Op (Syntax.AddWithGetCarry 18 (Syntax.TWord 3) (Syntax.TWord 5) (Syntax.TWord 5) (Syntax.TWord 5) (Syntax.TWord 3)) (Return x215, Return x113, Return x216);
 uint32_t x220 = x139 & 0x7ffff;
 uint32_t x222, uint8_t x223 = Op (Syntax.AddWithGetCarry 19 (Syntax.TWord 3) (Syntax.TWord 5) (Syntax.TWord 5) (Syntax.TWord 5) (Syntax.TWord 3)) (Return x219, Return x116, Return x220);
 uint32_t x224 = x139 & 0x3ffff;
 uint32_t x226, uint8_t x227 = Op (Syntax.AddWithGetCarry 18 (Syntax.TWord 3) (Syntax.TWord 5) (Syntax.TWord 5) (Syntax.TWord 5) (Syntax.TWord 3)) (Return x223, Return x119, Return x224);
 uint32_t x228 = x139 & 0x3ffff;
 uint32_t x230, uint8_t x231 = Op (Syntax.AddWithGetCarry 18 (Syntax.TWord 3) (Syntax.TWord 5) (Syntax.TWord 5) (Syntax.TWord 5) (Syntax.TWord 3)) (Return x227, Return x122, Return x228);
 uint32_t x232 = x139 & 0x3ffff;
 uint32_t x234, uint8_t x235 = Op (Syntax.AddWithGetCarry 18 (Syntax.TWord 3) (Syntax.TWord 5) (Syntax.TWord 5) (Syntax.TWord 5) (Syntax.TWord 3)) (Return x231, Return x125, Return x232);
 uint32_t x236 = x139 & 0x7ffff;
 uint32_t x238, uint8_t x239 = Op (Syntax.AddWithGetCarry 19 (Syntax.TWord 3) (Syntax.TWord 5) (Syntax.TWord 5) (Syntax.TWord 5) (Syntax.TWord 3)) (Return x235, Return x128, Return x236);
 uint32_t x240 = x139 & 0x3ffff;
 uint32_t x242, uint8_t x243 = Op (Syntax.AddWithGetCarry 18 (Syntax.TWord 3) (Syntax.TWord 5) (Syntax.TWord 5) (Syntax.TWord 5) (Syntax.TWord 3)) (Return x239, Return x131, Return x240);
 uint32_t x244 = x139 & 0x3ffff;
 uint32_t x246, uint8_t x247 = Op (Syntax.AddWithGetCarry 18 (Syntax.TWord 3) (Syntax.TWord 5) (Syntax.TWord 5) (Syntax.TWord 5) (Syntax.TWord 3)) (Return x243, Return x134, Return x244);
 uint32_t x248 = x139 & 0x3ffff;
 uint32_t x250, uint8_t _ = Op (Syntax.AddWithGetCarry 18 (Syntax.TWord 3) (Syntax.TWord 5) (Syntax.TWord 5) (Syntax.TWord 5) (Syntax.TWord 3)) (Return x247, Return x137, Return x248);
 (Return x250, Return x246, Return x242, Return x238, Return x234, Return x230, Return x226, Return x222, Return x218, Return x214, Return x210, Return x206, Return x202, Return x198, Return x194, Return x190, Return x186, Return x182, Return x178, Return x174, Return x170, Return x166, Return x162, Return x158, Return x154, Return x150, Return x146, Return x142))
x
     : word32 * word32 * word32 * word32 * word32 * word32 * word32 * word32 * word32 * word32 * word32 * word32 * word32 * word32 * word32 * word32 * word32 * word32 * word32 * word32 * word32 * word32 * word32 * word32 * word32 * word32 * word32 * word32 → ReturnType (uint32_t * uint32_t * uint32_t * uint32_t * uint32_t * uint32_t * uint32_t * uint32_t * uint32_t * uint32_t * uint32_t * uint32_t * uint32_t * uint32_t * uint32_t * uint32_t * uint32_t * uint32_t * uint32_t * uint32_t * uint32_t * uint32_t * uint32_t * uint32_t * uint32_t * uint32_t * uint32_t * uint32_t)
