λ x x0 : word32 * word32 * word32 * word32 * word32 * word32 * word32 * word32 * word32 * word32 * word32 * word32 * word32 * word32 * word32 * word32 * word32 * word32 * word32 * word32 * word32 * word32 * word32 * word32 * word32,
Interp-η
(λ var : Syntax.base_type → Type,
 λ '(x50, x51, x49, x47, x45, x43, x41, x39, x37, x35, x33, x31, x29, x27, x25, x23, x21, x19, x17, x15, x13, x11, x9, x7, x5, (x98, x99, x97, x95, x93, x91, x89, x87, x85, x83, x81, x79, x77, x75, x73, x71, x69, x67, x65, x63, x61, x59, x57, x55, x53))%core,
 uint64_t x100 = (((uint64_t)x5 * x98) + ((0x2 * ((uint64_t)x7 * x99)) + (((uint64_t)x9 * x97) + ((0x2 * ((uint64_t)x11 * x95)) + (((uint64_t)x13 * x93) + ((0x2 * ((uint64_t)x15 * x91)) + (((uint64_t)x17 * x89) + ((0x2 * ((uint64_t)x19 * x87)) + (((uint64_t)x21 * x85) + ((0x2 * ((uint64_t)x23 * x83)) + (((uint64_t)x25 * x81) + ((0x2 * ((uint64_t)x27 * x79)) + (((uint64_t)x29 * x77) + ((0x2 * ((uint64_t)x31 * x75)) + (((uint64_t)x33 * x73) + ((0x2 * ((uint64_t)x35 * x71)) + (((uint64_t)x37 * x69) + ((0x2 * ((uint64_t)x39 * x67)) + (((uint64_t)x41 * x65) + ((0x2 * ((uint64_t)x43 * x63)) + (((uint64_t)x45 * x61) + ((0x2 * ((uint64_t)x47 * x59)) + (((uint64_t)x49 * x57) + ((0x2 * ((uint64_t)x51 * x55)) + ((uint64_t)x50 * x53)))))))))))))))))))))))));
 uint64_t x101 = ((((uint64_t)x5 * x99) + (((uint64_t)x7 * x97) + (((uint64_t)x9 * x95) + (((uint64_t)x11 * x93) + (((uint64_t)x13 * x91) + (((uint64_t)x15 * x89) + (((uint64_t)x17 * x87) + (((uint64_t)x19 * x85) + (((uint64_t)x21 * x83) + (((uint64_t)x23 * x81) + (((uint64_t)x25 * x79) + (((uint64_t)x27 * x77) + (((uint64_t)x29 * x75) + (((uint64_t)x31 * x73) + (((uint64_t)x33 * x71) + (((uint64_t)x35 * x69) + (((uint64_t)x37 * x67) + (((uint64_t)x39 * x65) + (((uint64_t)x41 * x63) + (((uint64_t)x43 * x61) + (((uint64_t)x45 * x59) + (((uint64_t)x47 * x57) + (((uint64_t)x49 * x55) + ((uint64_t)x51 * x53)))))))))))))))))))))))) + (0x239 * ((uint64_t)x50 * x98)));
 uint64_t x102 = ((((uint64_t)x5 * x97) + ((0x2 * ((uint64_t)x7 * x95)) + (((uint64_t)x9 * x93) + ((0x2 * ((uint64_t)x11 * x91)) + (((uint64_t)x13 * x89) + ((0x2 * ((uint64_t)x15 * x87)) + (((uint64_t)x17 * x85) + ((0x2 * ((uint64_t)x19 * x83)) + (((uint64_t)x21 * x81) + ((0x2 * ((uint64_t)x23 * x79)) + (((uint64_t)x25 * x77) + ((0x2 * ((uint64_t)x27 * x75)) + (((uint64_t)x29 * x73) + ((0x2 * ((uint64_t)x31 * x71)) + (((uint64_t)x33 * x69) + ((0x2 * ((uint64_t)x35 * x67)) + (((uint64_t)x37 * x65) + ((0x2 * ((uint64_t)x39 * x63)) + (((uint64_t)x41 * x61) + ((0x2 * ((uint64_t)x43 * x59)) + (((uint64_t)x45 * x57) + ((0x2 * ((uint64_t)x47 * x55)) + ((uint64_t)x49 * x53))))))))))))))))))))))) + (0x239 * ((0x2 * ((uint64_t)x51 * x98)) + (0x2 * ((uint64_t)x50 * x99)))));
 uint64_t x103 = ((((uint64_t)x5 * x95) + (((uint64_t)x7 * x93) + (((uint64_t)x9 * x91) + (((uint64_t)x11 * x89) + (((uint64_t)x13 * x87) + (((uint64_t)x15 * x85) + (((uint64_t)x17 * x83) + (((uint64_t)x19 * x81) + (((uint64_t)x21 * x79) + (((uint64_t)x23 * x77) + (((uint64_t)x25 * x75) + (((uint64_t)x27 * x73) + (((uint64_t)x29 * x71) + (((uint64_t)x31 * x69) + (((uint64_t)x33 * x67) + (((uint64_t)x35 * x65) + (((uint64_t)x37 * x63) + (((uint64_t)x39 * x61) + (((uint64_t)x41 * x59) + (((uint64_t)x43 * x57) + (((uint64_t)x45 * x55) + ((uint64_t)x47 * x53)))))))))))))))))))))) + (0x239 * (((uint64_t)x49 * x98) + ((0x2 * ((uint64_t)x51 * x99)) + ((uint64_t)x50 * x97)))));
 uint64_t x104 = ((((uint64_t)x5 * x93) + ((0x2 * ((uint64_t)x7 * x91)) + (((uint64_t)x9 * x89) + ((0x2 * ((uint64_t)x11 * x87)) + (((uint64_t)x13 * x85) + ((0x2 * ((uint64_t)x15 * x83)) + (((uint64_t)x17 * x81) + ((0x2 * ((uint64_t)x19 * x79)) + (((uint64_t)x21 * x77) + ((0x2 * ((uint64_t)x23 * x75)) + (((uint64_t)x25 * x73) + ((0x2 * ((uint64_t)x27 * x71)) + (((uint64_t)x29 * x69) + ((0x2 * ((uint64_t)x31 * x67)) + (((uint64_t)x33 * x65) + ((0x2 * ((uint64_t)x35 * x63)) + (((uint64_t)x37 * x61) + ((0x2 * ((uint64_t)x39 * x59)) + (((uint64_t)x41 * x57) + ((0x2 * ((uint64_t)x43 * x55)) + ((uint64_t)x45 * x53))))))))))))))))))))) + (0x239 * ((0x2 * ((uint64_t)x47 * x98)) + ((0x2 * ((uint64_t)x49 * x99)) + ((0x2 * ((uint64_t)x51 * x97)) + (0x2 * ((uint64_t)x50 * x95)))))));
 uint64_t x105 = ((((uint64_t)x5 * x91) + (((uint64_t)x7 * x89) + (((uint64_t)x9 * x87) + (((uint64_t)x11 * x85) + (((uint64_t)x13 * x83) + (((uint64_t)x15 * x81) + (((uint64_t)x17 * x79) + (((uint64_t)x19 * x77) + (((uint64_t)x21 * x75) + (((uint64_t)x23 * x73) + (((uint64_t)x25 * x71) + (((uint64_t)x27 * x69) + (((uint64_t)x29 * x67) + (((uint64_t)x31 * x65) + (((uint64_t)x33 * x63) + (((uint64_t)x35 * x61) + (((uint64_t)x37 * x59) + (((uint64_t)x39 * x57) + (((uint64_t)x41 * x55) + ((uint64_t)x43 * x53)))))))))))))))))))) + (0x239 * (((uint64_t)x45 * x98) + ((0x2 * ((uint64_t)x47 * x99)) + (((uint64_t)x49 * x97) + ((0x2 * ((uint64_t)x51 * x95)) + ((uint64_t)x50 * x93)))))));
 uint64_t x106 = ((((uint64_t)x5 * x89) + ((0x2 * ((uint64_t)x7 * x87)) + (((uint64_t)x9 * x85) + ((0x2 * ((uint64_t)x11 * x83)) + (((uint64_t)x13 * x81) + ((0x2 * ((uint64_t)x15 * x79)) + (((uint64_t)x17 * x77) + ((0x2 * ((uint64_t)x19 * x75)) + (((uint64_t)x21 * x73) + ((0x2 * ((uint64_t)x23 * x71)) + (((uint64_t)x25 * x69) + ((0x2 * ((uint64_t)x27 * x67)) + (((uint64_t)x29 * x65) + ((0x2 * ((uint64_t)x31 * x63)) + (((uint64_t)x33 * x61) + ((0x2 * ((uint64_t)x35 * x59)) + (((uint64_t)x37 * x57) + ((0x2 * ((uint64_t)x39 * x55)) + ((uint64_t)x41 * x53))))))))))))))))))) + (0x239 * ((0x2 * ((uint64_t)x43 * x98)) + ((0x2 * ((uint64_t)x45 * x99)) + ((0x2 * ((uint64_t)x47 * x97)) + ((0x2 * ((uint64_t)x49 * x95)) + ((0x2 * ((uint64_t)x51 * x93)) + (0x2 * ((uint64_t)x50 * x91)))))))));
 uint64_t x107 = ((((uint64_t)x5 * x87) + (((uint64_t)x7 * x85) + (((uint64_t)x9 * x83) + (((uint64_t)x11 * x81) + (((uint64_t)x13 * x79) + (((uint64_t)x15 * x77) + (((uint64_t)x17 * x75) + (((uint64_t)x19 * x73) + (((uint64_t)x21 * x71) + (((uint64_t)x23 * x69) + (((uint64_t)x25 * x67) + (((uint64_t)x27 * x65) + (((uint64_t)x29 * x63) + (((uint64_t)x31 * x61) + (((uint64_t)x33 * x59) + (((uint64_t)x35 * x57) + (((uint64_t)x37 * x55) + ((uint64_t)x39 * x53)))))))))))))))))) + (0x239 * (((uint64_t)x41 * x98) + ((0x2 * ((uint64_t)x43 * x99)) + (((uint64_t)x45 * x97) + ((0x2 * ((uint64_t)x47 * x95)) + (((uint64_t)x49 * x93) + ((0x2 * ((uint64_t)x51 * x91)) + ((uint64_t)x50 * x89)))))))));
 uint64_t x108 = ((((uint64_t)x5 * x85) + ((0x2 * ((uint64_t)x7 * x83)) + (((uint64_t)x9 * x81) + ((0x2 * ((uint64_t)x11 * x79)) + (((uint64_t)x13 * x77) + ((0x2 * ((uint64_t)x15 * x75)) + (((uint64_t)x17 * x73) + ((0x2 * ((uint64_t)x19 * x71)) + (((uint64_t)x21 * x69) + ((0x2 * ((uint64_t)x23 * x67)) + (((uint64_t)x25 * x65) + ((0x2 * ((uint64_t)x27 * x63)) + (((uint64_t)x29 * x61) + ((0x2 * ((uint64_t)x31 * x59)) + (((uint64_t)x33 * x57) + ((0x2 * ((uint64_t)x35 * x55)) + ((uint64_t)x37 * x53))))))))))))))))) + (0x239 * ((0x2 * ((uint64_t)x39 * x98)) + ((0x2 * ((uint64_t)x41 * x99)) + ((0x2 * ((uint64_t)x43 * x97)) + ((0x2 * ((uint64_t)x45 * x95)) + ((0x2 * ((uint64_t)x47 * x93)) + ((0x2 * ((uint64_t)x49 * x91)) + ((0x2 * ((uint64_t)x51 * x89)) + (0x2 * ((uint64_t)x50 * x87)))))))))));
 uint64_t x109 = ((((uint64_t)x5 * x83) + (((uint64_t)x7 * x81) + (((uint64_t)x9 * x79) + (((uint64_t)x11 * x77) + (((uint64_t)x13 * x75) + (((uint64_t)x15 * x73) + (((uint64_t)x17 * x71) + (((uint64_t)x19 * x69) + (((uint64_t)x21 * x67) + (((uint64_t)x23 * x65) + (((uint64_t)x25 * x63) + (((uint64_t)x27 * x61) + (((uint64_t)x29 * x59) + (((uint64_t)x31 * x57) + (((uint64_t)x33 * x55) + ((uint64_t)x35 * x53)))))))))))))))) + (0x239 * (((uint64_t)x37 * x98) + ((0x2 * ((uint64_t)x39 * x99)) + (((uint64_t)x41 * x97) + ((0x2 * ((uint64_t)x43 * x95)) + (((uint64_t)x45 * x93) + ((0x2 * ((uint64_t)x47 * x91)) + (((uint64_t)x49 * x89) + ((0x2 * ((uint64_t)x51 * x87)) + ((uint64_t)x50 * x85)))))))))));
 uint64_t x110 = ((((uint64_t)x5 * x81) + ((0x2 * ((uint64_t)x7 * x79)) + (((uint64_t)x9 * x77) + ((0x2 * ((uint64_t)x11 * x75)) + (((uint64_t)x13 * x73) + ((0x2 * ((uint64_t)x15 * x71)) + (((uint64_t)x17 * x69) + ((0x2 * ((uint64_t)x19 * x67)) + (((uint64_t)x21 * x65) + ((0x2 * ((uint64_t)x23 * x63)) + (((uint64_t)x25 * x61) + ((0x2 * ((uint64_t)x27 * x59)) + (((uint64_t)x29 * x57) + ((0x2 * ((uint64_t)x31 * x55)) + ((uint64_t)x33 * x53))))))))))))))) + (0x239 * ((0x2 * ((uint64_t)x35 * x98)) + ((0x2 * ((uint64_t)x37 * x99)) + ((0x2 * ((uint64_t)x39 * x97)) + ((0x2 * ((uint64_t)x41 * x95)) + ((0x2 * ((uint64_t)x43 * x93)) + ((0x2 * ((uint64_t)x45 * x91)) + ((0x2 * ((uint64_t)x47 * x89)) + ((0x2 * ((uint64_t)x49 * x87)) + ((0x2 * ((uint64_t)x51 * x85)) + (0x2 * ((uint64_t)x50 * x83)))))))))))));
 uint64_t x111 = ((((uint64_t)x5 * x79) + (((uint64_t)x7 * x77) + (((uint64_t)x9 * x75) + (((uint64_t)x11 * x73) + (((uint64_t)x13 * x71) + (((uint64_t)x15 * x69) + (((uint64_t)x17 * x67) + (((uint64_t)x19 * x65) + (((uint64_t)x21 * x63) + (((uint64_t)x23 * x61) + (((uint64_t)x25 * x59) + (((uint64_t)x27 * x57) + (((uint64_t)x29 * x55) + ((uint64_t)x31 * x53)))))))))))))) + (0x239 * (((uint64_t)x33 * x98) + ((0x2 * ((uint64_t)x35 * x99)) + (((uint64_t)x37 * x97) + ((0x2 * ((uint64_t)x39 * x95)) + (((uint64_t)x41 * x93) + ((0x2 * ((uint64_t)x43 * x91)) + (((uint64_t)x45 * x89) + ((0x2 * ((uint64_t)x47 * x87)) + (((uint64_t)x49 * x85) + ((0x2 * ((uint64_t)x51 * x83)) + ((uint64_t)x50 * x81)))))))))))));
 uint64_t x112 = ((((uint64_t)x5 * x77) + ((0x2 * ((uint64_t)x7 * x75)) + (((uint64_t)x9 * x73) + ((0x2 * ((uint64_t)x11 * x71)) + (((uint64_t)x13 * x69) + ((0x2 * ((uint64_t)x15 * x67)) + (((uint64_t)x17 * x65) + ((0x2 * ((uint64_t)x19 * x63)) + (((uint64_t)x21 * x61) + ((0x2 * ((uint64_t)x23 * x59)) + (((uint64_t)x25 * x57) + ((0x2 * ((uint64_t)x27 * x55)) + ((uint64_t)x29 * x53))))))))))))) + (0x239 * ((0x2 * ((uint64_t)x31 * x98)) + ((0x2 * ((uint64_t)x33 * x99)) + ((0x2 * ((uint64_t)x35 * x97)) + ((0x2 * ((uint64_t)x37 * x95)) + ((0x2 * ((uint64_t)x39 * x93)) + ((0x2 * ((uint64_t)x41 * x91)) + ((0x2 * ((uint64_t)x43 * x89)) + ((0x2 * ((uint64_t)x45 * x87)) + ((0x2 * ((uint64_t)x47 * x85)) + ((0x2 * ((uint64_t)x49 * x83)) + ((0x2 * ((uint64_t)x51 * x81)) + (0x2 * ((uint64_t)x50 * x79)))))))))))))));
 uint64_t x113 = ((((uint64_t)x5 * x75) + (((uint64_t)x7 * x73) + (((uint64_t)x9 * x71) + (((uint64_t)x11 * x69) + (((uint64_t)x13 * x67) + (((uint64_t)x15 * x65) + (((uint64_t)x17 * x63) + (((uint64_t)x19 * x61) + (((uint64_t)x21 * x59) + (((uint64_t)x23 * x57) + (((uint64_t)x25 * x55) + ((uint64_t)x27 * x53)))))))))))) + (0x239 * (((uint64_t)x29 * x98) + ((0x2 * ((uint64_t)x31 * x99)) + (((uint64_t)x33 * x97) + ((0x2 * ((uint64_t)x35 * x95)) + (((uint64_t)x37 * x93) + ((0x2 * ((uint64_t)x39 * x91)) + (((uint64_t)x41 * x89) + ((0x2 * ((uint64_t)x43 * x87)) + (((uint64_t)x45 * x85) + ((0x2 * ((uint64_t)x47 * x83)) + (((uint64_t)x49 * x81) + ((0x2 * ((uint64_t)x51 * x79)) + ((uint64_t)x50 * x77)))))))))))))));
 uint64_t x114 = ((((uint64_t)x5 * x73) + ((0x2 * ((uint64_t)x7 * x71)) + (((uint64_t)x9 * x69) + ((0x2 * ((uint64_t)x11 * x67)) + (((uint64_t)x13 * x65) + ((0x2 * ((uint64_t)x15 * x63)) + (((uint64_t)x17 * x61) + ((0x2 * ((uint64_t)x19 * x59)) + (((uint64_t)x21 * x57) + ((0x2 * ((uint64_t)x23 * x55)) + ((uint64_t)x25 * x53))))))))))) + (0x239 * ((0x2 * ((uint64_t)x27 * x98)) + ((0x2 * ((uint64_t)x29 * x99)) + ((0x2 * ((uint64_t)x31 * x97)) + ((0x2 * ((uint64_t)x33 * x95)) + ((0x2 * ((uint64_t)x35 * x93)) + ((0x2 * ((uint64_t)x37 * x91)) + ((0x2 * ((uint64_t)x39 * x89)) + ((0x2 * ((uint64_t)x41 * x87)) + ((0x2 * ((uint64_t)x43 * x85)) + ((0x2 * ((uint64_t)x45 * x83)) + ((0x2 * ((uint64_t)x47 * x81)) + ((0x2 * ((uint64_t)x49 * x79)) + ((0x2 * ((uint64_t)x51 * x77)) + (0x2 * ((uint64_t)x50 * x75)))))))))))))))));
 uint64_t x115 = ((((uint64_t)x5 * x71) + (((uint64_t)x7 * x69) + (((uint64_t)x9 * x67) + (((uint64_t)x11 * x65) + (((uint64_t)x13 * x63) + (((uint64_t)x15 * x61) + (((uint64_t)x17 * x59) + (((uint64_t)x19 * x57) + (((uint64_t)x21 * x55) + ((uint64_t)x23 * x53)))))))))) + (0x239 * (((uint64_t)x25 * x98) + ((0x2 * ((uint64_t)x27 * x99)) + (((uint64_t)x29 * x97) + ((0x2 * ((uint64_t)x31 * x95)) + (((uint64_t)x33 * x93) + ((0x2 * ((uint64_t)x35 * x91)) + (((uint64_t)x37 * x89) + ((0x2 * ((uint64_t)x39 * x87)) + (((uint64_t)x41 * x85) + ((0x2 * ((uint64_t)x43 * x83)) + (((uint64_t)x45 * x81) + ((0x2 * ((uint64_t)x47 * x79)) + (((uint64_t)x49 * x77) + ((0x2 * ((uint64_t)x51 * x75)) + ((uint64_t)x50 * x73)))))))))))))))));
 uint64_t x116 = ((((uint64_t)x5 * x69) + ((0x2 * ((uint64_t)x7 * x67)) + (((uint64_t)x9 * x65) + ((0x2 * ((uint64_t)x11 * x63)) + (((uint64_t)x13 * x61) + ((0x2 * ((uint64_t)x15 * x59)) + (((uint64_t)x17 * x57) + ((0x2 * ((uint64_t)x19 * x55)) + ((uint64_t)x21 * x53))))))))) + (0x239 * ((0x2 * ((uint64_t)x23 * x98)) + ((0x2 * ((uint64_t)x25 * x99)) + ((0x2 * ((uint64_t)x27 * x97)) + ((0x2 * ((uint64_t)x29 * x95)) + ((0x2 * ((uint64_t)x31 * x93)) + ((0x2 * ((uint64_t)x33 * x91)) + ((0x2 * ((uint64_t)x35 * x89)) + ((0x2 * ((uint64_t)x37 * x87)) + ((0x2 * ((uint64_t)x39 * x85)) + ((0x2 * ((uint64_t)x41 * x83)) + ((0x2 * ((uint64_t)x43 * x81)) + ((0x2 * ((uint64_t)x45 * x79)) + ((0x2 * ((uint64_t)x47 * x77)) + ((0x2 * ((uint64_t)x49 * x75)) + ((0x2 * ((uint64_t)x51 * x73)) + (0x2 * ((uint64_t)x50 * x71)))))))))))))))))));
 uint64_t x117 = ((((uint64_t)x5 * x67) + (((uint64_t)x7 * x65) + (((uint64_t)x9 * x63) + (((uint64_t)x11 * x61) + (((uint64_t)x13 * x59) + (((uint64_t)x15 * x57) + (((uint64_t)x17 * x55) + ((uint64_t)x19 * x53)))))))) + (0x239 * (((uint64_t)x21 * x98) + ((0x2 * ((uint64_t)x23 * x99)) + (((uint64_t)x25 * x97) + ((0x2 * ((uint64_t)x27 * x95)) + (((uint64_t)x29 * x93) + ((0x2 * ((uint64_t)x31 * x91)) + (((uint64_t)x33 * x89) + ((0x2 * ((uint64_t)x35 * x87)) + (((uint64_t)x37 * x85) + ((0x2 * ((uint64_t)x39 * x83)) + (((uint64_t)x41 * x81) + ((0x2 * ((uint64_t)x43 * x79)) + (((uint64_t)x45 * x77) + ((0x2 * ((uint64_t)x47 * x75)) + (((uint64_t)x49 * x73) + ((0x2 * ((uint64_t)x51 * x71)) + ((uint64_t)x50 * x69)))))))))))))))))));
 uint64_t x118 = ((((uint64_t)x5 * x65) + ((0x2 * ((uint64_t)x7 * x63)) + (((uint64_t)x9 * x61) + ((0x2 * ((uint64_t)x11 * x59)) + (((uint64_t)x13 * x57) + ((0x2 * ((uint64_t)x15 * x55)) + ((uint64_t)x17 * x53))))))) + (0x239 * ((0x2 * ((uint64_t)x19 * x98)) + ((0x2 * ((uint64_t)x21 * x99)) + ((0x2 * ((uint64_t)x23 * x97)) + ((0x2 * ((uint64_t)x25 * x95)) + ((0x2 * ((uint64_t)x27 * x93)) + ((0x2 * ((uint64_t)x29 * x91)) + ((0x2 * ((uint64_t)x31 * x89)) + ((0x2 * ((uint64_t)x33 * x87)) + ((0x2 * ((uint64_t)x35 * x85)) + ((0x2 * ((uint64_t)x37 * x83)) + ((0x2 * ((uint64_t)x39 * x81)) + ((0x2 * ((uint64_t)x41 * x79)) + ((0x2 * ((uint64_t)x43 * x77)) + ((0x2 * ((uint64_t)x45 * x75)) + ((0x2 * ((uint64_t)x47 * x73)) + ((0x2 * ((uint64_t)x49 * x71)) + ((0x2 * ((uint64_t)x51 * x69)) + (0x2 * ((uint64_t)x50 * x67)))))))))))))))))))));
 uint64_t x119 = ((((uint64_t)x5 * x63) + (((uint64_t)x7 * x61) + (((uint64_t)x9 * x59) + (((uint64_t)x11 * x57) + (((uint64_t)x13 * x55) + ((uint64_t)x15 * x53)))))) + (0x239 * (((uint64_t)x17 * x98) + ((0x2 * ((uint64_t)x19 * x99)) + (((uint64_t)x21 * x97) + ((0x2 * ((uint64_t)x23 * x95)) + (((uint64_t)x25 * x93) + ((0x2 * ((uint64_t)x27 * x91)) + (((uint64_t)x29 * x89) + ((0x2 * ((uint64_t)x31 * x87)) + (((uint64_t)x33 * x85) + ((0x2 * ((uint64_t)x35 * x83)) + (((uint64_t)x37 * x81) + ((0x2 * ((uint64_t)x39 * x79)) + (((uint64_t)x41 * x77) + ((0x2 * ((uint64_t)x43 * x75)) + (((uint64_t)x45 * x73) + ((0x2 * ((uint64_t)x47 * x71)) + (((uint64_t)x49 * x69) + ((0x2 * ((uint64_t)x51 * x67)) + ((uint64_t)x50 * x65)))))))))))))))))))));
 uint64_t x120 = ((((uint64_t)x5 * x61) + ((0x2 * ((uint64_t)x7 * x59)) + (((uint64_t)x9 * x57) + ((0x2 * ((uint64_t)x11 * x55)) + ((uint64_t)x13 * x53))))) + (0x239 * ((0x2 * ((uint64_t)x15 * x98)) + ((0x2 * ((uint64_t)x17 * x99)) + ((0x2 * ((uint64_t)x19 * x97)) + ((0x2 * ((uint64_t)x21 * x95)) + ((0x2 * ((uint64_t)x23 * x93)) + ((0x2 * ((uint64_t)x25 * x91)) + ((0x2 * ((uint64_t)x27 * x89)) + ((0x2 * ((uint64_t)x29 * x87)) + ((0x2 * ((uint64_t)x31 * x85)) + ((0x2 * ((uint64_t)x33 * x83)) + ((0x2 * ((uint64_t)x35 * x81)) + ((0x2 * ((uint64_t)x37 * x79)) + ((0x2 * ((uint64_t)x39 * x77)) + ((0x2 * ((uint64_t)x41 * x75)) + ((0x2 * ((uint64_t)x43 * x73)) + ((0x2 * ((uint64_t)x45 * x71)) + ((0x2 * ((uint64_t)x47 * x69)) + ((0x2 * ((uint64_t)x49 * x67)) + ((0x2 * ((uint64_t)x51 * x65)) + (0x2 * ((uint64_t)x50 * x63)))))))))))))))))))))));
 uint64_t x121 = ((((uint64_t)x5 * x59) + (((uint64_t)x7 * x57) + (((uint64_t)x9 * x55) + ((uint64_t)x11 * x53)))) + (0x239 * (((uint64_t)x13 * x98) + ((0x2 * ((uint64_t)x15 * x99)) + (((uint64_t)x17 * x97) + ((0x2 * ((uint64_t)x19 * x95)) + (((uint64_t)x21 * x93) + ((0x2 * ((uint64_t)x23 * x91)) + (((uint64_t)x25 * x89) + ((0x2 * ((uint64_t)x27 * x87)) + (((uint64_t)x29 * x85) + ((0x2 * ((uint64_t)x31 * x83)) + (((uint64_t)x33 * x81) + ((0x2 * ((uint64_t)x35 * x79)) + (((uint64_t)x37 * x77) + ((0x2 * ((uint64_t)x39 * x75)) + (((uint64_t)x41 * x73) + ((0x2 * ((uint64_t)x43 * x71)) + (((uint64_t)x45 * x69) + ((0x2 * ((uint64_t)x47 * x67)) + (((uint64_t)x49 * x65) + ((0x2 * ((uint64_t)x51 * x63)) + ((uint64_t)x50 * x61)))))))))))))))))))))));
 uint64_t x122 = ((((uint64_t)x5 * x57) + ((0x2 * ((uint64_t)x7 * x55)) + ((uint64_t)x9 * x53))) + (0x239 * ((0x2 * ((uint64_t)x11 * x98)) + ((0x2 * ((uint64_t)x13 * x99)) + ((0x2 * ((uint64_t)x15 * x97)) + ((0x2 * ((uint64_t)x17 * x95)) + ((0x2 * ((uint64_t)x19 * x93)) + ((0x2 * ((uint64_t)x21 * x91)) + ((0x2 * ((uint64_t)x23 * x89)) + ((0x2 * ((uint64_t)x25 * x87)) + ((0x2 * ((uint64_t)x27 * x85)) + ((0x2 * ((uint64_t)x29 * x83)) + ((0x2 * ((uint64_t)x31 * x81)) + ((0x2 * ((uint64_t)x33 * x79)) + ((0x2 * ((uint64_t)x35 * x77)) + ((0x2 * ((uint64_t)x37 * x75)) + ((0x2 * ((uint64_t)x39 * x73)) + ((0x2 * ((uint64_t)x41 * x71)) + ((0x2 * ((uint64_t)x43 * x69)) + ((0x2 * ((uint64_t)x45 * x67)) + ((0x2 * ((uint64_t)x47 * x65)) + ((0x2 * ((uint64_t)x49 * x63)) + ((0x2 * ((uint64_t)x51 * x61)) + (0x2 * ((uint64_t)x50 * x59)))))))))))))))))))))))));
 uint64_t x123 = ((((uint64_t)x5 * x55) + ((uint64_t)x7 * x53)) + (0x239 * (((uint64_t)x9 * x98) + ((0x2 * ((uint64_t)x11 * x99)) + (((uint64_t)x13 * x97) + ((0x2 * ((uint64_t)x15 * x95)) + (((uint64_t)x17 * x93) + ((0x2 * ((uint64_t)x19 * x91)) + (((uint64_t)x21 * x89) + ((0x2 * ((uint64_t)x23 * x87)) + (((uint64_t)x25 * x85) + ((0x2 * ((uint64_t)x27 * x83)) + (((uint64_t)x29 * x81) + ((0x2 * ((uint64_t)x31 * x79)) + (((uint64_t)x33 * x77) + ((0x2 * ((uint64_t)x35 * x75)) + (((uint64_t)x37 * x73) + ((0x2 * ((uint64_t)x39 * x71)) + (((uint64_t)x41 * x69) + ((0x2 * ((uint64_t)x43 * x67)) + (((uint64_t)x45 * x65) + ((0x2 * ((uint64_t)x47 * x63)) + (((uint64_t)x49 * x61) + ((0x2 * ((uint64_t)x51 * x59)) + ((uint64_t)x50 * x57)))))))))))))))))))))))));
 uint64_t x124 = (((uint64_t)x5 * x53) + (0x239 * ((0x2 * ((uint64_t)x7 * x98)) + ((0x2 * ((uint64_t)x9 * x99)) + ((0x2 * ((uint64_t)x11 * x97)) + ((0x2 * ((uint64_t)x13 * x95)) + ((0x2 * ((uint64_t)x15 * x93)) + ((0x2 * ((uint64_t)x17 * x91)) + ((0x2 * ((uint64_t)x19 * x89)) + ((0x2 * ((uint64_t)x21 * x87)) + ((0x2 * ((uint64_t)x23 * x85)) + ((0x2 * ((uint64_t)x25 * x83)) + ((0x2 * ((uint64_t)x27 * x81)) + ((0x2 * ((uint64_t)x29 * x79)) + ((0x2 * ((uint64_t)x31 * x77)) + ((0x2 * ((uint64_t)x33 * x75)) + ((0x2 * ((uint64_t)x35 * x73)) + ((0x2 * ((uint64_t)x37 * x71)) + ((0x2 * ((uint64_t)x39 * x69)) + ((0x2 * ((uint64_t)x41 * x67)) + ((0x2 * ((uint64_t)x43 * x65)) + ((0x2 * ((uint64_t)x45 * x63)) + ((0x2 * ((uint64_t)x47 * x61)) + ((0x2 * ((uint64_t)x49 * x59)) + ((0x2 * ((uint64_t)x51 * x57)) + (0x2 * ((uint64_t)x50 * x55)))))))))))))))))))))))))));
 uint64_t x125 = (x124 >> 0x15);
 uint32_t x126 = ((uint32_t)x124 & 0x1fffff);
 uint64_t x127 = (x125 + x123);
 uint64_t x128 = (x127 >> 0x14);
 uint32_t x129 = ((uint32_t)x127 & 0xfffff);
 uint64_t x130 = (x128 + x122);
 uint64_t x131 = (x130 >> 0x15);
 uint32_t x132 = ((uint32_t)x130 & 0x1fffff);
 uint64_t x133 = (x131 + x121);
 uint64_t x134 = (x133 >> 0x14);
 uint32_t x135 = ((uint32_t)x133 & 0xfffff);
 uint64_t x136 = (x134 + x120);
 uint64_t x137 = (x136 >> 0x15);
 uint32_t x138 = ((uint32_t)x136 & 0x1fffff);
 uint64_t x139 = (x137 + x119);
 uint64_t x140 = (x139 >> 0x14);
 uint32_t x141 = ((uint32_t)x139 & 0xfffff);
 uint64_t x142 = (x140 + x118);
 uint64_t x143 = (x142 >> 0x15);
 uint32_t x144 = ((uint32_t)x142 & 0x1fffff);
 uint64_t x145 = (x143 + x117);
 uint64_t x146 = (x145 >> 0x14);
 uint32_t x147 = ((uint32_t)x145 & 0xfffff);
 uint64_t x148 = (x146 + x116);
 uint64_t x149 = (x148 >> 0x15);
 uint32_t x150 = ((uint32_t)x148 & 0x1fffff);
 uint64_t x151 = (x149 + x115);
 uint64_t x152 = (x151 >> 0x14);
 uint32_t x153 = ((uint32_t)x151 & 0xfffff);
 uint64_t x154 = (x152 + x114);
 uint64_t x155 = (x154 >> 0x15);
 uint32_t x156 = ((uint32_t)x154 & 0x1fffff);
 uint64_t x157 = (x155 + x113);
 uint64_t x158 = (x157 >> 0x14);
 uint32_t x159 = ((uint32_t)x157 & 0xfffff);
 uint64_t x160 = (x158 + x112);
 uint64_t x161 = (x160 >> 0x15);
 uint32_t x162 = ((uint32_t)x160 & 0x1fffff);
 uint64_t x163 = (x161 + x111);
 uint64_t x164 = (x163 >> 0x14);
 uint32_t x165 = ((uint32_t)x163 & 0xfffff);
 uint64_t x166 = (x164 + x110);
 uint64_t x167 = (x166 >> 0x15);
 uint32_t x168 = ((uint32_t)x166 & 0x1fffff);
 uint64_t x169 = (x167 + x109);
 uint64_t x170 = (x169 >> 0x14);
 uint32_t x171 = ((uint32_t)x169 & 0xfffff);
 uint64_t x172 = (x170 + x108);
 uint64_t x173 = (x172 >> 0x15);
 uint32_t x174 = ((uint32_t)x172 & 0x1fffff);
 uint64_t x175 = (x173 + x107);
 uint64_t x176 = (x175 >> 0x14);
 uint32_t x177 = ((uint32_t)x175 & 0xfffff);
 uint64_t x178 = (x176 + x106);
 uint64_t x179 = (x178 >> 0x15);
 uint32_t x180 = ((uint32_t)x178 & 0x1fffff);
 uint64_t x181 = (x179 + x105);
 uint64_t x182 = (x181 >> 0x14);
 uint32_t x183 = ((uint32_t)x181 & 0xfffff);
 uint64_t x184 = (x182 + x104);
 uint64_t x185 = (x184 >> 0x15);
 uint32_t x186 = ((uint32_t)x184 & 0x1fffff);
 uint64_t x187 = (x185 + x103);
 uint64_t x188 = (x187 >> 0x14);
 uint32_t x189 = ((uint32_t)x187 & 0xfffff);
 uint64_t x190 = (x188 + x102);
 uint64_t x191 = (x190 >> 0x15);
 uint32_t x192 = ((uint32_t)x190 & 0x1fffff);
 uint64_t x193 = (x191 + x101);
 uint64_t x194 = (x193 >> 0x14);
 uint32_t x195 = ((uint32_t)x193 & 0xfffff);
 uint64_t x196 = (x194 + x100);
 uint32_t x197 = (uint32_t) (x196 >> 0x14);
 uint32_t x198 = ((uint32_t)x196 & 0xfffff);
 uint64_t x199 = (x126 + ((uint64_t)0x239 * x197));
 uint32_t x200 = (uint32_t) (x199 >> 0x15);
 uint32_t x201 = ((uint32_t)x199 & 0x1fffff);
 uint32_t x202 = (x200 + x129);
 uint32_t x203 = (x202 >> 0x14);
 uint32_t x204 = (x202 & 0xfffff);
 return (Return x198, Return x195, Return x192, Return x189, Return x186, Return x183, Return x180, Return x177, Return x174, Return x171, Return x168, Return x165, Return x162, Return x159, Return x156, Return x153, Return x150, Return x147, Return x144, Return x141, Return x138, Return x135, (x203 + x132), Return x204, Return x201))
(x, x0)%core
     : word32 * word32 * word32 * word32 * word32 * word32 * word32 * word32 * word32 * word32 * word32 * word32 * word32 * word32 * word32 * word32 * word32 * word32 * word32 * word32 * word32 * word32 * word32 * word32 * word32 → word32 * word32 * word32 * word32 * word32 * word32 * word32 * word32 * word32 * word32 * word32 * word32 * word32 * word32 * word32 * word32 * word32 * word32 * word32 * word32 * word32 * word32 * word32 * word32 * word32 → ReturnType (uint32_t * uint32_t * uint32_t * uint32_t * uint32_t * uint32_t * uint32_t * uint32_t * uint32_t * uint32_t * uint32_t * uint32_t * uint32_t * uint32_t * uint32_t * uint32_t * uint32_t * uint32_t * uint32_t * uint32_t * uint32_t * uint32_t * uint32_t * uint32_t * uint32_t)
