λ x : word32 * word32 * word32 * word32 * word32 * word32 * word32 * word32 * word32 * word32 * word32 * word32 * word32 * word32 * word32 * word32 * word32 * word32 * word32 * word32 * word32 * word32 * word32 * word32 * word32,
Interp-η
(λ var : Syntax.base_type → Type,
 λ '(x47, x48, x46, x44, x42, x40, x38, x36, x34, x32, x30, x28, x26, x24, x22, x20, x18, x16, x14, x12, x10, x8, x6, x4, x2)%core,
 uint64_t x49 = (((uint64_t)x2 * x47) + ((0x2 * ((uint64_t)x4 * x48)) + (((uint64_t)x6 * x46) + ((0x2 * ((uint64_t)x8 * x44)) + (((uint64_t)x10 * x42) + ((0x2 * ((uint64_t)x12 * x40)) + (((uint64_t)x14 * x38) + ((0x2 * ((uint64_t)x16 * x36)) + (((uint64_t)x18 * x34) + ((0x2 * ((uint64_t)x20 * x32)) + (((uint64_t)x22 * x30) + ((0x2 * ((uint64_t)x24 * x28)) + (((uint64_t)x26 * x26) + ((0x2 * ((uint64_t)x28 * x24)) + (((uint64_t)x30 * x22) + ((0x2 * ((uint64_t)x32 * x20)) + (((uint64_t)x34 * x18) + ((0x2 * ((uint64_t)x36 * x16)) + (((uint64_t)x38 * x14) + ((0x2 * ((uint64_t)x40 * x12)) + (((uint64_t)x42 * x10) + ((0x2 * ((uint64_t)x44 * x8)) + (((uint64_t)x46 * x6) + ((0x2 * ((uint64_t)x48 * x4)) + ((uint64_t)x47 * x2)))))))))))))))))))))))));
 uint64_t x50 = ((((uint64_t)x2 * x48) + (((uint64_t)x4 * x46) + (((uint64_t)x6 * x44) + (((uint64_t)x8 * x42) + (((uint64_t)x10 * x40) + (((uint64_t)x12 * x38) + (((uint64_t)x14 * x36) + (((uint64_t)x16 * x34) + (((uint64_t)x18 * x32) + (((uint64_t)x20 * x30) + (((uint64_t)x22 * x28) + (((uint64_t)x24 * x26) + (((uint64_t)x26 * x24) + (((uint64_t)x28 * x22) + (((uint64_t)x30 * x20) + (((uint64_t)x32 * x18) + (((uint64_t)x34 * x16) + (((uint64_t)x36 * x14) + (((uint64_t)x38 * x12) + (((uint64_t)x40 * x10) + (((uint64_t)x42 * x8) + (((uint64_t)x44 * x6) + (((uint64_t)x46 * x4) + ((uint64_t)x48 * x2)))))))))))))))))))))))) + (0x239 * ((uint64_t)x47 * x47)));
 uint64_t x51 = ((((uint64_t)x2 * x46) + ((0x2 * ((uint64_t)x4 * x44)) + (((uint64_t)x6 * x42) + ((0x2 * ((uint64_t)x8 * x40)) + (((uint64_t)x10 * x38) + ((0x2 * ((uint64_t)x12 * x36)) + (((uint64_t)x14 * x34) + ((0x2 * ((uint64_t)x16 * x32)) + (((uint64_t)x18 * x30) + ((0x2 * ((uint64_t)x20 * x28)) + (((uint64_t)x22 * x26) + ((0x2 * ((uint64_t)x24 * x24)) + (((uint64_t)x26 * x22) + ((0x2 * ((uint64_t)x28 * x20)) + (((uint64_t)x30 * x18) + ((0x2 * ((uint64_t)x32 * x16)) + (((uint64_t)x34 * x14) + ((0x2 * ((uint64_t)x36 * x12)) + (((uint64_t)x38 * x10) + ((0x2 * ((uint64_t)x40 * x8)) + (((uint64_t)x42 * x6) + ((0x2 * ((uint64_t)x44 * x4)) + ((uint64_t)x46 * x2))))))))))))))))))))))) + (0x239 * ((0x2 * ((uint64_t)x48 * x47)) + (0x2 * ((uint64_t)x47 * x48)))));
 uint64_t x52 = ((((uint64_t)x2 * x44) + (((uint64_t)x4 * x42) + (((uint64_t)x6 * x40) + (((uint64_t)x8 * x38) + (((uint64_t)x10 * x36) + (((uint64_t)x12 * x34) + (((uint64_t)x14 * x32) + (((uint64_t)x16 * x30) + (((uint64_t)x18 * x28) + (((uint64_t)x20 * x26) + (((uint64_t)x22 * x24) + (((uint64_t)x24 * x22) + (((uint64_t)x26 * x20) + (((uint64_t)x28 * x18) + (((uint64_t)x30 * x16) + (((uint64_t)x32 * x14) + (((uint64_t)x34 * x12) + (((uint64_t)x36 * x10) + (((uint64_t)x38 * x8) + (((uint64_t)x40 * x6) + (((uint64_t)x42 * x4) + ((uint64_t)x44 * x2)))))))))))))))))))))) + (0x239 * (((uint64_t)x46 * x47) + ((0x2 * ((uint64_t)x48 * x48)) + ((uint64_t)x47 * x46)))));
 uint64_t x53 = ((((uint64_t)x2 * x42) + ((0x2 * ((uint64_t)x4 * x40)) + (((uint64_t)x6 * x38) + ((0x2 * ((uint64_t)x8 * x36)) + (((uint64_t)x10 * x34) + ((0x2 * ((uint64_t)x12 * x32)) + (((uint64_t)x14 * x30) + ((0x2 * ((uint64_t)x16 * x28)) + (((uint64_t)x18 * x26) + ((0x2 * ((uint64_t)x20 * x24)) + (((uint64_t)x22 * x22) + ((0x2 * ((uint64_t)x24 * x20)) + (((uint64_t)x26 * x18) + ((0x2 * ((uint64_t)x28 * x16)) + (((uint64_t)x30 * x14) + ((0x2 * ((uint64_t)x32 * x12)) + (((uint64_t)x34 * x10) + ((0x2 * ((uint64_t)x36 * x8)) + (((uint64_t)x38 * x6) + ((0x2 * ((uint64_t)x40 * x4)) + ((uint64_t)x42 * x2))))))))))))))))))))) + (0x239 * ((0x2 * ((uint64_t)x44 * x47)) + ((0x2 * ((uint64_t)x46 * x48)) + ((0x2 * ((uint64_t)x48 * x46)) + (0x2 * ((uint64_t)x47 * x44)))))));
 uint64_t x54 = ((((uint64_t)x2 * x40) + (((uint64_t)x4 * x38) + (((uint64_t)x6 * x36) + (((uint64_t)x8 * x34) + (((uint64_t)x10 * x32) + (((uint64_t)x12 * x30) + (((uint64_t)x14 * x28) + (((uint64_t)x16 * x26) + (((uint64_t)x18 * x24) + (((uint64_t)x20 * x22) + (((uint64_t)x22 * x20) + (((uint64_t)x24 * x18) + (((uint64_t)x26 * x16) + (((uint64_t)x28 * x14) + (((uint64_t)x30 * x12) + (((uint64_t)x32 * x10) + (((uint64_t)x34 * x8) + (((uint64_t)x36 * x6) + (((uint64_t)x38 * x4) + ((uint64_t)x40 * x2)))))))))))))))))))) + (0x239 * (((uint64_t)x42 * x47) + ((0x2 * ((uint64_t)x44 * x48)) + (((uint64_t)x46 * x46) + ((0x2 * ((uint64_t)x48 * x44)) + ((uint64_t)x47 * x42)))))));
 uint64_t x55 = ((((uint64_t)x2 * x38) + ((0x2 * ((uint64_t)x4 * x36)) + (((uint64_t)x6 * x34) + ((0x2 * ((uint64_t)x8 * x32)) + (((uint64_t)x10 * x30) + ((0x2 * ((uint64_t)x12 * x28)) + (((uint64_t)x14 * x26) + ((0x2 * ((uint64_t)x16 * x24)) + (((uint64_t)x18 * x22) + ((0x2 * ((uint64_t)x20 * x20)) + (((uint64_t)x22 * x18) + ((0x2 * ((uint64_t)x24 * x16)) + (((uint64_t)x26 * x14) + ((0x2 * ((uint64_t)x28 * x12)) + (((uint64_t)x30 * x10) + ((0x2 * ((uint64_t)x32 * x8)) + (((uint64_t)x34 * x6) + ((0x2 * ((uint64_t)x36 * x4)) + ((uint64_t)x38 * x2))))))))))))))))))) + (0x239 * ((0x2 * ((uint64_t)x40 * x47)) + ((0x2 * ((uint64_t)x42 * x48)) + ((0x2 * ((uint64_t)x44 * x46)) + ((0x2 * ((uint64_t)x46 * x44)) + ((0x2 * ((uint64_t)x48 * x42)) + (0x2 * ((uint64_t)x47 * x40)))))))));
 uint64_t x56 = ((((uint64_t)x2 * x36) + (((uint64_t)x4 * x34) + (((uint64_t)x6 * x32) + (((uint64_t)x8 * x30) + (((uint64_t)x10 * x28) + (((uint64_t)x12 * x26) + (((uint64_t)x14 * x24) + (((uint64_t)x16 * x22) + (((uint64_t)x18 * x20) + (((uint64_t)x20 * x18) + (((uint64_t)x22 * x16) + (((uint64_t)x24 * x14) + (((uint64_t)x26 * x12) + (((uint64_t)x28 * x10) + (((uint64_t)x30 * x8) + (((uint64_t)x32 * x6) + (((uint64_t)x34 * x4) + ((uint64_t)x36 * x2)))))))))))))))))) + (0x239 * (((uint64_t)x38 * x47) + ((0x2 * ((uint64_t)x40 * x48)) + (((uint64_t)x42 * x46) + ((0x2 * ((uint64_t)x44 * x44)) + (((uint64_t)x46 * x42) + ((0x2 * ((uint64_t)x48 * x40)) + ((uint64_t)x47 * x38)))))))));
 uint64_t x57 = ((((uint64_t)x2 * x34) + ((0x2 * ((uint64_t)x4 * x32)) + (((uint64_t)x6 * x30) + ((0x2 * ((uint64_t)x8 * x28)) + (((uint64_t)x10 * x26) + ((0x2 * ((uint64_t)x12 * x24)) + (((uint64_t)x14 * x22) + ((0x2 * ((uint64_t)x16 * x20)) + (((uint64_t)x18 * x18) + ((0x2 * ((uint64_t)x20 * x16)) + (((uint64_t)x22 * x14) + ((0x2 * ((uint64_t)x24 * x12)) + (((uint64_t)x26 * x10) + ((0x2 * ((uint64_t)x28 * x8)) + (((uint64_t)x30 * x6) + ((0x2 * ((uint64_t)x32 * x4)) + ((uint64_t)x34 * x2))))))))))))))))) + (0x239 * ((0x2 * ((uint64_t)x36 * x47)) + ((0x2 * ((uint64_t)x38 * x48)) + ((0x2 * ((uint64_t)x40 * x46)) + ((0x2 * ((uint64_t)x42 * x44)) + ((0x2 * ((uint64_t)x44 * x42)) + ((0x2 * ((uint64_t)x46 * x40)) + ((0x2 * ((uint64_t)x48 * x38)) + (0x2 * ((uint64_t)x47 * x36)))))))))));
 uint64_t x58 = ((((uint64_t)x2 * x32) + (((uint64_t)x4 * x30) + (((uint64_t)x6 * x28) + (((uint64_t)x8 * x26) + (((uint64_t)x10 * x24) + (((uint64_t)x12 * x22) + (((uint64_t)x14 * x20) + (((uint64_t)x16 * x18) + (((uint64_t)x18 * x16) + (((uint64_t)x20 * x14) + (((uint64_t)x22 * x12) + (((uint64_t)x24 * x10) + (((uint64_t)x26 * x8) + (((uint64_t)x28 * x6) + (((uint64_t)x30 * x4) + ((uint64_t)x32 * x2)))))))))))))))) + (0x239 * (((uint64_t)x34 * x47) + ((0x2 * ((uint64_t)x36 * x48)) + (((uint64_t)x38 * x46) + ((0x2 * ((uint64_t)x40 * x44)) + (((uint64_t)x42 * x42) + ((0x2 * ((uint64_t)x44 * x40)) + (((uint64_t)x46 * x38) + ((0x2 * ((uint64_t)x48 * x36)) + ((uint64_t)x47 * x34)))))))))));
 uint64_t x59 = ((((uint64_t)x2 * x30) + ((0x2 * ((uint64_t)x4 * x28)) + (((uint64_t)x6 * x26) + ((0x2 * ((uint64_t)x8 * x24)) + (((uint64_t)x10 * x22) + ((0x2 * ((uint64_t)x12 * x20)) + (((uint64_t)x14 * x18) + ((0x2 * ((uint64_t)x16 * x16)) + (((uint64_t)x18 * x14) + ((0x2 * ((uint64_t)x20 * x12)) + (((uint64_t)x22 * x10) + ((0x2 * ((uint64_t)x24 * x8)) + (((uint64_t)x26 * x6) + ((0x2 * ((uint64_t)x28 * x4)) + ((uint64_t)x30 * x2))))))))))))))) + (0x239 * ((0x2 * ((uint64_t)x32 * x47)) + ((0x2 * ((uint64_t)x34 * x48)) + ((0x2 * ((uint64_t)x36 * x46)) + ((0x2 * ((uint64_t)x38 * x44)) + ((0x2 * ((uint64_t)x40 * x42)) + ((0x2 * ((uint64_t)x42 * x40)) + ((0x2 * ((uint64_t)x44 * x38)) + ((0x2 * ((uint64_t)x46 * x36)) + ((0x2 * ((uint64_t)x48 * x34)) + (0x2 * ((uint64_t)x47 * x32)))))))))))));
 uint64_t x60 = ((((uint64_t)x2 * x28) + (((uint64_t)x4 * x26) + (((uint64_t)x6 * x24) + (((uint64_t)x8 * x22) + (((uint64_t)x10 * x20) + (((uint64_t)x12 * x18) + (((uint64_t)x14 * x16) + (((uint64_t)x16 * x14) + (((uint64_t)x18 * x12) + (((uint64_t)x20 * x10) + (((uint64_t)x22 * x8) + (((uint64_t)x24 * x6) + (((uint64_t)x26 * x4) + ((uint64_t)x28 * x2)))))))))))))) + (0x239 * (((uint64_t)x30 * x47) + ((0x2 * ((uint64_t)x32 * x48)) + (((uint64_t)x34 * x46) + ((0x2 * ((uint64_t)x36 * x44)) + (((uint64_t)x38 * x42) + ((0x2 * ((uint64_t)x40 * x40)) + (((uint64_t)x42 * x38) + ((0x2 * ((uint64_t)x44 * x36)) + (((uint64_t)x46 * x34) + ((0x2 * ((uint64_t)x48 * x32)) + ((uint64_t)x47 * x30)))))))))))));
 uint64_t x61 = ((((uint64_t)x2 * x26) + ((0x2 * ((uint64_t)x4 * x24)) + (((uint64_t)x6 * x22) + ((0x2 * ((uint64_t)x8 * x20)) + (((uint64_t)x10 * x18) + ((0x2 * ((uint64_t)x12 * x16)) + (((uint64_t)x14 * x14) + ((0x2 * ((uint64_t)x16 * x12)) + (((uint64_t)x18 * x10) + ((0x2 * ((uint64_t)x20 * x8)) + (((uint64_t)x22 * x6) + ((0x2 * ((uint64_t)x24 * x4)) + ((uint64_t)x26 * x2))))))))))))) + (0x239 * ((0x2 * ((uint64_t)x28 * x47)) + ((0x2 * ((uint64_t)x30 * x48)) + ((0x2 * ((uint64_t)x32 * x46)) + ((0x2 * ((uint64_t)x34 * x44)) + ((0x2 * ((uint64_t)x36 * x42)) + ((0x2 * ((uint64_t)x38 * x40)) + ((0x2 * ((uint64_t)x40 * x38)) + ((0x2 * ((uint64_t)x42 * x36)) + ((0x2 * ((uint64_t)x44 * x34)) + ((0x2 * ((uint64_t)x46 * x32)) + ((0x2 * ((uint64_t)x48 * x30)) + (0x2 * ((uint64_t)x47 * x28)))))))))))))));
 uint64_t x62 = ((((uint64_t)x2 * x24) + (((uint64_t)x4 * x22) + (((uint64_t)x6 * x20) + (((uint64_t)x8 * x18) + (((uint64_t)x10 * x16) + (((uint64_t)x12 * x14) + (((uint64_t)x14 * x12) + (((uint64_t)x16 * x10) + (((uint64_t)x18 * x8) + (((uint64_t)x20 * x6) + (((uint64_t)x22 * x4) + ((uint64_t)x24 * x2)))))))))))) + (0x239 * (((uint64_t)x26 * x47) + ((0x2 * ((uint64_t)x28 * x48)) + (((uint64_t)x30 * x46) + ((0x2 * ((uint64_t)x32 * x44)) + (((uint64_t)x34 * x42) + ((0x2 * ((uint64_t)x36 * x40)) + (((uint64_t)x38 * x38) + ((0x2 * ((uint64_t)x40 * x36)) + (((uint64_t)x42 * x34) + ((0x2 * ((uint64_t)x44 * x32)) + (((uint64_t)x46 * x30) + ((0x2 * ((uint64_t)x48 * x28)) + ((uint64_t)x47 * x26)))))))))))))));
 uint64_t x63 = ((((uint64_t)x2 * x22) + ((0x2 * ((uint64_t)x4 * x20)) + (((uint64_t)x6 * x18) + ((0x2 * ((uint64_t)x8 * x16)) + (((uint64_t)x10 * x14) + ((0x2 * ((uint64_t)x12 * x12)) + (((uint64_t)x14 * x10) + ((0x2 * ((uint64_t)x16 * x8)) + (((uint64_t)x18 * x6) + ((0x2 * ((uint64_t)x20 * x4)) + ((uint64_t)x22 * x2))))))))))) + (0x239 * ((0x2 * ((uint64_t)x24 * x47)) + ((0x2 * ((uint64_t)x26 * x48)) + ((0x2 * ((uint64_t)x28 * x46)) + ((0x2 * ((uint64_t)x30 * x44)) + ((0x2 * ((uint64_t)x32 * x42)) + ((0x2 * ((uint64_t)x34 * x40)) + ((0x2 * ((uint64_t)x36 * x38)) + ((0x2 * ((uint64_t)x38 * x36)) + ((0x2 * ((uint64_t)x40 * x34)) + ((0x2 * ((uint64_t)x42 * x32)) + ((0x2 * ((uint64_t)x44 * x30)) + ((0x2 * ((uint64_t)x46 * x28)) + ((0x2 * ((uint64_t)x48 * x26)) + (0x2 * ((uint64_t)x47 * x24)))))))))))))))));
 uint64_t x64 = ((((uint64_t)x2 * x20) + (((uint64_t)x4 * x18) + (((uint64_t)x6 * x16) + (((uint64_t)x8 * x14) + (((uint64_t)x10 * x12) + (((uint64_t)x12 * x10) + (((uint64_t)x14 * x8) + (((uint64_t)x16 * x6) + (((uint64_t)x18 * x4) + ((uint64_t)x20 * x2)))))))))) + (0x239 * (((uint64_t)x22 * x47) + ((0x2 * ((uint64_t)x24 * x48)) + (((uint64_t)x26 * x46) + ((0x2 * ((uint64_t)x28 * x44)) + (((uint64_t)x30 * x42) + ((0x2 * ((uint64_t)x32 * x40)) + (((uint64_t)x34 * x38) + ((0x2 * ((uint64_t)x36 * x36)) + (((uint64_t)x38 * x34) + ((0x2 * ((uint64_t)x40 * x32)) + (((uint64_t)x42 * x30) + ((0x2 * ((uint64_t)x44 * x28)) + (((uint64_t)x46 * x26) + ((0x2 * ((uint64_t)x48 * x24)) + ((uint64_t)x47 * x22)))))))))))))))));
 uint64_t x65 = ((((uint64_t)x2 * x18) + ((0x2 * ((uint64_t)x4 * x16)) + (((uint64_t)x6 * x14) + ((0x2 * ((uint64_t)x8 * x12)) + (((uint64_t)x10 * x10) + ((0x2 * ((uint64_t)x12 * x8)) + (((uint64_t)x14 * x6) + ((0x2 * ((uint64_t)x16 * x4)) + ((uint64_t)x18 * x2))))))))) + (0x239 * ((0x2 * ((uint64_t)x20 * x47)) + ((0x2 * ((uint64_t)x22 * x48)) + ((0x2 * ((uint64_t)x24 * x46)) + ((0x2 * ((uint64_t)x26 * x44)) + ((0x2 * ((uint64_t)x28 * x42)) + ((0x2 * ((uint64_t)x30 * x40)) + ((0x2 * ((uint64_t)x32 * x38)) + ((0x2 * ((uint64_t)x34 * x36)) + ((0x2 * ((uint64_t)x36 * x34)) + ((0x2 * ((uint64_t)x38 * x32)) + ((0x2 * ((uint64_t)x40 * x30)) + ((0x2 * ((uint64_t)x42 * x28)) + ((0x2 * ((uint64_t)x44 * x26)) + ((0x2 * ((uint64_t)x46 * x24)) + ((0x2 * ((uint64_t)x48 * x22)) + (0x2 * ((uint64_t)x47 * x20)))))))))))))))))));
 uint64_t x66 = ((((uint64_t)x2 * x16) + (((uint64_t)x4 * x14) + (((uint64_t)x6 * x12) + (((uint64_t)x8 * x10) + (((uint64_t)x10 * x8) + (((uint64_t)x12 * x6) + (((uint64_t)x14 * x4) + ((uint64_t)x16 * x2)))))))) + (0x239 * (((uint64_t)x18 * x47) + ((0x2 * ((uint64_t)x20 * x48)) + (((uint64_t)x22 * x46) + ((0x2 * ((uint64_t)x24 * x44)) + (((uint64_t)x26 * x42) + ((0x2 * ((uint64_t)x28 * x40)) + (((uint64_t)x30 * x38) + ((0x2 * ((uint64_t)x32 * x36)) + (((uint64_t)x34 * x34) + ((0x2 * ((uint64_t)x36 * x32)) + (((uint64_t)x38 * x30) + ((0x2 * ((uint64_t)x40 * x28)) + (((uint64_t)x42 * x26) + ((0x2 * ((uint64_t)x44 * x24)) + (((uint64_t)x46 * x22) + ((0x2 * ((uint64_t)x48 * x20)) + ((uint64_t)x47 * x18)))))))))))))))))));
 uint64_t x67 = ((((uint64_t)x2 * x14) + ((0x2 * ((uint64_t)x4 * x12)) + (((uint64_t)x6 * x10) + ((0x2 * ((uint64_t)x8 * x8)) + (((uint64_t)x10 * x6) + ((0x2 * ((uint64_t)x12 * x4)) + ((uint64_t)x14 * x2))))))) + (0x239 * ((0x2 * ((uint64_t)x16 * x47)) + ((0x2 * ((uint64_t)x18 * x48)) + ((0x2 * ((uint64_t)x20 * x46)) + ((0x2 * ((uint64_t)x22 * x44)) + ((0x2 * ((uint64_t)x24 * x42)) + ((0x2 * ((uint64_t)x26 * x40)) + ((0x2 * ((uint64_t)x28 * x38)) + ((0x2 * ((uint64_t)x30 * x36)) + ((0x2 * ((uint64_t)x32 * x34)) + ((0x2 * ((uint64_t)x34 * x32)) + ((0x2 * ((uint64_t)x36 * x30)) + ((0x2 * ((uint64_t)x38 * x28)) + ((0x2 * ((uint64_t)x40 * x26)) + ((0x2 * ((uint64_t)x42 * x24)) + ((0x2 * ((uint64_t)x44 * x22)) + ((0x2 * ((uint64_t)x46 * x20)) + ((0x2 * ((uint64_t)x48 * x18)) + (0x2 * ((uint64_t)x47 * x16)))))))))))))))))))));
 uint64_t x68 = ((((uint64_t)x2 * x12) + (((uint64_t)x4 * x10) + (((uint64_t)x6 * x8) + (((uint64_t)x8 * x6) + (((uint64_t)x10 * x4) + ((uint64_t)x12 * x2)))))) + (0x239 * (((uint64_t)x14 * x47) + ((0x2 * ((uint64_t)x16 * x48)) + (((uint64_t)x18 * x46) + ((0x2 * ((uint64_t)x20 * x44)) + (((uint64_t)x22 * x42) + ((0x2 * ((uint64_t)x24 * x40)) + (((uint64_t)x26 * x38) + ((0x2 * ((uint64_t)x28 * x36)) + (((uint64_t)x30 * x34) + ((0x2 * ((uint64_t)x32 * x32)) + (((uint64_t)x34 * x30) + ((0x2 * ((uint64_t)x36 * x28)) + (((uint64_t)x38 * x26) + ((0x2 * ((uint64_t)x40 * x24)) + (((uint64_t)x42 * x22) + ((0x2 * ((uint64_t)x44 * x20)) + (((uint64_t)x46 * x18) + ((0x2 * ((uint64_t)x48 * x16)) + ((uint64_t)x47 * x14)))))))))))))))))))));
 uint64_t x69 = ((((uint64_t)x2 * x10) + ((0x2 * ((uint64_t)x4 * x8)) + (((uint64_t)x6 * x6) + ((0x2 * ((uint64_t)x8 * x4)) + ((uint64_t)x10 * x2))))) + (0x239 * ((0x2 * ((uint64_t)x12 * x47)) + ((0x2 * ((uint64_t)x14 * x48)) + ((0x2 * ((uint64_t)x16 * x46)) + ((0x2 * ((uint64_t)x18 * x44)) + ((0x2 * ((uint64_t)x20 * x42)) + ((0x2 * ((uint64_t)x22 * x40)) + ((0x2 * ((uint64_t)x24 * x38)) + ((0x2 * ((uint64_t)x26 * x36)) + ((0x2 * ((uint64_t)x28 * x34)) + ((0x2 * ((uint64_t)x30 * x32)) + ((0x2 * ((uint64_t)x32 * x30)) + ((0x2 * ((uint64_t)x34 * x28)) + ((0x2 * ((uint64_t)x36 * x26)) + ((0x2 * ((uint64_t)x38 * x24)) + ((0x2 * ((uint64_t)x40 * x22)) + ((0x2 * ((uint64_t)x42 * x20)) + ((0x2 * ((uint64_t)x44 * x18)) + ((0x2 * ((uint64_t)x46 * x16)) + ((0x2 * ((uint64_t)x48 * x14)) + (0x2 * ((uint64_t)x47 * x12)))))))))))))))))))))));
 uint64_t x70 = ((((uint64_t)x2 * x8) + (((uint64_t)x4 * x6) + (((uint64_t)x6 * x4) + ((uint64_t)x8 * x2)))) + (0x239 * (((uint64_t)x10 * x47) + ((0x2 * ((uint64_t)x12 * x48)) + (((uint64_t)x14 * x46) + ((0x2 * ((uint64_t)x16 * x44)) + (((uint64_t)x18 * x42) + ((0x2 * ((uint64_t)x20 * x40)) + (((uint64_t)x22 * x38) + ((0x2 * ((uint64_t)x24 * x36)) + (((uint64_t)x26 * x34) + ((0x2 * ((uint64_t)x28 * x32)) + (((uint64_t)x30 * x30) + ((0x2 * ((uint64_t)x32 * x28)) + (((uint64_t)x34 * x26) + ((0x2 * ((uint64_t)x36 * x24)) + (((uint64_t)x38 * x22) + ((0x2 * ((uint64_t)x40 * x20)) + (((uint64_t)x42 * x18) + ((0x2 * ((uint64_t)x44 * x16)) + (((uint64_t)x46 * x14) + ((0x2 * ((uint64_t)x48 * x12)) + ((uint64_t)x47 * x10)))))))))))))))))))))));
 uint64_t x71 = ((((uint64_t)x2 * x6) + ((0x2 * ((uint64_t)x4 * x4)) + ((uint64_t)x6 * x2))) + (0x239 * ((0x2 * ((uint64_t)x8 * x47)) + ((0x2 * ((uint64_t)x10 * x48)) + ((0x2 * ((uint64_t)x12 * x46)) + ((0x2 * ((uint64_t)x14 * x44)) + ((0x2 * ((uint64_t)x16 * x42)) + ((0x2 * ((uint64_t)x18 * x40)) + ((0x2 * ((uint64_t)x20 * x38)) + ((0x2 * ((uint64_t)x22 * x36)) + ((0x2 * ((uint64_t)x24 * x34)) + ((0x2 * ((uint64_t)x26 * x32)) + ((0x2 * ((uint64_t)x28 * x30)) + ((0x2 * ((uint64_t)x30 * x28)) + ((0x2 * ((uint64_t)x32 * x26)) + ((0x2 * ((uint64_t)x34 * x24)) + ((0x2 * ((uint64_t)x36 * x22)) + ((0x2 * ((uint64_t)x38 * x20)) + ((0x2 * ((uint64_t)x40 * x18)) + ((0x2 * ((uint64_t)x42 * x16)) + ((0x2 * ((uint64_t)x44 * x14)) + ((0x2 * ((uint64_t)x46 * x12)) + ((0x2 * ((uint64_t)x48 * x10)) + (0x2 * ((uint64_t)x47 * x8)))))))))))))))))))))))));
 uint64_t x72 = ((((uint64_t)x2 * x4) + ((uint64_t)x4 * x2)) + (0x239 * (((uint64_t)x6 * x47) + ((0x2 * ((uint64_t)x8 * x48)) + (((uint64_t)x10 * x46) + ((0x2 * ((uint64_t)x12 * x44)) + (((uint64_t)x14 * x42) + ((0x2 * ((uint64_t)x16 * x40)) + (((uint64_t)x18 * x38) + ((0x2 * ((uint64_t)x20 * x36)) + (((uint64_t)x22 * x34) + ((0x2 * ((uint64_t)x24 * x32)) + (((uint64_t)x26 * x30) + ((0x2 * ((uint64_t)x28 * x28)) + (((uint64_t)x30 * x26) + ((0x2 * ((uint64_t)x32 * x24)) + (((uint64_t)x34 * x22) + ((0x2 * ((uint64_t)x36 * x20)) + (((uint64_t)x38 * x18) + ((0x2 * ((uint64_t)x40 * x16)) + (((uint64_t)x42 * x14) + ((0x2 * ((uint64_t)x44 * x12)) + (((uint64_t)x46 * x10) + ((0x2 * ((uint64_t)x48 * x8)) + ((uint64_t)x47 * x6)))))))))))))))))))))))));
 uint64_t x73 = (((uint64_t)x2 * x2) + (0x239 * ((0x2 * ((uint64_t)x4 * x47)) + ((0x2 * ((uint64_t)x6 * x48)) + ((0x2 * ((uint64_t)x8 * x46)) + ((0x2 * ((uint64_t)x10 * x44)) + ((0x2 * ((uint64_t)x12 * x42)) + ((0x2 * ((uint64_t)x14 * x40)) + ((0x2 * ((uint64_t)x16 * x38)) + ((0x2 * ((uint64_t)x18 * x36)) + ((0x2 * ((uint64_t)x20 * x34)) + ((0x2 * ((uint64_t)x22 * x32)) + ((0x2 * ((uint64_t)x24 * x30)) + ((0x2 * ((uint64_t)x26 * x28)) + ((0x2 * ((uint64_t)x28 * x26)) + ((0x2 * ((uint64_t)x30 * x24)) + ((0x2 * ((uint64_t)x32 * x22)) + ((0x2 * ((uint64_t)x34 * x20)) + ((0x2 * ((uint64_t)x36 * x18)) + ((0x2 * ((uint64_t)x38 * x16)) + ((0x2 * ((uint64_t)x40 * x14)) + ((0x2 * ((uint64_t)x42 * x12)) + ((0x2 * ((uint64_t)x44 * x10)) + ((0x2 * ((uint64_t)x46 * x8)) + ((0x2 * ((uint64_t)x48 * x6)) + (0x2 * ((uint64_t)x47 * x4)))))))))))))))))))))))))));
 uint64_t x74 = (x73 >> 0x15);
 uint32_t x75 = ((uint32_t)x73 & 0x1fffff);
 uint64_t x76 = (x74 + x72);
 uint64_t x77 = (x76 >> 0x14);
 uint32_t x78 = ((uint32_t)x76 & 0xfffff);
 uint64_t x79 = (x77 + x71);
 uint64_t x80 = (x79 >> 0x15);
 uint32_t x81 = ((uint32_t)x79 & 0x1fffff);
 uint64_t x82 = (x80 + x70);
 uint64_t x83 = (x82 >> 0x14);
 uint32_t x84 = ((uint32_t)x82 & 0xfffff);
 uint64_t x85 = (x83 + x69);
 uint64_t x86 = (x85 >> 0x15);
 uint32_t x87 = ((uint32_t)x85 & 0x1fffff);
 uint64_t x88 = (x86 + x68);
 uint64_t x89 = (x88 >> 0x14);
 uint32_t x90 = ((uint32_t)x88 & 0xfffff);
 uint64_t x91 = (x89 + x67);
 uint64_t x92 = (x91 >> 0x15);
 uint32_t x93 = ((uint32_t)x91 & 0x1fffff);
 uint64_t x94 = (x92 + x66);
 uint64_t x95 = (x94 >> 0x14);
 uint32_t x96 = ((uint32_t)x94 & 0xfffff);
 uint64_t x97 = (x95 + x65);
 uint64_t x98 = (x97 >> 0x15);
 uint32_t x99 = ((uint32_t)x97 & 0x1fffff);
 uint64_t x100 = (x98 + x64);
 uint64_t x101 = (x100 >> 0x14);
 uint32_t x102 = ((uint32_t)x100 & 0xfffff);
 uint64_t x103 = (x101 + x63);
 uint64_t x104 = (x103 >> 0x15);
 uint32_t x105 = ((uint32_t)x103 & 0x1fffff);
 uint64_t x106 = (x104 + x62);
 uint64_t x107 = (x106 >> 0x14);
 uint32_t x108 = ((uint32_t)x106 & 0xfffff);
 uint64_t x109 = (x107 + x61);
 uint64_t x110 = (x109 >> 0x15);
 uint32_t x111 = ((uint32_t)x109 & 0x1fffff);
 uint64_t x112 = (x110 + x60);
 uint64_t x113 = (x112 >> 0x14);
 uint32_t x114 = ((uint32_t)x112 & 0xfffff);
 uint64_t x115 = (x113 + x59);
 uint64_t x116 = (x115 >> 0x15);
 uint32_t x117 = ((uint32_t)x115 & 0x1fffff);
 uint64_t x118 = (x116 + x58);
 uint64_t x119 = (x118 >> 0x14);
 uint32_t x120 = ((uint32_t)x118 & 0xfffff);
 uint64_t x121 = (x119 + x57);
 uint64_t x122 = (x121 >> 0x15);
 uint32_t x123 = ((uint32_t)x121 & 0x1fffff);
 uint64_t x124 = (x122 + x56);
 uint64_t x125 = (x124 >> 0x14);
 uint32_t x126 = ((uint32_t)x124 & 0xfffff);
 uint64_t x127 = (x125 + x55);
 uint64_t x128 = (x127 >> 0x15);
 uint32_t x129 = ((uint32_t)x127 & 0x1fffff);
 uint64_t x130 = (x128 + x54);
 uint64_t x131 = (x130 >> 0x14);
 uint32_t x132 = ((uint32_t)x130 & 0xfffff);
 uint64_t x133 = (x131 + x53);
 uint64_t x134 = (x133 >> 0x15);
 uint32_t x135 = ((uint32_t)x133 & 0x1fffff);
 uint64_t x136 = (x134 + x52);
 uint64_t x137 = (x136 >> 0x14);
 uint32_t x138 = ((uint32_t)x136 & 0xfffff);
 uint64_t x139 = (x137 + x51);
 uint64_t x140 = (x139 >> 0x15);
 uint32_t x141 = ((uint32_t)x139 & 0x1fffff);
 uint64_t x142 = (x140 + x50);
 uint64_t x143 = (x142 >> 0x14);
 uint32_t x144 = ((uint32_t)x142 & 0xfffff);
 uint64_t x145 = (x143 + x49);
 uint32_t x146 = (uint32_t) (x145 >> 0x14);
 uint32_t x147 = ((uint32_t)x145 & 0xfffff);
 uint64_t x148 = (x75 + ((uint64_t)0x239 * x146));
 uint32_t x149 = (uint32_t) (x148 >> 0x15);
 uint32_t x150 = ((uint32_t)x148 & 0x1fffff);
 uint32_t x151 = (x149 + x78);
 uint32_t x152 = (x151 >> 0x14);
 uint32_t x153 = (x151 & 0xfffff);
 return (Return x147, Return x144, Return x141, Return x138, Return x135, Return x132, Return x129, Return x126, Return x123, Return x120, Return x117, Return x114, Return x111, Return x108, Return x105, Return x102, Return x99, Return x96, Return x93, Return x90, Return x87, Return x84, (x152 + x81), Return x153, Return x150))
x
     : word32 * word32 * word32 * word32 * word32 * word32 * word32 * word32 * word32 * word32 * word32 * word32 * word32 * word32 * word32 * word32 * word32 * word32 * word32 * word32 * word32 * word32 * word32 * word32 * word32 → ReturnType (uint32_t * uint32_t * uint32_t * uint32_t * uint32_t * uint32_t * uint32_t * uint32_t * uint32_t * uint32_t * uint32_t * uint32_t * uint32_t * uint32_t * uint32_t * uint32_t * uint32_t * uint32_t * uint32_t * uint32_t * uint32_t * uint32_t * uint32_t * uint32_t * uint32_t)
