λ x : word32 * word32 * word32 * word32 * word32 * word32 * word32 * word32 * word32 * word32 * word32 * word32 * word32 * word32 * word32 * word32 * word32 * word32 * word32 * word32 * word32 * word32 * word32 * word32 * word32,
Interp-η
(λ var : Syntax.base_type → Type,
 λ '(x47, x48, x46, x44, x42, x40, x38, x36, x34, x32, x30, x28, x26, x24, x22, x20, x18, x16, x14, x12, x10, x8, x6, x4, x2)%core,
 uint32_t x50, uint8_t x51 = Op (Syntax.SubWithGetBorrow 21 (Syntax.TWord 3) (Syntax.TWord 5) (Syntax.TWord 5) (Syntax.TWord 5) (Syntax.TWord 3)) (0x0, Return x2, 0x1ffdc7);
 uint32_t x53, uint8_t x54 = Op (Syntax.SubWithGetBorrow 20 (Syntax.TWord 3) (Syntax.TWord 5) (Syntax.TWord 5) (Syntax.TWord 5) (Syntax.TWord 3)) (Return x51, Return x4, 0xfffff);
 uint32_t x56, uint8_t x57 = Op (Syntax.SubWithGetBorrow 21 (Syntax.TWord 3) (Syntax.TWord 5) (Syntax.TWord 5) (Syntax.TWord 5) (Syntax.TWord 3)) (Return x54, Return x6, 0x1fffff);
 uint32_t x59, uint8_t x60 = Op (Syntax.SubWithGetBorrow 20 (Syntax.TWord 3) (Syntax.TWord 5) (Syntax.TWord 5) (Syntax.TWord 5) (Syntax.TWord 3)) (Return x57, Return x8, 0xfffff);
 uint32_t x62, uint8_t x63 = Op (Syntax.SubWithGetBorrow 21 (Syntax.TWord 3) (Syntax.TWord 5) (Syntax.TWord 5) (Syntax.TWord 5) (Syntax.TWord 3)) (Return x60, Return x10, 0x1fffff);
 uint32_t x65, uint8_t x66 = Op (Syntax.SubWithGetBorrow 20 (Syntax.TWord 3) (Syntax.TWord 5) (Syntax.TWord 5) (Syntax.TWord 5) (Syntax.TWord 3)) (Return x63, Return x12, 0xfffff);
 uint32_t x68, uint8_t x69 = Op (Syntax.SubWithGetBorrow 21 (Syntax.TWord 3) (Syntax.TWord 5) (Syntax.TWord 5) (Syntax.TWord 5) (Syntax.TWord 3)) (Return x66, Return x14, 0x1fffff);
 uint32_t x71, uint8_t x72 = Op (Syntax.SubWithGetBorrow 20 (Syntax.TWord 3) (Syntax.TWord 5) (Syntax.TWord 5) (Syntax.TWord 5) (Syntax.TWord 3)) (Return x69, Return x16, 0xfffff);
 uint32_t x74, uint8_t x75 = Op (Syntax.SubWithGetBorrow 21 (Syntax.TWord 3) (Syntax.TWord 5) (Syntax.TWord 5) (Syntax.TWord 5) (Syntax.TWord 3)) (Return x72, Return x18, 0x1fffff);
 uint32_t x77, uint8_t x78 = Op (Syntax.SubWithGetBorrow 20 (Syntax.TWord 3) (Syntax.TWord 5) (Syntax.TWord 5) (Syntax.TWord 5) (Syntax.TWord 3)) (Return x75, Return x20, 0xfffff);
 uint32_t x80, uint8_t x81 = Op (Syntax.SubWithGetBorrow 21 (Syntax.TWord 3) (Syntax.TWord 5) (Syntax.TWord 5) (Syntax.TWord 5) (Syntax.TWord 3)) (Return x78, Return x22, 0x1fffff);
 uint32_t x83, uint8_t x84 = Op (Syntax.SubWithGetBorrow 20 (Syntax.TWord 3) (Syntax.TWord 5) (Syntax.TWord 5) (Syntax.TWord 5) (Syntax.TWord 3)) (Return x81, Return x24, 0xfffff);
 uint32_t x86, uint8_t x87 = Op (Syntax.SubWithGetBorrow 21 (Syntax.TWord 3) (Syntax.TWord 5) (Syntax.TWord 5) (Syntax.TWord 5) (Syntax.TWord 3)) (Return x84, Return x26, 0x1fffff);
 uint32_t x89, uint8_t x90 = Op (Syntax.SubWithGetBorrow 20 (Syntax.TWord 3) (Syntax.TWord 5) (Syntax.TWord 5) (Syntax.TWord 5) (Syntax.TWord 3)) (Return x87, Return x28, 0xfffff);
 uint32_t x92, uint8_t x93 = Op (Syntax.SubWithGetBorrow 21 (Syntax.TWord 3) (Syntax.TWord 5) (Syntax.TWord 5) (Syntax.TWord 5) (Syntax.TWord 3)) (Return x90, Return x30, 0x1fffff);
 uint32_t x95, uint8_t x96 = Op (Syntax.SubWithGetBorrow 20 (Syntax.TWord 3) (Syntax.TWord 5) (Syntax.TWord 5) (Syntax.TWord 5) (Syntax.TWord 3)) (Return x93, Return x32, 0xfffff);
 uint32_t x98, uint8_t x99 = Op (Syntax.SubWithGetBorrow 21 (Syntax.TWord 3) (Syntax.TWord 5) (Syntax.TWord 5) (Syntax.TWord 5) (Syntax.TWord 3)) (Return x96, Return x34, 0x1fffff);
 uint32_t x101, uint8_t x102 = Op (Syntax.SubWithGetBorrow 20 (Syntax.TWord 3) (Syntax.TWord 5) (Syntax.TWord 5) (Syntax.TWord 5) (Syntax.TWord 3)) (Return x99, Return x36, 0xfffff);
 uint32_t x104, uint8_t x105 = Op (Syntax.SubWithGetBorrow 21 (Syntax.TWord 3) (Syntax.TWord 5) (Syntax.TWord 5) (Syntax.TWord 5) (Syntax.TWord 3)) (Return x102, Return x38, 0x1fffff);
 uint32_t x107, uint8_t x108 = Op (Syntax.SubWithGetBorrow 20 (Syntax.TWord 3) (Syntax.TWord 5) (Syntax.TWord 5) (Syntax.TWord 5) (Syntax.TWord 3)) (Return x105, Return x40, 0xfffff);
 uint32_t x110, uint8_t x111 = Op (Syntax.SubWithGetBorrow 21 (Syntax.TWord 3) (Syntax.TWord 5) (Syntax.TWord 5) (Syntax.TWord 5) (Syntax.TWord 3)) (Return x108, Return x42, 0x1fffff);
 uint32_t x113, uint8_t x114 = Op (Syntax.SubWithGetBorrow 20 (Syntax.TWord 3) (Syntax.TWord 5) (Syntax.TWord 5) (Syntax.TWord 5) (Syntax.TWord 3)) (Return x111, Return x44, 0xfffff);
 uint32_t x116, uint8_t x117 = Op (Syntax.SubWithGetBorrow 21 (Syntax.TWord 3) (Syntax.TWord 5) (Syntax.TWord 5) (Syntax.TWord 5) (Syntax.TWord 3)) (Return x114, Return x46, 0x1fffff);
 uint32_t x119, uint8_t x120 = Op (Syntax.SubWithGetBorrow 20 (Syntax.TWord 3) (Syntax.TWord 5) (Syntax.TWord 5) (Syntax.TWord 5) (Syntax.TWord 3)) (Return x117, Return x48, 0xfffff);
 uint32_t x122, uint8_t x123 = Op (Syntax.SubWithGetBorrow 20 (Syntax.TWord 3) (Syntax.TWord 5) (Syntax.TWord 5) (Syntax.TWord 5) (Syntax.TWord 3)) (Return x120, Return x47, 0xfffff);
 uint32_t x124 = cmovznz32(x123, 0x0, 0xffffffff);
 uint32_t x125 = (x124 & 0x1ffdc7);
 uint32_t x127, uint8_t x128 = Op (Syntax.AddWithGetCarry 21 (Syntax.TWord 3) (Syntax.TWord 5) (Syntax.TWord 5) (Syntax.TWord 5) (Syntax.TWord 3)) (0x0, Return x50, Return x125);
 uint32_t x129 = (x124 & 0xfffff);
 uint32_t x131, uint8_t x132 = Op (Syntax.AddWithGetCarry 20 (Syntax.TWord 3) (Syntax.TWord 5) (Syntax.TWord 5) (Syntax.TWord 5) (Syntax.TWord 3)) (Return x128, Return x53, Return x129);
 uint32_t x133 = (x124 & 0x1fffff);
 uint32_t x135, uint8_t x136 = Op (Syntax.AddWithGetCarry 21 (Syntax.TWord 3) (Syntax.TWord 5) (Syntax.TWord 5) (Syntax.TWord 5) (Syntax.TWord 3)) (Return x132, Return x56, Return x133);
 uint32_t x137 = (x124 & 0xfffff);
 uint32_t x139, uint8_t x140 = Op (Syntax.AddWithGetCarry 20 (Syntax.TWord 3) (Syntax.TWord 5) (Syntax.TWord 5) (Syntax.TWord 5) (Syntax.TWord 3)) (Return x136, Return x59, Return x137);
 uint32_t x141 = (x124 & 0x1fffff);
 uint32_t x143, uint8_t x144 = Op (Syntax.AddWithGetCarry 21 (Syntax.TWord 3) (Syntax.TWord 5) (Syntax.TWord 5) (Syntax.TWord 5) (Syntax.TWord 3)) (Return x140, Return x62, Return x141);
 uint32_t x145 = (x124 & 0xfffff);
 uint32_t x147, uint8_t x148 = Op (Syntax.AddWithGetCarry 20 (Syntax.TWord 3) (Syntax.TWord 5) (Syntax.TWord 5) (Syntax.TWord 5) (Syntax.TWord 3)) (Return x144, Return x65, Return x145);
 uint32_t x149 = (x124 & 0x1fffff);
 uint32_t x151, uint8_t x152 = Op (Syntax.AddWithGetCarry 21 (Syntax.TWord 3) (Syntax.TWord 5) (Syntax.TWord 5) (Syntax.TWord 5) (Syntax.TWord 3)) (Return x148, Return x68, Return x149);
 uint32_t x153 = (x124 & 0xfffff);
 uint32_t x155, uint8_t x156 = Op (Syntax.AddWithGetCarry 20 (Syntax.TWord 3) (Syntax.TWord 5) (Syntax.TWord 5) (Syntax.TWord 5) (Syntax.TWord 3)) (Return x152, Return x71, Return x153);
 uint32_t x157 = (x124 & 0x1fffff);
 uint32_t x159, uint8_t x160 = Op (Syntax.AddWithGetCarry 21 (Syntax.TWord 3) (Syntax.TWord 5) (Syntax.TWord 5) (Syntax.TWord 5) (Syntax.TWord 3)) (Return x156, Return x74, Return x157);
 uint32_t x161 = (x124 & 0xfffff);
 uint32_t x163, uint8_t x164 = Op (Syntax.AddWithGetCarry 20 (Syntax.TWord 3) (Syntax.TWord 5) (Syntax.TWord 5) (Syntax.TWord 5) (Syntax.TWord 3)) (Return x160, Return x77, Return x161);
 uint32_t x165 = (x124 & 0x1fffff);
 uint32_t x167, uint8_t x168 = Op (Syntax.AddWithGetCarry 21 (Syntax.TWord 3) (Syntax.TWord 5) (Syntax.TWord 5) (Syntax.TWord 5) (Syntax.TWord 3)) (Return x164, Return x80, Return x165);
 uint32_t x169 = (x124 & 0xfffff);
 uint32_t x171, uint8_t x172 = Op (Syntax.AddWithGetCarry 20 (Syntax.TWord 3) (Syntax.TWord 5) (Syntax.TWord 5) (Syntax.TWord 5) (Syntax.TWord 3)) (Return x168, Return x83, Return x169);
 uint32_t x173 = (x124 & 0x1fffff);
 uint32_t x175, uint8_t x176 = Op (Syntax.AddWithGetCarry 21 (Syntax.TWord 3) (Syntax.TWord 5) (Syntax.TWord 5) (Syntax.TWord 5) (Syntax.TWord 3)) (Return x172, Return x86, Return x173);
 uint32_t x177 = (x124 & 0xfffff);
 uint32_t x179, uint8_t x180 = Op (Syntax.AddWithGetCarry 20 (Syntax.TWord 3) (Syntax.TWord 5) (Syntax.TWord 5) (Syntax.TWord 5) (Syntax.TWord 3)) (Return x176, Return x89, Return x177);
 uint32_t x181 = (x124 & 0x1fffff);
 uint32_t x183, uint8_t x184 = Op (Syntax.AddWithGetCarry 21 (Syntax.TWord 3) (Syntax.TWord 5) (Syntax.TWord 5) (Syntax.TWord 5) (Syntax.TWord 3)) (Return x180, Return x92, Return x181);
 uint32_t x185 = (x124 & 0xfffff);
 uint32_t x187, uint8_t x188 = Op (Syntax.AddWithGetCarry 20 (Syntax.TWord 3) (Syntax.TWord 5) (Syntax.TWord 5) (Syntax.TWord 5) (Syntax.TWord 3)) (Return x184, Return x95, Return x185);
 uint32_t x189 = (x124 & 0x1fffff);
 uint32_t x191, uint8_t x192 = Op (Syntax.AddWithGetCarry 21 (Syntax.TWord 3) (Syntax.TWord 5) (Syntax.TWord 5) (Syntax.TWord 5) (Syntax.TWord 3)) (Return x188, Return x98, Return x189);
 uint32_t x193 = (x124 & 0xfffff);
 uint32_t x195, uint8_t x196 = Op (Syntax.AddWithGetCarry 20 (Syntax.TWord 3) (Syntax.TWord 5) (Syntax.TWord 5) (Syntax.TWord 5) (Syntax.TWord 3)) (Return x192, Return x101, Return x193);
 uint32_t x197 = (x124 & 0x1fffff);
 uint32_t x199, uint8_t x200 = Op (Syntax.AddWithGetCarry 21 (Syntax.TWord 3) (Syntax.TWord 5) (Syntax.TWord 5) (Syntax.TWord 5) (Syntax.TWord 3)) (Return x196, Return x104, Return x197);
 uint32_t x201 = (x124 & 0xfffff);
 uint32_t x203, uint8_t x204 = Op (Syntax.AddWithGetCarry 20 (Syntax.TWord 3) (Syntax.TWord 5) (Syntax.TWord 5) (Syntax.TWord 5) (Syntax.TWord 3)) (Return x200, Return x107, Return x201);
 uint32_t x205 = (x124 & 0x1fffff);
 uint32_t x207, uint8_t x208 = Op (Syntax.AddWithGetCarry 21 (Syntax.TWord 3) (Syntax.TWord 5) (Syntax.TWord 5) (Syntax.TWord 5) (Syntax.TWord 3)) (Return x204, Return x110, Return x205);
 uint32_t x209 = (x124 & 0xfffff);
 uint32_t x211, uint8_t x212 = Op (Syntax.AddWithGetCarry 20 (Syntax.TWord 3) (Syntax.TWord 5) (Syntax.TWord 5) (Syntax.TWord 5) (Syntax.TWord 3)) (Return x208, Return x113, Return x209);
 uint32_t x213 = (x124 & 0x1fffff);
 uint32_t x215, uint8_t x216 = Op (Syntax.AddWithGetCarry 21 (Syntax.TWord 3) (Syntax.TWord 5) (Syntax.TWord 5) (Syntax.TWord 5) (Syntax.TWord 3)) (Return x212, Return x116, Return x213);
 uint32_t x217 = (x124 & 0xfffff);
 uint32_t x219, uint8_t x220 = Op (Syntax.AddWithGetCarry 20 (Syntax.TWord 3) (Syntax.TWord 5) (Syntax.TWord 5) (Syntax.TWord 5) (Syntax.TWord 3)) (Return x216, Return x119, Return x217);
 uint32_t x221 = (x124 & 0xfffff);
 uint32_t x223, uint8_t _ = Op (Syntax.AddWithGetCarry 20 (Syntax.TWord 3) (Syntax.TWord 5) (Syntax.TWord 5) (Syntax.TWord 5) (Syntax.TWord 3)) (Return x220, Return x122, Return x221);
 (Return x223, Return x219, Return x215, Return x211, Return x207, Return x203, Return x199, Return x195, Return x191, Return x187, Return x183, Return x179, Return x175, Return x171, Return x167, Return x163, Return x159, Return x155, Return x151, Return x147, Return x143, Return x139, Return x135, Return x131, Return x127))
x
     : word32 * word32 * word32 * word32 * word32 * word32 * word32 * word32 * word32 * word32 * word32 * word32 * word32 * word32 * word32 * word32 * word32 * word32 * word32 * word32 * word32 * word32 * word32 * word32 * word32 → ReturnType (uint32_t * uint32_t * uint32_t * uint32_t * uint32_t * uint32_t * uint32_t * uint32_t * uint32_t * uint32_t * uint32_t * uint32_t * uint32_t * uint32_t * uint32_t * uint32_t * uint32_t * uint32_t * uint32_t * uint32_t * uint32_t * uint32_t * uint32_t * uint32_t * uint32_t)
