rmulW = 
fun var : Syntax.base_type -> Type =>
λ
x x0 x1 x2 x3 x4 x5 x6 x7 x8 x9 x10 x11 x12 x13 x14 x15 x16 x17 x18 x19 x20
 x21 x22 x23 x24 x25 x26 x27 x28 x29 x30 x31 x32 x33 x34 x35 x36 x37
 x38 : var Syntax.TZ,
Tbase Syntax.TZ x39 = x18 * x38;
Tbase Syntax.TZ x40 = x37 * 0x2;
Tbase Syntax.TZ x41 = x * x40;
Tbase Syntax.TZ x42 = x36 * 0x2;
Tbase Syntax.TZ x43 = x0 * x42;
Tbase Syntax.TZ x44 = x35 * 0x2;
Tbase Syntax.TZ x45 = x1 * x44;
Tbase Syntax.TZ x46 = x34 * 0x2;
Tbase Syntax.TZ x47 = x2 * x46;
Tbase Syntax.TZ x48 = x33 * 0x2;
Tbase Syntax.TZ x49 = x3 * x48;
Tbase Syntax.TZ x50 = x32 * 0x2;
Tbase Syntax.TZ x51 = x4 * x50;
Tbase Syntax.TZ x52 = x31 * 0x2;
Tbase Syntax.TZ x53 = x5 * x52;
Tbase Syntax.TZ x54 = x30 * 0x2;
Tbase Syntax.TZ x55 = x6 * x54;
Tbase Syntax.TZ x56 = x29 * 0x2;
Tbase Syntax.TZ x57 = x7 * x56;
Tbase Syntax.TZ x58 = x28 * 0x2;
Tbase Syntax.TZ x59 = x8 * x58;
Tbase Syntax.TZ x60 = x27 * 0x2;
Tbase Syntax.TZ x61 = x9 * x60;
Tbase Syntax.TZ x62 = x26 * 0x2;
Tbase Syntax.TZ x63 = x10 * x62;
Tbase Syntax.TZ x64 = x25 * 0x2;
Tbase Syntax.TZ x65 = x11 * x64;
Tbase Syntax.TZ x66 = x24 * 0x2;
Tbase Syntax.TZ x67 = x12 * x66;
Tbase Syntax.TZ x68 = x23 * 0x2;
Tbase Syntax.TZ x69 = x13 * x68;
Tbase Syntax.TZ x70 = x22 * 0x2;
Tbase Syntax.TZ x71 = x14 * x70;
Tbase Syntax.TZ x72 = x21 * 0x2;
Tbase Syntax.TZ x73 = x15 * x72;
Tbase Syntax.TZ x74 = x20 * 0x2;
Tbase Syntax.TZ x75 = x16 * x74;
Tbase Syntax.TZ x76 = x19 * 0x2;
Tbase Syntax.TZ x77 = x17 * x76;
Tbase Syntax.TZ x78 = x75 + x77;
Tbase Syntax.TZ x79 = x73 + x78;
Tbase Syntax.TZ x80 = x71 + x79;
Tbase Syntax.TZ x81 = x69 + x80;
Tbase Syntax.TZ x82 = x67 + x81;
Tbase Syntax.TZ x83 = x65 + x82;
Tbase Syntax.TZ x84 = x63 + x83;
Tbase Syntax.TZ x85 = x61 + x84;
Tbase Syntax.TZ x86 = x59 + x85;
Tbase Syntax.TZ x87 = x57 + x86;
Tbase Syntax.TZ x88 = x55 + x87;
Tbase Syntax.TZ x89 = x53 + x88;
Tbase Syntax.TZ x90 = x51 + x89;
Tbase Syntax.TZ x91 = x49 + x90;
Tbase Syntax.TZ x92 = x47 + x91;
Tbase Syntax.TZ x93 = x45 + x92;
Tbase Syntax.TZ x94 = x43 + x93;
Tbase Syntax.TZ x95 = x41 + x94;
Tbase Syntax.TZ x96 = x39 + x95;
Tbase Syntax.TZ x97 = x96 >>> 0x1b;
Tbase Syntax.TZ x98 = x17 * x38;
Tbase Syntax.TZ x99 = x18 * x37;
Tbase Syntax.TZ x100 = x98 + x99;
Tbase Syntax.TZ x101 = x * x36;
Tbase Syntax.TZ x102 = x0 * x35;
Tbase Syntax.TZ x103 = x1 * x34;
Tbase Syntax.TZ x104 = x2 * x33;
Tbase Syntax.TZ x105 = x3 * x32;
Tbase Syntax.TZ x106 = x4 * x31;
Tbase Syntax.TZ x107 = x5 * x30;
Tbase Syntax.TZ x108 = x6 * x29;
Tbase Syntax.TZ x109 = x7 * x28;
Tbase Syntax.TZ x110 = x8 * x27;
Tbase Syntax.TZ x111 = x9 * x26;
Tbase Syntax.TZ x112 = x10 * x25;
Tbase Syntax.TZ x113 = x11 * x24;
Tbase Syntax.TZ x114 = x12 * x23;
Tbase Syntax.TZ x115 = x13 * x22;
Tbase Syntax.TZ x116 = x14 * x21;
Tbase Syntax.TZ x117 = x15 * x20;
Tbase Syntax.TZ x118 = x16 * x19;
Tbase Syntax.TZ x119 = x117 + x118;
Tbase Syntax.TZ x120 = x116 + x119;
Tbase Syntax.TZ x121 = x115 + x120;
Tbase Syntax.TZ x122 = x114 + x121;
Tbase Syntax.TZ x123 = x113 + x122;
Tbase Syntax.TZ x124 = x112 + x123;
Tbase Syntax.TZ x125 = x111 + x124;
Tbase Syntax.TZ x126 = x110 + x125;
Tbase Syntax.TZ x127 = x109 + x126;
Tbase Syntax.TZ x128 = x108 + x127;
Tbase Syntax.TZ x129 = x107 + x128;
Tbase Syntax.TZ x130 = x106 + x129;
Tbase Syntax.TZ x131 = x105 + x130;
Tbase Syntax.TZ x132 = x104 + x131;
Tbase Syntax.TZ x133 = x103 + x132;
Tbase Syntax.TZ x134 = x102 + x133;
Tbase Syntax.TZ x135 = x101 + x134;
Tbase Syntax.TZ x136 = x100 + x135;
Tbase Syntax.TZ x137 = x97 + x136;
Tbase Syntax.TZ x138 = x137 >>> 0x1a;
Tbase Syntax.TZ x139 = x16 * x38;
Tbase Syntax.TZ x140 = x37 * 0x2;
Tbase Syntax.TZ x141 = x17 * x140;
Tbase Syntax.TZ x142 = x18 * x36;
Tbase Syntax.TZ x143 = x141 + x142;
Tbase Syntax.TZ x144 = x139 + x143;
Tbase Syntax.TZ x145 = x * x35;
Tbase Syntax.TZ x146 = x0 * x34;
Tbase Syntax.TZ x147 = x1 * x33;
Tbase Syntax.TZ x148 = x2 * x32;
Tbase Syntax.TZ x149 = x3 * x31;
Tbase Syntax.TZ x150 = x4 * x30;
Tbase Syntax.TZ x151 = x5 * x29;
Tbase Syntax.TZ x152 = x6 * x28;
Tbase Syntax.TZ x153 = x7 * x27;
Tbase Syntax.TZ x154 = x8 * x26;
Tbase Syntax.TZ x155 = x9 * x25;
Tbase Syntax.TZ x156 = x10 * x24;
Tbase Syntax.TZ x157 = x11 * x23;
Tbase Syntax.TZ x158 = x12 * x22;
Tbase Syntax.TZ x159 = x13 * x21;
Tbase Syntax.TZ x160 = x14 * x20;
Tbase Syntax.TZ x161 = x15 * x19;
Tbase Syntax.TZ x162 = x160 + x161;
Tbase Syntax.TZ x163 = x159 + x162;
Tbase Syntax.TZ x164 = x158 + x163;
Tbase Syntax.TZ x165 = x157 + x164;
Tbase Syntax.TZ x166 = x156 + x165;
Tbase Syntax.TZ x167 = x155 + x166;
Tbase Syntax.TZ x168 = x154 + x167;
Tbase Syntax.TZ x169 = x153 + x168;
Tbase Syntax.TZ x170 = x152 + x169;
Tbase Syntax.TZ x171 = x151 + x170;
Tbase Syntax.TZ x172 = x150 + x171;
Tbase Syntax.TZ x173 = x149 + x172;
Tbase Syntax.TZ x174 = x148 + x173;
Tbase Syntax.TZ x175 = x147 + x174;
Tbase Syntax.TZ x176 = x146 + x175;
Tbase Syntax.TZ x177 = x145 + x176;
Tbase Syntax.TZ x178 = x144 + x177;
Tbase Syntax.TZ x179 = x138 + x178;
Tbase Syntax.TZ x180 = x179 >>> 0x1a;
Tbase Syntax.TZ x181 = x15 * x38;
Tbase Syntax.TZ x182 = x37 * 0x2;
Tbase Syntax.TZ x183 = x16 * x182;
Tbase Syntax.TZ x184 = x36 * 0x2;
Tbase Syntax.TZ x185 = x17 * x184;
Tbase Syntax.TZ x186 = x18 * x35;
Tbase Syntax.TZ x187 = x185 + x186;
Tbase Syntax.TZ x188 = x183 + x187;
Tbase Syntax.TZ x189 = x181 + x188;
Tbase Syntax.TZ x190 = x * x34;
Tbase Syntax.TZ x191 = x0 * x33;
Tbase Syntax.TZ x192 = x1 * x32;
Tbase Syntax.TZ x193 = x2 * x31;
Tbase Syntax.TZ x194 = x3 * x30;
Tbase Syntax.TZ x195 = x4 * x29;
Tbase Syntax.TZ x196 = x5 * x28;
Tbase Syntax.TZ x197 = x6 * x27;
Tbase Syntax.TZ x198 = x7 * x26;
Tbase Syntax.TZ x199 = x8 * x25;
Tbase Syntax.TZ x200 = x9 * x24;
Tbase Syntax.TZ x201 = x10 * x23;
Tbase Syntax.TZ x202 = x11 * x22;
Tbase Syntax.TZ x203 = x12 * x21;
Tbase Syntax.TZ x204 = x13 * x20;
Tbase Syntax.TZ x205 = x14 * x19;
Tbase Syntax.TZ x206 = x204 + x205;
Tbase Syntax.TZ x207 = x203 + x206;
Tbase Syntax.TZ x208 = x202 + x207;
Tbase Syntax.TZ x209 = x201 + x208;
Tbase Syntax.TZ x210 = x200 + x209;
Tbase Syntax.TZ x211 = x199 + x210;
Tbase Syntax.TZ x212 = x198 + x211;
Tbase Syntax.TZ x213 = x197 + x212;
Tbase Syntax.TZ x214 = x196 + x213;
Tbase Syntax.TZ x215 = x195 + x214;
Tbase Syntax.TZ x216 = x194 + x215;
Tbase Syntax.TZ x217 = x193 + x216;
Tbase Syntax.TZ x218 = x192 + x217;
Tbase Syntax.TZ x219 = x191 + x218;
Tbase Syntax.TZ x220 = x190 + x219;
Tbase Syntax.TZ x221 = x189 + x220;
Tbase Syntax.TZ x222 = x180 + x221;
Tbase Syntax.TZ x223 = x222 >>> 0x1a;
Tbase Syntax.TZ x224 = x14 * x38;
Tbase Syntax.TZ x225 = x37 * 0x2;
Tbase Syntax.TZ x226 = x15 * x225;
Tbase Syntax.TZ x227 = x36 * 0x2;
Tbase Syntax.TZ x228 = x16 * x227;
Tbase Syntax.TZ x229 = x35 * 0x2;
Tbase Syntax.TZ x230 = x17 * x229;
Tbase Syntax.TZ x231 = x18 * x34;
Tbase Syntax.TZ x232 = x230 + x231;
Tbase Syntax.TZ x233 = x228 + x232;
Tbase Syntax.TZ x234 = x226 + x233;
Tbase Syntax.TZ x235 = x224 + x234;
Tbase Syntax.TZ x236 = x * x33;
Tbase Syntax.TZ x237 = x0 * x32;
Tbase Syntax.TZ x238 = x1 * x31;
Tbase Syntax.TZ x239 = x2 * x30;
Tbase Syntax.TZ x240 = x3 * x29;
Tbase Syntax.TZ x241 = x4 * x28;
Tbase Syntax.TZ x242 = x5 * x27;
Tbase Syntax.TZ x243 = x6 * x26;
Tbase Syntax.TZ x244 = x7 * x25;
Tbase Syntax.TZ x245 = x8 * x24;
Tbase Syntax.TZ x246 = x9 * x23;
Tbase Syntax.TZ x247 = x10 * x22;
Tbase Syntax.TZ x248 = x11 * x21;
Tbase Syntax.TZ x249 = x12 * x20;
Tbase Syntax.TZ x250 = x13 * x19;
Tbase Syntax.TZ x251 = x249 + x250;
Tbase Syntax.TZ x252 = x248 + x251;
Tbase Syntax.TZ x253 = x247 + x252;
Tbase Syntax.TZ x254 = x246 + x253;
Tbase Syntax.TZ x255 = x245 + x254;
Tbase Syntax.TZ x256 = x244 + x255;
Tbase Syntax.TZ x257 = x243 + x256;
Tbase Syntax.TZ x258 = x242 + x257;
Tbase Syntax.TZ x259 = x241 + x258;
Tbase Syntax.TZ x260 = x240 + x259;
Tbase Syntax.TZ x261 = x239 + x260;
Tbase Syntax.TZ x262 = x238 + x261;
Tbase Syntax.TZ x263 = x237 + x262;
Tbase Syntax.TZ x264 = x236 + x263;
Tbase Syntax.TZ x265 = x235 + x264;
Tbase Syntax.TZ x266 = x223 + x265;
Tbase Syntax.TZ x267 = x266 >>> 0x1a;
Tbase Syntax.TZ x268 = x13 * x38;
Tbase Syntax.TZ x269 = x37 * 0x2;
Tbase Syntax.TZ x270 = x14 * x269;
Tbase Syntax.TZ x271 = x36 * 0x2;
Tbase Syntax.TZ x272 = x15 * x271;
Tbase Syntax.TZ x273 = x35 * 0x2;
Tbase Syntax.TZ x274 = x16 * x273;
Tbase Syntax.TZ x275 = x34 * 0x2;
Tbase Syntax.TZ x276 = x17 * x275;
Tbase Syntax.TZ x277 = x18 * x33;
Tbase Syntax.TZ x278 = x276 + x277;
Tbase Syntax.TZ x279 = x274 + x278;
Tbase Syntax.TZ x280 = x272 + x279;
Tbase Syntax.TZ x281 = x270 + x280;
Tbase Syntax.TZ x282 = x268 + x281;
Tbase Syntax.TZ x283 = x * x32;
Tbase Syntax.TZ x284 = x0 * x31;
Tbase Syntax.TZ x285 = x1 * x30;
Tbase Syntax.TZ x286 = x2 * x29;
Tbase Syntax.TZ x287 = x3 * x28;
Tbase Syntax.TZ x288 = x4 * x27;
Tbase Syntax.TZ x289 = x5 * x26;
Tbase Syntax.TZ x290 = x6 * x25;
Tbase Syntax.TZ x291 = x7 * x24;
Tbase Syntax.TZ x292 = x8 * x23;
Tbase Syntax.TZ x293 = x9 * x22;
Tbase Syntax.TZ x294 = x10 * x21;
Tbase Syntax.TZ x295 = x11 * x20;
Tbase Syntax.TZ x296 = x12 * x19;
Tbase Syntax.TZ x297 = x295 + x296;
Tbase Syntax.TZ x298 = x294 + x297;
Tbase Syntax.TZ x299 = x293 + x298;
Tbase Syntax.TZ x300 = x292 + x299;
Tbase Syntax.TZ x301 = x291 + x300;
Tbase Syntax.TZ x302 = x290 + x301;
Tbase Syntax.TZ x303 = x289 + x302;
Tbase Syntax.TZ x304 = x288 + x303;
Tbase Syntax.TZ x305 = x287 + x304;
Tbase Syntax.TZ x306 = x286 + x305;
Tbase Syntax.TZ x307 = x285 + x306;
Tbase Syntax.TZ x308 = x284 + x307;
Tbase Syntax.TZ x309 = x283 + x308;
Tbase Syntax.TZ x310 = x282 + x309;
Tbase Syntax.TZ x311 = x267 + x310;
Tbase Syntax.TZ x312 = x311 >>> 0x1a;
Tbase Syntax.TZ x313 = x12 * x38;
Tbase Syntax.TZ x314 = x37 * 0x2;
Tbase Syntax.TZ x315 = x13 * x314;
Tbase Syntax.TZ x316 = x36 * 0x2;
Tbase Syntax.TZ x317 = x14 * x316;
Tbase Syntax.TZ x318 = x35 * 0x2;
Tbase Syntax.TZ x319 = x15 * x318;
Tbase Syntax.TZ x320 = x34 * 0x2;
Tbase Syntax.TZ x321 = x16 * x320;
Tbase Syntax.TZ x322 = x33 * 0x2;
Tbase Syntax.TZ x323 = x17 * x322;
Tbase Syntax.TZ x324 = x18 * x32;
Tbase Syntax.TZ x325 = x323 + x324;
Tbase Syntax.TZ x326 = x321 + x325;
Tbase Syntax.TZ x327 = x319 + x326;
Tbase Syntax.TZ x328 = x317 + x327;
Tbase Syntax.TZ x329 = x315 + x328;
Tbase Syntax.TZ x330 = x313 + x329;
Tbase Syntax.TZ x331 = x * x31;
Tbase Syntax.TZ x332 = x0 * x30;
Tbase Syntax.TZ x333 = x1 * x29;
Tbase Syntax.TZ x334 = x2 * x28;
Tbase Syntax.TZ x335 = x3 * x27;
Tbase Syntax.TZ x336 = x4 * x26;
Tbase Syntax.TZ x337 = x5 * x25;
Tbase Syntax.TZ x338 = x6 * x24;
Tbase Syntax.TZ x339 = x7 * x23;
Tbase Syntax.TZ x340 = x8 * x22;
Tbase Syntax.TZ x341 = x9 * x21;
Tbase Syntax.TZ x342 = x10 * x20;
Tbase Syntax.TZ x343 = x11 * x19;
Tbase Syntax.TZ x344 = x342 + x343;
Tbase Syntax.TZ x345 = x341 + x344;
Tbase Syntax.TZ x346 = x340 + x345;
Tbase Syntax.TZ x347 = x339 + x346;
Tbase Syntax.TZ x348 = x338 + x347;
Tbase Syntax.TZ x349 = x337 + x348;
Tbase Syntax.TZ x350 = x336 + x349;
Tbase Syntax.TZ x351 = x335 + x350;
Tbase Syntax.TZ x352 = x334 + x351;
Tbase Syntax.TZ x353 = x333 + x352;
Tbase Syntax.TZ x354 = x332 + x353;
Tbase Syntax.TZ x355 = x331 + x354;
Tbase Syntax.TZ x356 = x330 + x355;
Tbase Syntax.TZ x357 = x312 + x356;
Tbase Syntax.TZ x358 = x357 >>> 0x1a;
Tbase Syntax.TZ x359 = x11 * x38;
Tbase Syntax.TZ x360 = x37 * 0x2;
Tbase Syntax.TZ x361 = x12 * x360;
Tbase Syntax.TZ x362 = x36 * 0x2;
Tbase Syntax.TZ x363 = x13 * x362;
Tbase Syntax.TZ x364 = x35 * 0x2;
Tbase Syntax.TZ x365 = x14 * x364;
Tbase Syntax.TZ x366 = x34 * 0x2;
Tbase Syntax.TZ x367 = x15 * x366;
Tbase Syntax.TZ x368 = x33 * 0x2;
Tbase Syntax.TZ x369 = x16 * x368;
Tbase Syntax.TZ x370 = x32 * 0x2;
Tbase Syntax.TZ x371 = x17 * x370;
Tbase Syntax.TZ x372 = x18 * x31;
Tbase Syntax.TZ x373 = x371 + x372;
Tbase Syntax.TZ x374 = x369 + x373;
Tbase Syntax.TZ x375 = x367 + x374;
Tbase Syntax.TZ x376 = x365 + x375;
Tbase Syntax.TZ x377 = x363 + x376;
Tbase Syntax.TZ x378 = x361 + x377;
Tbase Syntax.TZ x379 = x359 + x378;
Tbase Syntax.TZ x380 = x * x30;
Tbase Syntax.TZ x381 = x0 * x29;
Tbase Syntax.TZ x382 = x1 * x28;
Tbase Syntax.TZ x383 = x2 * x27;
Tbase Syntax.TZ x384 = x3 * x26;
Tbase Syntax.TZ x385 = x4 * x25;
Tbase Syntax.TZ x386 = x5 * x24;
Tbase Syntax.TZ x387 = x6 * x23;
Tbase Syntax.TZ x388 = x7 * x22;
Tbase Syntax.TZ x389 = x8 * x21;
Tbase Syntax.TZ x390 = x9 * x20;
Tbase Syntax.TZ x391 = x10 * x19;
Tbase Syntax.TZ x392 = x390 + x391;
Tbase Syntax.TZ x393 = x389 + x392;
Tbase Syntax.TZ x394 = x388 + x393;
Tbase Syntax.TZ x395 = x387 + x394;
Tbase Syntax.TZ x396 = x386 + x395;
Tbase Syntax.TZ x397 = x385 + x396;
Tbase Syntax.TZ x398 = x384 + x397;
Tbase Syntax.TZ x399 = x383 + x398;
Tbase Syntax.TZ x400 = x382 + x399;
Tbase Syntax.TZ x401 = x381 + x400;
Tbase Syntax.TZ x402 = x380 + x401;
Tbase Syntax.TZ x403 = x379 + x402;
Tbase Syntax.TZ x404 = x358 + x403;
Tbase Syntax.TZ x405 = x404 >>> 0x1a;
Tbase Syntax.TZ x406 = x10 * x38;
Tbase Syntax.TZ x407 = x37 * 0x2;
Tbase Syntax.TZ x408 = x11 * x407;
Tbase Syntax.TZ x409 = x36 * 0x2;
Tbase Syntax.TZ x410 = x12 * x409;
Tbase Syntax.TZ x411 = x35 * 0x2;
Tbase Syntax.TZ x412 = x13 * x411;
Tbase Syntax.TZ x413 = x34 * 0x2;
Tbase Syntax.TZ x414 = x14 * x413;
Tbase Syntax.TZ x415 = x33 * 0x2;
Tbase Syntax.TZ x416 = x15 * x415;
Tbase Syntax.TZ x417 = x32 * 0x2;
Tbase Syntax.TZ x418 = x16 * x417;
Tbase Syntax.TZ x419 = x31 * 0x2;
Tbase Syntax.TZ x420 = x17 * x419;
Tbase Syntax.TZ x421 = x18 * x30;
Tbase Syntax.TZ x422 = x420 + x421;
Tbase Syntax.TZ x423 = x418 + x422;
Tbase Syntax.TZ x424 = x416 + x423;
Tbase Syntax.TZ x425 = x414 + x424;
Tbase Syntax.TZ x426 = x412 + x425;
Tbase Syntax.TZ x427 = x410 + x426;
Tbase Syntax.TZ x428 = x408 + x427;
Tbase Syntax.TZ x429 = x406 + x428;
Tbase Syntax.TZ x430 = x * x29;
Tbase Syntax.TZ x431 = x0 * x28;
Tbase Syntax.TZ x432 = x1 * x27;
Tbase Syntax.TZ x433 = x2 * x26;
Tbase Syntax.TZ x434 = x3 * x25;
Tbase Syntax.TZ x435 = x4 * x24;
Tbase Syntax.TZ x436 = x5 * x23;
Tbase Syntax.TZ x437 = x6 * x22;
Tbase Syntax.TZ x438 = x7 * x21;
Tbase Syntax.TZ x439 = x8 * x20;
Tbase Syntax.TZ x440 = x9 * x19;
Tbase Syntax.TZ x441 = x439 + x440;
Tbase Syntax.TZ x442 = x438 + x441;
Tbase Syntax.TZ x443 = x437 + x442;
Tbase Syntax.TZ x444 = x436 + x443;
Tbase Syntax.TZ x445 = x435 + x444;
Tbase Syntax.TZ x446 = x434 + x445;
Tbase Syntax.TZ x447 = x433 + x446;
Tbase Syntax.TZ x448 = x432 + x447;
Tbase Syntax.TZ x449 = x431 + x448;
Tbase Syntax.TZ x450 = x430 + x449;
Tbase Syntax.TZ x451 = x429 + x450;
Tbase Syntax.TZ x452 = x405 + x451;
Tbase Syntax.TZ x453 = x452 >>> 0x1a;
Tbase Syntax.TZ x454 = x9 * x38;
Tbase Syntax.TZ x455 = x37 * 0x2;
Tbase Syntax.TZ x456 = x10 * x455;
Tbase Syntax.TZ x457 = x36 * 0x2;
Tbase Syntax.TZ x458 = x11 * x457;
Tbase Syntax.TZ x459 = x35 * 0x2;
Tbase Syntax.TZ x460 = x12 * x459;
Tbase Syntax.TZ x461 = x34 * 0x2;
Tbase Syntax.TZ x462 = x13 * x461;
Tbase Syntax.TZ x463 = x33 * 0x2;
Tbase Syntax.TZ x464 = x14 * x463;
Tbase Syntax.TZ x465 = x32 * 0x2;
Tbase Syntax.TZ x466 = x15 * x465;
Tbase Syntax.TZ x467 = x31 * 0x2;
Tbase Syntax.TZ x468 = x16 * x467;
Tbase Syntax.TZ x469 = x30 * 0x2;
Tbase Syntax.TZ x470 = x17 * x469;
Tbase Syntax.TZ x471 = x18 * x29;
Tbase Syntax.TZ x472 = x470 + x471;
Tbase Syntax.TZ x473 = x468 + x472;
Tbase Syntax.TZ x474 = x466 + x473;
Tbase Syntax.TZ x475 = x464 + x474;
Tbase Syntax.TZ x476 = x462 + x475;
Tbase Syntax.TZ x477 = x460 + x476;
Tbase Syntax.TZ x478 = x458 + x477;
Tbase Syntax.TZ x479 = x456 + x478;
Tbase Syntax.TZ x480 = x454 + x479;
Tbase Syntax.TZ x481 = x * x28;
Tbase Syntax.TZ x482 = x0 * x27;
Tbase Syntax.TZ x483 = x1 * x26;
Tbase Syntax.TZ x484 = x2 * x25;
Tbase Syntax.TZ x485 = x3 * x24;
Tbase Syntax.TZ x486 = x4 * x23;
Tbase Syntax.TZ x487 = x5 * x22;
Tbase Syntax.TZ x488 = x6 * x21;
Tbase Syntax.TZ x489 = x7 * x20;
Tbase Syntax.TZ x490 = x8 * x19;
Tbase Syntax.TZ x491 = x489 + x490;
Tbase Syntax.TZ x492 = x488 + x491;
Tbase Syntax.TZ x493 = x487 + x492;
Tbase Syntax.TZ x494 = x486 + x493;
Tbase Syntax.TZ x495 = x485 + x494;
Tbase Syntax.TZ x496 = x484 + x495;
Tbase Syntax.TZ x497 = x483 + x496;
Tbase Syntax.TZ x498 = x482 + x497;
Tbase Syntax.TZ x499 = x481 + x498;
Tbase Syntax.TZ x500 = x480 + x499;
Tbase Syntax.TZ x501 = x453 + x500;
Tbase Syntax.TZ x502 = x501 >>> 0x1a;
Tbase Syntax.TZ x503 = x8 * x38;
Tbase Syntax.TZ x504 = x37 * 0x2;
Tbase Syntax.TZ x505 = x9 * x504;
Tbase Syntax.TZ x506 = x36 * 0x2;
Tbase Syntax.TZ x507 = x10 * x506;
Tbase Syntax.TZ x508 = x35 * 0x2;
Tbase Syntax.TZ x509 = x11 * x508;
Tbase Syntax.TZ x510 = x34 * 0x2;
Tbase Syntax.TZ x511 = x12 * x510;
Tbase Syntax.TZ x512 = x33 * 0x2;
Tbase Syntax.TZ x513 = x13 * x512;
Tbase Syntax.TZ x514 = x32 * 0x2;
Tbase Syntax.TZ x515 = x14 * x514;
Tbase Syntax.TZ x516 = x31 * 0x2;
Tbase Syntax.TZ x517 = x15 * x516;
Tbase Syntax.TZ x518 = x30 * 0x2;
Tbase Syntax.TZ x519 = x16 * x518;
Tbase Syntax.TZ x520 = x29 * 0x2;
Tbase Syntax.TZ x521 = x17 * x520;
Tbase Syntax.TZ x522 = x18 * x28;
Tbase Syntax.TZ x523 = x521 + x522;
Tbase Syntax.TZ x524 = x519 + x523;
Tbase Syntax.TZ x525 = x517 + x524;
Tbase Syntax.TZ x526 = x515 + x525;
Tbase Syntax.TZ x527 = x513 + x526;
Tbase Syntax.TZ x528 = x511 + x527;
Tbase Syntax.TZ x529 = x509 + x528;
Tbase Syntax.TZ x530 = x507 + x529;
Tbase Syntax.TZ x531 = x505 + x530;
Tbase Syntax.TZ x532 = x503 + x531;
Tbase Syntax.TZ x533 = x * x27;
Tbase Syntax.TZ x534 = x0 * x26;
Tbase Syntax.TZ x535 = x1 * x25;
Tbase Syntax.TZ x536 = x2 * x24;
Tbase Syntax.TZ x537 = x3 * x23;
Tbase Syntax.TZ x538 = x4 * x22;
Tbase Syntax.TZ x539 = x5 * x21;
Tbase Syntax.TZ x540 = x6 * x20;
Tbase Syntax.TZ x541 = x7 * x19;
Tbase Syntax.TZ x542 = x540 + x541;
Tbase Syntax.TZ x543 = x539 + x542;
Tbase Syntax.TZ x544 = x538 + x543;
Tbase Syntax.TZ x545 = x537 + x544;
Tbase Syntax.TZ x546 = x536 + x545;
Tbase Syntax.TZ x547 = x535 + x546;
Tbase Syntax.TZ x548 = x534 + x547;
Tbase Syntax.TZ x549 = x533 + x548;
Tbase Syntax.TZ x550 = x532 + x549;
Tbase Syntax.TZ x551 = x502 + x550;
Tbase Syntax.TZ x552 = x551 >>> 0x1a;
Tbase Syntax.TZ x553 = x7 * x38;
Tbase Syntax.TZ x554 = x37 * 0x2;
Tbase Syntax.TZ x555 = x8 * x554;
Tbase Syntax.TZ x556 = x36 * 0x2;
Tbase Syntax.TZ x557 = x9 * x556;
Tbase Syntax.TZ x558 = x35 * 0x2;
Tbase Syntax.TZ x559 = x10 * x558;
Tbase Syntax.TZ x560 = x34 * 0x2;
Tbase Syntax.TZ x561 = x11 * x560;
Tbase Syntax.TZ x562 = x33 * 0x2;
Tbase Syntax.TZ x563 = x12 * x562;
Tbase Syntax.TZ x564 = x32 * 0x2;
Tbase Syntax.TZ x565 = x13 * x564;
Tbase Syntax.TZ x566 = x31 * 0x2;
Tbase Syntax.TZ x567 = x14 * x566;
Tbase Syntax.TZ x568 = x30 * 0x2;
Tbase Syntax.TZ x569 = x15 * x568;
Tbase Syntax.TZ x570 = x29 * 0x2;
Tbase Syntax.TZ x571 = x16 * x570;
Tbase Syntax.TZ x572 = x28 * 0x2;
Tbase Syntax.TZ x573 = x17 * x572;
Tbase Syntax.TZ x574 = x18 * x27;
Tbase Syntax.TZ x575 = x573 + x574;
Tbase Syntax.TZ x576 = x571 + x575;
Tbase Syntax.TZ x577 = x569 + x576;
Tbase Syntax.TZ x578 = x567 + x577;
Tbase Syntax.TZ x579 = x565 + x578;
Tbase Syntax.TZ x580 = x563 + x579;
Tbase Syntax.TZ x581 = x561 + x580;
Tbase Syntax.TZ x582 = x559 + x581;
Tbase Syntax.TZ x583 = x557 + x582;
Tbase Syntax.TZ x584 = x555 + x583;
Tbase Syntax.TZ x585 = x553 + x584;
Tbase Syntax.TZ x586 = x * x26;
Tbase Syntax.TZ x587 = x0 * x25;
Tbase Syntax.TZ x588 = x1 * x24;
Tbase Syntax.TZ x589 = x2 * x23;
Tbase Syntax.TZ x590 = x3 * x22;
Tbase Syntax.TZ x591 = x4 * x21;
Tbase Syntax.TZ x592 = x5 * x20;
Tbase Syntax.TZ x593 = x6 * x19;
Tbase Syntax.TZ x594 = x592 + x593;
Tbase Syntax.TZ x595 = x591 + x594;
Tbase Syntax.TZ x596 = x590 + x595;
Tbase Syntax.TZ x597 = x589 + x596;
Tbase Syntax.TZ x598 = x588 + x597;
Tbase Syntax.TZ x599 = x587 + x598;
Tbase Syntax.TZ x600 = x586 + x599;
Tbase Syntax.TZ x601 = x585 + x600;
Tbase Syntax.TZ x602 = x552 + x601;
Tbase Syntax.TZ x603 = x602 >>> 0x1a;
Tbase Syntax.TZ x604 = x6 * x38;
Tbase Syntax.TZ x605 = x37 * 0x2;
Tbase Syntax.TZ x606 = x7 * x605;
Tbase Syntax.TZ x607 = x36 * 0x2;
Tbase Syntax.TZ x608 = x8 * x607;
Tbase Syntax.TZ x609 = x35 * 0x2;
Tbase Syntax.TZ x610 = x9 * x609;
Tbase Syntax.TZ x611 = x34 * 0x2;
Tbase Syntax.TZ x612 = x10 * x611;
Tbase Syntax.TZ x613 = x33 * 0x2;
Tbase Syntax.TZ x614 = x11 * x613;
Tbase Syntax.TZ x615 = x32 * 0x2;
Tbase Syntax.TZ x616 = x12 * x615;
Tbase Syntax.TZ x617 = x31 * 0x2;
Tbase Syntax.TZ x618 = x13 * x617;
Tbase Syntax.TZ x619 = x30 * 0x2;
Tbase Syntax.TZ x620 = x14 * x619;
Tbase Syntax.TZ x621 = x29 * 0x2;
Tbase Syntax.TZ x622 = x15 * x621;
Tbase Syntax.TZ x623 = x28 * 0x2;
Tbase Syntax.TZ x624 = x16 * x623;
Tbase Syntax.TZ x625 = x27 * 0x2;
Tbase Syntax.TZ x626 = x17 * x625;
Tbase Syntax.TZ x627 = x18 * x26;
Tbase Syntax.TZ x628 = x626 + x627;
Tbase Syntax.TZ x629 = x624 + x628;
Tbase Syntax.TZ x630 = x622 + x629;
Tbase Syntax.TZ x631 = x620 + x630;
Tbase Syntax.TZ x632 = x618 + x631;
Tbase Syntax.TZ x633 = x616 + x632;
Tbase Syntax.TZ x634 = x614 + x633;
Tbase Syntax.TZ x635 = x612 + x634;
Tbase Syntax.TZ x636 = x610 + x635;
Tbase Syntax.TZ x637 = x608 + x636;
Tbase Syntax.TZ x638 = x606 + x637;
Tbase Syntax.TZ x639 = x604 + x638;
Tbase Syntax.TZ x640 = x * x25;
Tbase Syntax.TZ x641 = x0 * x24;
Tbase Syntax.TZ x642 = x1 * x23;
Tbase Syntax.TZ x643 = x2 * x22;
Tbase Syntax.TZ x644 = x3 * x21;
Tbase Syntax.TZ x645 = x4 * x20;
Tbase Syntax.TZ x646 = x5 * x19;
Tbase Syntax.TZ x647 = x645 + x646;
Tbase Syntax.TZ x648 = x644 + x647;
Tbase Syntax.TZ x649 = x643 + x648;
Tbase Syntax.TZ x650 = x642 + x649;
Tbase Syntax.TZ x651 = x641 + x650;
Tbase Syntax.TZ x652 = x640 + x651;
Tbase Syntax.TZ x653 = x639 + x652;
Tbase Syntax.TZ x654 = x603 + x653;
Tbase Syntax.TZ x655 = x654 >>> 0x1a;
Tbase Syntax.TZ x656 = x5 * x38;
Tbase Syntax.TZ x657 = x37 * 0x2;
Tbase Syntax.TZ x658 = x6 * x657;
Tbase Syntax.TZ x659 = x36 * 0x2;
Tbase Syntax.TZ x660 = x7 * x659;
Tbase Syntax.TZ x661 = x35 * 0x2;
Tbase Syntax.TZ x662 = x8 * x661;
Tbase Syntax.TZ x663 = x34 * 0x2;
Tbase Syntax.TZ x664 = x9 * x663;
Tbase Syntax.TZ x665 = x33 * 0x2;
Tbase Syntax.TZ x666 = x10 * x665;
Tbase Syntax.TZ x667 = x32 * 0x2;
Tbase Syntax.TZ x668 = x11 * x667;
Tbase Syntax.TZ x669 = x31 * 0x2;
Tbase Syntax.TZ x670 = x12 * x669;
Tbase Syntax.TZ x671 = x30 * 0x2;
Tbase Syntax.TZ x672 = x13 * x671;
Tbase Syntax.TZ x673 = x29 * 0x2;
Tbase Syntax.TZ x674 = x14 * x673;
Tbase Syntax.TZ x675 = x28 * 0x2;
Tbase Syntax.TZ x676 = x15 * x675;
Tbase Syntax.TZ x677 = x27 * 0x2;
Tbase Syntax.TZ x678 = x16 * x677;
Tbase Syntax.TZ x679 = x26 * 0x2;
Tbase Syntax.TZ x680 = x17 * x679;
Tbase Syntax.TZ x681 = x18 * x25;
Tbase Syntax.TZ x682 = x680 + x681;
Tbase Syntax.TZ x683 = x678 + x682;
Tbase Syntax.TZ x684 = x676 + x683;
Tbase Syntax.TZ x685 = x674 + x684;
Tbase Syntax.TZ x686 = x672 + x685;
Tbase Syntax.TZ x687 = x670 + x686;
Tbase Syntax.TZ x688 = x668 + x687;
Tbase Syntax.TZ x689 = x666 + x688;
Tbase Syntax.TZ x690 = x664 + x689;
Tbase Syntax.TZ x691 = x662 + x690;
Tbase Syntax.TZ x692 = x660 + x691;
Tbase Syntax.TZ x693 = x658 + x692;
Tbase Syntax.TZ x694 = x656 + x693;
Tbase Syntax.TZ x695 = x * x24;
Tbase Syntax.TZ x696 = x0 * x23;
Tbase Syntax.TZ x697 = x1 * x22;
Tbase Syntax.TZ x698 = x2 * x21;
Tbase Syntax.TZ x699 = x3 * x20;
Tbase Syntax.TZ x700 = x4 * x19;
Tbase Syntax.TZ x701 = x699 + x700;
Tbase Syntax.TZ x702 = x698 + x701;
Tbase Syntax.TZ x703 = x697 + x702;
Tbase Syntax.TZ x704 = x696 + x703;
Tbase Syntax.TZ x705 = x695 + x704;
Tbase Syntax.TZ x706 = x694 + x705;
Tbase Syntax.TZ x707 = x655 + x706;
Tbase Syntax.TZ x708 = x707 >>> 0x1a;
Tbase Syntax.TZ x709 = x4 * x38;
Tbase Syntax.TZ x710 = x37 * 0x2;
Tbase Syntax.TZ x711 = x5 * x710;
Tbase Syntax.TZ x712 = x36 * 0x2;
Tbase Syntax.TZ x713 = x6 * x712;
Tbase Syntax.TZ x714 = x35 * 0x2;
Tbase Syntax.TZ x715 = x7 * x714;
Tbase Syntax.TZ x716 = x34 * 0x2;
Tbase Syntax.TZ x717 = x8 * x716;
Tbase Syntax.TZ x718 = x33 * 0x2;
Tbase Syntax.TZ x719 = x9 * x718;
Tbase Syntax.TZ x720 = x32 * 0x2;
Tbase Syntax.TZ x721 = x10 * x720;
Tbase Syntax.TZ x722 = x31 * 0x2;
Tbase Syntax.TZ x723 = x11 * x722;
Tbase Syntax.TZ x724 = x30 * 0x2;
Tbase Syntax.TZ x725 = x12 * x724;
Tbase Syntax.TZ x726 = x29 * 0x2;
Tbase Syntax.TZ x727 = x13 * x726;
Tbase Syntax.TZ x728 = x28 * 0x2;
Tbase Syntax.TZ x729 = x14 * x728;
Tbase Syntax.TZ x730 = x27 * 0x2;
Tbase Syntax.TZ x731 = x15 * x730;
Tbase Syntax.TZ x732 = x26 * 0x2;
Tbase Syntax.TZ x733 = x16 * x732;
Tbase Syntax.TZ x734 = x25 * 0x2;
Tbase Syntax.TZ x735 = x17 * x734;
Tbase Syntax.TZ x736 = x18 * x24;
Tbase Syntax.TZ x737 = x735 + x736;
Tbase Syntax.TZ x738 = x733 + x737;
Tbase Syntax.TZ x739 = x731 + x738;
Tbase Syntax.TZ x740 = x729 + x739;
Tbase Syntax.TZ x741 = x727 + x740;
Tbase Syntax.TZ x742 = x725 + x741;
Tbase Syntax.TZ x743 = x723 + x742;
Tbase Syntax.TZ x744 = x721 + x743;
Tbase Syntax.TZ x745 = x719 + x744;
Tbase Syntax.TZ x746 = x717 + x745;
Tbase Syntax.TZ x747 = x715 + x746;
Tbase Syntax.TZ x748 = x713 + x747;
Tbase Syntax.TZ x749 = x711 + x748;
Tbase Syntax.TZ x750 = x709 + x749;
Tbase Syntax.TZ x751 = x * x23;
Tbase Syntax.TZ x752 = x0 * x22;
Tbase Syntax.TZ x753 = x1 * x21;
Tbase Syntax.TZ x754 = x2 * x20;
Tbase Syntax.TZ x755 = x3 * x19;
Tbase Syntax.TZ x756 = x754 + x755;
Tbase Syntax.TZ x757 = x753 + x756;
Tbase Syntax.TZ x758 = x752 + x757;
Tbase Syntax.TZ x759 = x751 + x758;
Tbase Syntax.TZ x760 = x750 + x759;
Tbase Syntax.TZ x761 = x708 + x760;
Tbase Syntax.TZ x762 = x761 >>> 0x1a;
Tbase Syntax.TZ x763 = x3 * x38;
Tbase Syntax.TZ x764 = x37 * 0x2;
Tbase Syntax.TZ x765 = x4 * x764;
Tbase Syntax.TZ x766 = x36 * 0x2;
Tbase Syntax.TZ x767 = x5 * x766;
Tbase Syntax.TZ x768 = x35 * 0x2;
Tbase Syntax.TZ x769 = x6 * x768;
Tbase Syntax.TZ x770 = x34 * 0x2;
Tbase Syntax.TZ x771 = x7 * x770;
Tbase Syntax.TZ x772 = x33 * 0x2;
Tbase Syntax.TZ x773 = x8 * x772;
Tbase Syntax.TZ x774 = x32 * 0x2;
Tbase Syntax.TZ x775 = x9 * x774;
Tbase Syntax.TZ x776 = x31 * 0x2;
Tbase Syntax.TZ x777 = x10 * x776;
Tbase Syntax.TZ x778 = x30 * 0x2;
Tbase Syntax.TZ x779 = x11 * x778;
Tbase Syntax.TZ x780 = x29 * 0x2;
Tbase Syntax.TZ x781 = x12 * x780;
Tbase Syntax.TZ x782 = x28 * 0x2;
Tbase Syntax.TZ x783 = x13 * x782;
Tbase Syntax.TZ x784 = x27 * 0x2;
Tbase Syntax.TZ x785 = x14 * x784;
Tbase Syntax.TZ x786 = x26 * 0x2;
Tbase Syntax.TZ x787 = x15 * x786;
Tbase Syntax.TZ x788 = x25 * 0x2;
Tbase Syntax.TZ x789 = x16 * x788;
Tbase Syntax.TZ x790 = x24 * 0x2;
Tbase Syntax.TZ x791 = x17 * x790;
Tbase Syntax.TZ x792 = x18 * x23;
Tbase Syntax.TZ x793 = x791 + x792;
Tbase Syntax.TZ x794 = x789 + x793;
Tbase Syntax.TZ x795 = x787 + x794;
Tbase Syntax.TZ x796 = x785 + x795;
Tbase Syntax.TZ x797 = x783 + x796;
Tbase Syntax.TZ x798 = x781 + x797;
Tbase Syntax.TZ x799 = x779 + x798;
Tbase Syntax.TZ x800 = x777 + x799;
Tbase Syntax.TZ x801 = x775 + x800;
Tbase Syntax.TZ x802 = x773 + x801;
Tbase Syntax.TZ x803 = x771 + x802;
Tbase Syntax.TZ x804 = x769 + x803;
Tbase Syntax.TZ x805 = x767 + x804;
Tbase Syntax.TZ x806 = x765 + x805;
Tbase Syntax.TZ x807 = x763 + x806;
Tbase Syntax.TZ x808 = x * x22;
Tbase Syntax.TZ x809 = x0 * x21;
Tbase Syntax.TZ x810 = x1 * x20;
Tbase Syntax.TZ x811 = x2 * x19;
Tbase Syntax.TZ x812 = x810 + x811;
Tbase Syntax.TZ x813 = x809 + x812;
Tbase Syntax.TZ x814 = x808 + x813;
Tbase Syntax.TZ x815 = x807 + x814;
Tbase Syntax.TZ x816 = x762 + x815;
Tbase Syntax.TZ x817 = x816 >>> 0x1a;
Tbase Syntax.TZ x818 = x2 * x38;
Tbase Syntax.TZ x819 = x37 * 0x2;
Tbase Syntax.TZ x820 = x3 * x819;
Tbase Syntax.TZ x821 = x36 * 0x2;
Tbase Syntax.TZ x822 = x4 * x821;
Tbase Syntax.TZ x823 = x35 * 0x2;
Tbase Syntax.TZ x824 = x5 * x823;
Tbase Syntax.TZ x825 = x34 * 0x2;
Tbase Syntax.TZ x826 = x6 * x825;
Tbase Syntax.TZ x827 = x33 * 0x2;
Tbase Syntax.TZ x828 = x7 * x827;
Tbase Syntax.TZ x829 = x32 * 0x2;
Tbase Syntax.TZ x830 = x8 * x829;
Tbase Syntax.TZ x831 = x31 * 0x2;
Tbase Syntax.TZ x832 = x9 * x831;
Tbase Syntax.TZ x833 = x30 * 0x2;
Tbase Syntax.TZ x834 = x10 * x833;
Tbase Syntax.TZ x835 = x29 * 0x2;
Tbase Syntax.TZ x836 = x11 * x835;
Tbase Syntax.TZ x837 = x28 * 0x2;
Tbase Syntax.TZ x838 = x12 * x837;
Tbase Syntax.TZ x839 = x27 * 0x2;
Tbase Syntax.TZ x840 = x13 * x839;
Tbase Syntax.TZ x841 = x26 * 0x2;
Tbase Syntax.TZ x842 = x14 * x841;
Tbase Syntax.TZ x843 = x25 * 0x2;
Tbase Syntax.TZ x844 = x15 * x843;
Tbase Syntax.TZ x845 = x24 * 0x2;
Tbase Syntax.TZ x846 = x16 * x845;
Tbase Syntax.TZ x847 = x23 * 0x2;
Tbase Syntax.TZ x848 = x17 * x847;
Tbase Syntax.TZ x849 = x18 * x22;
Tbase Syntax.TZ x850 = x848 + x849;
Tbase Syntax.TZ x851 = x846 + x850;
Tbase Syntax.TZ x852 = x844 + x851;
Tbase Syntax.TZ x853 = x842 + x852;
Tbase Syntax.TZ x854 = x840 + x853;
Tbase Syntax.TZ x855 = x838 + x854;
Tbase Syntax.TZ x856 = x836 + x855;
Tbase Syntax.TZ x857 = x834 + x856;
Tbase Syntax.TZ x858 = x832 + x857;
Tbase Syntax.TZ x859 = x830 + x858;
Tbase Syntax.TZ x860 = x828 + x859;
Tbase Syntax.TZ x861 = x826 + x860;
Tbase Syntax.TZ x862 = x824 + x861;
Tbase Syntax.TZ x863 = x822 + x862;
Tbase Syntax.TZ x864 = x820 + x863;
Tbase Syntax.TZ x865 = x818 + x864;
Tbase Syntax.TZ x866 = x * x21;
Tbase Syntax.TZ x867 = x0 * x20;
Tbase Syntax.TZ x868 = x1 * x19;
Tbase Syntax.TZ x869 = x867 + x868;
Tbase Syntax.TZ x870 = x866 + x869;
Tbase Syntax.TZ x871 = x865 + x870;
Tbase Syntax.TZ x872 = x817 + x871;
Tbase Syntax.TZ x873 = x872 >>> 0x1a;
Tbase Syntax.TZ x874 = x1 * x38;
Tbase Syntax.TZ x875 = x37 * 0x2;
Tbase Syntax.TZ x876 = x2 * x875;
Tbase Syntax.TZ x877 = x36 * 0x2;
Tbase Syntax.TZ x878 = x3 * x877;
Tbase Syntax.TZ x879 = x35 * 0x2;
Tbase Syntax.TZ x880 = x4 * x879;
Tbase Syntax.TZ x881 = x34 * 0x2;
Tbase Syntax.TZ x882 = x5 * x881;
Tbase Syntax.TZ x883 = x33 * 0x2;
Tbase Syntax.TZ x884 = x6 * x883;
Tbase Syntax.TZ x885 = x32 * 0x2;
Tbase Syntax.TZ x886 = x7 * x885;
Tbase Syntax.TZ x887 = x31 * 0x2;
Tbase Syntax.TZ x888 = x8 * x887;
Tbase Syntax.TZ x889 = x30 * 0x2;
Tbase Syntax.TZ x890 = x9 * x889;
Tbase Syntax.TZ x891 = x29 * 0x2;
Tbase Syntax.TZ x892 = x10 * x891;
Tbase Syntax.TZ x893 = x28 * 0x2;
Tbase Syntax.TZ x894 = x11 * x893;
Tbase Syntax.TZ x895 = x27 * 0x2;
Tbase Syntax.TZ x896 = x12 * x895;
Tbase Syntax.TZ x897 = x26 * 0x2;
Tbase Syntax.TZ x898 = x13 * x897;
Tbase Syntax.TZ x899 = x25 * 0x2;
Tbase Syntax.TZ x900 = x14 * x899;
Tbase Syntax.TZ x901 = x24 * 0x2;
Tbase Syntax.TZ x902 = x15 * x901;
Tbase Syntax.TZ x903 = x23 * 0x2;
Tbase Syntax.TZ x904 = x16 * x903;
Tbase Syntax.TZ x905 = x22 * 0x2;
Tbase Syntax.TZ x906 = x17 * x905;
Tbase Syntax.TZ x907 = x18 * x21;
Tbase Syntax.TZ x908 = x906 + x907;
Tbase Syntax.TZ x909 = x904 + x908;
Tbase Syntax.TZ x910 = x902 + x909;
Tbase Syntax.TZ x911 = x900 + x910;
Tbase Syntax.TZ x912 = x898 + x911;
Tbase Syntax.TZ x913 = x896 + x912;
Tbase Syntax.TZ x914 = x894 + x913;
Tbase Syntax.TZ x915 = x892 + x914;
Tbase Syntax.TZ x916 = x890 + x915;
Tbase Syntax.TZ x917 = x888 + x916;
Tbase Syntax.TZ x918 = x886 + x917;
Tbase Syntax.TZ x919 = x884 + x918;
Tbase Syntax.TZ x920 = x882 + x919;
Tbase Syntax.TZ x921 = x880 + x920;
Tbase Syntax.TZ x922 = x878 + x921;
Tbase Syntax.TZ x923 = x876 + x922;
Tbase Syntax.TZ x924 = x874 + x923;
Tbase Syntax.TZ x925 = x * x20;
Tbase Syntax.TZ x926 = x0 * x19;
Tbase Syntax.TZ x927 = x925 + x926;
Tbase Syntax.TZ x928 = x924 + x927;
Tbase Syntax.TZ x929 = x873 + x928;
Tbase Syntax.TZ x930 = x929 >>> 0x1a;
Tbase Syntax.TZ x931 = x0 * x38;
Tbase Syntax.TZ x932 = x37 * 0x2;
Tbase Syntax.TZ x933 = x1 * x932;
Tbase Syntax.TZ x934 = x36 * 0x2;
Tbase Syntax.TZ x935 = x2 * x934;
Tbase Syntax.TZ x936 = x35 * 0x2;
Tbase Syntax.TZ x937 = x3 * x936;
Tbase Syntax.TZ x938 = x34 * 0x2;
Tbase Syntax.TZ x939 = x4 * x938;
Tbase Syntax.TZ x940 = x33 * 0x2;
Tbase Syntax.TZ x941 = x5 * x940;
Tbase Syntax.TZ x942 = x32 * 0x2;
Tbase Syntax.TZ x943 = x6 * x942;
Tbase Syntax.TZ x944 = x31 * 0x2;
Tbase Syntax.TZ x945 = x7 * x944;
Tbase Syntax.TZ x946 = x30 * 0x2;
Tbase Syntax.TZ x947 = x8 * x946;
Tbase Syntax.TZ x948 = x29 * 0x2;
Tbase Syntax.TZ x949 = x9 * x948;
Tbase Syntax.TZ x950 = x28 * 0x2;
Tbase Syntax.TZ x951 = x10 * x950;
Tbase Syntax.TZ x952 = x27 * 0x2;
Tbase Syntax.TZ x953 = x11 * x952;
Tbase Syntax.TZ x954 = x26 * 0x2;
Tbase Syntax.TZ x955 = x12 * x954;
Tbase Syntax.TZ x956 = x25 * 0x2;
Tbase Syntax.TZ x957 = x13 * x956;
Tbase Syntax.TZ x958 = x24 * 0x2;
Tbase Syntax.TZ x959 = x14 * x958;
Tbase Syntax.TZ x960 = x23 * 0x2;
Tbase Syntax.TZ x961 = x15 * x960;
Tbase Syntax.TZ x962 = x22 * 0x2;
Tbase Syntax.TZ x963 = x16 * x962;
Tbase Syntax.TZ x964 = x21 * 0x2;
Tbase Syntax.TZ x965 = x17 * x964;
Tbase Syntax.TZ x966 = x18 * x20;
Tbase Syntax.TZ x967 = x965 + x966;
Tbase Syntax.TZ x968 = x963 + x967;
Tbase Syntax.TZ x969 = x961 + x968;
Tbase Syntax.TZ x970 = x959 + x969;
Tbase Syntax.TZ x971 = x957 + x970;
Tbase Syntax.TZ x972 = x955 + x971;
Tbase Syntax.TZ x973 = x953 + x972;
Tbase Syntax.TZ x974 = x951 + x973;
Tbase Syntax.TZ x975 = x949 + x974;
Tbase Syntax.TZ x976 = x947 + x975;
Tbase Syntax.TZ x977 = x945 + x976;
Tbase Syntax.TZ x978 = x943 + x977;
Tbase Syntax.TZ x979 = x941 + x978;
Tbase Syntax.TZ x980 = x939 + x979;
Tbase Syntax.TZ x981 = x937 + x980;
Tbase Syntax.TZ x982 = x935 + x981;
Tbase Syntax.TZ x983 = x933 + x982;
Tbase Syntax.TZ x984 = x931 + x983;
Tbase Syntax.TZ x985 = x * x19;
Tbase Syntax.TZ x986 = x984 + x985;
Tbase Syntax.TZ x987 = x930 + x986;
Tbase Syntax.TZ x988 = x987 >>> 0x1a;
Tbase Syntax.TZ x989 = x * x38;
Tbase Syntax.TZ x990 = x37 * 0x2;
Tbase Syntax.TZ x991 = x0 * x990;
Tbase Syntax.TZ x992 = x36 * 0x2;
Tbase Syntax.TZ x993 = x1 * x992;
Tbase Syntax.TZ x994 = x35 * 0x2;
Tbase Syntax.TZ x995 = x2 * x994;
Tbase Syntax.TZ x996 = x34 * 0x2;
Tbase Syntax.TZ x997 = x3 * x996;
Tbase Syntax.TZ x998 = x33 * 0x2;
Tbase Syntax.TZ x999 = x4 * x998;
Tbase Syntax.TZ x1000 = x32 * 0x2;
Tbase Syntax.TZ x1001 = x5 * x1000;
Tbase Syntax.TZ x1002 = x31 * 0x2;
Tbase Syntax.TZ x1003 = x6 * x1002;
Tbase Syntax.TZ x1004 = x30 * 0x2;
Tbase Syntax.TZ x1005 = x7 * x1004;
Tbase Syntax.TZ x1006 = x29 * 0x2;
Tbase Syntax.TZ x1007 = x8 * x1006;
Tbase Syntax.TZ x1008 = x28 * 0x2;
Tbase Syntax.TZ x1009 = x9 * x1008;
Tbase Syntax.TZ x1010 = x27 * 0x2;
Tbase Syntax.TZ x1011 = x10 * x1010;
Tbase Syntax.TZ x1012 = x26 * 0x2;
Tbase Syntax.TZ x1013 = x11 * x1012;
Tbase Syntax.TZ x1014 = x25 * 0x2;
Tbase Syntax.TZ x1015 = x12 * x1014;
Tbase Syntax.TZ x1016 = x24 * 0x2;
Tbase Syntax.TZ x1017 = x13 * x1016;
Tbase Syntax.TZ x1018 = x23 * 0x2;
Tbase Syntax.TZ x1019 = x14 * x1018;
Tbase Syntax.TZ x1020 = x22 * 0x2;
Tbase Syntax.TZ x1021 = x15 * x1020;
Tbase Syntax.TZ x1022 = x21 * 0x2;
Tbase Syntax.TZ x1023 = x16 * x1022;
Tbase Syntax.TZ x1024 = x20 * 0x2;
Tbase Syntax.TZ x1025 = x17 * x1024;
Tbase Syntax.TZ x1026 = x18 * x19;
Tbase Syntax.TZ x1027 = x1025 + x1026;
Tbase Syntax.TZ x1028 = x1023 + x1027;
Tbase Syntax.TZ x1029 = x1021 + x1028;
Tbase Syntax.TZ x1030 = x1019 + x1029;
Tbase Syntax.TZ x1031 = x1017 + x1030;
Tbase Syntax.TZ x1032 = x1015 + x1031;
Tbase Syntax.TZ x1033 = x1013 + x1032;
Tbase Syntax.TZ x1034 = x1011 + x1033;
Tbase Syntax.TZ x1035 = x1009 + x1034;
Tbase Syntax.TZ x1036 = x1007 + x1035;
Tbase Syntax.TZ x1037 = x1005 + x1036;
Tbase Syntax.TZ x1038 = x1003 + x1037;
Tbase Syntax.TZ x1039 = x1001 + x1038;
Tbase Syntax.TZ x1040 = x999 + x1039;
Tbase Syntax.TZ x1041 = x997 + x1040;
Tbase Syntax.TZ x1042 = x995 + x1041;
Tbase Syntax.TZ x1043 = x993 + x1042;
Tbase Syntax.TZ x1044 = x991 + x1043;
Tbase Syntax.TZ x1045 = x989 + x1044;
Tbase Syntax.TZ x1046 = x988 + x1045;
Tbase Syntax.TZ x1047 = x1046 >>> 0x1a;
Tbase Syntax.TZ x1048 = Const 1 * x1047;
Tbase Syntax.TZ x1049 = x96 & 0x7ffffff;
Tbase Syntax.TZ x1050 = x1048 + x1049;
Tbase Syntax.TZ x1051 = x1050 >>> 0x1b;
Tbase Syntax.TZ x1052 = x137 & 0x3ffffff;
Tbase Syntax.TZ x1053 = x1051 + x1052;
Tbase Syntax.TZ x1054 = x1046 & 0x3ffffff;
Tbase Syntax.TZ x1055 = x987 & 0x3ffffff;
Tbase Syntax.TZ x1056 = x929 & 0x3ffffff;
Tbase Syntax.TZ x1057 = x872 & 0x3ffffff;
Tbase Syntax.TZ x1058 = x816 & 0x3ffffff;
Tbase Syntax.TZ x1059 = x761 & 0x3ffffff;
Tbase Syntax.TZ x1060 = x707 & 0x3ffffff;
Tbase Syntax.TZ x1061 = x654 & 0x3ffffff;
Tbase Syntax.TZ x1062 = x602 & 0x3ffffff;
Tbase Syntax.TZ x1063 = x551 & 0x3ffffff;
Tbase Syntax.TZ x1064 = x501 & 0x3ffffff;
Tbase Syntax.TZ x1065 = x452 & 0x3ffffff;
Tbase Syntax.TZ x1066 = x404 & 0x3ffffff;
Tbase Syntax.TZ x1067 = x357 & 0x3ffffff;
Tbase Syntax.TZ x1068 = x311 & 0x3ffffff;
Tbase Syntax.TZ x1069 = x266 & 0x3ffffff;
Tbase Syntax.TZ x1070 = x222 & 0x3ffffff;
Tbase Syntax.TZ x1071 = x1053 >>> 0x1a;
Tbase Syntax.TZ x1072 = x179 & 0x3ffffff;
Tbase Syntax.TZ x1073 = x1071 + x1072;
Tbase Syntax.TZ x1074 = x1053 & 0x3ffffff;
Tbase Syntax.TZ x1075 = x1050 & 0x7ffffff;
(Return x1054, Return x1055, Return x1056, Return x1057, 
Return x1058, Return x1059, Return x1060, Return x1061, 
Return x1062, Return x1063, Return x1064, Return x1065, 
Return x1066, Return x1067, Return x1068, Return x1069, 
Return x1070, Return x1073, Return x1074, Return x1075)
     : forall var : Syntax.base_type -> Type,
       expr Syntax.base_type Syntax.op
         (Syntax.TZ ->
          Syntax.TZ ->
          Syntax.TZ ->
          Syntax.TZ ->
          Syntax.TZ ->
          Syntax.TZ ->
          Syntax.TZ ->
          Syntax.TZ ->
          Syntax.TZ ->
          Syntax.TZ ->
          Syntax.TZ ->
          Syntax.TZ ->
          Syntax.TZ ->
          Syntax.TZ ->
          Syntax.TZ ->
          Syntax.TZ ->
          Syntax.TZ ->
          Syntax.TZ ->
          Syntax.TZ ->
          Syntax.TZ ->
          Syntax.TZ ->
          Syntax.TZ ->
          Syntax.TZ ->
          Syntax.TZ ->
          Syntax.TZ ->
          Syntax.TZ ->
          Syntax.TZ ->
          Syntax.TZ ->
          Syntax.TZ ->
          Syntax.TZ ->
          Syntax.TZ ->
          Syntax.TZ ->
          Syntax.TZ ->
          Syntax.TZ ->
          Syntax.TZ ->
          Syntax.TZ ->
          Syntax.TZ ->
          Syntax.TZ ->
          Syntax.TZ ->
          Syntax.TZ ->
          ... * ... * Tbase Syntax.TZ * Tbase Syntax.TZ * Tbase Syntax.TZ)

Argument scope is [function_scope]
