λ x : word32 * word32 * word32 * word32 * word32 * word32 * word32 * word32 * word32 * word32,
Interp-η
(λ var : Syntax.base_type → Type,
 λ '(x17, x18, x16, x14, x12, x10, x8, x6, x4, x2)%core,
 uint32_t x20, uint8_t x21 = Op (Syntax.SubWithGetBorrow 27 (Syntax.TWord 3) (Syntax.TWord 5) (Syntax.TWord 5) (Syntax.TWord 5) (Syntax.TWord 3)) (0x0, Return x2, 0x7fffffd);
 uint32_t x23, uint8_t x24 = Op (Syntax.SubWithGetBorrow 27 (Syntax.TWord 3) (Syntax.TWord 5) (Syntax.TWord 5) (Syntax.TWord 5) (Syntax.TWord 3)) (Return x21, Return x4, 0x7ffffff);
 uint32_t x26, uint8_t x27 = Op (Syntax.SubWithGetBorrow 26 (Syntax.TWord 3) (Syntax.TWord 5) (Syntax.TWord 5) (Syntax.TWord 5) (Syntax.TWord 3)) (Return x24, Return x6, 0x3ffffff);
 uint32_t x29, uint8_t x30 = Op (Syntax.SubWithGetBorrow 27 (Syntax.TWord 3) (Syntax.TWord 5) (Syntax.TWord 5) (Syntax.TWord 5) (Syntax.TWord 3)) (Return x27, Return x8, 0x7ffffff);
 uint32_t x32, uint8_t x33 = Op (Syntax.SubWithGetBorrow 26 (Syntax.TWord 3) (Syntax.TWord 5) (Syntax.TWord 5) (Syntax.TWord 5) (Syntax.TWord 3)) (Return x30, Return x10, 0x3ffffff);
 uint32_t x35, uint8_t x36 = Op (Syntax.SubWithGetBorrow 27 (Syntax.TWord 3) (Syntax.TWord 5) (Syntax.TWord 5) (Syntax.TWord 5) (Syntax.TWord 3)) (Return x33, Return x12, 0x7ffffff);
 uint32_t x38, uint8_t x39 = Op (Syntax.SubWithGetBorrow 27 (Syntax.TWord 3) (Syntax.TWord 5) (Syntax.TWord 5) (Syntax.TWord 5) (Syntax.TWord 3)) (Return x36, Return x14, 0x7ffffff);
 uint32_t x41, uint8_t x42 = Op (Syntax.SubWithGetBorrow 26 (Syntax.TWord 3) (Syntax.TWord 5) (Syntax.TWord 5) (Syntax.TWord 5) (Syntax.TWord 3)) (Return x39, Return x16, 0x3ffffff);
 uint32_t x44, uint8_t x45 = Op (Syntax.SubWithGetBorrow 27 (Syntax.TWord 3) (Syntax.TWord 5) (Syntax.TWord 5) (Syntax.TWord 5) (Syntax.TWord 3)) (Return x42, Return x18, 0x7ffffff);
 uint32_t x47, uint8_t x48 = Op (Syntax.SubWithGetBorrow 26 (Syntax.TWord 3) (Syntax.TWord 5) (Syntax.TWord 5) (Syntax.TWord 5) (Syntax.TWord 3)) (Return x45, Return x17, 0x3ffffff);
 uint32_t x49 = cmovznz32(x48, 0x0, 0xffffffff);
 uint32_t x50 = (x49 & 0x7fffffd);
 uint32_t x52, uint8_t x53 = Op (Syntax.AddWithGetCarry 27 (Syntax.TWord 3) (Syntax.TWord 5) (Syntax.TWord 5) (Syntax.TWord 5) (Syntax.TWord 3)) (0x0, Return x20, Return x50);
 uint32_t x54 = (x49 & 0x7ffffff);
 uint32_t x56, uint8_t x57 = Op (Syntax.AddWithGetCarry 27 (Syntax.TWord 3) (Syntax.TWord 5) (Syntax.TWord 5) (Syntax.TWord 5) (Syntax.TWord 3)) (Return x53, Return x23, Return x54);
 uint32_t x58 = (x49 & 0x3ffffff);
 uint32_t x60, uint8_t x61 = Op (Syntax.AddWithGetCarry 26 (Syntax.TWord 3) (Syntax.TWord 5) (Syntax.TWord 5) (Syntax.TWord 5) (Syntax.TWord 3)) (Return x57, Return x26, Return x58);
 uint32_t x62 = (x49 & 0x7ffffff);
 uint32_t x64, uint8_t x65 = Op (Syntax.AddWithGetCarry 27 (Syntax.TWord 3) (Syntax.TWord 5) (Syntax.TWord 5) (Syntax.TWord 5) (Syntax.TWord 3)) (Return x61, Return x29, Return x62);
 uint32_t x66 = (x49 & 0x3ffffff);
 uint32_t x68, uint8_t x69 = Op (Syntax.AddWithGetCarry 26 (Syntax.TWord 3) (Syntax.TWord 5) (Syntax.TWord 5) (Syntax.TWord 5) (Syntax.TWord 3)) (Return x65, Return x32, Return x66);
 uint32_t x70 = (x49 & 0x7ffffff);
 uint32_t x72, uint8_t x73 = Op (Syntax.AddWithGetCarry 27 (Syntax.TWord 3) (Syntax.TWord 5) (Syntax.TWord 5) (Syntax.TWord 5) (Syntax.TWord 3)) (Return x69, Return x35, Return x70);
 uint32_t x74 = (x49 & 0x7ffffff);
 uint32_t x76, uint8_t x77 = Op (Syntax.AddWithGetCarry 27 (Syntax.TWord 3) (Syntax.TWord 5) (Syntax.TWord 5) (Syntax.TWord 5) (Syntax.TWord 3)) (Return x73, Return x38, Return x74);
 uint32_t x78 = (x49 & 0x3ffffff);
 uint32_t x80, uint8_t x81 = Op (Syntax.AddWithGetCarry 26 (Syntax.TWord 3) (Syntax.TWord 5) (Syntax.TWord 5) (Syntax.TWord 5) (Syntax.TWord 3)) (Return x77, Return x41, Return x78);
 uint32_t x82 = (x49 & 0x7ffffff);
 uint32_t x84, uint8_t x85 = Op (Syntax.AddWithGetCarry 27 (Syntax.TWord 3) (Syntax.TWord 5) (Syntax.TWord 5) (Syntax.TWord 5) (Syntax.TWord 3)) (Return x81, Return x44, Return x82);
 uint32_t x86 = (x49 & 0x3ffffff);
 uint32_t x88, uint8_t _ = Op (Syntax.AddWithGetCarry 26 (Syntax.TWord 3) (Syntax.TWord 5) (Syntax.TWord 5) (Syntax.TWord 5) (Syntax.TWord 3)) (Return x85, Return x47, Return x86);
 (Return x88, Return x84, Return x80, Return x76, Return x72, Return x68, Return x64, Return x60, Return x56, Return x52))
x
     : word32 * word32 * word32 * word32 * word32 * word32 * word32 * word32 * word32 * word32 → ReturnType (uint32_t * uint32_t * uint32_t * uint32_t * uint32_t * uint32_t * uint32_t * uint32_t * uint32_t * uint32_t)
