λ x : word64 * word64 * word64 * word64 * word64 * word64 * word64,
Interp-η
(λ var : Syntax.base_type → Type,
 λ '(x11, x12, x10, x8, x6, x4, x2)%core,
 uint64_t x13 = (x11 >> 0x24);
 uint64_t x14 = (x11 & 0xfffffffff);
 uint64_t x15 = ((0x1000000000 * x13) + x14);
 uint64_t x16 = (x15 >> 0x24);
 uint64_t x17 = (x15 & 0xfffffffff);
 uint64_t x18 = ((0x1000000000 * x16) + x17);
 uint64_t x19 = (x18 >> 0x24);
 uint64_t x20 = (x18 & 0xfffffffff);
 uint64_t x21 = (x2 + ((0x3d1 * x19) + (0x100000000 * x19)));
 uint64_t x22 = (x21 >> 0x25);
 uint64_t x23 = (x21 & 0x1fffffffff);
 uint64_t x24 = (x22 + x4);
 uint64_t x25 = (x24 >> 0x25);
 uint64_t x26 = (x24 & 0x1fffffffff);
 uint64_t x27 = (x25 + x6);
 uint64_t x28 = (x27 >> 0x24);
 uint64_t x29 = (x27 & 0xfffffffff);
 uint64_t x30 = (x28 + x8);
 uint64_t x31 = (x30 >> 0x25);
 uint64_t x32 = (x30 & 0x1fffffffff);
 uint64_t x33 = (x31 + x10);
 uint64_t x34 = (x33 >> 0x24);
 uint64_t x35 = (x33 & 0xfffffffff);
 uint64_t x36 = (x34 + x12);
 uint64_t x37 = (x36 >> 0x25);
 uint64_t x38 = (x36 & 0x1fffffffff);
 uint64_t x39 = (x37 + x20);
 uint64_t x40 = (x39 >> 0x24);
 uint64_t x41 = (x39 & 0xfffffffff);
 uint64_t x42 = (x23 + ((0x3d1 * x40) + (0x100000000 * x40)));
 uint64_t x43 = (x42 >> 0x25);
 uint64_t x44 = (x42 & 0x1fffffffff);
 uint64_t x45 = (x44 >> 0x25);
 uint64_t x46 = (x44 & 0x1fffffffff);
 return (Return x41, Return x38, Return x35, Return x32, Return x29, (x45 + (x43 + x26)), Return x46))
x
     : word64 * word64 * word64 * word64 * word64 * word64 * word64 → ReturnType (uint64_t * uint64_t * uint64_t * uint64_t * uint64_t * uint64_t * uint64_t)
