λ x : word32 * word32 * word32 * word32 * word32 * word32 * word32 * word32 * word32 * word32 * word32 * word32 * word32 * word32 * word32 * word32 * word32,
Interp-η
(λ var : Syntax.base_type → Type,
 λ '(x31, x32, x30, x28, x26, x24, x22, x20, x18, x16, x14, x12, x10, x8, x6, x4, x2)%core,
 uint32_t x34, uint8_t/*bool*/ x35 = subborrow_u25(0x0, x2, 0x1ffffeb);
 uint32_t x37, uint8_t/*bool*/ x38 = Op (Syntax.SubWithGetBorrow 24 (Syntax.TWord 0) (Syntax.TWord 5) (Syntax.TWord 5) (Syntax.TWord 5) (Syntax.TWord 0)) (Return x35, Return x4, 0xffffff);
 uint32_t x40, uint8_t/*bool*/ x41 = Op (Syntax.SubWithGetBorrow 24 (Syntax.TWord 0) (Syntax.TWord 5) (Syntax.TWord 5) (Syntax.TWord 5) (Syntax.TWord 0)) (Return x38, Return x6, 0xffffff);
 uint32_t x43, uint8_t/*bool*/ x44 = subborrow_u25(x41, x8, 0x1ffffff);
 uint32_t x46, uint8_t/*bool*/ x47 = Op (Syntax.SubWithGetBorrow 24 (Syntax.TWord 0) (Syntax.TWord 5) (Syntax.TWord 5) (Syntax.TWord 5) (Syntax.TWord 0)) (Return x44, Return x10, 0xffffff);
 uint32_t x49, uint8_t/*bool*/ x50 = Op (Syntax.SubWithGetBorrow 24 (Syntax.TWord 0) (Syntax.TWord 5) (Syntax.TWord 5) (Syntax.TWord 5) (Syntax.TWord 0)) (Return x47, Return x12, 0xffffff);
 uint32_t x52, uint8_t/*bool*/ x53 = subborrow_u25(x50, x14, 0x1ffffff);
 uint32_t x55, uint8_t/*bool*/ x56 = Op (Syntax.SubWithGetBorrow 24 (Syntax.TWord 0) (Syntax.TWord 5) (Syntax.TWord 5) (Syntax.TWord 5) (Syntax.TWord 0)) (Return x53, Return x16, 0xffffff);
 uint32_t x58, uint8_t/*bool*/ x59 = Op (Syntax.SubWithGetBorrow 24 (Syntax.TWord 0) (Syntax.TWord 5) (Syntax.TWord 5) (Syntax.TWord 5) (Syntax.TWord 0)) (Return x56, Return x18, 0xffffff);
 uint32_t x61, uint8_t/*bool*/ x62 = Op (Syntax.SubWithGetBorrow 24 (Syntax.TWord 0) (Syntax.TWord 5) (Syntax.TWord 5) (Syntax.TWord 5) (Syntax.TWord 0)) (Return x59, Return x20, 0xffffff);
 uint32_t x64, uint8_t/*bool*/ x65 = subborrow_u25(x62, x22, 0x1ffffff);
 uint32_t x67, uint8_t/*bool*/ x68 = Op (Syntax.SubWithGetBorrow 24 (Syntax.TWord 0) (Syntax.TWord 5) (Syntax.TWord 5) (Syntax.TWord 5) (Syntax.TWord 0)) (Return x65, Return x24, 0xffffff);
 uint32_t x70, uint8_t/*bool*/ x71 = Op (Syntax.SubWithGetBorrow 24 (Syntax.TWord 0) (Syntax.TWord 5) (Syntax.TWord 5) (Syntax.TWord 5) (Syntax.TWord 0)) (Return x68, Return x26, 0xffffff);
 uint32_t x73, uint8_t/*bool*/ x74 = subborrow_u25(x71, x28, 0x1ffffff);
 uint32_t x76, uint8_t/*bool*/ x77 = Op (Syntax.SubWithGetBorrow 24 (Syntax.TWord 0) (Syntax.TWord 5) (Syntax.TWord 5) (Syntax.TWord 5) (Syntax.TWord 0)) (Return x74, Return x30, 0xffffff);
 uint32_t x79, uint8_t/*bool*/ x80 = Op (Syntax.SubWithGetBorrow 24 (Syntax.TWord 0) (Syntax.TWord 5) (Syntax.TWord 5) (Syntax.TWord 5) (Syntax.TWord 0)) (Return x77, Return x32, 0xffffff);
 uint32_t x82, uint8_t/*bool*/ x83 = Op (Syntax.SubWithGetBorrow 24 (Syntax.TWord 0) (Syntax.TWord 5) (Syntax.TWord 5) (Syntax.TWord 5) (Syntax.TWord 0)) (Return x80, Return x31, 0xffffff);
 uint32_t x84 = cmovznz32(x83, 0x0, 0xffffffff);
 uint32_t x85 = (x84 & 0x1ffffeb);
 uint32_t x87, uint8_t/*bool*/ x88 = addcarryx_u25(0x0, x34, x85);
 uint32_t x89 = (x84 & 0xffffff);
 uint32_t x91, uint8_t/*bool*/ x92 = Op (Syntax.AddWithGetCarry 24 (Syntax.TWord 0) (Syntax.TWord 5) (Syntax.TWord 5) (Syntax.TWord 5) (Syntax.TWord 0)) (Return x88, Return x37, Return x89);
 uint32_t x93 = (x84 & 0xffffff);
 uint32_t x95, uint8_t/*bool*/ x96 = Op (Syntax.AddWithGetCarry 24 (Syntax.TWord 0) (Syntax.TWord 5) (Syntax.TWord 5) (Syntax.TWord 5) (Syntax.TWord 0)) (Return x92, Return x40, Return x93);
 uint32_t x97 = (x84 & 0x1ffffff);
 uint32_t x99, uint8_t/*bool*/ x100 = addcarryx_u25(x96, x43, x97);
 uint32_t x101 = (x84 & 0xffffff);
 uint32_t x103, uint8_t/*bool*/ x104 = Op (Syntax.AddWithGetCarry 24 (Syntax.TWord 0) (Syntax.TWord 5) (Syntax.TWord 5) (Syntax.TWord 5) (Syntax.TWord 0)) (Return x100, Return x46, Return x101);
 uint32_t x105 = (x84 & 0xffffff);
 uint32_t x107, uint8_t/*bool*/ x108 = Op (Syntax.AddWithGetCarry 24 (Syntax.TWord 0) (Syntax.TWord 5) (Syntax.TWord 5) (Syntax.TWord 5) (Syntax.TWord 0)) (Return x104, Return x49, Return x105);
 uint32_t x109 = (x84 & 0x1ffffff);
 uint32_t x111, uint8_t/*bool*/ x112 = addcarryx_u25(x108, x52, x109);
 uint32_t x113 = (x84 & 0xffffff);
 uint32_t x115, uint8_t/*bool*/ x116 = Op (Syntax.AddWithGetCarry 24 (Syntax.TWord 0) (Syntax.TWord 5) (Syntax.TWord 5) (Syntax.TWord 5) (Syntax.TWord 0)) (Return x112, Return x55, Return x113);
 uint32_t x117 = (x84 & 0xffffff);
 uint32_t x119, uint8_t/*bool*/ x120 = Op (Syntax.AddWithGetCarry 24 (Syntax.TWord 0) (Syntax.TWord 5) (Syntax.TWord 5) (Syntax.TWord 5) (Syntax.TWord 0)) (Return x116, Return x58, Return x117);
 uint32_t x121 = (x84 & 0xffffff);
 uint32_t x123, uint8_t/*bool*/ x124 = Op (Syntax.AddWithGetCarry 24 (Syntax.TWord 0) (Syntax.TWord 5) (Syntax.TWord 5) (Syntax.TWord 5) (Syntax.TWord 0)) (Return x120, Return x61, Return x121);
 uint32_t x125 = (x84 & 0x1ffffff);
 uint32_t x127, uint8_t/*bool*/ x128 = addcarryx_u25(x124, x64, x125);
 uint32_t x129 = (x84 & 0xffffff);
 uint32_t x131, uint8_t/*bool*/ x132 = Op (Syntax.AddWithGetCarry 24 (Syntax.TWord 0) (Syntax.TWord 5) (Syntax.TWord 5) (Syntax.TWord 5) (Syntax.TWord 0)) (Return x128, Return x67, Return x129);
 uint32_t x133 = (x84 & 0xffffff);
 uint32_t x135, uint8_t/*bool*/ x136 = Op (Syntax.AddWithGetCarry 24 (Syntax.TWord 0) (Syntax.TWord 5) (Syntax.TWord 5) (Syntax.TWord 5) (Syntax.TWord 0)) (Return x132, Return x70, Return x133);
 uint32_t x137 = (x84 & 0x1ffffff);
 uint32_t x139, uint8_t/*bool*/ x140 = addcarryx_u25(x136, x73, x137);
 uint32_t x141 = (x84 & 0xffffff);
 uint32_t x143, uint8_t/*bool*/ x144 = Op (Syntax.AddWithGetCarry 24 (Syntax.TWord 0) (Syntax.TWord 5) (Syntax.TWord 5) (Syntax.TWord 5) (Syntax.TWord 0)) (Return x140, Return x76, Return x141);
 uint32_t x145 = (x84 & 0xffffff);
 uint32_t x147, uint8_t/*bool*/ x148 = Op (Syntax.AddWithGetCarry 24 (Syntax.TWord 0) (Syntax.TWord 5) (Syntax.TWord 5) (Syntax.TWord 5) (Syntax.TWord 0)) (Return x144, Return x79, Return x145);
 uint32_t x149 = (x84 & 0xffffff);
 uint32_t x151, uint8_t/*bool*/ _ = Op (Syntax.AddWithGetCarry 24 (Syntax.TWord 0) (Syntax.TWord 5) (Syntax.TWord 5) (Syntax.TWord 5) (Syntax.TWord 0)) (Return x148, Return x82, Return x149);
 (Return x151, Return x147, Return x143, Return x139, Return x135, Return x131, Return x127, Return x123, Return x119, Return x115, Return x111, Return x107, Return x103, Return x99, Return x95, Return x91, Return x87))
x
     : word32 * word32 * word32 * word32 * word32 * word32 * word32 * word32 * word32 * word32 * word32 * word32 * word32 * word32 * word32 * word32 * word32 → ReturnType (uint32_t * uint32_t * uint32_t * uint32_t * uint32_t * uint32_t * uint32_t * uint32_t * uint32_t * uint32_t * uint32_t * uint32_t * uint32_t * uint32_t * uint32_t * uint32_t * uint32_t)
